[0.127s] Invoking command in '/home/administrator/husky_ws2/src/build/velodyne_gazebo_plugins': CMAKE_PREFIX_PATH=/home/administrator/husky_ws2/install/zed_ros2:/home/administrator/husky_ws2/install/zed_display_rviz2:/home/administrator/husky_ws2/install/zed_wrapper:/home/administrator/husky_ws2/install/zed_tutorial_video:/home/administrator/husky_ws2/install/zed_tutorial_pos_tracking:/home/administrator/husky_ws2/install/zed_tutorial_depth:/home/administrator/husky_ws2/install/zed_rgb_convert:/home/administrator/husky_ws2/install/zed_components:/home/administrator/husky_ws2/install/rviz_plugin_zed_od:/home/administrator/husky_ws2/install/zed_interfaces:/home/administrator/husky_ws2/install/velodyne_simulator:/home/administrator/husky_ws2/install/velodyne_gazebo_plugins:/home/administrator/husky_ws2/install/husky_desktop:/home/administrator/husky_ws2/install/husky_viz:/home/administrator/husky_ws2/install/husky_simulator:/home/administrator/husky_ws2/install/husky_robot:/home/administrator/husky_ws2/install/husky_gazebo:/home/administrator/husky_ws2/install/husky_bringup:/home/administrator/husky_ws2/install/husky_control:/home/administrator/husky_ws2/install/husky_description:/home/administrator/husky_ws2/install/velodyne_description:/home/administrator/husky_ws2/install/um7:/home/administrator/husky_ws2/install/swri_route_util:/home/administrator/husky_ws2/install/swri_transform_util:/home/administrator/husky_ws2/install/swri_system_util:/home/administrator/husky_ws2/install/swri_serial_util:/home/administrator/husky_ws2/install/swri_image_util:/home/administrator/husky_ws2/install/swri_roscpp:/home/administrator/husky_ws2/install/swri_prefix_tools:/home/administrator/husky_ws2/install/swri_opencv_util:/home/administrator/husky_ws2/install/swri_math_util:/home/administrator/husky_ws2/install/swri_geometry_util:/home/administrator/husky_ws2/install/swri_dbw_interface:/home/administrator/husky_ws2/install/swri_console_util:/home/administrator/husky_ws2/install/nav2_system_tests:/home/administrator/husky_ws2/install/nav2_bringup:/home/administrator/husky_ws2/install/navigation2:/home/administrator/husky_ws2/install/smac_planner:/home/administrator/husky_ws2/install/pointcloud_to_laserscan:/home/administrator/husky_ws2/install/nav2_dwb_controller:/home/administrator/husky_ws2/install/nav2_controller:/home/administrator/husky_ws2/install/dwb_plugins:/home/administrator/husky_ws2/install/dwb_critics:/home/administrator/husky_ws2/install/dwb_core:/home/administrator/husky_ws2/install/nav_2d_utils:/home/administrator/husky_ws2/install/dwb_msgs:/home/administrator/husky_ws2/install/nav_2d_msgs:/home/administrator/husky_ws2/install/nav2_waypoint_follower:/home/administrator/husky_ws2/install/nav2_regulated_pure_pursuit_controller:/home/administrator/husky_ws2/install/nav2_recoveries:/home/administrator/husky_ws2/install/nav2_planner:/home/administrator/husky_ws2/install/nav2_navfn_planner:/home/administrator/husky_ws2/install/nav2_core:/home/administrator/husky_ws2/install/costmap_queue:/home/administrator/husky_ws2/install/nav2_costmap_2d:/home/administrator/husky_ws2/install/nav2_voxel_grid:/home/administrator/husky_ws2/install/nav2_rviz_plugins:/home/administrator/husky_ws2/install/nav2_map_server:/home/administrator/husky_ws2/install/nav2_lifecycle_manager:/home/administrator/husky_ws2/install/nav2_bt_navigator:/home/administrator/husky_ws2/install/nav2_behavior_tree:/home/administrator/husky_ws2/install/nav2_amcl:/home/administrator/husky_ws2/install/nav2_util:/home/administrator/husky_ws2/install/nav2_msgs:/home/administrator/husky_ws2/install/nav2_common:/home/administrator/husky_ws2/install/microstrain_inertial_examples:/home/administrator/husky_ws2/install/microstrain_inertial_driver:/home/administrator/husky_ws2/install/microstrain_inertial_msgs:/home/administrator/husky_ws2/install/local_nav_pkg:/home/administrator/husky_ws2/install/image_common:/home/administrator/husky_ws2/install/image_transport:/home/administrator/husky_ws2/install/husky_base:/home/administrator/husky_ws2/install/husky_msgs:/home/administrator/husky_ws2/install/hector_gazebo:/home/administrator/husky_ws2/install/hector_gazebo_worlds:/home/administrator/husky_ws2/install/hector_gazebo_plugins:/home/administrator/husky_ws2/install/custom_nav_stack_pkg:/home/administrator/husky_ws2/install/camera_info_manager:/home/administrator/husky_ws2/install/camera_calibration_parsers:/home/administrator/richo_theta_ws/install/penguin_detection:/home/administrator/husky_ws2/install/nav2_gazebo_spawner:/home/administrator/husky_ws2/install/microstrain_inertial_rqt:/home/administrator/husky_ws2/install/gps_goal:/opt/ros/foxy:/opt/ros/noetic /usr/bin/cmake /home/administrator/husky_ws2/src/velodyne_simulator/velodyne_gazebo_plugins -DAMENT_CMAKE_SYMLINK_INSTALL=1 -DCMAKE_INSTALL_PREFIX=/home/administrator/husky_ws2/src/install/velodyne_gazebo_plugins
[0.426s] -- The C compiler identification is GNU 9.4.0
[0.784s] -- The CXX compiler identification is GNU 9.4.0
[0.796s] -- Check for working C compiler: /usr/bin/cc
[1.310s] -- Check for working C compiler: /usr/bin/cc -- works
[1.311s] -- Detecting C compiler ABI info
[1.814s] -- Detecting C compiler ABI info - done
[1.841s] -- Detecting C compile features
[1.842s] -- Detecting C compile features - done
[1.845s] -- Check for working CXX compiler: /usr/bin/c++
[2.321s] -- Check for working CXX compiler: /usr/bin/c++ -- works
[2.322s] -- Detecting CXX compiler ABI info
[2.683s] -- Detecting CXX compiler ABI info - done
[2.709s] -- Detecting CXX compile features
[2.709s] -- Detecting CXX compile features - done
[2.716s] -- Found ament_cmake: 0.9.9 (/opt/ros/foxy/share/ament_cmake/cmake)
[2.788s] -- Found PythonInterp: /usr/bin/python3 (found suitable version "3.8.10", minimum required is "3") 
[2.789s] -- Using PYTHON_EXECUTABLE: /usr/bin/python3
[3.187s] -- Override CMake install command with custom implementation using symlinks instead of copying resources
[3.316s] -- Found gazebo_dev: 3.5.3 (/opt/ros/foxy/share/gazebo_dev/cmake)
[3.351s] -- Found PkgConfig: /usr/bin/pkg-config (found version "0.29.1") 
[3.355s] -- Checking for module 'bullet>=2.82'
[3.442s] --   Found bullet, version 2.88
[4.474s] -- Found ccd: /usr/include (found suitable version "2.0", minimum required is "2.0") 
[5.028s] -- Found fcl: /usr/include (found suitable version "0.5.0", minimum required is "0.3.2") 
[5.675s] -- Found assimp: /usr/include (found version "5.0.0") 
[5.855s] -- Found DART: /usr/include (Required is at least version "6.6") found components: dart 
[7.569s] -- Found Boost: /usr/lib/x86_64-linux-gnu/cmake/Boost-1.71.0/BoostConfig.cmake (found suitable version "1.71.0", minimum required is "1.40.0") found components: thread system filesystem program_options regex iostreams date_time 
[7.690s] -- Found Protobuf: /usr/lib/x86_64-linux-gnu/libprotobuf.so;-lpthread (found version "3.6.1") 
[7.706s] -- Looking for ignition-math6 -- found version 6.13.0
[7.741s] -- Searching for dependencies of ignition-math6
[7.743s] -- Looking for OGRE...
[7.743s] -- OGRE_PREFIX_WATCH changed.
[7.766s] -- Checking for module 'OGRE'
[7.897s] --   Found OGRE, version 1.9.0
[8.219s] -- Found Ogre Ghadamon (1.9.0)
[8.275s] -- Found OGRE: optimized;/usr/lib/x86_64-linux-gnu/libOgreMain.so;debug;/usr/lib/x86_64-linux-gnu/libOgreMain.so
[8.287s] -- Looking for OGRE_Paging...
[8.337s] -- Found OGRE_Paging: optimized;/usr/lib/x86_64-linux-gnu/libOgrePaging.so;debug;/usr/lib/x86_64-linux-gnu/libOgrePaging.so
[8.337s] -- Looking for OGRE_Terrain...
[8.368s] -- Found OGRE_Terrain: optimized;/usr/lib/x86_64-linux-gnu/libOgreTerrain.so;debug;/usr/lib/x86_64-linux-gnu/libOgreTerrain.so
[8.368s] -- Looking for OGRE_Property...
[8.397s] -- Found OGRE_Property: optimized;/usr/lib/x86_64-linux-gnu/libOgreProperty.so;debug;/usr/lib/x86_64-linux-gnu/libOgreProperty.so
[8.397s] -- Looking for OGRE_RTShaderSystem...
[8.430s] -- Found OGRE_RTShaderSystem: optimized;/usr/lib/x86_64-linux-gnu/libOgreRTShaderSystem.so;debug;/usr/lib/x86_64-linux-gnu/libOgreRTShaderSystem.so
[8.430s] -- Looking for OGRE_Volume...
[8.463s] -- Found OGRE_Volume: optimized;/usr/lib/x86_64-linux-gnu/libOgreVolume.so;debug;/usr/lib/x86_64-linux-gnu/libOgreVolume.so
[8.463s] -- Looking for OGRE_Overlay...
[8.481s] -- Found OGRE_Overlay: optimized;/usr/lib/x86_64-linux-gnu/libOgreOverlay.so;debug;/usr/lib/x86_64-linux-gnu/libOgreOverlay.so
[8.986s] -- Looking for ignition-math6 -- found version 6.13.0
[8.991s] -- Looking for ignition-transport8 -- found version 8.2.1
[8.992s] -- Searching for dependencies of ignition-transport8
[9.035s] -- Found Protobuf: /usr/lib/x86_64-linux-gnu/libprotobuf.so;-lpthread (found suitable version "3.6.1", minimum required is "3") 
[9.051s] -- Config-file not installed for ZeroMQ -- checking for pkg-config
[9.067s] -- Checking for module 'libzmq >= 4'
[9.172s] --   Found libzmq , version 4.3.2
[9.450s] -- Found ZeroMQ: TRUE (Required is at least version "4") 
[9.489s] -- Checking for module 'uuid'
[9.599s] --   Found uuid, version 2.34.0
[9.939s] -- Found UUID: TRUE  
[9.946s] -- Looking for ignition-msgs5 -- found version 5.9.0
[9.958s] -- Searching for dependencies of ignition-msgs5
[10.035s] -- Looking for ignition-math6 -- found version 6.13.0
[10.048s] -- Checking for module 'tinyxml2'
[10.161s] --   Found tinyxml2, version 6.2.0
[10.399s] -- Looking for ignition-msgs5 -- found version 5.9.0
[10.410s] -- Looking for ignition-common3 -- found version 3.14.0
[10.411s] -- Searching for dependencies of ignition-common3
[10.412s] -- Looking for dlfcn.h - found
[10.414s] -- Looking for libdl - found
[10.416s] -- Found DL: TRUE  
[10.447s] -- Searching for <ignition-common3> component [graphics]
[10.453s] -- Looking for ignition-common3-graphics -- found version 3.14.0
[10.453s] -- Searching for dependencies of ignition-common3-graphics
[10.454s] -- Looking for ignition-math6 -- found version 6.13.0
[10.462s] -- Looking for ignition-fuel_tools4 -- found version 4.4.0
[10.462s] -- Searching for dependencies of ignition-fuel_tools4
[10.930s] -- Found CURL: /usr/lib/x86_64-linux-gnu/libcurl.so (found version "7.68.0")  
[10.950s] -- Checking for module 'jsoncpp'
[11.038s] --   Found jsoncpp, version 1.7.4
[11.322s] -- Found JSONCPP: TRUE  
[11.334s] -- Checking for module 'libzip'
[11.454s] --   Found libzip, version 1.5.1
[11.652s] -- Found ZIP: TRUE  
[11.653s] -- Looking for ignition-common3 -- found version 3.14.0
[11.655s] -- Looking for ignition-math6 -- found version 6.13.0
[11.655s] -- Looking for ignition-msgs5 -- found version 5.9.0
[11.657s] -- Gazebo version: 11.11
[11.664s] -- Found gazebo_ros: 3.5.3 (/opt/ros/foxy/share/gazebo_ros/cmake)
[11.767s] -- Using all available rosidl_typesupport_c: rosidl_typesupport_fastrtps_c;rosidl_typesupport_introspection_c
[11.787s] -- Found rosidl_adapter: 1.2.1 (/opt/ros/foxy/share/rosidl_adapter/cmake)
[12.245s] -- Found OpenSSL: /usr/lib/x86_64-linux-gnu/libcrypto.so (found version "1.1.1f")  
[12.311s] -- Found FastRTPS: /opt/ros/foxy/include  
[12.493s] -- Using all available rosidl_typesupport_cpp: rosidl_typesupport_fastrtps_cpp;rosidl_typesupport_introspection_cpp
[12.596s] -- Found rmw_implementation_cmake: 1.0.3 (/opt/ros/foxy/share/rmw_implementation_cmake/cmake)
[12.603s] -- Using RMW implementation 'rmw_fastrtps_cpp' as default
[12.605s] -- Found Threads: TRUE  
[12.840s] -- Found gazebo_msgs: 3.5.3 (/opt/ros/foxy/share/gazebo_msgs/cmake)
[13.169s] -- Found sensor_msgs: 2.0.5 (/opt/ros/foxy/share/sensor_msgs/cmake)
[13.489s] -- Configuring done
[13.528s] -- Generating done
[13.532s] -- Build files have been written to: /home/administrator/husky_ws2/src/build/velodyne_gazebo_plugins
