[0.029s] Invoking command in '/home/administrator/husky_ws2/src/build/swri_roscpp': CMAKE_PREFIX_PATH=/home/administrator/husky_ws2/install/zed_ros2:/home/administrator/husky_ws2/install/zed_display_rviz2:/home/administrator/husky_ws2/install/zed_wrapper:/home/administrator/husky_ws2/install/zed_tutorial_video:/home/administrator/husky_ws2/install/zed_tutorial_pos_tracking:/home/administrator/husky_ws2/install/zed_tutorial_depth:/home/administrator/husky_ws2/install/zed_rgb_convert:/home/administrator/husky_ws2/install/zed_components:/home/administrator/husky_ws2/install/rviz_plugin_zed_od:/home/administrator/husky_ws2/install/zed_interfaces:/home/administrator/husky_ws2/install/velodyne_simulator:/home/administrator/husky_ws2/install/velodyne_gazebo_plugins:/home/administrator/husky_ws2/install/husky_desktop:/home/administrator/husky_ws2/install/husky_viz:/home/administrator/husky_ws2/install/husky_simulator:/home/administrator/husky_ws2/install/husky_robot:/home/administrator/husky_ws2/install/husky_gazebo:/home/administrator/husky_ws2/install/husky_bringup:/home/administrator/husky_ws2/install/husky_control:/home/administrator/husky_ws2/install/husky_description:/home/administrator/husky_ws2/install/velodyne_description:/home/administrator/husky_ws2/install/um7:/home/administrator/husky_ws2/install/swri_route_util:/home/administrator/husky_ws2/install/swri_transform_util:/home/administrator/husky_ws2/install/swri_system_util:/home/administrator/husky_ws2/install/swri_serial_util:/home/administrator/husky_ws2/install/swri_image_util:/home/administrator/husky_ws2/install/swri_roscpp:/home/administrator/husky_ws2/install/swri_prefix_tools:/home/administrator/husky_ws2/install/swri_opencv_util:/home/administrator/husky_ws2/install/swri_math_util:/home/administrator/husky_ws2/install/swri_geometry_util:/home/administrator/husky_ws2/install/swri_dbw_interface:/home/administrator/husky_ws2/install/swri_console_util:/home/administrator/husky_ws2/install/nav2_system_tests:/home/administrator/husky_ws2/install/nav2_bringup:/home/administrator/husky_ws2/install/navigation2:/home/administrator/husky_ws2/install/smac_planner:/home/administrator/husky_ws2/install/pointcloud_to_laserscan:/home/administrator/husky_ws2/install/nav2_dwb_controller:/home/administrator/husky_ws2/install/nav2_controller:/home/administrator/husky_ws2/install/dwb_plugins:/home/administrator/husky_ws2/install/dwb_critics:/home/administrator/husky_ws2/install/dwb_core:/home/administrator/husky_ws2/install/nav_2d_utils:/home/administrator/husky_ws2/install/dwb_msgs:/home/administrator/husky_ws2/install/nav_2d_msgs:/home/administrator/husky_ws2/install/nav2_waypoint_follower:/home/administrator/husky_ws2/install/nav2_regulated_pure_pursuit_controller:/home/administrator/husky_ws2/install/nav2_recoveries:/home/administrator/husky_ws2/install/nav2_planner:/home/administrator/husky_ws2/install/nav2_navfn_planner:/home/administrator/husky_ws2/install/nav2_core:/home/administrator/husky_ws2/install/costmap_queue:/home/administrator/husky_ws2/install/nav2_costmap_2d:/home/administrator/husky_ws2/install/nav2_voxel_grid:/home/administrator/husky_ws2/install/nav2_rviz_plugins:/home/administrator/husky_ws2/install/nav2_map_server:/home/administrator/husky_ws2/install/nav2_lifecycle_manager:/home/administrator/husky_ws2/install/nav2_bt_navigator:/home/administrator/husky_ws2/install/nav2_behavior_tree:/home/administrator/husky_ws2/install/nav2_amcl:/home/administrator/husky_ws2/install/nav2_util:/home/administrator/husky_ws2/install/nav2_msgs:/home/administrator/husky_ws2/install/nav2_common:/home/administrator/husky_ws2/install/microstrain_inertial_examples:/home/administrator/husky_ws2/install/microstrain_inertial_driver:/home/administrator/husky_ws2/install/microstrain_inertial_msgs:/home/administrator/husky_ws2/install/local_nav_pkg:/home/administrator/husky_ws2/install/image_common:/home/administrator/husky_ws2/install/image_transport:/home/administrator/husky_ws2/install/husky_base:/home/administrator/husky_ws2/install/husky_msgs:/home/administrator/husky_ws2/install/hector_gazebo:/home/administrator/husky_ws2/install/hector_gazebo_worlds:/home/administrator/husky_ws2/install/hector_gazebo_plugins:/home/administrator/husky_ws2/install/custom_nav_stack_pkg:/home/administrator/husky_ws2/install/camera_info_manager:/home/administrator/husky_ws2/install/camera_calibration_parsers:/home/administrator/richo_theta_ws/install/penguin_detection:/home/administrator/husky_ws2/install/nav2_gazebo_spawner:/home/administrator/husky_ws2/install/microstrain_inertial_rqt:/home/administrator/husky_ws2/install/gps_goal:/opt/ros/foxy:/opt/ros/noetic /usr/bin/cmake /home/administrator/husky_ws2/src/marti_common/swri_roscpp -DAMENT_CMAKE_SYMLINK_INSTALL=1 -DCMAKE_INSTALL_PREFIX=/home/administrator/husky_ws2/src/install/swri_roscpp
[0.119s] -- The C compiler identification is GNU 9.4.0
[0.204s] -- The CXX compiler identification is GNU 9.4.0
[0.215s] -- Check for working C compiler: /usr/bin/cc
[0.312s] -- Check for working C compiler: /usr/bin/cc -- works
[0.313s] -- Detecting C compiler ABI info
[0.417s] -- Detecting C compiler ABI info - done
[0.424s] -- Detecting C compile features
[0.425s] -- Detecting C compile features - done
[0.426s] -- Check for working CXX compiler: /usr/bin/c++
[0.550s] -- Check for working CXX compiler: /usr/bin/c++ -- works
[0.551s] -- Detecting CXX compiler ABI info
[0.670s] -- Detecting CXX compiler ABI info - done
[0.684s] -- Detecting CXX compile features
[0.685s] -- Detecting CXX compile features - done
[0.691s] -- Found ament_cmake: 0.9.9 (/opt/ros/foxy/share/ament_cmake/cmake)
[0.731s] -- Found PythonInterp: /usr/bin/python3 (found suitable version "3.8.10", minimum required is "3") 
[0.731s] -- Using PYTHON_EXECUTABLE: /usr/bin/python3
[1.006s] -- Override CMake install command with custom implementation using symlinks instead of copying resources
[1.095s] -- Found diagnostic_updater: 2.0.8 (/opt/ros/foxy/share/diagnostic_updater/cmake)
[1.176s] -- Using all available rosidl_typesupport_c: rosidl_typesupport_fastrtps_c;rosidl_typesupport_introspection_c
[1.193s] -- Found rosidl_adapter: 1.2.1 (/opt/ros/foxy/share/rosidl_adapter/cmake)
[1.378s] -- Found OpenSSL: /usr/lib/x86_64-linux-gnu/libcrypto.so (found version "1.1.1f")  
[1.425s] -- Found FastRTPS: /opt/ros/foxy/include  
[1.539s] -- Using all available rosidl_typesupport_cpp: rosidl_typesupport_fastrtps_cpp;rosidl_typesupport_introspection_cpp
[1.698s] -- Found rmw_implementation_cmake: 1.0.3 (/opt/ros/foxy/share/rmw_implementation_cmake/cmake)
[1.702s] -- Using RMW implementation 'rmw_fastrtps_cpp' as default
[1.703s] -- Looking for pthread.h
[1.796s] -- Looking for pthread.h - found
[1.796s] -- Performing Test CMAKE_HAVE_LIBC_PTHREAD
[1.905s] -- Performing Test CMAKE_HAVE_LIBC_PTHREAD - Failed
[1.905s] -- Looking for pthread_create in pthreads
[2.008s] -- Looking for pthread_create in pthreads - not found
[2.008s] -- Looking for pthread_create in pthread
[2.097s] -- Looking for pthread_create in pthread - found
[2.098s] -- Found Threads: TRUE  
[2.293s] -- Found marti_common_msgs: 1.3.0 (/opt/ros/foxy/share/marti_common_msgs/cmake)
[2.345s] -- Found nav_msgs: 2.0.5 (/opt/ros/foxy/share/nav_msgs/cmake)
[2.492s] -- Found rosidl_default_generators: 1.0.1 (/opt/ros/foxy/share/rosidl_default_generators/cmake)
[2.531s] -- Found std_srvs: 2.0.5 (/opt/ros/foxy/share/std_srvs/cmake)
[2.681s] -- Found ament_cmake_gtest: 0.9.9 (/opt/ros/foxy/share/ament_cmake_gtest/cmake)
[2.704s] -- Found Boost: /usr/lib/x86_64-linux-gnu/cmake/Boost-1.71.0/BoostConfig.cmake (found version "1.71.0") found components: system 
[2.747s] -- Found PythonInterp: /usr/bin/python3 (found version "3.8.10") 
[3.024s] -- Found ament_cmake_ros: 0.9.2 (/opt/ros/foxy/share/ament_cmake_ros/cmake)
[3.475s] -- Using all available rosidl_typesupport_c: rosidl_typesupport_fastrtps_c;rosidl_typesupport_introspection_c
[3.634s] -- Using all available rosidl_typesupport_cpp: rosidl_typesupport_fastrtps_cpp;rosidl_typesupport_introspection_cpp
[3.704s] -- Found PythonInterp: /usr/bin/python3 (found suitable version "3.8.10", minimum required is "3.5") 
[3.718s] -- Found python_cmake_module: 0.8.1 (/opt/ros/foxy/share/python_cmake_module/cmake)
[3.788s] -- Found PythonLibs: /usr/lib/x86_64-linux-gnu/libpython3.8.so (found suitable version "3.8.10", minimum required is "3.5") 
[3.792s] -- Using PYTHON_EXECUTABLE: /usr/bin/python3
[3.792s] -- Using PYTHON_INCLUDE_DIRS: /usr/include/python3.8
[3.792s] -- Using PYTHON_LIBRARIES: /usr/lib/x86_64-linux-gnu/libpython3.8.so
[3.889s] -- Found PythonExtra: .so  
[4.162s] -- Found gtest sources under '/opt/ros/foxy/src/gtest_vendor': C++ tests using 'Google Test' will be built
[4.164s] -- Check if compiler accepts -pthread
[4.411s] -- Check if compiler accepts -pthread - yes
[4.442s] -- Configuring done
[4.593s] -- Generating done
[4.598s] -- Build files have been written to: /home/administrator/husky_ws2/src/build/swri_roscpp
[4.619s] Invoked command in '/home/administrator/husky_ws2/src/build/swri_roscpp' returned '0': CMAKE_PREFIX_PATH=/home/administrator/husky_ws2/install/zed_ros2:/home/administrator/husky_ws2/install/zed_display_rviz2:/home/administrator/husky_ws2/install/zed_wrapper:/home/administrator/husky_ws2/install/zed_tutorial_video:/home/administrator/husky_ws2/install/zed_tutorial_pos_tracking:/home/administrator/husky_ws2/install/zed_tutorial_depth:/home/administrator/husky_ws2/install/zed_rgb_convert:/home/administrator/husky_ws2/install/zed_components:/home/administrator/husky_ws2/install/rviz_plugin_zed_od:/home/administrator/husky_ws2/install/zed_interfaces:/home/administrator/husky_ws2/install/velodyne_simulator:/home/administrator/husky_ws2/install/velodyne_gazebo_plugins:/home/administrator/husky_ws2/install/husky_desktop:/home/administrator/husky_ws2/install/husky_viz:/home/administrator/husky_ws2/install/husky_simulator:/home/administrator/husky_ws2/install/husky_robot:/home/administrator/husky_ws2/install/husky_gazebo:/home/administrator/husky_ws2/install/husky_bringup:/home/administrator/husky_ws2/install/husky_control:/home/administrator/husky_ws2/install/husky_description:/home/administrator/husky_ws2/install/velodyne_description:/home/administrator/husky_ws2/install/um7:/home/administrator/husky_ws2/install/swri_route_util:/home/administrator/husky_ws2/install/swri_transform_util:/home/administrator/husky_ws2/install/swri_system_util:/home/administrator/husky_ws2/install/swri_serial_util:/home/administrator/husky_ws2/install/swri_image_util:/home/administrator/husky_ws2/install/swri_roscpp:/home/administrator/husky_ws2/install/swri_prefix_tools:/home/administrator/husky_ws2/install/swri_opencv_util:/home/administrator/husky_ws2/install/swri_math_util:/home/administrator/husky_ws2/install/swri_geometry_util:/home/administrator/husky_ws2/install/swri_dbw_interface:/home/administrator/husky_ws2/install/swri_console_util:/home/administrator/husky_ws2/install/nav2_system_tests:/home/administrator/husky_ws2/install/nav2_bringup:/home/administrator/husky_ws2/install/navigation2:/home/administrator/husky_ws2/install/smac_planner:/home/administrator/husky_ws2/install/pointcloud_to_laserscan:/home/administrator/husky_ws2/install/nav2_dwb_controller:/home/administrator/husky_ws2/install/nav2_controller:/home/administrator/husky_ws2/install/dwb_plugins:/home/administrator/husky_ws2/install/dwb_critics:/home/administrator/husky_ws2/install/dwb_core:/home/administrator/husky_ws2/install/nav_2d_utils:/home/administrator/husky_ws2/install/dwb_msgs:/home/administrator/husky_ws2/install/nav_2d_msgs:/home/administrator/husky_ws2/install/nav2_waypoint_follower:/home/administrator/husky_ws2/install/nav2_regulated_pure_pursuit_controller:/home/administrator/husky_ws2/install/nav2_recoveries:/home/administrator/husky_ws2/install/nav2_planner:/home/administrator/husky_ws2/install/nav2_navfn_planner:/home/administrator/husky_ws2/install/nav2_core:/home/administrator/husky_ws2/install/costmap_queue:/home/administrator/husky_ws2/install/nav2_costmap_2d:/home/administrator/husky_ws2/install/nav2_voxel_grid:/home/administrator/husky_ws2/install/nav2_rviz_plugins:/home/administrator/husky_ws2/install/nav2_map_server:/home/administrator/husky_ws2/install/nav2_lifecycle_manager:/home/administrator/husky_ws2/install/nav2_bt_navigator:/home/administrator/husky_ws2/install/nav2_behavior_tree:/home/administrator/husky_ws2/install/nav2_amcl:/home/administrator/husky_ws2/install/nav2_util:/home/administrator/husky_ws2/install/nav2_msgs:/home/administrator/husky_ws2/install/nav2_common:/home/administrator/husky_ws2/install/microstrain_inertial_examples:/home/administrator/husky_ws2/install/microstrain_inertial_driver:/home/administrator/husky_ws2/install/microstrain_inertial_msgs:/home/administrator/husky_ws2/install/local_nav_pkg:/home/administrator/husky_ws2/install/image_common:/home/administrator/husky_ws2/install/image_transport:/home/administrator/husky_ws2/install/husky_base:/home/administrator/husky_ws2/install/husky_msgs:/home/administrator/husky_ws2/install/hector_gazebo:/home/administrator/husky_ws2/install/hector_gazebo_worlds:/home/administrator/husky_ws2/install/hector_gazebo_plugins:/home/administrator/husky_ws2/install/custom_nav_stack_pkg:/home/administrator/husky_ws2/install/camera_info_manager:/home/administrator/husky_ws2/install/camera_calibration_parsers:/home/administrator/richo_theta_ws/install/penguin_detection:/home/administrator/husky_ws2/install/nav2_gazebo_spawner:/home/administrator/husky_ws2/install/microstrain_inertial_rqt:/home/administrator/husky_ws2/install/gps_goal:/opt/ros/foxy:/opt/ros/noetic /usr/bin/cmake /home/administrator/husky_ws2/src/marti_common/swri_roscpp -DAMENT_CMAKE_SYMLINK_INSTALL=1 -DCMAKE_INSTALL_PREFIX=/home/administrator/husky_ws2/src/install/swri_roscpp
[4.620s] Invoking command in '/home/administrator/husky_ws2/src/build/swri_roscpp': CMAKE_PREFIX_PATH=/home/administrator/husky_ws2/install/zed_ros2:/home/administrator/husky_ws2/install/zed_display_rviz2:/home/administrator/husky_ws2/install/zed_wrapper:/home/administrator/husky_ws2/install/zed_tutorial_video:/home/administrator/husky_ws2/install/zed_tutorial_pos_tracking:/home/administrator/husky_ws2/install/zed_tutorial_depth:/home/administrator/husky_ws2/install/zed_rgb_convert:/home/administrator/husky_ws2/install/zed_components:/home/administrator/husky_ws2/install/rviz_plugin_zed_od:/home/administrator/husky_ws2/install/zed_interfaces:/home/administrator/husky_ws2/install/velodyne_simulator:/home/administrator/husky_ws2/install/velodyne_gazebo_plugins:/home/administrator/husky_ws2/install/husky_desktop:/home/administrator/husky_ws2/install/husky_viz:/home/administrator/husky_ws2/install/husky_simulator:/home/administrator/husky_ws2/install/husky_robot:/home/administrator/husky_ws2/install/husky_gazebo:/home/administrator/husky_ws2/install/husky_bringup:/home/administrator/husky_ws2/install/husky_control:/home/administrator/husky_ws2/install/husky_description:/home/administrator/husky_ws2/install/velodyne_description:/home/administrator/husky_ws2/install/um7:/home/administrator/husky_ws2/install/swri_route_util:/home/administrator/husky_ws2/install/swri_transform_util:/home/administrator/husky_ws2/install/swri_system_util:/home/administrator/husky_ws2/install/swri_serial_util:/home/administrator/husky_ws2/install/swri_image_util:/home/administrator/husky_ws2/install/swri_roscpp:/home/administrator/husky_ws2/install/swri_prefix_tools:/home/administrator/husky_ws2/install/swri_opencv_util:/home/administrator/husky_ws2/install/swri_math_util:/home/administrator/husky_ws2/install/swri_geometry_util:/home/administrator/husky_ws2/install/swri_dbw_interface:/home/administrator/husky_ws2/install/swri_console_util:/home/administrator/husky_ws2/install/nav2_system_tests:/home/administrator/husky_ws2/install/nav2_bringup:/home/administrator/husky_ws2/install/navigation2:/home/administrator/husky_ws2/install/smac_planner:/home/administrator/husky_ws2/install/pointcloud_to_laserscan:/home/administrator/husky_ws2/install/nav2_dwb_controller:/home/administrator/husky_ws2/install/nav2_controller:/home/administrator/husky_ws2/install/dwb_plugins:/home/administrator/husky_ws2/install/dwb_critics:/home/administrator/husky_ws2/install/dwb_core:/home/administrator/husky_ws2/install/nav_2d_utils:/home/administrator/husky_ws2/install/dwb_msgs:/home/administrator/husky_ws2/install/nav_2d_msgs:/home/administrator/husky_ws2/install/nav2_waypoint_follower:/home/administrator/husky_ws2/install/nav2_regulated_pure_pursuit_controller:/home/administrator/husky_ws2/install/nav2_recoveries:/home/administrator/husky_ws2/install/nav2_planner:/home/administrator/husky_ws2/install/nav2_navfn_planner:/home/administrator/husky_ws2/install/nav2_core:/home/administrator/husky_ws2/install/costmap_queue:/home/administrator/husky_ws2/install/nav2_costmap_2d:/home/administrator/husky_ws2/install/nav2_voxel_grid:/home/administrator/husky_ws2/install/nav2_rviz_plugins:/home/administrator/husky_ws2/install/nav2_map_server:/home/administrator/husky_ws2/install/nav2_lifecycle_manager:/home/administrator/husky_ws2/install/nav2_bt_navigator:/home/administrator/husky_ws2/install/nav2_behavior_tree:/home/administrator/husky_ws2/install/nav2_amcl:/home/administrator/husky_ws2/install/nav2_util:/home/administrator/husky_ws2/install/nav2_msgs:/home/administrator/husky_ws2/install/nav2_common:/home/administrator/husky_ws2/install/microstrain_inertial_examples:/home/administrator/husky_ws2/install/microstrain_inertial_driver:/home/administrator/husky_ws2/install/microstrain_inertial_msgs:/home/administrator/husky_ws2/install/local_nav_pkg:/home/administrator/husky_ws2/install/image_common:/home/administrator/husky_ws2/install/image_transport:/home/administrator/husky_ws2/install/husky_base:/home/administrator/husky_ws2/install/husky_msgs:/home/administrator/husky_ws2/install/hector_gazebo:/home/administrator/husky_ws2/install/hector_gazebo_worlds:/home/administrator/husky_ws2/install/hector_gazebo_plugins:/home/administrator/husky_ws2/install/custom_nav_stack_pkg:/home/administrator/husky_ws2/install/camera_info_manager:/home/administrator/husky_ws2/install/camera_calibration_parsers:/home/administrator/richo_theta_ws/install/penguin_detection:/home/administrator/husky_ws2/install/nav2_gazebo_spawner:/home/administrator/husky_ws2/install/microstrain_inertial_rqt:/home/administrator/husky_ws2/install/gps_goal:/opt/ros/foxy:/opt/ros/noetic /usr/bin/cmake --build /home/administrator/husky_ws2/src/build/swri_roscpp -- -j8 -l8
[6.438s] [35m[1mScanning dependencies of target gtest[0m
[6.439s] [35m[1mScanning dependencies of target swri_roscpp__cpp[0m
[6.439s] [  1%] [34m[1mGenerating C code for ROS interfaces[0m
[6.439s] [35m[1mScanning dependencies of target subscriber_test[0m
[6.439s] [  3%] [32mBuilding CXX object gtest/CMakeFiles/gtest.dir/src/gtest-all.cc.o[0m
[6.439s] [35m[1mScanning dependencies of target storing_subscriber_test[0m
[6.439s] [35m[1mScanning dependencies of target gtest_main[0m
[6.439s] [  5%] [34m[1mGenerating C++ code for ROS interfaces[0m
[6.439s] [35m[1mScanning dependencies of target timer_test[0m
[6.439s] [  7%] [32mBuilding CXX object CMakeFiles/subscriber_test.dir/src/nodes/subscriber_test.cpp.o[0m
[6.439s] [35m[1mScanning dependencies of target service_server_test[0m
[6.439s] [  9%] [32mBuilding CXX object gtest/CMakeFiles/gtest_main.dir/src/gtest_main.cc.o[0m
[6.439s] [ 11%] [32mBuilding CXX object CMakeFiles/storing_subscriber_test.dir/src/nodes/storing_subscriber_test.cpp.o[0m
[6.439s] [ 13%] [32mBuilding CXX object CMakeFiles/timer_test.dir/src/nodes/timer_test.cpp.o[0m
[6.440s] [ 15%] [32mBuilding CXX object CMakeFiles/service_server_test.dir/src/nodes/service_server_test.cpp.o[0m
[6.440s] [ 15%] Built target swri_roscpp__cpp
[6.440s] [ 16%] [34m[1mGenerating C++ type support dispatch for ROS interfaces[0m
[6.440s] [35m[1mScanning dependencies of target swri_roscpp__rosidl_generator_c[0m
[6.475s] [35m[1mScanning dependencies of target swri_roscpp__rosidl_typesupport_cpp[0m
[6.481s] [ 18%] [32mBuilding C object CMakeFiles/swri_roscpp__rosidl_generator_c.dir/rosidl_generator_c/swri_roscpp/msg/detail/test_topic_service_request__functions.c.o[0m
[6.568s] [ 20%] [32mBuilding CXX object CMakeFiles/swri_roscpp__rosidl_typesupport_cpp.dir/rosidl_typesupport_cpp/swri_roscpp/msg/test_topic_service_request__type_support.cpp.o[0m
[6.675s] [ 22%] [32mBuilding C object CMakeFiles/swri_roscpp__rosidl_generator_c.dir/rosidl_generator_c/swri_roscpp/msg/detail/test_topic_service_response__functions.c.o[0m
[6.916s] [ 24%] [32m[1mLinking C shared library libswri_roscpp__rosidl_generator_c.so[0m
[6.971s] [ 26%] [32m[1mLinking CXX static library libgtest_main.a[0m
[7.264s] [ 26%] Built target swri_roscpp__rosidl_generator_c
[7.317s] [ 26%] Built target gtest_main
[7.393s] [ 28%] [34m[1mGenerating C++ introspection for ROS interfaces[0m
[7.402s] [ 30%] [34m[1mGenerating C++ type support for eProsima Fast-RTPS[0m
[7.609s] [ 32%] [32mBuilding CXX object CMakeFiles/swri_roscpp__rosidl_typesupport_cpp.dir/rosidl_typesupport_cpp/swri_roscpp/msg/test_topic_service_response__type_support.cpp.o[0m
[8.603s] [35m[1mScanning dependencies of target swri_roscpp__rosidl_typesupport_fastrtps_cpp[0m
[8.686s] [ 33%] [32mBuilding CXX object CMakeFiles/swri_roscpp__rosidl_typesupport_fastrtps_cpp.dir/rosidl_typesupport_fastrtps_cpp/swri_roscpp/msg/detail/dds_fastrtps/test_topic_service_request__type_support.cpp.o[0m
[8.687s] [ 35%] [32m[1mLinking CXX shared library libswri_roscpp__rosidl_typesupport_cpp.so[0m
[8.789s] [35m[1mScanning dependencies of target swri_roscpp__rosidl_typesupport_introspection_cpp[0m
[8.895s] [ 37%] [32mBuilding CXX object CMakeFiles/swri_roscpp__rosidl_typesupport_introspection_cpp.dir/rosidl_typesupport_introspection_cpp/swri_roscpp/msg/detail/test_topic_service_request__type_support.cpp.o[0m
[8.979s] [ 37%] Built target swri_roscpp__rosidl_typesupport_cpp
[9.092s] [ 39%] [34m[1mGenerating C introspection for ROS interfaces[0m
[9.747s] [ 41%] [32mBuilding CXX object CMakeFiles/swri_roscpp__rosidl_typesupport_introspection_cpp.dir/rosidl_typesupport_introspection_cpp/swri_roscpp/msg/detail/test_topic_service_response__type_support.cpp.o[0m
[10.118s] [ 43%] [32mBuilding CXX object CMakeFiles/swri_roscpp__rosidl_typesupport_fastrtps_cpp.dir/rosidl_typesupport_fastrtps_cpp/swri_roscpp/msg/detail/dds_fastrtps/test_topic_service_response__type_support.cpp.o[0m
[10.148s] [35m[1mScanning dependencies of target swri_roscpp__rosidl_typesupport_introspection_c[0m
[10.287s] [ 45%] [32mBuilding C object CMakeFiles/swri_roscpp__rosidl_typesupport_introspection_c.dir/rosidl_typesupport_introspection_c/swri_roscpp/msg/detail/test_topic_service_request__type_support.c.o[0m
[10.508s] [ 47%] [32mBuilding C object CMakeFiles/swri_roscpp__rosidl_typesupport_introspection_c.dir/rosidl_typesupport_introspection_c/swri_roscpp/msg/detail/test_topic_service_response__type_support.c.o[0m
[10.543s] [ 49%] [32m[1mLinking CXX shared library libswri_roscpp__rosidl_typesupport_introspection_cpp.so[0m
[10.715s] [ 50%] [32m[1mLinking C shared library libswri_roscpp__rosidl_typesupport_introspection_c.so[0m
[10.801s] [ 52%] [32m[1mLinking CXX static library libgtest.a[0m
[10.861s] [ 52%] Built target swri_roscpp__rosidl_typesupport_introspection_cpp
[10.900s] [ 52%] Built target swri_roscpp__rosidl_typesupport_introspection_c
[10.922s] [ 54%] [34m[1mGenerating C type support dispatch for ROS interfaces[0m
[11.069s] [ 54%] Built target gtest
[11.281s] [ 56%] [32m[1mLinking CXX shared library libswri_roscpp__rosidl_typesupport_fastrtps_cpp.so[0m
[11.284s] [35m[1mScanning dependencies of target swri_roscpp__rosidl_typesupport_c[0m
[11.364s] [ 58%] [32mBuilding CXX object CMakeFiles/swri_roscpp__rosidl_typesupport_c.dir/rosidl_typesupport_c/swri_roscpp/msg/test_topic_service_request__type_support.cpp.o[0m
[11.375s] [ 60%] [32mBuilding CXX object CMakeFiles/swri_roscpp__rosidl_typesupport_c.dir/rosidl_typesupport_c/swri_roscpp/msg/test_topic_service_response__type_support.cpp.o[0m
[11.580s] [ 62%] [32m[1mLinking CXX shared library libswri_roscpp__rosidl_typesupport_c.so[0m
[11.689s] [ 62%] Built target swri_roscpp__rosidl_typesupport_fastrtps_cpp
[11.756s] [ 62%] Built target swri_roscpp__rosidl_typesupport_c
[11.768s] [ 64%] [34m[1mGenerating C type support for eProsima Fast-RTPS[0m
[12.269s] [35m[1mScanning dependencies of target swri_roscpp__rosidl_typesupport_fastrtps_c[0m
[12.310s] [ 66%] [32mBuilding CXX object CMakeFiles/swri_roscpp__rosidl_typesupport_fastrtps_c.dir/rosidl_typesupport_fastrtps_c/swri_roscpp/msg/detail/test_topic_service_request__type_support_c.cpp.o[0m
[12.328s] [ 67%] [32mBuilding CXX object CMakeFiles/swri_roscpp__rosidl_typesupport_fastrtps_c.dir/rosidl_typesupport_fastrtps_c/swri_roscpp/msg/detail/test_topic_service_response__type_support_c.cpp.o[0m
[13.108s] [ 69%] [32m[1mLinking CXX shared library libswri_roscpp__rosidl_typesupport_fastrtps_c.so[0m
[13.204s] [ 71%] [32m[1mLinking CXX executable timer_test[0m
[13.332s] [ 71%] Built target swri_roscpp__rosidl_typesupport_fastrtps_c
[13.359s] [35m[1mScanning dependencies of target swri_roscpp[0m
[13.446s] [ 71%] Built target swri_roscpp
[13.509s] [35m[1mScanning dependencies of target swri_roscpp__py[0m
[13.515s] [ 73%] [32m[1mLinking CXX executable service_server_test[0m
[13.535s] [35m[1mScanning dependencies of target topic_service_test_server[0m
[13.572s] [ 75%] [34m[1mGenerating Python code for ROS interfaces[0m
[13.613s] [ 77%] [32mBuilding CXX object CMakeFiles/topic_service_test_server.dir/test/topic_service_test.cpp.o[0m
[13.621s] [ 77%] Built target timer_test
[13.910s] [ 77%] Built target service_server_test
[14.586s] [ 77%] Built target swri_roscpp__py
[14.657s] [35m[1mScanning dependencies of target swri_roscpp__python[0m
[14.805s] [ 79%] [32mBuilding C object CMakeFiles/swri_roscpp__python.dir/rosidl_generator_py/swri_roscpp/msg/_test_topic_service_request_s.c.o[0m
[14.824s] [ 81%] [32mBuilding C object CMakeFiles/swri_roscpp__python.dir/rosidl_generator_py/swri_roscpp/msg/_test_topic_service_response_s.c.o[0m
[14.831s] [ 83%] [32m[1mLinking CXX executable storing_subscriber_test[0m
[15.241s] [ 84%] [32m[1mLinking C shared library rosidl_generator_py/swri_roscpp/libswri_roscpp__python.so[0m
[15.562s] [ 84%] Built target swri_roscpp__python
[15.615s] [35m[1mScanning dependencies of target swri_roscpp__rosidl_typesupport_c__pyext[0m
[15.707s] [35m[1mScanning dependencies of target swri_roscpp__rosidl_typesupport_fastrtps_c__pyext[0m
[15.713s] [ 84%] Built target storing_subscriber_test
[15.713s] [35m[1mScanning dependencies of target swri_roscpp__rosidl_typesupport_introspection_c__pyext[0m
[15.728s] [ 86%] [32mBuilding C object CMakeFiles/swri_roscpp__rosidl_typesupport_c__pyext.dir/rosidl_generator_py/swri_roscpp/_swri_roscpp_s.ep.rosidl_typesupport_c.c.o[0m
[15.804s] [ 88%] [32mBuilding C object CMakeFiles/swri_roscpp__rosidl_typesupport_introspection_c__pyext.dir/rosidl_generator_py/swri_roscpp/_swri_roscpp_s.ep.rosidl_typesupport_introspection_c.c.o[0m
[15.813s] [ 90%] [32mBuilding C object CMakeFiles/swri_roscpp__rosidl_typesupport_fastrtps_c__pyext.dir/rosidl_generator_py/swri_roscpp/_swri_roscpp_s.ep.rosidl_typesupport_fastrtps_c.c.o[0m
[16.083s] [ 92%] [32m[1mLinking C shared library rosidl_generator_py/swri_roscpp/swri_roscpp_s__rosidl_typesupport_c.cpython-38-x86_64-linux-gnu.so[0m
[16.104s] [ 94%] [32m[1mLinking C shared library rosidl_generator_py/swri_roscpp/swri_roscpp_s__rosidl_typesupport_introspection_c.cpython-38-x86_64-linux-gnu.so[0m
[16.292s] [ 96%] [32m[1mLinking CXX executable subscriber_test[0m
[16.391s] [ 96%] Built target swri_roscpp__rosidl_typesupport_c__pyext
[16.408s] [ 98%] [32m[1mLinking CXX shared library rosidl_generator_py/swri_roscpp/swri_roscpp_s__rosidl_typesupport_fastrtps_c.cpython-38-x86_64-linux-gnu.so[0m
[16.475s] [ 98%] Built target swri_roscpp__rosidl_typesupport_introspection_c__pyext
[16.688s] [ 98%] Built target swri_roscpp__rosidl_typesupport_fastrtps_c__pyext
[17.077s] [ 98%] Built target subscriber_test
[23.701s] [100%] [32m[1mLinking CXX executable topic_service_test_server[0m
[24.546s] [100%] Built target topic_service_test_server
[24.615s] Invoked command in '/home/administrator/husky_ws2/src/build/swri_roscpp' returned '0': CMAKE_PREFIX_PATH=/home/administrator/husky_ws2/install/zed_ros2:/home/administrator/husky_ws2/install/zed_display_rviz2:/home/administrator/husky_ws2/install/zed_wrapper:/home/administrator/husky_ws2/install/zed_tutorial_video:/home/administrator/husky_ws2/install/zed_tutorial_pos_tracking:/home/administrator/husky_ws2/install/zed_tutorial_depth:/home/administrator/husky_ws2/install/zed_rgb_convert:/home/administrator/husky_ws2/install/zed_components:/home/administrator/husky_ws2/install/rviz_plugin_zed_od:/home/administrator/husky_ws2/install/zed_interfaces:/home/administrator/husky_ws2/install/velodyne_simulator:/home/administrator/husky_ws2/install/velodyne_gazebo_plugins:/home/administrator/husky_ws2/install/husky_desktop:/home/administrator/husky_ws2/install/husky_viz:/home/administrator/husky_ws2/install/husky_simulator:/home/administrator/husky_ws2/install/husky_robot:/home/administrator/husky_ws2/install/husky_gazebo:/home/administrator/husky_ws2/install/husky_bringup:/home/administrator/husky_ws2/install/husky_control:/home/administrator/husky_ws2/install/husky_description:/home/administrator/husky_ws2/install/velodyne_description:/home/administrator/husky_ws2/install/um7:/home/administrator/husky_ws2/install/swri_route_util:/home/administrator/husky_ws2/install/swri_transform_util:/home/administrator/husky_ws2/install/swri_system_util:/home/administrator/husky_ws2/install/swri_serial_util:/home/administrator/husky_ws2/install/swri_image_util:/home/administrator/husky_ws2/install/swri_roscpp:/home/administrator/husky_ws2/install/swri_prefix_tools:/home/administrator/husky_ws2/install/swri_opencv_util:/home/administrator/husky_ws2/install/swri_math_util:/home/administrator/husky_ws2/install/swri_geometry_util:/home/administrator/husky_ws2/install/swri_dbw_interface:/home/administrator/husky_ws2/install/swri_console_util:/home/administrator/husky_ws2/install/nav2_system_tests:/home/administrator/husky_ws2/install/nav2_bringup:/home/administrator/husky_ws2/install/navigation2:/home/administrator/husky_ws2/install/smac_planner:/home/administrator/husky_ws2/install/pointcloud_to_laserscan:/home/administrator/husky_ws2/install/nav2_dwb_controller:/home/administrator/husky_ws2/install/nav2_controller:/home/administrator/husky_ws2/install/dwb_plugins:/home/administrator/husky_ws2/install/dwb_critics:/home/administrator/husky_ws2/install/dwb_core:/home/administrator/husky_ws2/install/nav_2d_utils:/home/administrator/husky_ws2/install/dwb_msgs:/home/administrator/husky_ws2/install/nav_2d_msgs:/home/administrator/husky_ws2/install/nav2_waypoint_follower:/home/administrator/husky_ws2/install/nav2_regulated_pure_pursuit_controller:/home/administrator/husky_ws2/install/nav2_recoveries:/home/administrator/husky_ws2/install/nav2_planner:/home/administrator/husky_ws2/install/nav2_navfn_planner:/home/administrator/husky_ws2/install/nav2_core:/home/administrator/husky_ws2/install/costmap_queue:/home/administrator/husky_ws2/install/nav2_costmap_2d:/home/administrator/husky_ws2/install/nav2_voxel_grid:/home/administrator/husky_ws2/install/nav2_rviz_plugins:/home/administrator/husky_ws2/install/nav2_map_server:/home/administrator/husky_ws2/install/nav2_lifecycle_manager:/home/administrator/husky_ws2/install/nav2_bt_navigator:/home/administrator/husky_ws2/install/nav2_behavior_tree:/home/administrator/husky_ws2/install/nav2_amcl:/home/administrator/husky_ws2/install/nav2_util:/home/administrator/husky_ws2/install/nav2_msgs:/home/administrator/husky_ws2/install/nav2_common:/home/administrator/husky_ws2/install/microstrain_inertial_examples:/home/administrator/husky_ws2/install/microstrain_inertial_driver:/home/administrator/husky_ws2/install/microstrain_inertial_msgs:/home/administrator/husky_ws2/install/local_nav_pkg:/home/administrator/husky_ws2/install/image_common:/home/administrator/husky_ws2/install/image_transport:/home/administrator/husky_ws2/install/husky_base:/home/administrator/husky_ws2/install/husky_msgs:/home/administrator/husky_ws2/install/hector_gazebo:/home/administrator/husky_ws2/install/hector_gazebo_worlds:/home/administrator/husky_ws2/install/hector_gazebo_plugins:/home/administrator/husky_ws2/install/custom_nav_stack_pkg:/home/administrator/husky_ws2/install/camera_info_manager:/home/administrator/husky_ws2/install/camera_calibration_parsers:/home/administrator/richo_theta_ws/install/penguin_detection:/home/administrator/husky_ws2/install/nav2_gazebo_spawner:/home/administrator/husky_ws2/install/microstrain_inertial_rqt:/home/administrator/husky_ws2/install/gps_goal:/opt/ros/foxy:/opt/ros/noetic /usr/bin/cmake --build /home/administrator/husky_ws2/src/build/swri_roscpp -- -j8 -l8
