[0.080s] Invoking command in '/home/administrator/husky_ws2/src/build/nav_2d_msgs': CMAKE_PREFIX_PATH=/home/administrator/husky_ws2/install/zed_ros2:/home/administrator/husky_ws2/install/zed_display_rviz2:/home/administrator/husky_ws2/install/zed_wrapper:/home/administrator/husky_ws2/install/zed_tutorial_video:/home/administrator/husky_ws2/install/zed_tutorial_pos_tracking:/home/administrator/husky_ws2/install/zed_tutorial_depth:/home/administrator/husky_ws2/install/zed_rgb_convert:/home/administrator/husky_ws2/install/zed_components:/home/administrator/husky_ws2/install/rviz_plugin_zed_od:/home/administrator/husky_ws2/install/zed_interfaces:/home/administrator/husky_ws2/install/velodyne_simulator:/home/administrator/husky_ws2/install/velodyne_gazebo_plugins:/home/administrator/husky_ws2/install/husky_desktop:/home/administrator/husky_ws2/install/husky_viz:/home/administrator/husky_ws2/install/husky_simulator:/home/administrator/husky_ws2/install/husky_robot:/home/administrator/husky_ws2/install/husky_gazebo:/home/administrator/husky_ws2/install/husky_bringup:/home/administrator/husky_ws2/install/husky_control:/home/administrator/husky_ws2/install/husky_description:/home/administrator/husky_ws2/install/velodyne_description:/home/administrator/husky_ws2/install/um7:/home/administrator/husky_ws2/install/swri_route_util:/home/administrator/husky_ws2/install/swri_transform_util:/home/administrator/husky_ws2/install/swri_system_util:/home/administrator/husky_ws2/install/swri_serial_util:/home/administrator/husky_ws2/install/swri_image_util:/home/administrator/husky_ws2/install/swri_roscpp:/home/administrator/husky_ws2/install/swri_prefix_tools:/home/administrator/husky_ws2/install/swri_opencv_util:/home/administrator/husky_ws2/install/swri_math_util:/home/administrator/husky_ws2/install/swri_geometry_util:/home/administrator/husky_ws2/install/swri_dbw_interface:/home/administrator/husky_ws2/install/swri_console_util:/home/administrator/husky_ws2/install/nav2_system_tests:/home/administrator/husky_ws2/install/nav2_bringup:/home/administrator/husky_ws2/install/navigation2:/home/administrator/husky_ws2/install/smac_planner:/home/administrator/husky_ws2/install/pointcloud_to_laserscan:/home/administrator/husky_ws2/install/nav2_dwb_controller:/home/administrator/husky_ws2/install/nav2_controller:/home/administrator/husky_ws2/install/dwb_plugins:/home/administrator/husky_ws2/install/dwb_critics:/home/administrator/husky_ws2/install/dwb_core:/home/administrator/husky_ws2/install/nav_2d_utils:/home/administrator/husky_ws2/install/dwb_msgs:/home/administrator/husky_ws2/install/nav_2d_msgs:/home/administrator/husky_ws2/install/nav2_waypoint_follower:/home/administrator/husky_ws2/install/nav2_regulated_pure_pursuit_controller:/home/administrator/husky_ws2/install/nav2_recoveries:/home/administrator/husky_ws2/install/nav2_planner:/home/administrator/husky_ws2/install/nav2_navfn_planner:/home/administrator/husky_ws2/install/nav2_core:/home/administrator/husky_ws2/install/costmap_queue:/home/administrator/husky_ws2/install/nav2_costmap_2d:/home/administrator/husky_ws2/install/nav2_voxel_grid:/home/administrator/husky_ws2/install/nav2_rviz_plugins:/home/administrator/husky_ws2/install/nav2_map_server:/home/administrator/husky_ws2/install/nav2_lifecycle_manager:/home/administrator/husky_ws2/install/nav2_bt_navigator:/home/administrator/husky_ws2/install/nav2_behavior_tree:/home/administrator/husky_ws2/install/nav2_amcl:/home/administrator/husky_ws2/install/nav2_util:/home/administrator/husky_ws2/install/nav2_msgs:/home/administrator/husky_ws2/install/nav2_common:/home/administrator/husky_ws2/install/microstrain_inertial_examples:/home/administrator/husky_ws2/install/microstrain_inertial_driver:/home/administrator/husky_ws2/install/microstrain_inertial_msgs:/home/administrator/husky_ws2/install/local_nav_pkg:/home/administrator/husky_ws2/install/image_common:/home/administrator/husky_ws2/install/image_transport:/home/administrator/husky_ws2/install/husky_base:/home/administrator/husky_ws2/install/husky_msgs:/home/administrator/husky_ws2/install/hector_gazebo:/home/administrator/husky_ws2/install/hector_gazebo_worlds:/home/administrator/husky_ws2/install/hector_gazebo_plugins:/home/administrator/husky_ws2/install/custom_nav_stack_pkg:/home/administrator/husky_ws2/install/camera_info_manager:/home/administrator/husky_ws2/install/camera_calibration_parsers:/home/administrator/richo_theta_ws/install/penguin_detection:/home/administrator/husky_ws2/install/nav2_gazebo_spawner:/home/administrator/husky_ws2/install/microstrain_inertial_rqt:/home/administrator/husky_ws2/install/gps_goal:/opt/ros/foxy:/opt/ros/noetic /usr/bin/cmake /home/administrator/husky_ws2/src/navigation2/nav2_dwb_controller/nav_2d_msgs -DAMENT_CMAKE_SYMLINK_INSTALL=1 -DCMAKE_INSTALL_PREFIX=/home/administrator/husky_ws2/src/install/nav_2d_msgs
[0.218s] -- The C compiler identification is GNU 9.4.0
[0.343s] -- The CXX compiler identification is GNU 9.4.0
[0.351s] -- Check for working C compiler: /usr/bin/cc
[0.479s] -- Check for working C compiler: /usr/bin/cc -- works
[0.481s] -- Detecting C compiler ABI info
[0.636s] -- Detecting C compiler ABI info - done
[0.651s] -- Detecting C compile features
[0.651s] -- Detecting C compile features - done
[0.654s] -- Check for working CXX compiler: /usr/bin/c++
[0.771s] -- Check for working CXX compiler: /usr/bin/c++ -- works
[0.772s] -- Detecting CXX compiler ABI info
[0.897s] -- Detecting CXX compiler ABI info - done
[0.912s] -- Detecting CXX compile features
[0.912s] -- Detecting CXX compile features - done
[0.919s] -- Found geometry_msgs: 2.0.5 (/opt/ros/foxy/share/geometry_msgs/cmake)
[0.961s] -- Found PythonInterp: /usr/bin/python3 (found suitable version "3.8.10", minimum required is "3") 
[0.961s] -- Using PYTHON_EXECUTABLE: /usr/bin/python3
[1.242s] -- Override CMake install command with custom implementation using symlinks instead of copying resources
[1.405s] -- Using all available rosidl_typesupport_c: rosidl_typesupport_fastrtps_c;rosidl_typesupport_introspection_c
[1.429s] -- Found rosidl_adapter: 1.2.1 (/opt/ros/foxy/share/rosidl_adapter/cmake)
[1.640s] -- Found OpenSSL: /usr/lib/x86_64-linux-gnu/libcrypto.so (found version "1.1.1f")  
[1.699s] -- Found FastRTPS: /opt/ros/foxy/include  
[1.846s] -- Using all available rosidl_typesupport_cpp: rosidl_typesupport_fastrtps_cpp;rosidl_typesupport_introspection_cpp
[1.959s] -- Found rosidl_default_generators: 1.0.1 (/opt/ros/foxy/share/rosidl_default_generators/cmake)
[2.023s] -- Found PythonInterp: /usr/bin/python3 (found version "3.8.10") 
[2.250s] -- Found ament_cmake_ros: 0.9.2 (/opt/ros/foxy/share/ament_cmake_ros/cmake)
[2.642s] -- Using all available rosidl_typesupport_c: rosidl_typesupport_fastrtps_c;rosidl_typesupport_introspection_c
[2.804s] -- Using all available rosidl_typesupport_cpp: rosidl_typesupport_fastrtps_cpp;rosidl_typesupport_introspection_cpp
[2.848s] -- Found PythonInterp: /usr/bin/python3 (found suitable version "3.8.10", minimum required is "3.5") 
[2.853s] -- Found python_cmake_module: 0.8.1 (/opt/ros/foxy/share/python_cmake_module/cmake)
[2.893s] -- Found PythonLibs: /usr/lib/x86_64-linux-gnu/libpython3.8.so (found suitable version "3.8.10", minimum required is "3.5") 
[2.893s] -- Using PYTHON_EXECUTABLE: /usr/bin/python3
[2.893s] -- Using PYTHON_INCLUDE_DIRS: /usr/include/python3.8
[2.893s] -- Using PYTHON_LIBRARIES: /usr/lib/x86_64-linux-gnu/libpython3.8.so
[2.936s] -- Found PythonExtra: .so  
[3.089s] -- Configuring done
[3.159s] -- Generating done
[3.163s] -- Build files have been written to: /home/administrator/husky_ws2/src/build/nav_2d_msgs
[3.177s] Invoked command in '/home/administrator/husky_ws2/src/build/nav_2d_msgs' returned '0': CMAKE_PREFIX_PATH=/home/administrator/husky_ws2/install/zed_ros2:/home/administrator/husky_ws2/install/zed_display_rviz2:/home/administrator/husky_ws2/install/zed_wrapper:/home/administrator/husky_ws2/install/zed_tutorial_video:/home/administrator/husky_ws2/install/zed_tutorial_pos_tracking:/home/administrator/husky_ws2/install/zed_tutorial_depth:/home/administrator/husky_ws2/install/zed_rgb_convert:/home/administrator/husky_ws2/install/zed_components:/home/administrator/husky_ws2/install/rviz_plugin_zed_od:/home/administrator/husky_ws2/install/zed_interfaces:/home/administrator/husky_ws2/install/velodyne_simulator:/home/administrator/husky_ws2/install/velodyne_gazebo_plugins:/home/administrator/husky_ws2/install/husky_desktop:/home/administrator/husky_ws2/install/husky_viz:/home/administrator/husky_ws2/install/husky_simulator:/home/administrator/husky_ws2/install/husky_robot:/home/administrator/husky_ws2/install/husky_gazebo:/home/administrator/husky_ws2/install/husky_bringup:/home/administrator/husky_ws2/install/husky_control:/home/administrator/husky_ws2/install/husky_description:/home/administrator/husky_ws2/install/velodyne_description:/home/administrator/husky_ws2/install/um7:/home/administrator/husky_ws2/install/swri_route_util:/home/administrator/husky_ws2/install/swri_transform_util:/home/administrator/husky_ws2/install/swri_system_util:/home/administrator/husky_ws2/install/swri_serial_util:/home/administrator/husky_ws2/install/swri_image_util:/home/administrator/husky_ws2/install/swri_roscpp:/home/administrator/husky_ws2/install/swri_prefix_tools:/home/administrator/husky_ws2/install/swri_opencv_util:/home/administrator/husky_ws2/install/swri_math_util:/home/administrator/husky_ws2/install/swri_geometry_util:/home/administrator/husky_ws2/install/swri_dbw_interface:/home/administrator/husky_ws2/install/swri_console_util:/home/administrator/husky_ws2/install/nav2_system_tests:/home/administrator/husky_ws2/install/nav2_bringup:/home/administrator/husky_ws2/install/navigation2:/home/administrator/husky_ws2/install/smac_planner:/home/administrator/husky_ws2/install/pointcloud_to_laserscan:/home/administrator/husky_ws2/install/nav2_dwb_controller:/home/administrator/husky_ws2/install/nav2_controller:/home/administrator/husky_ws2/install/dwb_plugins:/home/administrator/husky_ws2/install/dwb_critics:/home/administrator/husky_ws2/install/dwb_core:/home/administrator/husky_ws2/install/nav_2d_utils:/home/administrator/husky_ws2/install/dwb_msgs:/home/administrator/husky_ws2/install/nav_2d_msgs:/home/administrator/husky_ws2/install/nav2_waypoint_follower:/home/administrator/husky_ws2/install/nav2_regulated_pure_pursuit_controller:/home/administrator/husky_ws2/install/nav2_recoveries:/home/administrator/husky_ws2/install/nav2_planner:/home/administrator/husky_ws2/install/nav2_navfn_planner:/home/administrator/husky_ws2/install/nav2_core:/home/administrator/husky_ws2/install/costmap_queue:/home/administrator/husky_ws2/install/nav2_costmap_2d:/home/administrator/husky_ws2/install/nav2_voxel_grid:/home/administrator/husky_ws2/install/nav2_rviz_plugins:/home/administrator/husky_ws2/install/nav2_map_server:/home/administrator/husky_ws2/install/nav2_lifecycle_manager:/home/administrator/husky_ws2/install/nav2_bt_navigator:/home/administrator/husky_ws2/install/nav2_behavior_tree:/home/administrator/husky_ws2/install/nav2_amcl:/home/administrator/husky_ws2/install/nav2_util:/home/administrator/husky_ws2/install/nav2_msgs:/home/administrator/husky_ws2/install/nav2_common:/home/administrator/husky_ws2/install/microstrain_inertial_examples:/home/administrator/husky_ws2/install/microstrain_inertial_driver:/home/administrator/husky_ws2/install/microstrain_inertial_msgs:/home/administrator/husky_ws2/install/local_nav_pkg:/home/administrator/husky_ws2/install/image_common:/home/administrator/husky_ws2/install/image_transport:/home/administrator/husky_ws2/install/husky_base:/home/administrator/husky_ws2/install/husky_msgs:/home/administrator/husky_ws2/install/hector_gazebo:/home/administrator/husky_ws2/install/hector_gazebo_worlds:/home/administrator/husky_ws2/install/hector_gazebo_plugins:/home/administrator/husky_ws2/install/custom_nav_stack_pkg:/home/administrator/husky_ws2/install/camera_info_manager:/home/administrator/husky_ws2/install/camera_calibration_parsers:/home/administrator/richo_theta_ws/install/penguin_detection:/home/administrator/husky_ws2/install/nav2_gazebo_spawner:/home/administrator/husky_ws2/install/microstrain_inertial_rqt:/home/administrator/husky_ws2/install/gps_goal:/opt/ros/foxy:/opt/ros/noetic /usr/bin/cmake /home/administrator/husky_ws2/src/navigation2/nav2_dwb_controller/nav_2d_msgs -DAMENT_CMAKE_SYMLINK_INSTALL=1 -DCMAKE_INSTALL_PREFIX=/home/administrator/husky_ws2/src/install/nav_2d_msgs
[3.178s] Invoking command in '/home/administrator/husky_ws2/src/build/nav_2d_msgs': CMAKE_PREFIX_PATH=/home/administrator/husky_ws2/install/zed_ros2:/home/administrator/husky_ws2/install/zed_display_rviz2:/home/administrator/husky_ws2/install/zed_wrapper:/home/administrator/husky_ws2/install/zed_tutorial_video:/home/administrator/husky_ws2/install/zed_tutorial_pos_tracking:/home/administrator/husky_ws2/install/zed_tutorial_depth:/home/administrator/husky_ws2/install/zed_rgb_convert:/home/administrator/husky_ws2/install/zed_components:/home/administrator/husky_ws2/install/rviz_plugin_zed_od:/home/administrator/husky_ws2/install/zed_interfaces:/home/administrator/husky_ws2/install/velodyne_simulator:/home/administrator/husky_ws2/install/velodyne_gazebo_plugins:/home/administrator/husky_ws2/install/husky_desktop:/home/administrator/husky_ws2/install/husky_viz:/home/administrator/husky_ws2/install/husky_simulator:/home/administrator/husky_ws2/install/husky_robot:/home/administrator/husky_ws2/install/husky_gazebo:/home/administrator/husky_ws2/install/husky_bringup:/home/administrator/husky_ws2/install/husky_control:/home/administrator/husky_ws2/install/husky_description:/home/administrator/husky_ws2/install/velodyne_description:/home/administrator/husky_ws2/install/um7:/home/administrator/husky_ws2/install/swri_route_util:/home/administrator/husky_ws2/install/swri_transform_util:/home/administrator/husky_ws2/install/swri_system_util:/home/administrator/husky_ws2/install/swri_serial_util:/home/administrator/husky_ws2/install/swri_image_util:/home/administrator/husky_ws2/install/swri_roscpp:/home/administrator/husky_ws2/install/swri_prefix_tools:/home/administrator/husky_ws2/install/swri_opencv_util:/home/administrator/husky_ws2/install/swri_math_util:/home/administrator/husky_ws2/install/swri_geometry_util:/home/administrator/husky_ws2/install/swri_dbw_interface:/home/administrator/husky_ws2/install/swri_console_util:/home/administrator/husky_ws2/install/nav2_system_tests:/home/administrator/husky_ws2/install/nav2_bringup:/home/administrator/husky_ws2/install/navigation2:/home/administrator/husky_ws2/install/smac_planner:/home/administrator/husky_ws2/install/pointcloud_to_laserscan:/home/administrator/husky_ws2/install/nav2_dwb_controller:/home/administrator/husky_ws2/install/nav2_controller:/home/administrator/husky_ws2/install/dwb_plugins:/home/administrator/husky_ws2/install/dwb_critics:/home/administrator/husky_ws2/install/dwb_core:/home/administrator/husky_ws2/install/nav_2d_utils:/home/administrator/husky_ws2/install/dwb_msgs:/home/administrator/husky_ws2/install/nav_2d_msgs:/home/administrator/husky_ws2/install/nav2_waypoint_follower:/home/administrator/husky_ws2/install/nav2_regulated_pure_pursuit_controller:/home/administrator/husky_ws2/install/nav2_recoveries:/home/administrator/husky_ws2/install/nav2_planner:/home/administrator/husky_ws2/install/nav2_navfn_planner:/home/administrator/husky_ws2/install/nav2_core:/home/administrator/husky_ws2/install/costmap_queue:/home/administrator/husky_ws2/install/nav2_costmap_2d:/home/administrator/husky_ws2/install/nav2_voxel_grid:/home/administrator/husky_ws2/install/nav2_rviz_plugins:/home/administrator/husky_ws2/install/nav2_map_server:/home/administrator/husky_ws2/install/nav2_lifecycle_manager:/home/administrator/husky_ws2/install/nav2_bt_navigator:/home/administrator/husky_ws2/install/nav2_behavior_tree:/home/administrator/husky_ws2/install/nav2_amcl:/home/administrator/husky_ws2/install/nav2_util:/home/administrator/husky_ws2/install/nav2_msgs:/home/administrator/husky_ws2/install/nav2_common:/home/administrator/husky_ws2/install/microstrain_inertial_examples:/home/administrator/husky_ws2/install/microstrain_inertial_driver:/home/administrator/husky_ws2/install/microstrain_inertial_msgs:/home/administrator/husky_ws2/install/local_nav_pkg:/home/administrator/husky_ws2/install/image_common:/home/administrator/husky_ws2/install/image_transport:/home/administrator/husky_ws2/install/husky_base:/home/administrator/husky_ws2/install/husky_msgs:/home/administrator/husky_ws2/install/hector_gazebo:/home/administrator/husky_ws2/install/hector_gazebo_worlds:/home/administrator/husky_ws2/install/hector_gazebo_plugins:/home/administrator/husky_ws2/install/custom_nav_stack_pkg:/home/administrator/husky_ws2/install/camera_info_manager:/home/administrator/husky_ws2/install/camera_calibration_parsers:/home/administrator/richo_theta_ws/install/penguin_detection:/home/administrator/husky_ws2/install/nav2_gazebo_spawner:/home/administrator/husky_ws2/install/microstrain_inertial_rqt:/home/administrator/husky_ws2/install/gps_goal:/opt/ros/foxy:/opt/ros/noetic /usr/bin/cmake --build /home/administrator/husky_ws2/src/build/nav_2d_msgs -- -j8 -l8
[3.692s] [35m[1mScanning dependencies of target nav_2d_msgs__cpp[0m
[3.692s] [  1%] [34m[1mGenerating C code for ROS interfaces[0m
[3.692s] [  2%] [34m[1mGenerating C++ code for ROS interfaces[0m
[4.317s] [  2%] Built target nav_2d_msgs__cpp
[4.441s] [  4%] [34m[1mGenerating C++ introspection for ROS interfaces[0m
[4.442s] [  5%] [34m[1mGenerating C++ type support dispatch for ROS interfaces[0m
[4.479s] [  7%] [34m[1mGenerating C++ type support for eProsima Fast-RTPS[0m
[4.867s] [35m[1mScanning dependencies of target nav_2d_msgs__rosidl_generator_c[0m
[5.007s] [  8%] [32mBuilding C object CMakeFiles/nav_2d_msgs__rosidl_generator_c.dir/rosidl_generator_c/nav_2d_msgs/msg/detail/path2_d__functions.c.o[0m
[5.038s] [  9%] [32mBuilding C object CMakeFiles/nav_2d_msgs__rosidl_generator_c.dir/rosidl_generator_c/nav_2d_msgs/msg/detail/pose2_d32__functions.c.o[0m
[5.041s] [ 11%] [32mBuilding C object CMakeFiles/nav_2d_msgs__rosidl_generator_c.dir/rosidl_generator_c/nav_2d_msgs/msg/detail/pose2_d_stamped__functions.c.o[0m
[5.060s] [ 12%] [32mBuilding C object CMakeFiles/nav_2d_msgs__rosidl_generator_c.dir/rosidl_generator_c/nav_2d_msgs/msg/detail/twist2_d__functions.c.o[0m
[5.120s] [ 14%] [32mBuilding C object CMakeFiles/nav_2d_msgs__rosidl_generator_c.dir/rosidl_generator_c/nav_2d_msgs/msg/detail/twist2_d32__functions.c.o[0m
[5.274s] [ 15%] [32mBuilding C object CMakeFiles/nav_2d_msgs__rosidl_generator_c.dir/rosidl_generator_c/nav_2d_msgs/msg/detail/twist2_d_stamped__functions.c.o[0m
[5.509s] [ 16%] [32m[1mLinking C shared library libnav_2d_msgs__rosidl_generator_c.so[0m
[5.618s] [35m[1mScanning dependencies of target nav_2d_msgs__rosidl_typesupport_cpp[0m
[5.787s] [ 18%] [32mBuilding CXX object CMakeFiles/nav_2d_msgs__rosidl_typesupport_cpp.dir/rosidl_typesupport_cpp/nav_2d_msgs/msg/path2_d__type_support.cpp.o[0m
[5.791s] [ 19%] [32mBuilding CXX object CMakeFiles/nav_2d_msgs__rosidl_typesupport_cpp.dir/rosidl_typesupport_cpp/nav_2d_msgs/msg/pose2_d32__type_support.cpp.o[0m
[5.804s] [ 19%] Built target nav_2d_msgs__rosidl_generator_c
[5.834s] [35m[1mScanning dependencies of target nav_2d_msgs__rosidl_typesupport_introspection_cpp[0m
[5.854s] [ 21%] [32mBuilding CXX object CMakeFiles/nav_2d_msgs__rosidl_typesupport_cpp.dir/rosidl_typesupport_cpp/nav_2d_msgs/msg/pose2_d_stamped__type_support.cpp.o[0m
[5.920s] [ 22%] [34m[1mGenerating C type support dispatch for ROS interfaces[0m
[6.022s] [ 25%] [34m[1mGenerating C introspection for ROS interfaces[0m
[6.022s] [ 25%] [32mBuilding CXX object CMakeFiles/nav_2d_msgs__rosidl_typesupport_introspection_cpp.dir/rosidl_typesupport_introspection_cpp/nav_2d_msgs/msg/detail/path2_d__type_support.cpp.o[0m
[6.056s] [ 26%] [32mBuilding CXX object CMakeFiles/nav_2d_msgs__rosidl_typesupport_cpp.dir/rosidl_typesupport_cpp/nav_2d_msgs/msg/twist2_d__type_support.cpp.o[0m
[6.109s] [35m[1mScanning dependencies of target nav_2d_msgs__rosidl_typesupport_fastrtps_cpp[0m
[6.270s] [ 28%] [32mBuilding CXX object CMakeFiles/nav_2d_msgs__rosidl_typesupport_fastrtps_cpp.dir/rosidl_typesupport_fastrtps_cpp/nav_2d_msgs/msg/detail/dds_fastrtps/path2_d__type_support.cpp.o[0m
[6.406s] [ 29%] [32mBuilding CXX object CMakeFiles/nav_2d_msgs__rosidl_typesupport_fastrtps_cpp.dir/rosidl_typesupport_fastrtps_cpp/nav_2d_msgs/msg/detail/dds_fastrtps/pose2_d32__type_support.cpp.o[0m
[7.048s] [ 30%] [32mBuilding CXX object CMakeFiles/nav_2d_msgs__rosidl_typesupport_introspection_cpp.dir/rosidl_typesupport_introspection_cpp/nav_2d_msgs/msg/detail/pose2_d32__type_support.cpp.o[0m
[7.135s] [ 32%] [32mBuilding CXX object CMakeFiles/nav_2d_msgs__rosidl_typesupport_fastrtps_cpp.dir/rosidl_typesupport_fastrtps_cpp/nav_2d_msgs/msg/detail/dds_fastrtps/pose2_d_stamped__type_support.cpp.o[0m
[7.188s] [ 33%] [32mBuilding CXX object CMakeFiles/nav_2d_msgs__rosidl_typesupport_cpp.dir/rosidl_typesupport_cpp/nav_2d_msgs/msg/twist2_d32__type_support.cpp.o[0m
[7.493s] [ 35%] [32mBuilding CXX object CMakeFiles/nav_2d_msgs__rosidl_typesupport_introspection_cpp.dir/rosidl_typesupport_introspection_cpp/nav_2d_msgs/msg/detail/pose2_d_stamped__type_support.cpp.o[0m
[7.519s] [35m[1mScanning dependencies of target nav_2d_msgs__rosidl_typesupport_introspection_c[0m
[7.559s] [35m[1mScanning dependencies of target nav_2d_msgs__rosidl_typesupport_c[0m
[7.664s] [ 36%] [32mBuilding C object CMakeFiles/nav_2d_msgs__rosidl_typesupport_introspection_c.dir/rosidl_typesupport_introspection_c/nav_2d_msgs/msg/detail/path2_d__type_support.c.o[0m
[7.681s] [ 38%] [32mBuilding CXX object CMakeFiles/nav_2d_msgs__rosidl_typesupport_c.dir/rosidl_typesupport_c/nav_2d_msgs/msg/path2_d__type_support.cpp.o[0m
[7.794s] [ 39%] [32mBuilding CXX object CMakeFiles/nav_2d_msgs__rosidl_typesupport_introspection_cpp.dir/rosidl_typesupport_introspection_cpp/nav_2d_msgs/msg/detail/twist2_d__type_support.cpp.o[0m
[7.871s] [ 40%] [32mBuilding C object CMakeFiles/nav_2d_msgs__rosidl_typesupport_introspection_c.dir/rosidl_typesupport_introspection_c/nav_2d_msgs/msg/detail/pose2_d32__type_support.c.o[0m
[7.873s] [ 42%] [32mBuilding CXX object CMakeFiles/nav_2d_msgs__rosidl_typesupport_c.dir/rosidl_typesupport_c/nav_2d_msgs/msg/pose2_d32__type_support.cpp.o[0m
[7.883s] [ 43%] [32mBuilding CXX object CMakeFiles/nav_2d_msgs__rosidl_typesupport_fastrtps_cpp.dir/rosidl_typesupport_fastrtps_cpp/nav_2d_msgs/msg/detail/dds_fastrtps/twist2_d__type_support.cpp.o[0m
[7.917s] [ 45%] [32mBuilding CXX object CMakeFiles/nav_2d_msgs__rosidl_typesupport_c.dir/rosidl_typesupport_c/nav_2d_msgs/msg/pose2_d_stamped__type_support.cpp.o[0m
[8.041s] [ 46%] [32mBuilding CXX object CMakeFiles/nav_2d_msgs__rosidl_typesupport_introspection_cpp.dir/rosidl_typesupport_introspection_cpp/nav_2d_msgs/msg/detail/twist2_d32__type_support.cpp.o[0m
[8.084s] [ 47%] [32mBuilding C object CMakeFiles/nav_2d_msgs__rosidl_typesupport_introspection_c.dir/rosidl_typesupport_introspection_c/nav_2d_msgs/msg/detail/pose2_d_stamped__type_support.c.o[0m
[8.108s] [ 49%] [32mBuilding CXX object CMakeFiles/nav_2d_msgs__rosidl_typesupport_c.dir/rosidl_typesupport_c/nav_2d_msgs/msg/twist2_d__type_support.cpp.o[0m
[8.175s] [ 50%] [32mBuilding CXX object CMakeFiles/nav_2d_msgs__rosidl_typesupport_cpp.dir/rosidl_typesupport_cpp/nav_2d_msgs/msg/twist2_d_stamped__type_support.cpp.o[0m
[8.226s] [ 52%] [32mBuilding C object CMakeFiles/nav_2d_msgs__rosidl_typesupport_introspection_c.dir/rosidl_typesupport_introspection_c/nav_2d_msgs/msg/detail/twist2_d__type_support.c.o[0m
[8.313s] [ 53%] [32mBuilding CXX object CMakeFiles/nav_2d_msgs__rosidl_typesupport_c.dir/rosidl_typesupport_c/nav_2d_msgs/msg/twist2_d32__type_support.cpp.o[0m
[8.325s] [ 54%] [32mBuilding CXX object CMakeFiles/nav_2d_msgs__rosidl_typesupport_c.dir/rosidl_typesupport_c/nav_2d_msgs/msg/twist2_d_stamped__type_support.cpp.o[0m
[8.360s] [ 56%] [32mBuilding CXX object CMakeFiles/nav_2d_msgs__rosidl_typesupport_fastrtps_cpp.dir/rosidl_typesupport_fastrtps_cpp/nav_2d_msgs/msg/detail/dds_fastrtps/twist2_d32__type_support.cpp.o[0m
[8.362s] [ 57%] [32mBuilding CXX object CMakeFiles/nav_2d_msgs__rosidl_typesupport_introspection_cpp.dir/rosidl_typesupport_introspection_cpp/nav_2d_msgs/msg/detail/twist2_d_stamped__type_support.cpp.o[0m
[8.409s] [ 59%] [32mBuilding C object CMakeFiles/nav_2d_msgs__rosidl_typesupport_introspection_c.dir/rosidl_typesupport_introspection_c/nav_2d_msgs/msg/detail/twist2_d32__type_support.c.o[0m
[8.527s] [ 60%] [32mBuilding C object CMakeFiles/nav_2d_msgs__rosidl_typesupport_introspection_c.dir/rosidl_typesupport_introspection_c/nav_2d_msgs/msg/detail/twist2_d_stamped__type_support.c.o[0m
[8.529s] [ 61%] [32m[1mLinking CXX shared library libnav_2d_msgs__rosidl_typesupport_c.so[0m
[8.644s] [ 63%] [32mBuilding CXX object CMakeFiles/nav_2d_msgs__rosidl_typesupport_fastrtps_cpp.dir/rosidl_typesupport_fastrtps_cpp/nav_2d_msgs/msg/detail/dds_fastrtps/twist2_d_stamped__type_support.cpp.o[0m
[8.716s] [ 64%] [32m[1mLinking C shared library libnav_2d_msgs__rosidl_typesupport_introspection_c.so[0m
[8.817s] [ 64%] Built target nav_2d_msgs__rosidl_typesupport_c
[8.904s] [ 64%] Built target nav_2d_msgs__rosidl_typesupport_introspection_c
[9.117s] [ 66%] [32m[1mLinking CXX shared library libnav_2d_msgs__rosidl_typesupport_cpp.so[0m
[9.175s] [ 67%] [32m[1mLinking CXX shared library libnav_2d_msgs__rosidl_typesupport_introspection_cpp.so[0m
[9.406s] [ 67%] Built target nav_2d_msgs__rosidl_typesupport_cpp
[9.558s] [ 67%] Built target nav_2d_msgs__rosidl_typesupport_introspection_cpp
[9.688s] [ 69%] [32m[1mLinking CXX shared library libnav_2d_msgs__rosidl_typesupport_fastrtps_cpp.so[0m
[10.120s] [ 69%] Built target nav_2d_msgs__rosidl_typesupport_fastrtps_cpp
[10.237s] [ 70%] [34m[1mGenerating C type support for eProsima Fast-RTPS[0m
[11.580s] [35m[1mScanning dependencies of target nav_2d_msgs__rosidl_typesupport_fastrtps_c[0m
[11.779s] [ 71%] [32mBuilding CXX object CMakeFiles/nav_2d_msgs__rosidl_typesupport_fastrtps_c.dir/rosidl_typesupport_fastrtps_c/nav_2d_msgs/msg/detail/path2_d__type_support_c.cpp.o[0m
[11.791s] [ 73%] [32mBuilding CXX object CMakeFiles/nav_2d_msgs__rosidl_typesupport_fastrtps_c.dir/rosidl_typesupport_fastrtps_c/nav_2d_msgs/msg/detail/pose2_d32__type_support_c.cpp.o[0m
[11.849s] [ 74%] [32mBuilding CXX object CMakeFiles/nav_2d_msgs__rosidl_typesupport_fastrtps_c.dir/rosidl_typesupport_fastrtps_c/nav_2d_msgs/msg/detail/pose2_d_stamped__type_support_c.cpp.o[0m
[11.854s] [ 76%] [32mBuilding CXX object CMakeFiles/nav_2d_msgs__rosidl_typesupport_fastrtps_c.dir/rosidl_typesupport_fastrtps_c/nav_2d_msgs/msg/detail/twist2_d_stamped__type_support_c.cpp.o[0m
[11.863s] [ 77%] [32mBuilding CXX object CMakeFiles/nav_2d_msgs__rosidl_typesupport_fastrtps_c.dir/rosidl_typesupport_fastrtps_c/nav_2d_msgs/msg/detail/twist2_d32__type_support_c.cpp.o[0m
[11.889s] [ 78%] [32mBuilding CXX object CMakeFiles/nav_2d_msgs__rosidl_typesupport_fastrtps_c.dir/rosidl_typesupport_fastrtps_c/nav_2d_msgs/msg/detail/twist2_d__type_support_c.cpp.o[0m
[13.185s] [ 80%] [32m[1mLinking CXX shared library libnav_2d_msgs__rosidl_typesupport_fastrtps_c.so[0m
[13.713s] [ 80%] Built target nav_2d_msgs__rosidl_typesupport_fastrtps_c
[13.846s] [35m[1mScanning dependencies of target nav_2d_msgs[0m
[13.966s] [ 80%] Built target nav_2d_msgs
[14.103s] [35m[1mScanning dependencies of target nav_2d_msgs__py[0m
[14.195s] [ 81%] [34m[1mGenerating Python code for ROS interfaces[0m
[17.245s] [ 81%] Built target nav_2d_msgs__py
[17.354s] [35m[1mScanning dependencies of target nav_2d_msgs__python[0m
[17.439s] [ 83%] [32mBuilding C object CMakeFiles/nav_2d_msgs__python.dir/rosidl_generator_py/nav_2d_msgs/msg/_path2_d_s.c.o[0m
[17.479s] [ 84%] [32mBuilding C object CMakeFiles/nav_2d_msgs__python.dir/rosidl_generator_py/nav_2d_msgs/msg/_pose2_d32_s.c.o[0m
[17.544s] [ 85%] [32mBuilding C object CMakeFiles/nav_2d_msgs__python.dir/rosidl_generator_py/nav_2d_msgs/msg/_pose2_d_stamped_s.c.o[0m
[17.596s] [ 87%] [32mBuilding C object CMakeFiles/nav_2d_msgs__python.dir/rosidl_generator_py/nav_2d_msgs/msg/_twist2_d_s.c.o[0m
[17.599s] [ 88%] [32mBuilding C object CMakeFiles/nav_2d_msgs__python.dir/rosidl_generator_py/nav_2d_msgs/msg/_twist2_d32_s.c.o[0m
[17.655s] [ 90%] [32mBuilding C object CMakeFiles/nav_2d_msgs__python.dir/rosidl_generator_py/nav_2d_msgs/msg/_twist2_d_stamped_s.c.o[0m
[18.230s] [ 91%] [32m[1mLinking C shared library rosidl_generator_py/nav_2d_msgs/libnav_2d_msgs__python.so[0m
[18.495s] [ 91%] Built target nav_2d_msgs__python
[18.554s] [35m[1mScanning dependencies of target nav_2d_msgs__rosidl_typesupport_introspection_c__pyext[0m
[18.575s] [35m[1mScanning dependencies of target nav_2d_msgs__rosidl_typesupport_c__pyext[0m
[18.597s] [35m[1mScanning dependencies of target nav_2d_msgs__rosidl_typesupport_fastrtps_c__pyext[0m
[18.685s] [ 92%] [32mBuilding C object CMakeFiles/nav_2d_msgs__rosidl_typesupport_introspection_c__pyext.dir/rosidl_generator_py/nav_2d_msgs/_nav_2d_msgs_s.ep.rosidl_typesupport_introspection_c.c.o[0m
[18.733s] [ 94%] [32mBuilding C object CMakeFiles/nav_2d_msgs__rosidl_typesupport_fastrtps_c__pyext.dir/rosidl_generator_py/nav_2d_msgs/_nav_2d_msgs_s.ep.rosidl_typesupport_fastrtps_c.c.o[0m
[18.763s] [ 95%] [32mBuilding C object CMakeFiles/nav_2d_msgs__rosidl_typesupport_c__pyext.dir/rosidl_generator_py/nav_2d_msgs/_nav_2d_msgs_s.ep.rosidl_typesupport_c.c.o[0m
[19.129s] [ 97%] [32m[1mLinking C shared library rosidl_generator_py/nav_2d_msgs/nav_2d_msgs_s__rosidl_typesupport_c.cpython-38-x86_64-linux-gnu.so[0m
[19.213s] [ 98%] [32m[1mLinking C shared library rosidl_generator_py/nav_2d_msgs/nav_2d_msgs_s__rosidl_typesupport_introspection_c.cpython-38-x86_64-linux-gnu.so[0m
[19.213s] [100%] [32m[1mLinking CXX shared library rosidl_generator_py/nav_2d_msgs/nav_2d_msgs_s__rosidl_typesupport_fastrtps_c.cpython-38-x86_64-linux-gnu.so[0m
[19.462s] [100%] Built target nav_2d_msgs__rosidl_typesupport_c__pyext
[19.496s] [100%] Built target nav_2d_msgs__rosidl_typesupport_introspection_c__pyext
[19.597s] [100%] Built target nav_2d_msgs__rosidl_typesupport_fastrtps_c__pyext
[19.664s] Invoked command in '/home/administrator/husky_ws2/src/build/nav_2d_msgs' returned '0': CMAKE_PREFIX_PATH=/home/administrator/husky_ws2/install/zed_ros2:/home/administrator/husky_ws2/install/zed_display_rviz2:/home/administrator/husky_ws2/install/zed_wrapper:/home/administrator/husky_ws2/install/zed_tutorial_video:/home/administrator/husky_ws2/install/zed_tutorial_pos_tracking:/home/administrator/husky_ws2/install/zed_tutorial_depth:/home/administrator/husky_ws2/install/zed_rgb_convert:/home/administrator/husky_ws2/install/zed_components:/home/administrator/husky_ws2/install/rviz_plugin_zed_od:/home/administrator/husky_ws2/install/zed_interfaces:/home/administrator/husky_ws2/install/velodyne_simulator:/home/administrator/husky_ws2/install/velodyne_gazebo_plugins:/home/administrator/husky_ws2/install/husky_desktop:/home/administrator/husky_ws2/install/husky_viz:/home/administrator/husky_ws2/install/husky_simulator:/home/administrator/husky_ws2/install/husky_robot:/home/administrator/husky_ws2/install/husky_gazebo:/home/administrator/husky_ws2/install/husky_bringup:/home/administrator/husky_ws2/install/husky_control:/home/administrator/husky_ws2/install/husky_description:/home/administrator/husky_ws2/install/velodyne_description:/home/administrator/husky_ws2/install/um7:/home/administrator/husky_ws2/install/swri_route_util:/home/administrator/husky_ws2/install/swri_transform_util:/home/administrator/husky_ws2/install/swri_system_util:/home/administrator/husky_ws2/install/swri_serial_util:/home/administrator/husky_ws2/install/swri_image_util:/home/administrator/husky_ws2/install/swri_roscpp:/home/administrator/husky_ws2/install/swri_prefix_tools:/home/administrator/husky_ws2/install/swri_opencv_util:/home/administrator/husky_ws2/install/swri_math_util:/home/administrator/husky_ws2/install/swri_geometry_util:/home/administrator/husky_ws2/install/swri_dbw_interface:/home/administrator/husky_ws2/install/swri_console_util:/home/administrator/husky_ws2/install/nav2_system_tests:/home/administrator/husky_ws2/install/nav2_bringup:/home/administrator/husky_ws2/install/navigation2:/home/administrator/husky_ws2/install/smac_planner:/home/administrator/husky_ws2/install/pointcloud_to_laserscan:/home/administrator/husky_ws2/install/nav2_dwb_controller:/home/administrator/husky_ws2/install/nav2_controller:/home/administrator/husky_ws2/install/dwb_plugins:/home/administrator/husky_ws2/install/dwb_critics:/home/administrator/husky_ws2/install/dwb_core:/home/administrator/husky_ws2/install/nav_2d_utils:/home/administrator/husky_ws2/install/dwb_msgs:/home/administrator/husky_ws2/install/nav_2d_msgs:/home/administrator/husky_ws2/install/nav2_waypoint_follower:/home/administrator/husky_ws2/install/nav2_regulated_pure_pursuit_controller:/home/administrator/husky_ws2/install/nav2_recoveries:/home/administrator/husky_ws2/install/nav2_planner:/home/administrator/husky_ws2/install/nav2_navfn_planner:/home/administrator/husky_ws2/install/nav2_core:/home/administrator/husky_ws2/install/costmap_queue:/home/administrator/husky_ws2/install/nav2_costmap_2d:/home/administrator/husky_ws2/install/nav2_voxel_grid:/home/administrator/husky_ws2/install/nav2_rviz_plugins:/home/administrator/husky_ws2/install/nav2_map_server:/home/administrator/husky_ws2/install/nav2_lifecycle_manager:/home/administrator/husky_ws2/install/nav2_bt_navigator:/home/administrator/husky_ws2/install/nav2_behavior_tree:/home/administrator/husky_ws2/install/nav2_amcl:/home/administrator/husky_ws2/install/nav2_util:/home/administrator/husky_ws2/install/nav2_msgs:/home/administrator/husky_ws2/install/nav2_common:/home/administrator/husky_ws2/install/microstrain_inertial_examples:/home/administrator/husky_ws2/install/microstrain_inertial_driver:/home/administrator/husky_ws2/install/microstrain_inertial_msgs:/home/administrator/husky_ws2/install/local_nav_pkg:/home/administrator/husky_ws2/install/image_common:/home/administrator/husky_ws2/install/image_transport:/home/administrator/husky_ws2/install/husky_base:/home/administrator/husky_ws2/install/husky_msgs:/home/administrator/husky_ws2/install/hector_gazebo:/home/administrator/husky_ws2/install/hector_gazebo_worlds:/home/administrator/husky_ws2/install/hector_gazebo_plugins:/home/administrator/husky_ws2/install/custom_nav_stack_pkg:/home/administrator/husky_ws2/install/camera_info_manager:/home/administrator/husky_ws2/install/camera_calibration_parsers:/home/administrator/richo_theta_ws/install/penguin_detection:/home/administrator/husky_ws2/install/nav2_gazebo_spawner:/home/administrator/husky_ws2/install/microstrain_inertial_rqt:/home/administrator/husky_ws2/install/gps_goal:/opt/ros/foxy:/opt/ros/noetic /usr/bin/cmake --build /home/administrator/husky_ws2/src/build/nav_2d_msgs -- -j8 -l8
[24.028s] Invoking command in '/home/administrator/husky_ws2/src/build/nav_2d_msgs': CMAKE_PREFIX_PATH=/home/administrator/husky_ws2/install/zed_ros2:/home/administrator/husky_ws2/install/zed_display_rviz2:/home/administrator/husky_ws2/install/zed_wrapper:/home/administrator/husky_ws2/install/zed_tutorial_video:/home/administrator/husky_ws2/install/zed_tutorial_pos_tracking:/home/administrator/husky_ws2/install/zed_tutorial_depth:/home/administrator/husky_ws2/install/zed_rgb_convert:/home/administrator/husky_ws2/install/zed_components:/home/administrator/husky_ws2/install/rviz_plugin_zed_od:/home/administrator/husky_ws2/install/zed_interfaces:/home/administrator/husky_ws2/install/velodyne_simulator:/home/administrator/husky_ws2/install/velodyne_gazebo_plugins:/home/administrator/husky_ws2/install/husky_desktop:/home/administrator/husky_ws2/install/husky_viz:/home/administrator/husky_ws2/install/husky_simulator:/home/administrator/husky_ws2/install/husky_robot:/home/administrator/husky_ws2/install/husky_gazebo:/home/administrator/husky_ws2/install/husky_bringup:/home/administrator/husky_ws2/install/husky_control:/home/administrator/husky_ws2/install/husky_description:/home/administrator/husky_ws2/install/velodyne_description:/home/administrator/husky_ws2/install/um7:/home/administrator/husky_ws2/install/swri_route_util:/home/administrator/husky_ws2/install/swri_transform_util:/home/administrator/husky_ws2/install/swri_system_util:/home/administrator/husky_ws2/install/swri_serial_util:/home/administrator/husky_ws2/install/swri_image_util:/home/administrator/husky_ws2/install/swri_roscpp:/home/administrator/husky_ws2/install/swri_prefix_tools:/home/administrator/husky_ws2/install/swri_opencv_util:/home/administrator/husky_ws2/install/swri_math_util:/home/administrator/husky_ws2/install/swri_geometry_util:/home/administrator/husky_ws2/install/swri_dbw_interface:/home/administrator/husky_ws2/install/swri_console_util:/home/administrator/husky_ws2/install/nav2_system_tests:/home/administrator/husky_ws2/install/nav2_bringup:/home/administrator/husky_ws2/install/navigation2:/home/administrator/husky_ws2/install/smac_planner:/home/administrator/husky_ws2/install/pointcloud_to_laserscan:/home/administrator/husky_ws2/install/nav2_dwb_controller:/home/administrator/husky_ws2/install/nav2_controller:/home/administrator/husky_ws2/install/dwb_plugins:/home/administrator/husky_ws2/install/dwb_critics:/home/administrator/husky_ws2/install/dwb_core:/home/administrator/husky_ws2/install/nav_2d_utils:/home/administrator/husky_ws2/install/dwb_msgs:/home/administrator/husky_ws2/install/nav_2d_msgs:/home/administrator/husky_ws2/install/nav2_waypoint_follower:/home/administrator/husky_ws2/install/nav2_regulated_pure_pursuit_controller:/home/administrator/husky_ws2/install/nav2_recoveries:/home/administrator/husky_ws2/install/nav2_planner:/home/administrator/husky_ws2/install/nav2_navfn_planner:/home/administrator/husky_ws2/install/nav2_core:/home/administrator/husky_ws2/install/costmap_queue:/home/administrator/husky_ws2/install/nav2_costmap_2d:/home/administrator/husky_ws2/install/nav2_voxel_grid:/home/administrator/husky_ws2/install/nav2_rviz_plugins:/home/administrator/husky_ws2/install/nav2_map_server:/home/administrator/husky_ws2/install/nav2_lifecycle_manager:/home/administrator/husky_ws2/install/nav2_bt_navigator:/home/administrator/husky_ws2/install/nav2_behavior_tree:/home/administrator/husky_ws2/install/nav2_amcl:/home/administrator/husky_ws2/install/nav2_util:/home/administrator/husky_ws2/install/nav2_msgs:/home/administrator/husky_ws2/install/nav2_common:/home/administrator/husky_ws2/install/microstrain_inertial_examples:/home/administrator/husky_ws2/install/microstrain_inertial_driver:/home/administrator/husky_ws2/install/microstrain_inertial_msgs:/home/administrator/husky_ws2/install/local_nav_pkg:/home/administrator/husky_ws2/install/image_common:/home/administrator/husky_ws2/install/image_transport:/home/administrator/husky_ws2/install/husky_base:/home/administrator/husky_ws2/install/husky_msgs:/home/administrator/husky_ws2/install/hector_gazebo:/home/administrator/husky_ws2/install/hector_gazebo_worlds:/home/administrator/husky_ws2/install/hector_gazebo_plugins:/home/administrator/husky_ws2/install/custom_nav_stack_pkg:/home/administrator/husky_ws2/install/camera_info_manager:/home/administrator/husky_ws2/install/camera_calibration_parsers:/home/administrator/richo_theta_ws/install/penguin_detection:/home/administrator/husky_ws2/install/nav2_gazebo_spawner:/home/administrator/husky_ws2/install/microstrain_inertial_rqt:/home/administrator/husky_ws2/install/gps_goal:/opt/ros/foxy:/opt/ros/noetic /usr/bin/cmake --install /home/administrator/husky_ws2/src/build/nav_2d_msgs
[33.385s] -- Install configuration: ""
[33.386s] -- Execute custom install script
[33.386s] -- Symlinking: /home/administrator/husky_ws2/src/install/nav_2d_msgs/share/ament_index/resource_index/rosidl_interfaces/nav_2d_msgs
[33.386s] -- Symlinking: /home/administrator/husky_ws2/src/install/nav_2d_msgs/include/nav_2d_msgs/msg/detail/path2_d__functions.h
[33.386s] -- Symlinking: /home/administrator/husky_ws2/src/install/nav_2d_msgs/include/nav_2d_msgs/msg/detail/path2_d__struct.h
[33.386s] -- Symlinking: /home/administrator/husky_ws2/src/install/nav_2d_msgs/include/nav_2d_msgs/msg/detail/path2_d__type_support.h
[33.386s] -- Symlinking: /home/administrator/husky_ws2/src/install/nav_2d_msgs/include/nav_2d_msgs/msg/detail/pose2_d32__functions.h
[33.387s] -- Symlinking: /home/administrator/husky_ws2/src/install/nav_2d_msgs/include/nav_2d_msgs/msg/detail/pose2_d32__struct.h
[33.387s] -- Symlinking: /home/administrator/husky_ws2/src/install/nav_2d_msgs/include/nav_2d_msgs/msg/detail/pose2_d32__type_support.h
[33.390s] -- Symlinking: /home/administrator/husky_ws2/src/install/nav_2d_msgs/include/nav_2d_msgs/msg/detail/pose2_d_stamped__functions.h
[33.390s] -- Symlinking: /home/administrator/husky_ws2/src/install/nav_2d_msgs/include/nav_2d_msgs/msg/detail/pose2_d_stamped__struct.h
[33.390s] -- Symlinking: /home/administrator/husky_ws2/src/install/nav_2d_msgs/include/nav_2d_msgs/msg/detail/pose2_d_stamped__type_support.h
[33.390s] -- Symlinking: /home/administrator/husky_ws2/src/install/nav_2d_msgs/include/nav_2d_msgs/msg/detail/twist2_d32__functions.h
[33.390s] -- Symlinking: /home/administrator/husky_ws2/src/install/nav_2d_msgs/include/nav_2d_msgs/msg/detail/twist2_d32__struct.h
[33.391s] -- Symlinking: /home/administrator/husky_ws2/src/install/nav_2d_msgs/include/nav_2d_msgs/msg/detail/twist2_d32__type_support.h
[33.391s] -- Symlinking: /home/administrator/husky_ws2/src/install/nav_2d_msgs/include/nav_2d_msgs/msg/detail/twist2_d__functions.h
[33.391s] -- Symlinking: /home/administrator/husky_ws2/src/install/nav_2d_msgs/include/nav_2d_msgs/msg/detail/twist2_d__struct.h
[33.391s] -- Symlinking: /home/administrator/husky_ws2/src/install/nav_2d_msgs/include/nav_2d_msgs/msg/detail/twist2_d__type_support.h
[33.391s] -- Symlinking: /home/administrator/husky_ws2/src/install/nav_2d_msgs/include/nav_2d_msgs/msg/detail/twist2_d_stamped__functions.h
[33.391s] -- Symlinking: /home/administrator/husky_ws2/src/install/nav_2d_msgs/include/nav_2d_msgs/msg/detail/twist2_d_stamped__struct.h
[33.391s] -- Symlinking: /home/administrator/husky_ws2/src/install/nav_2d_msgs/include/nav_2d_msgs/msg/detail/twist2_d_stamped__type_support.h
[33.392s] -- Symlinking: /home/administrator/husky_ws2/src/install/nav_2d_msgs/include/nav_2d_msgs/msg/path2_d.h
[33.393s] -- Symlinking: /home/administrator/husky_ws2/src/install/nav_2d_msgs/include/nav_2d_msgs/msg/pose2_d32.h
[33.393s] -- Symlinking: /home/administrator/husky_ws2/src/install/nav_2d_msgs/include/nav_2d_msgs/msg/pose2_d_stamped.h
[33.393s] -- Symlinking: /home/administrator/husky_ws2/src/install/nav_2d_msgs/include/nav_2d_msgs/msg/rosidl_generator_c__visibility_control.h
[33.393s] -- Symlinking: /home/administrator/husky_ws2/src/install/nav_2d_msgs/include/nav_2d_msgs/msg/twist2_d.h
[33.393s] -- Symlinking: /home/administrator/husky_ws2/src/install/nav_2d_msgs/include/nav_2d_msgs/msg/twist2_d32.h
[33.393s] -- Symlinking: /home/administrator/husky_ws2/src/install/nav_2d_msgs/include/nav_2d_msgs/msg/twist2_d_stamped.h
[33.393s] -- Symlinking: /home/administrator/husky_ws2/src/install/nav_2d_msgs/share/nav_2d_msgs/environment/library_path.sh
[33.393s] -- Symlinking: /home/administrator/husky_ws2/src/install/nav_2d_msgs/share/nav_2d_msgs/environment/library_path.dsv
[33.393s] -- Symlinking: /home/administrator/husky_ws2/src/install/nav_2d_msgs/include/nav_2d_msgs/msg/detail/path2_d__rosidl_typesupport_fastrtps_c.h
[33.393s] -- Symlinking: /home/administrator/husky_ws2/src/install/nav_2d_msgs/include/nav_2d_msgs/msg/detail/pose2_d32__rosidl_typesupport_fastrtps_c.h
[33.393s] -- Symlinking: /home/administrator/husky_ws2/src/install/nav_2d_msgs/include/nav_2d_msgs/msg/detail/pose2_d_stamped__rosidl_typesupport_fastrtps_c.h
[33.393s] -- Symlinking: /home/administrator/husky_ws2/src/install/nav_2d_msgs/include/nav_2d_msgs/msg/detail/twist2_d32__rosidl_typesupport_fastrtps_c.h
[33.394s] -- Symlinking: /home/administrator/husky_ws2/src/install/nav_2d_msgs/include/nav_2d_msgs/msg/detail/twist2_d__rosidl_typesupport_fastrtps_c.h
[33.394s] -- Symlinking: /home/administrator/husky_ws2/src/install/nav_2d_msgs/include/nav_2d_msgs/msg/detail/twist2_d_stamped__rosidl_typesupport_fastrtps_c.h
[33.394s] -- Symlinking: /home/administrator/husky_ws2/src/install/nav_2d_msgs/include/nav_2d_msgs/msg/rosidl_typesupport_fastrtps_c__visibility_control.h
[33.394s] -- Symlinking: /home/administrator/husky_ws2/src/install/nav_2d_msgs/lib/libnav_2d_msgs__rosidl_typesupport_fastrtps_c.so
[33.394s] -- Symlinking: /home/administrator/husky_ws2/src/install/nav_2d_msgs/include/nav_2d_msgs/msg/detail/path2_d__rosidl_typesupport_fastrtps_cpp.hpp
[33.394s] -- Symlinking: /home/administrator/husky_ws2/src/install/nav_2d_msgs/include/nav_2d_msgs/msg/detail/pose2_d32__rosidl_typesupport_fastrtps_cpp.hpp
[33.394s] -- Symlinking: /home/administrator/husky_ws2/src/install/nav_2d_msgs/include/nav_2d_msgs/msg/detail/pose2_d_stamped__rosidl_typesupport_fastrtps_cpp.hpp
[33.394s] -- Symlinking: /home/administrator/husky_ws2/src/install/nav_2d_msgs/include/nav_2d_msgs/msg/detail/twist2_d32__rosidl_typesupport_fastrtps_cpp.hpp
[33.394s] -- Symlinking: /home/administrator/husky_ws2/src/install/nav_2d_msgs/include/nav_2d_msgs/msg/detail/twist2_d__rosidl_typesupport_fastrtps_cpp.hpp
[33.394s] -- Symlinking: /home/administrator/husky_ws2/src/install/nav_2d_msgs/include/nav_2d_msgs/msg/detail/twist2_d_stamped__rosidl_typesupport_fastrtps_cpp.hpp
[33.394s] -- Symlinking: /home/administrator/husky_ws2/src/install/nav_2d_msgs/include/nav_2d_msgs/msg/rosidl_typesupport_fastrtps_cpp__visibility_control.h
[33.394s] -- Symlinking: /home/administrator/husky_ws2/src/install/nav_2d_msgs/lib/libnav_2d_msgs__rosidl_typesupport_fastrtps_cpp.so
[33.395s] -- Symlinking: /home/administrator/husky_ws2/src/install/nav_2d_msgs/include/nav_2d_msgs/msg/detail/path2_d__rosidl_typesupport_introspection_c.h
[33.395s] -- Symlinking: /home/administrator/husky_ws2/src/install/nav_2d_msgs/include/nav_2d_msgs/msg/detail/pose2_d32__rosidl_typesupport_introspection_c.h
[33.395s] -- Symlinking: /home/administrator/husky_ws2/src/install/nav_2d_msgs/include/nav_2d_msgs/msg/detail/pose2_d_stamped__rosidl_typesupport_introspection_c.h
[33.395s] -- Symlinking: /home/administrator/husky_ws2/src/install/nav_2d_msgs/include/nav_2d_msgs/msg/detail/twist2_d32__rosidl_typesupport_introspection_c.h
[33.395s] -- Symlinking: /home/administrator/husky_ws2/src/install/nav_2d_msgs/include/nav_2d_msgs/msg/detail/twist2_d__rosidl_typesupport_introspection_c.h
[33.395s] -- Symlinking: /home/administrator/husky_ws2/src/install/nav_2d_msgs/include/nav_2d_msgs/msg/detail/twist2_d_stamped__rosidl_typesupport_introspection_c.h
[33.395s] -- Symlinking: /home/administrator/husky_ws2/src/install/nav_2d_msgs/include/nav_2d_msgs/msg/rosidl_typesupport_introspection_c__visibility_control.h
[33.395s] -- Symlinking: /home/administrator/husky_ws2/src/install/nav_2d_msgs/include/nav_2d_msgs/msg/detail/path2_d__builder.hpp
[33.396s] -- Symlinking: /home/administrator/husky_ws2/src/install/nav_2d_msgs/include/nav_2d_msgs/msg/detail/path2_d__struct.hpp
[33.396s] -- Symlinking: /home/administrator/husky_ws2/src/install/nav_2d_msgs/include/nav_2d_msgs/msg/detail/path2_d__traits.hpp
[33.396s] -- Symlinking: /home/administrator/husky_ws2/src/install/nav_2d_msgs/include/nav_2d_msgs/msg/detail/pose2_d32__builder.hpp
[33.396s] -- Symlinking: /home/administrator/husky_ws2/src/install/nav_2d_msgs/include/nav_2d_msgs/msg/detail/pose2_d32__struct.hpp
[33.396s] -- Symlinking: /home/administrator/husky_ws2/src/install/nav_2d_msgs/include/nav_2d_msgs/msg/detail/pose2_d32__traits.hpp
[33.396s] -- Symlinking: /home/administrator/husky_ws2/src/install/nav_2d_msgs/include/nav_2d_msgs/msg/detail/pose2_d_stamped__builder.hpp
[33.396s] -- Symlinking: /home/administrator/husky_ws2/src/install/nav_2d_msgs/include/nav_2d_msgs/msg/detail/pose2_d_stamped__struct.hpp
[33.396s] -- Symlinking: /home/administrator/husky_ws2/src/install/nav_2d_msgs/include/nav_2d_msgs/msg/detail/pose2_d_stamped__traits.hpp
[33.396s] -- Symlinking: /home/administrator/husky_ws2/src/install/nav_2d_msgs/include/nav_2d_msgs/msg/detail/twist2_d32__builder.hpp
[33.400s] -- Symlinking: /home/administrator/husky_ws2/src/install/nav_2d_msgs/include/nav_2d_msgs/msg/detail/twist2_d32__struct.hpp
[33.400s] -- Symlinking: /home/administrator/husky_ws2/src/install/nav_2d_msgs/include/nav_2d_msgs/msg/detail/twist2_d32__traits.hpp
[33.400s] -- Symlinking: /home/administrator/husky_ws2/src/install/nav_2d_msgs/include/nav_2d_msgs/msg/detail/twist2_d__builder.hpp
[33.400s] -- Symlinking: /home/administrator/husky_ws2/src/install/nav_2d_msgs/include/nav_2d_msgs/msg/detail/twist2_d__struct.hpp
[33.400s] -- Symlinking: /home/administrator/husky_ws2/src/install/nav_2d_msgs/include/nav_2d_msgs/msg/detail/twist2_d__traits.hpp
[33.403s] -- Symlinking: /home/administrator/husky_ws2/src/install/nav_2d_msgs/include/nav_2d_msgs/msg/detail/twist2_d_stamped__builder.hpp
[33.405s] -- Symlinking: /home/administrator/husky_ws2/src/install/nav_2d_msgs/include/nav_2d_msgs/msg/detail/twist2_d_stamped__struct.hpp
[33.405s] -- Symlinking: /home/administrator/husky_ws2/src/install/nav_2d_msgs/include/nav_2d_msgs/msg/detail/twist2_d_stamped__traits.hpp
[33.405s] -- Symlinking: /home/administrator/husky_ws2/src/install/nav_2d_msgs/include/nav_2d_msgs/msg/path2_d.hpp
[33.405s] -- Symlinking: /home/administrator/husky_ws2/src/install/nav_2d_msgs/include/nav_2d_msgs/msg/pose2_d32.hpp
[33.405s] -- Symlinking: /home/administrator/husky_ws2/src/install/nav_2d_msgs/include/nav_2d_msgs/msg/pose2_d_stamped.hpp
[33.407s] -- Symlinking: /home/administrator/husky_ws2/src/install/nav_2d_msgs/include/nav_2d_msgs/msg/twist2_d.hpp
[33.407s] -- Symlinking: /home/administrator/husky_ws2/src/install/nav_2d_msgs/include/nav_2d_msgs/msg/twist2_d32.hpp
[33.407s] -- Symlinking: /home/administrator/husky_ws2/src/install/nav_2d_msgs/include/nav_2d_msgs/msg/twist2_d_stamped.hpp
[33.407s] -- Symlinking: /home/administrator/husky_ws2/src/install/nav_2d_msgs/include/nav_2d_msgs/msg/detail/path2_d__rosidl_typesupport_introspection_cpp.hpp
[33.407s] -- Symlinking: /home/administrator/husky_ws2/src/install/nav_2d_msgs/include/nav_2d_msgs/msg/detail/pose2_d32__rosidl_typesupport_introspection_cpp.hpp
[33.407s] -- Symlinking: /home/administrator/husky_ws2/src/install/nav_2d_msgs/include/nav_2d_msgs/msg/detail/pose2_d_stamped__rosidl_typesupport_introspection_cpp.hpp
[33.407s] -- Symlinking: /home/administrator/husky_ws2/src/install/nav_2d_msgs/include/nav_2d_msgs/msg/detail/twist2_d32__rosidl_typesupport_introspection_cpp.hpp
[33.408s] -- Symlinking: /home/administrator/husky_ws2/src/install/nav_2d_msgs/include/nav_2d_msgs/msg/detail/twist2_d__rosidl_typesupport_introspection_cpp.hpp
[33.408s] -- Symlinking: /home/administrator/husky_ws2/src/install/nav_2d_msgs/include/nav_2d_msgs/msg/detail/twist2_d_stamped__rosidl_typesupport_introspection_cpp.hpp
[33.408s] -- Symlinking: /home/administrator/husky_ws2/src/install/nav_2d_msgs/share/nav_2d_msgs/environment/pythonpath.sh
[33.408s] -- Symlinking: /home/administrator/husky_ws2/src/install/nav_2d_msgs/share/nav_2d_msgs/environment/pythonpath.dsv
[33.408s] -- Symlinking: /home/administrator/husky_ws2/src/install/nav_2d_msgs/lib/python3.8/site-packages/nav_2d_msgs/__init__.py
[33.408s] -- Symlinking: /home/administrator/husky_ws2/src/install/nav_2d_msgs/lib/python3.8/site-packages/nav_2d_msgs/msg/__init__.py
[33.408s] -- Symlinking: /home/administrator/husky_ws2/src/install/nav_2d_msgs/lib/python3.8/site-packages/nav_2d_msgs/msg/_path2_d.py
[33.408s] -- Symlinking: /home/administrator/husky_ws2/src/install/nav_2d_msgs/lib/python3.8/site-packages/nav_2d_msgs/msg/_pose2_d32.py
[33.408s] -- Symlinking: /home/administrator/husky_ws2/src/install/nav_2d_msgs/lib/python3.8/site-packages/nav_2d_msgs/msg/_pose2_d_stamped.py
[33.408s] -- Symlinking: /home/administrator/husky_ws2/src/install/nav_2d_msgs/lib/python3.8/site-packages/nav_2d_msgs/msg/_twist2_d.py
[33.408s] -- Symlinking: /home/administrator/husky_ws2/src/install/nav_2d_msgs/lib/python3.8/site-packages/nav_2d_msgs/msg/_twist2_d32.py
[33.408s] -- Symlinking: /home/administrator/husky_ws2/src/install/nav_2d_msgs/lib/python3.8/site-packages/nav_2d_msgs/msg/_twist2_d_stamped.py
[33.408s] -- Symlinking: /home/administrator/husky_ws2/src/install/nav_2d_msgs/lib/python3.8/site-packages/nav_2d_msgs/nav_2d_msgs_s__rosidl_typesupport_fastrtps_c.cpython-38-x86_64-linux-gnu.so
[33.409s] -- Symlinking: /home/administrator/husky_ws2/src/install/nav_2d_msgs/lib/python3.8/site-packages/nav_2d_msgs/nav_2d_msgs_s__rosidl_typesupport_introspection_c.cpython-38-x86_64-linux-gnu.so
[33.409s] -- Symlinking: /home/administrator/husky_ws2/src/install/nav_2d_msgs/lib/python3.8/site-packages/nav_2d_msgs/nav_2d_msgs_s__rosidl_typesupport_c.cpython-38-x86_64-linux-gnu.so
[33.409s] -- Symlinking: /home/administrator/husky_ws2/src/install/nav_2d_msgs/lib/libnav_2d_msgs__python.so
[33.409s] -- Symlinking: /home/administrator/husky_ws2/src/install/nav_2d_msgs/share/nav_2d_msgs/msg/Path2D.idl
[33.409s] -- Symlinking: /home/administrator/husky_ws2/src/install/nav_2d_msgs/share/nav_2d_msgs/msg/Pose2D32.idl
[33.409s] -- Symlinking: /home/administrator/husky_ws2/src/install/nav_2d_msgs/share/nav_2d_msgs/msg/Pose2DStamped.idl
[33.409s] -- Symlinking: /home/administrator/husky_ws2/src/install/nav_2d_msgs/share/nav_2d_msgs/msg/Twist2D.idl
[33.409s] -- Symlinking: /home/administrator/husky_ws2/src/install/nav_2d_msgs/share/nav_2d_msgs/msg/Twist2D32.idl
[33.409s] -- Symlinking: /home/administrator/husky_ws2/src/install/nav_2d_msgs/share/nav_2d_msgs/msg/Twist2DStamped.idl
[33.409s] -- Symlinking: /home/administrator/husky_ws2/src/install/nav_2d_msgs/share/nav_2d_msgs/msg/Path2D.msg
[33.409s] -- Symlinking: /home/administrator/husky_ws2/src/install/nav_2d_msgs/share/nav_2d_msgs/msg/Pose2D32.msg
[33.409s] -- Symlinking: /home/administrator/husky_ws2/src/install/nav_2d_msgs/share/nav_2d_msgs/msg/Pose2DStamped.msg
[33.409s] -- Symlinking: /home/administrator/husky_ws2/src/install/nav_2d_msgs/share/nav_2d_msgs/msg/Twist2D.msg
[33.410s] -- Symlinking: /home/administrator/husky_ws2/src/install/nav_2d_msgs/share/nav_2d_msgs/msg/Twist2D32.msg
[33.410s] -- Symlinking: /home/administrator/husky_ws2/src/install/nav_2d_msgs/share/nav_2d_msgs/msg/Twist2DStamped.msg
[33.410s] -- Symlinking: /home/administrator/husky_ws2/src/install/nav_2d_msgs/share/ament_index/resource_index/package_run_dependencies/nav_2d_msgs
[33.410s] -- Symlinking: /home/administrator/husky_ws2/src/install/nav_2d_msgs/share/ament_index/resource_index/parent_prefix_path/nav_2d_msgs
[33.410s] -- Symlinking: /home/administrator/husky_ws2/src/install/nav_2d_msgs/share/nav_2d_msgs/environment/ament_prefix_path.sh
[33.410s] -- Symlinking: /home/administrator/husky_ws2/src/install/nav_2d_msgs/share/nav_2d_msgs/environment/ament_prefix_path.dsv
[33.410s] -- Symlinking: /home/administrator/husky_ws2/src/install/nav_2d_msgs/share/nav_2d_msgs/environment/path.sh
[33.410s] -- Symlinking: /home/administrator/husky_ws2/src/install/nav_2d_msgs/share/nav_2d_msgs/environment/path.dsv
[33.410s] -- Symlinking: /home/administrator/husky_ws2/src/install/nav_2d_msgs/share/nav_2d_msgs/local_setup.bash
[33.410s] -- Symlinking: /home/administrator/husky_ws2/src/install/nav_2d_msgs/share/nav_2d_msgs/local_setup.sh
[33.410s] -- Symlinking: /home/administrator/husky_ws2/src/install/nav_2d_msgs/share/nav_2d_msgs/local_setup.zsh
[33.410s] -- Symlinking: /home/administrator/husky_ws2/src/install/nav_2d_msgs/share/nav_2d_msgs/local_setup.dsv
[33.410s] -- Symlinking: /home/administrator/husky_ws2/src/install/nav_2d_msgs/share/nav_2d_msgs/package.dsv
[33.411s] -- Symlinking: /home/administrator/husky_ws2/src/install/nav_2d_msgs/share/ament_index/resource_index/packages/nav_2d_msgs
[33.411s] -- Symlinking: /home/administrator/husky_ws2/src/install/nav_2d_msgs/share/nav_2d_msgs/cmake/rosidl_cmake-extras.cmake
[33.411s] -- Symlinking: /home/administrator/husky_ws2/src/install/nav_2d_msgs/share/nav_2d_msgs/cmake/ament_cmake_export_dependencies-extras.cmake
[33.411s] -- Symlinking: /home/administrator/husky_ws2/src/install/nav_2d_msgs/share/nav_2d_msgs/cmake/ament_cmake_export_libraries-extras.cmake
[33.411s] -- Symlinking: /home/administrator/husky_ws2/src/install/nav_2d_msgs/share/nav_2d_msgs/cmake/ament_cmake_export_targets-extras.cmake
[33.411s] -- Symlinking: /home/administrator/husky_ws2/src/install/nav_2d_msgs/share/nav_2d_msgs/cmake/ament_cmake_export_include_directories-extras.cmake
[33.411s] -- Symlinking: /home/administrator/husky_ws2/src/install/nav_2d_msgs/share/nav_2d_msgs/cmake/rosidl_cmake_export_typesupport_libraries-extras.cmake
[33.411s] -- Symlinking: /home/administrator/husky_ws2/src/install/nav_2d_msgs/share/nav_2d_msgs/cmake/rosidl_cmake_export_typesupport_targets-extras.cmake
[33.411s] -- Symlinking: /home/administrator/husky_ws2/src/install/nav_2d_msgs/share/nav_2d_msgs/cmake/nav_2d_msgsConfig.cmake
[33.411s] -- Symlinking: /home/administrator/husky_ws2/src/install/nav_2d_msgs/share/nav_2d_msgs/cmake/nav_2d_msgsConfig-version.cmake
[33.411s] -- Symlinking: /home/administrator/husky_ws2/src/install/nav_2d_msgs/share/nav_2d_msgs/package.xml
[33.411s] -- Installing: /home/administrator/husky_ws2/src/install/nav_2d_msgs/lib/libnav_2d_msgs__rosidl_generator_c.so
[33.412s] -- Set runtime path of "/home/administrator/husky_ws2/src/install/nav_2d_msgs/lib/libnav_2d_msgs__rosidl_generator_c.so" to ""
[33.412s] -- Installing: /home/administrator/husky_ws2/src/install/nav_2d_msgs/lib/libnav_2d_msgs__rosidl_typesupport_introspection_c.so
[33.413s] -- Set runtime path of "/home/administrator/husky_ws2/src/install/nav_2d_msgs/lib/libnav_2d_msgs__rosidl_typesupport_introspection_c.so" to ""
[33.413s] -- Installing: /home/administrator/husky_ws2/src/install/nav_2d_msgs/lib/libnav_2d_msgs__rosidl_typesupport_c.so
[33.413s] -- Set runtime path of "/home/administrator/husky_ws2/src/install/nav_2d_msgs/lib/libnav_2d_msgs__rosidl_typesupport_c.so" to ""
[33.413s] -- Installing: /home/administrator/husky_ws2/src/install/nav_2d_msgs/lib/libnav_2d_msgs__rosidl_typesupport_introspection_cpp.so
[33.413s] -- Set runtime path of "/home/administrator/husky_ws2/src/install/nav_2d_msgs/lib/libnav_2d_msgs__rosidl_typesupport_introspection_cpp.so" to ""
[33.413s] -- Installing: /home/administrator/husky_ws2/src/install/nav_2d_msgs/lib/libnav_2d_msgs__rosidl_typesupport_cpp.so
[33.413s] -- Set runtime path of "/home/administrator/husky_ws2/src/install/nav_2d_msgs/lib/libnav_2d_msgs__rosidl_typesupport_cpp.so" to ""
[33.446s] Compiling '/home/administrator/husky_ws2/src/install/nav_2d_msgs/lib/python3.8/site-packages/nav_2d_msgs/__init__.py'...
[33.456s] -- Installing: /home/administrator/husky_ws2/src/install/nav_2d_msgs/share/nav_2d_msgs/cmake/nav_2d_msgs__rosidl_generator_cExport.cmake
[33.480s] -- Installing: /home/administrator/husky_ws2/src/install/nav_2d_msgs/share/nav_2d_msgs/cmake/nav_2d_msgs__rosidl_generator_cExport-noconfig.cmake
[33.480s] -- Installing: /home/administrator/husky_ws2/src/install/nav_2d_msgs/share/nav_2d_msgs/cmake/nav_2d_msgs__rosidl_typesupport_introspection_cExport.cmake
[33.481s] -- Installing: /home/administrator/husky_ws2/src/install/nav_2d_msgs/share/nav_2d_msgs/cmake/nav_2d_msgs__rosidl_typesupport_introspection_cExport-noconfig.cmake
[33.481s] -- Installing: /home/administrator/husky_ws2/src/install/nav_2d_msgs/share/nav_2d_msgs/cmake/nav_2d_msgs__rosidl_typesupport_cExport.cmake
[33.481s] -- Installing: /home/administrator/husky_ws2/src/install/nav_2d_msgs/share/nav_2d_msgs/cmake/nav_2d_msgs__rosidl_typesupport_cExport-noconfig.cmake
[33.481s] -- Installing: /home/administrator/husky_ws2/src/install/nav_2d_msgs/share/nav_2d_msgs/cmake/nav_2d_msgs__rosidl_generator_cppExport.cmake
[33.481s] -- Installing: /home/administrator/husky_ws2/src/install/nav_2d_msgs/share/nav_2d_msgs/cmake/nav_2d_msgs__rosidl_typesupport_introspection_cppExport.cmake
[33.481s] -- Installing: /home/administrator/husky_ws2/src/install/nav_2d_msgs/share/nav_2d_msgs/cmake/nav_2d_msgs__rosidl_typesupport_introspection_cppExport-noconfig.cmake
[33.481s] -- Installing: /home/administrator/husky_ws2/src/install/nav_2d_msgs/share/nav_2d_msgs/cmake/nav_2d_msgs__rosidl_typesupport_cppExport.cmake
[33.481s] -- Installing: /home/administrator/husky_ws2/src/install/nav_2d_msgs/share/nav_2d_msgs/cmake/nav_2d_msgs__rosidl_typesupport_cppExport-noconfig.cmake
[33.482s] Invoked command in '/home/administrator/husky_ws2/src/build/nav_2d_msgs' returned '0': CMAKE_PREFIX_PATH=/home/administrator/husky_ws2/install/zed_ros2:/home/administrator/husky_ws2/install/zed_display_rviz2:/home/administrator/husky_ws2/install/zed_wrapper:/home/administrator/husky_ws2/install/zed_tutorial_video:/home/administrator/husky_ws2/install/zed_tutorial_pos_tracking:/home/administrator/husky_ws2/install/zed_tutorial_depth:/home/administrator/husky_ws2/install/zed_rgb_convert:/home/administrator/husky_ws2/install/zed_components:/home/administrator/husky_ws2/install/rviz_plugin_zed_od:/home/administrator/husky_ws2/install/zed_interfaces:/home/administrator/husky_ws2/install/velodyne_simulator:/home/administrator/husky_ws2/install/velodyne_gazebo_plugins:/home/administrator/husky_ws2/install/husky_desktop:/home/administrator/husky_ws2/install/husky_viz:/home/administrator/husky_ws2/install/husky_simulator:/home/administrator/husky_ws2/install/husky_robot:/home/administrator/husky_ws2/install/husky_gazebo:/home/administrator/husky_ws2/install/husky_bringup:/home/administrator/husky_ws2/install/husky_control:/home/administrator/husky_ws2/install/husky_description:/home/administrator/husky_ws2/install/velodyne_description:/home/administrator/husky_ws2/install/um7:/home/administrator/husky_ws2/install/swri_route_util:/home/administrator/husky_ws2/install/swri_transform_util:/home/administrator/husky_ws2/install/swri_system_util:/home/administrator/husky_ws2/install/swri_serial_util:/home/administrator/husky_ws2/install/swri_image_util:/home/administrator/husky_ws2/install/swri_roscpp:/home/administrator/husky_ws2/install/swri_prefix_tools:/home/administrator/husky_ws2/install/swri_opencv_util:/home/administrator/husky_ws2/install/swri_math_util:/home/administrator/husky_ws2/install/swri_geometry_util:/home/administrator/husky_ws2/install/swri_dbw_interface:/home/administrator/husky_ws2/install/swri_console_util:/home/administrator/husky_ws2/install/nav2_system_tests:/home/administrator/husky_ws2/install/nav2_bringup:/home/administrator/husky_ws2/install/navigation2:/home/administrator/husky_ws2/install/smac_planner:/home/administrator/husky_ws2/install/pointcloud_to_laserscan:/home/administrator/husky_ws2/install/nav2_dwb_controller:/home/administrator/husky_ws2/install/nav2_controller:/home/administrator/husky_ws2/install/dwb_plugins:/home/administrator/husky_ws2/install/dwb_critics:/home/administrator/husky_ws2/install/dwb_core:/home/administrator/husky_ws2/install/nav_2d_utils:/home/administrator/husky_ws2/install/dwb_msgs:/home/administrator/husky_ws2/install/nav_2d_msgs:/home/administrator/husky_ws2/install/nav2_waypoint_follower:/home/administrator/husky_ws2/install/nav2_regulated_pure_pursuit_controller:/home/administrator/husky_ws2/install/nav2_recoveries:/home/administrator/husky_ws2/install/nav2_planner:/home/administrator/husky_ws2/install/nav2_navfn_planner:/home/administrator/husky_ws2/install/nav2_core:/home/administrator/husky_ws2/install/costmap_queue:/home/administrator/husky_ws2/install/nav2_costmap_2d:/home/administrator/husky_ws2/install/nav2_voxel_grid:/home/administrator/husky_ws2/install/nav2_rviz_plugins:/home/administrator/husky_ws2/install/nav2_map_server:/home/administrator/husky_ws2/install/nav2_lifecycle_manager:/home/administrator/husky_ws2/install/nav2_bt_navigator:/home/administrator/husky_ws2/install/nav2_behavior_tree:/home/administrator/husky_ws2/install/nav2_amcl:/home/administrator/husky_ws2/install/nav2_util:/home/administrator/husky_ws2/install/nav2_msgs:/home/administrator/husky_ws2/install/nav2_common:/home/administrator/husky_ws2/install/microstrain_inertial_examples:/home/administrator/husky_ws2/install/microstrain_inertial_driver:/home/administrator/husky_ws2/install/microstrain_inertial_msgs:/home/administrator/husky_ws2/install/local_nav_pkg:/home/administrator/husky_ws2/install/image_common:/home/administrator/husky_ws2/install/image_transport:/home/administrator/husky_ws2/install/husky_base:/home/administrator/husky_ws2/install/husky_msgs:/home/administrator/husky_ws2/install/hector_gazebo:/home/administrator/husky_ws2/install/hector_gazebo_worlds:/home/administrator/husky_ws2/install/hector_gazebo_plugins:/home/administrator/husky_ws2/install/custom_nav_stack_pkg:/home/administrator/husky_ws2/install/camera_info_manager:/home/administrator/husky_ws2/install/camera_calibration_parsers:/home/administrator/richo_theta_ws/install/penguin_detection:/home/administrator/husky_ws2/install/nav2_gazebo_spawner:/home/administrator/husky_ws2/install/microstrain_inertial_rqt:/home/administrator/husky_ws2/install/gps_goal:/opt/ros/foxy:/opt/ros/noetic /usr/bin/cmake --install /home/administrator/husky_ws2/src/build/nav_2d_msgs
