[0.111s] Invoking command in '/home/administrator/husky_ws2/src/build/zed_components': AMENT_PREFIX_PATH=/home/administrator/husky_ws2/src/install/zed_interfaces:/home/administrator/husky_ws2/src/install/image_transport:${AMENT_PREFIX_PATH} CMAKE_PREFIX_PATH=/home/administrator/husky_ws2/src/install/zed_interfaces:/home/administrator/husky_ws2/src/install/image_transport:/home/administrator/husky_ws2/install/zed_ros2:/home/administrator/husky_ws2/install/zed_display_rviz2:/home/administrator/husky_ws2/install/zed_wrapper:/home/administrator/husky_ws2/install/zed_tutorial_video:/home/administrator/husky_ws2/install/zed_tutorial_pos_tracking:/home/administrator/husky_ws2/install/zed_tutorial_depth:/home/administrator/husky_ws2/install/zed_rgb_convert:/home/administrator/husky_ws2/install/zed_components:/home/administrator/husky_ws2/install/rviz_plugin_zed_od:/home/administrator/husky_ws2/install/zed_interfaces:/home/administrator/husky_ws2/install/velodyne_simulator:/home/administrator/husky_ws2/install/velodyne_gazebo_plugins:/home/administrator/husky_ws2/install/husky_desktop:/home/administrator/husky_ws2/install/husky_viz:/home/administrator/husky_ws2/install/husky_simulator:/home/administrator/husky_ws2/install/husky_robot:/home/administrator/husky_ws2/install/husky_gazebo:/home/administrator/husky_ws2/install/husky_bringup:/home/administrator/husky_ws2/install/husky_control:/home/administrator/husky_ws2/install/husky_description:/home/administrator/husky_ws2/install/velodyne_description:/home/administrator/husky_ws2/install/um7:/home/administrator/husky_ws2/install/swri_route_util:/home/administrator/husky_ws2/install/swri_transform_util:/home/administrator/husky_ws2/install/swri_system_util:/home/administrator/husky_ws2/install/swri_serial_util:/home/administrator/husky_ws2/install/swri_image_util:/home/administrator/husky_ws2/install/swri_roscpp:/home/administrator/husky_ws2/install/swri_prefix_tools:/home/administrator/husky_ws2/install/swri_opencv_util:/home/administrator/husky_ws2/install/swri_math_util:/home/administrator/husky_ws2/install/swri_geometry_util:/home/administrator/husky_ws2/install/swri_dbw_interface:/home/administrator/husky_ws2/install/swri_console_util:/home/administrator/husky_ws2/install/nav2_system_tests:/home/administrator/husky_ws2/install/nav2_bringup:/home/administrator/husky_ws2/install/navigation2:/home/administrator/husky_ws2/install/smac_planner:/home/administrator/husky_ws2/install/pointcloud_to_laserscan:/home/administrator/husky_ws2/install/nav2_dwb_controller:/home/administrator/husky_ws2/install/nav2_controller:/home/administrator/husky_ws2/install/dwb_plugins:/home/administrator/husky_ws2/install/dwb_critics:/home/administrator/husky_ws2/install/dwb_core:/home/administrator/husky_ws2/install/nav_2d_utils:/home/administrator/husky_ws2/install/dwb_msgs:/home/administrator/husky_ws2/install/nav_2d_msgs:/home/administrator/husky_ws2/install/nav2_waypoint_follower:/home/administrator/husky_ws2/install/nav2_regulated_pure_pursuit_controller:/home/administrator/husky_ws2/install/nav2_recoveries:/home/administrator/husky_ws2/install/nav2_planner:/home/administrator/husky_ws2/install/nav2_navfn_planner:/home/administrator/husky_ws2/install/nav2_core:/home/administrator/husky_ws2/install/costmap_queue:/home/administrator/husky_ws2/install/nav2_costmap_2d:/home/administrator/husky_ws2/install/nav2_voxel_grid:/home/administrator/husky_ws2/install/nav2_rviz_plugins:/home/administrator/husky_ws2/install/nav2_map_server:/home/administrator/husky_ws2/install/nav2_lifecycle_manager:/home/administrator/husky_ws2/install/nav2_bt_navigator:/home/administrator/husky_ws2/install/nav2_behavior_tree:/home/administrator/husky_ws2/install/nav2_amcl:/home/administrator/husky_ws2/install/nav2_util:/home/administrator/husky_ws2/install/nav2_msgs:/home/administrator/husky_ws2/install/nav2_common:/home/administrator/husky_ws2/install/microstrain_inertial_examples:/home/administrator/husky_ws2/install/microstrain_inertial_driver:/home/administrator/husky_ws2/install/microstrain_inertial_msgs:/home/administrator/husky_ws2/install/local_nav_pkg:/home/administrator/husky_ws2/install/image_common:/home/administrator/husky_ws2/install/image_transport:/home/administrator/husky_ws2/install/husky_base:/home/administrator/husky_ws2/install/husky_msgs:/home/administrator/husky_ws2/install/hector_gazebo:/home/administrator/husky_ws2/install/hector_gazebo_worlds:/home/administrator/husky_ws2/install/hector_gazebo_plugins:/home/administrator/husky_ws2/install/custom_nav_stack_pkg:/home/administrator/husky_ws2/install/camera_info_manager:/home/administrator/husky_ws2/install/camera_calibration_parsers:/home/administrator/richo_theta_ws/install/penguin_detection:/home/administrator/husky_ws2/install/nav2_gazebo_spawner:/home/administrator/husky_ws2/install/microstrain_inertial_rqt:/home/administrator/husky_ws2/install/gps_goal:/opt/ros/foxy:/opt/ros/noetic LD_LIBRARY_PATH=/home/administrator/husky_ws2/src/install/zed_interfaces/lib:/home/administrator/husky_ws2/src/install/image_transport/lib:${LD_LIBRARY_PATH} PYTHONPATH=/home/administrator/husky_ws2/src/install/zed_interfaces/lib/python3.8/site-packages:${PYTHONPATH} /usr/bin/cmake /home/administrator/husky_ws2/src/zed-ros2-wrapper/zed_components -DAMENT_CMAKE_SYMLINK_INSTALL=1 -DCMAKE_INSTALL_PREFIX=/home/administrator/husky_ws2/src/install/zed_components
[1.385s] -- The C compiler identification is GNU 9.4.0
[1.386s] -- The CXX compiler identification is GNU 9.4.0
[1.386s] -- Check for working C compiler: /usr/bin/cc
[1.387s] -- Check for working C compiler: /usr/bin/cc -- works
[1.387s] -- Detecting C compiler ABI info
[1.387s] -- Detecting C compiler ABI info - done
[1.387s] -- Detecting C compile features
[1.387s] -- Detecting C compile features - done
[1.387s] -- Check for working CXX compiler: /usr/bin/c++
[1.387s] -- Check for working CXX compiler: /usr/bin/c++ -- works
[1.387s] -- Detecting CXX compiler ABI info
[1.387s] -- Detecting CXX compiler ABI info - done
[1.387s] -- Detecting CXX compile features
[1.387s] -- Detecting CXX compile features - done
[1.387s] -- Looking for sgemm_
[1.388s] -- Looking for sgemm_ - not found
[1.388s] -- Looking for pthread.h
[1.531s] -- Looking for pthread.h - found
[1.531s] -- Performing Test CMAKE_HAVE_LIBC_PTHREAD
[1.749s] -- Performing Test CMAKE_HAVE_LIBC_PTHREAD - Failed
[1.749s] -- Looking for pthread_create in pthreads
[2.003s] -- Looking for pthread_create in pthreads - not found
[2.004s] -- Looking for pthread_create in pthread
[2.231s] -- Looking for pthread_create in pthread - found
[2.234s] -- Found Threads: TRUE  
[2.296s] -- Looking for sgemm_
[2.472s] -- Looking for sgemm_ - found
[2.473s] -- Found BLAS: /usr/lib/x86_64-linux-gnu/libopenblas.so  
[2.502s] -- Found CUDA: /usr/local/cuda-11.7 (found suitable version "11.7", minimum required is "11") 
[2.698s] -- Found CUDA: /usr/local/cuda-11.7 (found version "11.7") 
[2.705s] -- Found ament_cmake: 0.9.9 (/opt/ros/foxy/share/ament_cmake/cmake)
[2.757s] -- Found PythonInterp: /usr/bin/python3 (found suitable version "3.8.10", minimum required is "3") 
[2.757s] -- Using PYTHON_EXECUTABLE: /usr/bin/python3
[3.086s] -- Override CMake install command with custom implementation using symlinks instead of copying resources
[3.165s] -- Found rcutils: 1.1.3 (/opt/ros/foxy/share/rcutils/cmake)
[3.177s] -- Found zed_interfaces: 0.3.0 (/home/administrator/husky_ws2/src/install/zed_interfaces/share/zed_interfaces/cmake)
[3.242s] -- Using all available rosidl_typesupport_c: rosidl_typesupport_fastrtps_c;rosidl_typesupport_introspection_c
[3.268s] -- Found rosidl_adapter: 1.2.1 (/opt/ros/foxy/share/rosidl_adapter/cmake)
[3.504s] -- Found OpenSSL: /usr/lib/x86_64-linux-gnu/libcrypto.so (found version "1.1.1f")  
[3.563s] -- Found FastRTPS: /opt/ros/foxy/include  
[3.720s] -- Using all available rosidl_typesupport_cpp: rosidl_typesupport_fastrtps_cpp;rosidl_typesupport_introspection_cpp
[4.121s] -- Found rclcpp: 2.4.1 (/opt/ros/foxy/share/rclcpp/cmake)
[4.219s] -- Found rmw_implementation_cmake: 1.0.3 (/opt/ros/foxy/share/rmw_implementation_cmake/cmake)
[4.227s] -- Using RMW implementation 'rmw_fastrtps_cpp' as default
[4.396s] -- Found rclcpp_components: 2.4.1 (/opt/ros/foxy/share/rclcpp_components/cmake)
[4.480s] -- Found tf2: 0.13.13 (/opt/ros/foxy/share/tf2/cmake)
[4.494s] -- Found tf2_ros: 0.13.13 (/opt/ros/foxy/share/tf2_ros/cmake)
[4.788s] -- Found tf2_geometry_msgs: 0.13.13 (/opt/ros/foxy/share/tf2_geometry_msgs/cmake)
[4.804s] -- Found eigen3_cmake_module: 0.1.1 (/opt/ros/foxy/share/eigen3_cmake_module/cmake)
[4.815s] -- Found Eigen3: TRUE (found version "3.3.7") 
[4.858s] -- Found nav_msgs: 2.0.5 (/opt/ros/foxy/share/nav_msgs/cmake)
[4.966s] -- Found sensor_msgs: 2.0.5 (/opt/ros/foxy/share/sensor_msgs/cmake)
[5.075s] -- Found stereo_msgs: 2.0.5 (/opt/ros/foxy/share/stereo_msgs/cmake)
[5.235s] -- Found image_transport: 2.4.0 (/home/administrator/husky_ws2/src/install/image_transport/share/image_transport/cmake)
[5.291s] -- Found std_srvs: 2.0.5 (/opt/ros/foxy/share/std_srvs/cmake)
[5.306s] -- Found diagnostic_msgs: 2.0.5 (/opt/ros/foxy/share/diagnostic_msgs/cmake)
[5.344s] -- Found diagnostic_updater: 2.0.8 (/opt/ros/foxy/share/diagnostic_updater/cmake)
[5.370s] -- Found visualization_msgs: 2.0.5 (/opt/ros/foxy/share/visualization_msgs/cmake)
[5.482s] -- Found ament_lint_auto: 0.9.6 (/opt/ros/foxy/share/ament_lint_auto/cmake)
[5.653s] -- Found python_cmake_module: 0.8.1 (/opt/ros/foxy/share/python_cmake_module/cmake)
[5.698s] -- Found PythonInterp: /usr/bin/python3 (found suitable version "3.8.10", minimum required is "3.5") 
[5.707s] -- Found PythonLibs: /usr/lib/x86_64-linux-gnu/libpython3.8.so (found suitable version "3.8.10", minimum required is "3.5") 
[5.708s] -- Using PYTHON_EXECUTABLE: /usr/bin/python3
[5.708s] -- Using PYTHON_INCLUDE_DIRS: /usr/include/python3.8
[5.708s] -- Using PYTHON_LIBRARIES: /usr/lib/x86_64-linux-gnu/libpython3.8.so
[5.752s] -- Found PythonExtra: .so  
[5.759s] -- Added test 'copyright' to check source files copyright and LICENSE
[5.763s] -- Added test 'cppcheck' to perform static code analysis on C / C++ code
[5.764s] -- Configured cppcheck include dirs: /home/administrator/husky_ws2/src/zed-ros2-wrapper/zed_components/src/include;/home/administrator/husky_ws2/src/zed-ros2-wrapper/zed_components/src/zed_camera/include;/home/administrator/husky_ws2/src/zed-ros2-wrapper/zed_components/src/tools/include
[5.764s] -- Configured cppcheck exclude dirs and/or files: 
[5.766s] -- Added test 'cpplint' to check C / C++ code against the Google style
[5.766s] -- Configured cpplint exclude dirs and/or files: 
[5.768s] -- Added test 'lint_cmake' to check CMake code style
[5.771s] -- Added test 'uncrustify' to check C / C++ code style
[5.771s] -- Configured uncrustify additional arguments: 
[5.772s] -- Added test 'xmllint' to check XML markup files
[5.778s] -- Configuring done
[5.806s] -- Generating done
[5.808s] -- Build files have been written to: /home/administrator/husky_ws2/src/build/zed_components
