-- The C compiler identification is GNU 9.4.0
-- The CXX compiler identification is GNU 9.4.0
-- Check for working C compiler: /usr/bin/cc
-- Check for working C compiler: /usr/bin/cc -- works
-- Detecting C compiler ABI info
-- Detecting C compiler ABI info - done
-- Detecting C compile features
-- Detecting C compile features - done
-- Check for working CXX compiler: /usr/bin/c++
-- Check for working CXX compiler: /usr/bin/c++ -- works
-- Detecting CXX compiler ABI info
-- Detecting CXX compiler ABI info - done
-- Detecting CXX compile features
-- Detecting CXX compile features - done
-- Found ament_cmake: 0.9.9 (/opt/ros/foxy/share/ament_cmake/cmake)
-- Found PythonInterp: /usr/bin/python3 (found suitable version "3.8.10", minimum required is "3") 
-- Using PYTHON_EXECUTABLE: /usr/bin/python3
-- Override CMake install command with custom implementation using symlinks instead of copying resources
-- Found cv_bridge: 2.2.1 (/opt/ros/foxy/share/cv_bridge/cmake)
-- Found rclcpp: 2.4.1 (/opt/ros/foxy/share/rclcpp/cmake)
-- Using all available rosidl_typesupport_c: rosidl_typesupport_fastrtps_c;rosidl_typesupport_introspection_c
-- Found rosidl_adapter: 1.2.1 (/opt/ros/foxy/share/rosidl_adapter/cmake)
-- Found OpenSSL: /usr/lib/x86_64-linux-gnu/libcrypto.so (found version "1.1.1f")  
-- Found FastRTPS: /opt/ros/foxy/include  
-- Using all available rosidl_typesupport_cpp: rosidl_typesupport_fastrtps_cpp;rosidl_typesupport_introspection_cpp
-- Found rmw_implementation_cmake: 1.0.3 (/opt/ros/foxy/share/rmw_implementation_cmake/cmake)
-- Using RMW implementation 'rmw_fastrtps_cpp' as default
-- Looking for pthread.h
-- Looking for pthread.h - found
-- Performing Test CMAKE_HAVE_LIBC_PTHREAD
-- Performing Test CMAKE_HAVE_LIBC_PTHREAD - Failed
-- Looking for pthread_create in pthreads
-- Looking for pthread_create in pthreads - not found
-- Looking for pthread_create in pthread
-- Looking for pthread_create in pthread - found
-- Found Threads: TRUE  
-- Found tf2: 0.13.13 (/opt/ros/foxy/share/tf2/cmake)
-- Found GEOS: geos-3.8.0 (version: 3.8.0, includes: /usr/include)
-- Found OpenCV: /usr (found version "4.2.0") found components: core 
-- Found ament_cmake_gtest: 0.9.9 (/opt/ros/foxy/share/ament_cmake_gtest/cmake)
-- Found gtest sources under '/opt/ros/foxy/src/gtest_vendor': C++ tests using 'Google Test' will be built
-- Check if compiler accepts -pthread
-- Check if compiler accepts -pthread - yes
-- Configuring done
-- Generating done
-- Build files have been written to: /home/administrator/husky_ws2/src/build/swri_geometry_util
[35m[1mScanning dependencies of target gtest[0m
[35m[1mScanning dependencies of target swri_geometry_util[0m
[35m[1mScanning dependencies of target gtest_main[0m
[  7%] [32mBuilding CXX object gtest/CMakeFiles/gtest.dir/src/gtest-all.cc.o[0m
[ 15%] [32mBuilding CXX object gtest/CMakeFiles/gtest_main.dir/src/gtest_main.cc.o[0m
[ 23%] [32mBuilding CXX object CMakeFiles/swri_geometry_util.dir/src/cubic_spline.cpp.o[0m
[ 30%] [32mBuilding CXX object CMakeFiles/swri_geometry_util.dir/src/geometry_util.cpp.o[0m
[ 38%] [32mBuilding CXX object CMakeFiles/swri_geometry_util.dir/src/intersection.cpp.o[0m
[ 46%] [32mBuilding CXX object CMakeFiles/swri_geometry_util.dir/src/polygon.cpp.o[0m
[ 53%] [32m[1mLinking CXX static library libgtest_main.a[0m
[ 53%] Built target gtest_main
[ 61%] [32m[1mLinking CXX static library libgtest.a[0m
[ 61%] Built target gtest
[ 69%] [32m[1mLinking CXX shared library libswri_geometry_util.so[0m
[ 69%] Built target swri_geometry_util
[35m[1mScanning dependencies of target test_intersection[0m
[35m[1mScanning dependencies of target test_geometry_util[0m
[ 76%] [32mBuilding CXX object CMakeFiles/test_intersection.dir/test/test_intersection.cpp.o[0m
[ 84%] [32mBuilding CXX object CMakeFiles/test_geometry_util.dir/test/test_geometry_util.cpp.o[0m
[ 92%] [32m[1mLinking CXX executable test_intersection[0m
[100%] [32m[1mLinking CXX executable test_geometry_util[0m
[100%] Built target test_intersection
[100%] Built target test_geometry_util
-- Install configuration: ""
-- Execute custom install script
-- Symlinking: /home/administrator/husky_ws2/src/install/swri_geometry_util/include/swri_geometry_util/cubic_spline.h
-- Symlinking: /home/administrator/husky_ws2/src/install/swri_geometry_util/include/swri_geometry_util/geometry_util.h
-- Symlinking: /home/administrator/husky_ws2/src/install/swri_geometry_util/include/swri_geometry_util/intersection.h
-- Symlinking: /home/administrator/husky_ws2/src/install/swri_geometry_util/include/swri_geometry_util/polygon.h
-- Symlinking: /home/administrator/husky_ws2/src/install/swri_geometry_util/lib/libswri_geometry_util.so
-- Symlinking: /home/administrator/husky_ws2/src/install/swri_geometry_util/share/swri_geometry_util/environment/library_path.sh
-- Symlinking: /home/administrator/husky_ws2/src/install/swri_geometry_util/share/swri_geometry_util/environment/library_path.dsv
-- Symlinking: /home/administrator/husky_ws2/src/install/swri_geometry_util/share/ament_index/resource_index/package_run_dependencies/swri_geometry_util
-- Symlinking: /home/administrator/husky_ws2/src/install/swri_geometry_util/share/ament_index/resource_index/parent_prefix_path/swri_geometry_util
-- Symlinking: /home/administrator/husky_ws2/src/install/swri_geometry_util/share/swri_geometry_util/environment/ament_prefix_path.sh
-- Symlinking: /home/administrator/husky_ws2/src/install/swri_geometry_util/share/swri_geometry_util/environment/ament_prefix_path.dsv
-- Symlinking: /home/administrator/husky_ws2/src/install/swri_geometry_util/share/swri_geometry_util/environment/path.sh
-- Symlinking: /home/administrator/husky_ws2/src/install/swri_geometry_util/share/swri_geometry_util/environment/path.dsv
-- Symlinking: /home/administrator/husky_ws2/src/install/swri_geometry_util/share/swri_geometry_util/local_setup.bash
-- Symlinking: /home/administrator/husky_ws2/src/install/swri_geometry_util/share/swri_geometry_util/local_setup.sh
-- Symlinking: /home/administrator/husky_ws2/src/install/swri_geometry_util/share/swri_geometry_util/local_setup.zsh
-- Symlinking: /home/administrator/husky_ws2/src/install/swri_geometry_util/share/swri_geometry_util/local_setup.dsv
-- Symlinking: /home/administrator/husky_ws2/src/install/swri_geometry_util/share/swri_geometry_util/package.dsv
-- Symlinking: /home/administrator/husky_ws2/src/install/swri_geometry_util/share/ament_index/resource_index/packages/swri_geometry_util
-- Symlinking: /home/administrator/husky_ws2/src/install/swri_geometry_util/share/swri_geometry_util/cmake/ament_cmake_export_dependencies-extras.cmake
-- Symlinking: /home/administrator/husky_ws2/src/install/swri_geometry_util/share/swri_geometry_util/cmake/ament_cmake_export_include_directories-extras.cmake
-- Symlinking: /home/administrator/husky_ws2/src/install/swri_geometry_util/share/swri_geometry_util/cmake/ament_cmake_export_libraries-extras.cmake
-- Symlinking: /home/administrator/husky_ws2/src/install/swri_geometry_util/share/swri_geometry_util/cmake/swri_geometry_utilConfig.cmake
-- Symlinking: /home/administrator/husky_ws2/src/install/swri_geometry_util/share/swri_geometry_util/cmake/swri_geometry_utilConfig-version.cmake
-- Symlinking: /home/administrator/husky_ws2/src/install/swri_geometry_util/share/swri_geometry_util/package.xml
