20231221-162854 | XA 00000 0 964 001038998188
20231221-162854 | XA 00000 0 964 001038998188
20231221-162854 | XA 00000 0 964 001038998188
20231221-162854 | XA 00000 0 964 001038998188
20231221-162854 | XA 00000 0 964 001038998188
20231221-162855 | XA 00000 0 964 001038998188
20231221-162855 | XA 00000 0 964 001038998188
20231221-162855 | XA 00000 0 964 001038998188
20231221-162855 | XA 00000 0 964 001038998188
20231221-162856 | XA 00000 0 964 001038998188
20231221-162856 | XA 00000 0 964 001038998188
20231221-162856 | XA 00000 0 964 001038998188
20231221-162856 | XA 00000 0 964 001038998188
20231221-162856 | XA 00000 0 964 001038998188
20231221-162857 | XA 00000 0 964 001038998188
20231221-162857 | XA 00000 0 964 001038998188
20231221-162857 | XA 00000 0 964 001038998188
20231221-162857 | XA 00000 0 964 001038998188
20231221-162900 | XA 00000 0 964 001038998188
20231221-162900 | XA 00000 0 964 001038998188
20231221-162901 | XA 00000 0 964 001038998188
20231221-162901 | XA 00000 0 964 001038998188
20231221-162901 | XA 00000 0 964 001038998188
20231221-162901 | XA 00000 0 964 001038998188
20231221-162902 | XA 00000 0 964 001038998188
20231221-162902 | XA 00000 0 964 001038998188
20231221-162902 | XA 00000 0 964 001038998188
20231221-162903 | XA 00000 0 964 001038998188
20231221-162903 | XA 00000 0 964 001038998188
20231221-162904 | XA 00000 0 964 001038998188
20231221-162904 | XA 00000 0 964 001038998188
20231221-162905 | XA 00000 0 964 001038998188
20231221-162905 | XA 00000 0 964 001038998188
20231221-162905 | XA 00000 0 964 001038998188
20231221-162905 | XA 00000 0 964 001038998188
20231221-162906 | XA 00000 0 964 001038998188
20231221-162906 | XA 00000 0 964 001038998188
20231221-162906 | XA 00000 0 964 001038998188
20231221-162906 | XA 00000 0 964 001038998188
20231221-162906 | XA 00000 0 964 001038998188
20231221-162907 | XA 00000 0 964 001038998188
20231221-162907 | XA 00000 0 964 001038998188
20231221-162907 | XA 00000 0 964 001038998188
20231221-162908 | XA 00000 0 964 001038998188
20231221-162908 | XA 00000 0 964 001038998188
20231221-162908 | XA 00000 0 964 001038998188
20231221-162908 | XA 00000 0 964 001038998188
20231221-162909 | XA 00000 0 964 001038998188
20231221-162910 | XA 00000 0 964 001038998188
20231221-162910 | XA 00000 0 964 001038998188
20231221-162910 | XA 00000 0 964 001038998188
20231221-162915 | XA 00000 0 964 001038998188
20231221-162916 | XA 00000 0 964 001038998188
20231221-162916 | XA 00000 0 964 001038998188
20231221-162916 | XA 00000 0 964 001038998188
20231221-162916 | XA 00000 0 964 001038998188
20231221-162917 | XA 00000 0 964 001038998188
20231221-162917 | XA 00000 0 964 001038998188
20231221-162917 | XA 00000 0 964 001038998188
20231221-162917 | XA 00000 0 964 001038998188
20231221-162918 | XA 00000 0 964 001038998188
20231221-162918 | XA 00000 0 964 001038998188
20231221-162918 | XA 00000 0 964 001038998188
20231221-162919 | XA 00000 0 964 001038998188
20231221-162919 | XA 00000 0 964 001038998188
20231221-162919 | XA 00000 0 964 001038998188
20231221-162919 | XA 00000 0 964 001038998188
20231221-162919 | XA 00000 0 964 001038998188
20231221-162920 | XA 00000 0 964 001038998188
20231221-162920 | XA 00000 0 964 001038998188
20231221-162920 | XA 00000 0 964 001038998188
20231221-162920 | XA 00000 0 964 001038998188
20231221-162921 | XA 00000 0 964 001038998188
20231221-162921 | XA 00000 0 964 001038998188
20231221-162921 | XA 00000 0 964 001038998188
20231221-162921 | XA 00000 0 964 001038998188
20231221-162921 | XA 00000 0 964 001038998188
20231221-162922 | XA 00000 0 964 001038998188
20231221-162922 | XA 00000 0 964 001038998188
20231221-162922 | XA 00000 0 964 001038998188
20231221-162922 | XA 00000 0 964 001038998188
20231221-162923 | XA 00000 0 964 001038998188
20231221-162923 | XA 00000 0 964 001038998188
20231221-162923 | XA 00000 0 964 001038998188
20231221-162923 | XA 00000 0 964 001038998188
20231221-162923 | XA 00000 0 964 001038998188
20231221-162924 | XA 00000 0 964 001038998188
20231221-162924 | XA 00000 0 964 001038998188
20231221-162924 | XA 00000 0 964 001038998188
20231221-162924 | XA 00000 0 964 001038998188
20231221-162924 | XA 00000 0 964 001038998188
20231221-162925 | XA 00000 0 964 001038998188
20231221-162925 | XA 00000 0 964 001038998188
20231221-162925 | XA 00000 0 964 001038998188
20231221-162925 | XA 00000 0 964 001038998188
20231221-162926 | XA 00000 0 964 001038998188
20231221-162926 | XA 00000 0 964 001038998188
20231221-162926 | XA 00000 0 964 001038998188
20231221-162926 | XA 00000 0 964 001038998188
20231221-162926 | XA 00000 0 964 001038998188
20231221-162927 | XA 00000 0 964 001038998188
20231221-162927 | XA 00000 0 964 001038998188
20231221-162927 | XA 00000 0 964 001038998188
20231221-162927 | XA 00000 0 964 001038998188
20231221-162928 | XA 00000 0 964 001038998188
20231221-162934 | XA 00000 0 964 001038998188
20231221-162934 | XA 00000 0 964 001038998188
20231221-162935 | XA 00000 0 964 001038998188
20231221-162935 | XA 00000 0 964 001038998188
20231221-162935 | XA 00000 0 964 001038998188
20231221-162935 | XA 00000 0 964 001038998188
20231221-162935 | XA 00000 0 964 001038998188
20231221-162936 | XA 00000 0 964 001038998188
20231221-162936 | XA 00000 0 964 001038998188
20231221-162936 | XA 00000 0 964 001038998188
20231221-162936 | XA 00000 0 964 001038998188
20231221-162937 | XA 00000 0 964 001038998188
20231221-162937 | XA 00000 0 964 001038998188
20231221-162937 | XA 00000 0 964 001038998188
20231221-162937 | XA 00000 0 964 001038998188
20231221-162937 | XA 00000 0 964 001038998188
20231221-162938 | XA 00000 0 964 001038998188
20231221-162938 | XA 00000 0 964 001038998188
20231221-162938 | XA 00000 0 964 001038998188
20231221-162938 | XA 00000 0 964 001038998188
20231221-162939 | XA 00000 0 964 001038998188
20231221-162939 | XA 00000 0 964 001038998188
20231221-162939 | XA 00000 0 964 001038998188
20231221-162939 | XA 00000 0 964 001038998188
20231221-162940 | XA 00000 0 964 001038998188
20231221-162940 | XA 00000 0 964 001038998188
20231221-162942 | XA 00000 0 964 001038998188
20231221-162942 | XA 00000 0 964 001038998188
20231221-162943 | XA 00000 0 964 001038998188
20231221-162943 | XA 00000 0 964 001038998188
20231221-162943 | XA 00000 0 964 001038998188
20231221-162943 | XA 00000 0 964 001038998188
20231221-162944 | XA 00000 0 964 001038998188
20231221-162944 | XA 00000 0 964 001038998188
20231221-162953 | XA 00000 0 964 001038998188
20231221-162953 | XA 00000 0 964 001038998188
20231221-162954 | XA 00000 0 964 001038998188
20231221-162954 | XA 00000 0 964 001038998188
20231221-162954 | XA 00000 0 964 001038998188
20231221-162954 | XA 00000 0 964 001038998188
20231221-162955 | XA 00000 0 964 001038998188
20231221-162955 | XA 00000 0 964 001038998188
20231221-162955 | XA 00000 0 964 001038998188
20231221-162955 | XA 00000 0 964 001038998188
20231221-162956 | XA 00000 0 964 001038998188
20231221-162956 | XA 00000 0 964 001038998188
20231221-162957 | XA 00000 0 964 001038998188
20231221-162958 | XA 00000 0 964 001038998188
20231221-162958 | XA 00000 0 964 001038998188
20231221-162959 | XA 00000 0 964 001038998188
20231221-162959 | XA 00000 0 964 001038998188
20231221-162959 | XA 00000 0 964 001038998188
20231221-163000 | XA 00000 0 964 001038998188
20231221-163000 | XA 00000 0 964 001038998188
20231221-163000 | XA 00000 0 964 001038998188
20231221-163000 | XA 00000 0 964 001038998188
20231221-163000 | XA 00000 0 964 001038998188
20231221-163001 | XA 00000 0 964 001038998188
20231221-163001 | XA 00000 0 964 001038998188
20231221-163001 | XA 00000 0 964 001038998188
20231221-163010 | XA 00000 0 964 001038998188
20231221-163010 | XA 00000 0 964 001038998188
20231221-163011 | XA 00000 0 964 001038998188
20231221-163012 | XA 00000 0 964 001038998188
20231221-163012 | XA 00000 0 964 001038998188
20231221-163012 | XA 00000 0 964 001038998188
20231221-163013 | XA 00000 0 964 001038998188
20231221-163013 | XA 00000 0 964 001038998188
20231221-163013 | XA 00000 0 964 001038998188
20231221-163013 | XA 00000 0 964 001038998188
20231221-163013 | XA 00000 0 964 001038998188
20231221-163048 | XA 00000 0 964 001038998188
20231221-163049 | XA 00000 0 964 001038998188
20231221-163051 | XA 00000 0 964 001038998188
20231221-163052 | XA 00000 0 964 001038998188
20231221-163052 | XA 00000 0 964 001038998188
20231221-163052 | XA 00000 0 964 001038998188
20231221-163053 | XA 00000 0 964 001038998188
20231221-163053 | XA 00000 0 964 001038998188
20231221-163053 | XA 00000 0 964 001038998188
20231221-163054 | XA 00000 0 964 001038998188
20231221-163055 | XA 00000 0 964 001038998188
20231221-163055 | XA 00000 0 964 001038998188
20231221-163056 | XA 00000 0 964 001038998188
20231221-163056 | XA 00000 0 964 001038998188
20231221-163056 | XA 00000 0 964 001038998188
20231221-163057 | XA 00000 0 964 001038998188
20231221-163057 | XA 00000 0 964 001038998188
20231221-163058 | XA 00000 0 964 001038998188
20231221-163058 | XA 00000 0 964 001038998188
20231221-163058 | XA 00000 0 964 001038998188
20231221-163058 | XA 00000 0 964 001038998188
20231221-163059 | XA 00000 0 964 001038998188
20231221-163059 | XA 00000 0 964 001038998188
20231221-163100 | XA 00000 0 964 001038998188
20231221-163141 | XA 00000 0 964 001038998188
20231221-163141 | XA 00000 0 964 001038998188
20231221-163141 | XA 00000 0 964 001038998188
20231221-163141 | XA 00000 0 964 001038998188
20231221-163142 | XA 00000 0 964 001038998188
20231221-163142 | XA 00000 0 964 001038998188
20231221-163142 | XA 00000 0 964 001038998188
20231221-163142 | XA 00000 0 964 001038998188
20231221-163142 | XA 00000 0 964 001038998188
20231221-163143 | XA 00000 0 964 001038998188
20231221-163143 | XA 00000 0 964 001038998188
20231221-163143 | XA 00000 0 964 001038998188
20231221-163143 | XA 00000 0 964 001038998188
20231221-163144 | XA 00000 0 964 001038998188
20231221-163144 | XA 00000 0 964 001038998188
20231221-163144 | XA 00000 0 964 001038998188
20231221-163144 | XA 00000 0 964 001038998188
20231221-163144 | XA 00000 0 964 001038998188
20231221-163145 | XA 00000 0 964 001038998188
20231221-163145 | XA 00000 0 964 001038998188
20231221-163145 | XA 00000 0 964 001038998188
20231221-163145 | XA 00000 0 964 001038998188
20231221-163145 | XA 00000 0 964 001038998188
20231221-163146 | XA 00000 0 964 001038998188
20231221-163146 | XA 00000 0 964 001038998188
20231221-163146 | XA 00000 0 964 001038998188
20231221-163146 | XA 00000 0 964 001038998188
20231221-163147 | XA 00000 0 964 001038998188
20231221-163147 | XA 00000 0 964 001038998188
20231221-163147 | XA 00000 0 964 001038998188
20231221-163147 | XA 00000 0 964 001038998188
20231221-163147 | XA 00000 0 964 001038998188
20231221-163148 | XA 00000 0 964 001038998188
20231221-163148 | XA 00000 0 964 001038998188
20231221-163150 | XA 00000 0 964 001038998188
20231221-163151 | XA 00000 0 964 001038998188
20231221-163152 | XA 00000 0 964 001038998188
20231221-163156 | XA 00000 0 964 001038998188
20231221-163156 | XA 00000 0 964 001038998188
20231221-163156 | XA 00000 0 964 001038998188
20231221-163156 | XA 00000 0 964 001038998188
20231221-163157 | XA 00000 0 964 001038998188
20231221-163157 | XA 00000 0 964 001038998188
20231221-163157 | XA 00000 0 964 001038998188
20231221-163157 | XA 00000 0 964 001038998188
20231221-163158 | XA 00000 0 964 001038998188
20231221-163158 | XA 00000 0 964 001038998188
20231221-163159 | XA 00000 0 964 001038998188
20231221-163159 | XA 00000 0 964 001038998188
20231221-163159 | XA 00000 0 964 001038998188
20231221-163159 | XA 00000 0 964 001038998188
20231221-163200 | XA 00000 0 964 001038998188
20231221-163200 | XA 00000 0 964 001038998188
20231221-163200 | XA 00000 0 964 001038998188
20231221-163201 | XA 00000 0 964 001038998188
20231221-163201 | XA 00000 0 964 001038998188
20231221-163201 | XA 00000 0 964 001038998188
20231221-163201 | XA 00000 0 964 001038998188
20231221-163201 | XA 00000 0 964 001038998188
20231221-163202 | XA 00000 0 964 001038998188
20231221-163202 | XA 00000 0 964 001038998188
20231221-163202 | XA 00000 0 964 001038998188
20231221-163202 | XA 00000 0 964 001038998188
20231221-163203 | XA 00000 0 964 001038998188
20231221-163203 | XA 00000 0 964 001038998188
20231221-163203 | XA 00000 0 964 001038998188
20231221-163203 | XA 00000 0 964 001038998188
20231221-163203 | XA 00000 0 964 001038998188
20231221-163204 | XA 00000 0 964 001038998188
20231221-163204 | XA 00000 0 964 001038998188
20231221-163204 | XA 00000 0 964 001038998188
20231221-163204 | XA 00000 0 964 001038998188
20231221-163204 | XA 00000 0 964 001038998188
20231221-163205 | XA 00000 0 964 001038998188
20231221-163205 | XA 00000 0 964 001038998188
20231221-163205 | XA 00000 0 964 001038998188
20231221-163205 | XA 00000 0 964 001038998188
20231221-163205 | XA 00000 0 964 001038998188
20231221-163206 | XA 00000 0 964 001038998188
20231221-163206 | XA 00000 0 964 001038998188
20231221-163206 | XA 00000 0 964 001038998188
20231221-163206 | XA 00000 0 964 001038998188
20231221-163207 | XA 00000 0 964 001038998188
20231221-163208 | XA 00000 0 964 001038998188
20231221-163210 | XA 00000 0 964 001038998188
20231221-163211 | XA 00000 0 964 001038998188
20231221-163211 | XA 00000 0 964 001038998188
20231221-163212 | XA 00000 0 964 001038998188
20231221-163213 | XA 00000 0 964 001038998188
20231221-163213 | XA 00000 0 964 001038998188
20231221-163213 | XA 00000 0 964 001038998188
20231221-163214 | XA 00000 0 964 001038998188
20231221-163214 | XA 00000 0 964 001038998188
20231221-163214 | XA 00000 0 964 001038998188
20231221-163214 | XA 00000 0 964 001038998188
20231221-163215 | XA 00000 0 964 001038998188
20231221-163215 | XA 00000 0 964 001038998188
20231221-163215 | XA 00000 0 964 001038998188
20231221-163215 | XA 00000 0 964 001038998188
20231221-163216 | XA 00000 0 964 001038998188
20231221-163216 | XA 00000 0 964 001038998188
20231221-163216 | XA 00000 0 964 001038998188
20231221-163216 | XA 00000 0 964 001038998188
20231221-163216 | XA 00000 0 964 001038998188
20231221-163217 | XA 00000 0 964 001038998188
20231221-163217 | XA 00000 0 964 001038998188
20231221-163217 | XA 00000 0 964 001038998188
20231221-163217 | XA 00000 0 964 001038998188
20231221-163218 | XA 00000 0 964 001038998188
20231221-163218 | XA 00000 0 964 001038998188
20231221-163218 | XA 00000 0 964 001038998188
20231221-163218 | XA 00000 0 964 001038998188
20231221-163218 | XA 00000 0 964 001038998188
20231221-163219 | XA 00000 0 964 001038998188
20231221-163219 | XA 00000 0 964 001038998188
20231221-163219 | XA 00000 0 964 001038998188
20231221-163219 | XA 00000 0 964 001038998188
20231221-163220 | XA 00000 0 964 001038998188
20231221-163220 | XA 00000 0 964 001038998188
20231221-163220 | XA 00000 0 964 001038998188
20231221-163220 | XA 00000 0 964 001038998188
20231221-163220 | XA 00000 0 964 001038998188
20231221-163221 | XA 00000 0 964 001038998188
20231221-163221 | XA 00000 0 964 001038998188
20231221-163238 | XA 00000 0 964 001038998188
20231221-163238 | XA 00000 0 964 001038998188
20231221-163238 | XA 00000 0 964 001038998188
20231221-163238 | XA 00000 0 964 001038998188
20231221-163239 | XA 00000 0 964 001038998188
20231221-163239 | XA 00000 0 964 001038998188
20231221-163239 | XA 00000 0 964 001038998188
20231221-163241 | XA 00000 0 964 001038998188
20231221-163242 | XA 00000 0 964 001038998188
20231221-163245 | XA 00000 0 964 001038998188
20231221-163245 | XA 00000 0 964 001038998188
20231221-163245 | XA 00000 0 964 001038998188
20231221-163245 | XA 00000 0 964 001038998188
20231221-163246 | XA 00000 0 964 001038998188
20231221-163246 | XA 00000 0 964 001038998188
20231221-163246 | XA 00000 0 964 001038998188
20231221-163247 | XA 00000 0 964 001038998188
20231221-163247 | XA 00000 0 964 001038998188
20231221-163248 | XA 00000 0 964 001038998188
20231221-163248 | XA 00000 0 964 001038998188
20231221-163248 | XA 00000 0 964 001038998188
20231221-163248 | XA 00000 0 964 001038998188
20231221-163248 | XA 00000 0 964 001038998188
20231221-163249 | XA 00000 0 964 001038998188
20231221-163249 | XA 00000 0 964 001038998188
20231221-163249 | XA 00000 0 964 001038998188
20231221-163250 | XA 00000 0 964 001038998188
20231221-163250 | XA 00000 0 964 001038998188
20231221-163250 | XA 00000 0 964 001038998188
20231221-163250 | XA 00000 0 964 001038998188
20231221-163251 | XA 00000 0 964 001038998188
20231221-163251 | XA 00000 0 964 001038998188
20231221-163251 | XA 00000 0 964 001038998188
20231221-163251 | XA 00000 0 964 001038998188
20231221-163251 | XA 00000 0 964 001038998188
20231221-163252 | XA 00000 0 964 001038998188
20231221-163252 | XA 00000 0 964 001038998188
20231221-163252 | XA 00000 0 964 001038998188
20231221-163252 | XA 00000 0 964 001038998188
20231221-163255 | XA 00000 0 964 001038998188
20231221-163255 | XA 00000 0 964 001038998188
20231221-163256 | XA 00000 0 964 001038998188
20231221-163256 | XA 00000 0 964 001038998188
20231221-163256 | XA 00000 0 964 001038998188
20231221-163256 | XA 00000 0 964 001038998188
20231221-163257 | XA 00000 0 964 001038998188
20231221-163257 | XA 00000 0 964 001038998188
20231221-163257 | XA 00000 0 964 001038998188
20231221-163257 | XA 00000 0 964 001038998188
20231221-163257 | XA 00000 0 964 001038998188
20231221-163258 | XA 00000 0 964 001038998188
20231221-163258 | XA 00000 0 964 001038998188
20231221-163258 | XA 00000 0 964 001038998188
20231221-163258 | XA 00000 0 964 001038998188
20231221-163258 | XA 00000 0 964 001038998188
20231221-163259 | XA 00000 0 964 001038998188
20231221-163259 | XA 00000 0 964 001038998188
20231221-163259 | XA 00000 0 964 001038998188
20231221-163259 | XA 00000 0 964 001038998188
20231221-163259 | XA 00000 0 964 001038998188
20231221-163300 | XA 00000 0 964 001038998188
20231221-163300 | XA 00000 0 964 001038998188
20231221-163300 | XA 00000 0 964 001038998188
20231221-163300 | XA 00000 0 964 001038998188
20231221-163301 | XA 00000 0 964 001038998188
20231221-163301 | XA 00000 0 964 001038998188
20231221-163301 | XA 00000 0 964 001038998188
20231221-163301 | XA 00000 0 964 001038998188
20231221-163301 | XA 00000 0 964 001038998188
20231221-163302 | XA 00000 0 964 001038998188
20231221-163302 | XA 00000 0 964 001038998188
20231221-163302 | XA 00000 0 964 001038998188
20231221-163302 | XA 00000 0 964 001038998188
20231221-163302 | XA 00000 0 964 001038998188
20231221-163303 | XA 00000 0 964 001038998188
20231221-163303 | XA 00000 0 964 001038998188
20231221-163303 | XA 00000 0 964 001038998188
20231221-163304 | XA 00000 0 964 001038998188
20231221-163304 | XA 00000 0 964 001038998188
20231221-163304 | XA 00000 0 964 001038998188
20231221-163304 | XA 00000 0 964 001038998188
20231221-163305 | XA 00000 0 964 001038998188
20231221-163305 | XA 00000 0 964 001038998188
20231221-163305 | XA 00000 0 964 001038998188
20231221-163305 | XA 00000 0 964 001038998188
20231221-163305 | XA 00000 0 964 001038998188
20231221-163306 | XA 00000 0 964 001038998188
20231221-163306 | XA 00000 0 964 001038998188
20231221-163306 | XA 00000 0 964 001038998188
20231221-163306 | XA 00000 0 964 001038998188
20231221-163306 | XA 00000 0 964 001038998188
20231221-163313 | XA 00000 0 964 001038998188
20231221-163314 | XA 00000 0 964 001038998188
20231221-163314 | XA 00000 0 964 001038998188
20231221-163314 | XA 00000 0 964 001038998188
20231221-163314 | XA 00000 0 964 001038998188
20231221-163315 | XA 00000 0 964 001038998188
20231221-163315 | XA 00000 0 964 001038998188
20231221-163316 | XA 00000 0 964 001038998188
20231221-163316 | XA 00000 0 964 001038998188
20231221-163316 | XA 00000 0 964 001038998188
20231221-163316 | XA 00000 0 964 001038998188
20231221-163317 | XA 00000 0 964 001038998188
20231221-163317 | XA 00000 0 964 001038998188
20231221-163317 | XA 00000 0 964 001038998188
20231221-163317 | XA 00000 0 964 001038998188
20231221-163317 | XA 00000 0 964 001038998188
20231221-163318 | XA 00000 0 964 001038998188
20231221-163318 | XA 00000 0 964 001038998188
20231221-163318 | XA 00000 0 964 001038998188
20231221-163318 | XA 00000 0 964 001038998188
20231221-163318 | XA 00000 0 964 001038998188
20231221-163319 | XA 00000 0 964 001038998188
20231221-163319 | XA 00000 0 964 001038998188
20231221-163319 | XA 00000 0 964 001038998188
20231221-163320 | XA 00000 0 964 001038998188
20231221-163320 | XA 00000 0 964 001038998188
20231221-163320 | XA 00000 0 964 001038998188
20231221-163322 | XA 00000 0 964 001038998188
20231221-163322 | XA 00000 0 964 001038998188
20231221-163323 | XA 00000 0 964 001038998188
20231221-163323 | XA 00000 0 964 001038998188
20231221-163324 | XA 00000 0 964 001038998188
20231221-163325 | XA 00000 0 964 001038998188
20231221-163325 | XA 00000 0 964 001038998188
20231221-163325 | XA 00000 0 964 001038998188
20231221-163325 | XA 00000 0 964 001038998188
20231221-163325 | XA 00000 0 964 001038998188
20231221-163326 | XA 00000 0 964 001038998188
20231221-163326 | XA 00000 0 964 001038998188
20231221-163326 | XA 00000 0 964 001038998188
20231221-163327 | XA 00000 0 964 001038998188
20231221-163327 | XA 00000 0 964 001038998188
20231221-163327 | XA 00000 0 964 001038998188
20231221-163327 | XA 00000 0 964 001038998188
20231221-163328 | XA 00000 0 964 001038998188
20231221-163328 | XA 00000 0 964 001038998188
20231221-163328 | XA 00000 0 964 001038998188
20231221-163329 | XA 00000 0 964 001038998188
20231221-163329 | XA 00000 0 964 001038998188
20231221-163329 | XA 00000 0 964 001038998188
20231221-163329 | XA 00000 0 964 001038998188
20231221-163329 | XA 00000 0 964 001038998188
20231221-163330 | XA 00000 0 964 001038998188
20231221-163330 | XA 00000 0 964 001038998188
20231221-163330 | XA 00000 0 964 001038998188
20231221-163330 | XA 00000 0 964 001038998188
20231221-163330 | XA 00000 0 964 001038998188
20231221-163331 | XA 00000 0 964 001038998188
20231221-163331 | XA 00000 0 964 001038998188
20231221-163331 | XA 00000 0 964 001038998188
20231221-163331 | XA 00000 0 964 001038998188
20231221-163331 | XA 00000 0 964 001038998188
20231221-163332 | XA 00000 0 964 001038998188
20231221-163332 | XA 00000 0 964 001038998188
20231221-163332 | XA 00000 0 964 001038998188
20231221-163332 | XA 00000 0 964 001038998188
20231221-163333 | XA 00000 0 964 001038998188
20231221-163333 | XA 00000 0 964 001038998188
20231221-163333 | XA 00000 0 964 001038998188
20231221-163333 | XA 00000 0 964 001038998188
20231221-163333 | XA 00000 0 964 001038998188
20231221-163334 | XA 00000 0 964 001038998188
20231221-163334 | XA 00000 0 964 001038998188
20231221-163334 | XA 00000 0 964 001038998188
20231221-163334 | XA 00000 0 964 001038998188
20231221-163334 | XA 00000 0 964 001038998188
20231221-163335 | XA 00000 0 964 001038998188
20231221-163335 | XA 00000 0 964 001038998188
20231221-163335 | XA 00000 0 964 001038998188
20231221-163336 | XA 00000 0 964 001038998188
20231221-163337 | XA 00000 0 964 001038998188
20231221-163338 | XA 00000 0 964 001038998188
20231221-163339 | XA 00000 0 964 001038998188
20231221-163339 | XA 00000 0 964 001038998188
20231221-163339 | XA 00000 0 964 001038998188
20231221-163339 | XA 00000 0 964 001038998188
20231221-163340 | XA 00000 0 964 001038998188
20231221-163340 | XA 00000 0 964 001038998188
20231221-163340 | XA 00000 0 964 001038998188
20231221-163340 | XA 00000 0 964 001038998188
20231221-163341 | XA 00000 0 964 001038998188
20231221-163342 | XA 00000 0 964 001038998188
20231221-163342 | XA 00000 0 964 001038998188
20231221-163343 | XA 00000 0 964 001038998188
20231221-163343 | XA 00000 0 964 001038998188
20231221-163343 | XA 00000 0 964 001038998188
20231221-163343 | XA 00000 0 964 001038998188
20231221-163343 | XA 00000 0 964 001038998188
20231221-163344 | XA 00000 0 964 001038998188
20231221-163344 | XA 00000 0 964 001038998188
20231221-163344 | XA 00000 0 964 001038998188
20231221-163344 | XA 00000 0 964 001038998188
20231221-163344 | XA 00000 0 964 001038998188
20231221-163345 | XA 00000 0 964 001038998188
20231221-163345 | XA 00000 0 964 001038998188
20231221-163345 | XA 00000 0 964 001038998188
20231221-163345 | XA 00000 0 964 001038998188
20231221-163346 | XA 00000 0 964 001038998188
20231221-163347 | XA 00000 0 964 001038998188
20231221-163348 | XA 00000 0 964 001038998188
20231221-163349 | XA 00000 0 964 001038998188
20231221-163349 | XA 00000 0 964 001038998188
20231221-163349 | XA 00000 0 964 001038998188
20231221-163350 | XA 00000 0 964 001038998188
20231221-163350 | XA 00000 0 964 001038998188
20231221-163350 | XA 00000 0 964 001038998188
20231221-163351 | XA 00000 0 964 001038998188
20231221-163351 | XA 00000 0 964 001038998188
20231221-163351 | XA 00000 0 964 001038998188
20231221-163351 | XA 00000 0 964 001038998188
20231221-163352 | XA 00000 0 964 001038998188
20231221-163352 | XA 00000 0 964 001038998188
20231221-163353 | XA 00000 0 964 001038998188
20231221-163353 | XA 00000 0 964 001038998188
20231221-163353 | XA 00000 0 964 001038998188
20231221-163354 | XA 00000 0 964 001038998188
20231221-163354 | XA 00000 0 964 001038998188
20231221-163354 | XA 00000 0 964 001038998188
20231221-163355 | XA 00000 0 964 001038998188
20231221-163355 | XA 00000 0 964 001038998188
20231221-163355 | XA 00000 0 964 001038998188
20231221-163355 | XA 00000 0 964 001038998188
20231221-163356 | XA 00000 0 964 001038998188
20231221-163407 | XA 00000 0 964 001038998188
20231221-163407 | XA 00000 0 964 001038998188
20231221-163407 | XA 00000 0 964 001038998188
20231221-163407 | XA 00000 0 964 001038998188
20231221-163409 | XA 00000 0 964 001038998188
20231221-163412 | XA 00000 0 964 001038998188
20231221-163412 | XA 00000 0 964 001038998188
20231221-163413 | XA 00000 0 964 001038998188
20231221-163413 | XA 00000 0 964 001038998188
20231221-163413 | XA 00000 0 964 001038998188
20231221-163414 | XA 00000 0 964 001038998188
20231221-163414 | XA 00000 0 964 001038998188
20231221-163415 | XA 00000 0 964 001038998188
20231221-163415 | XA 00000 0 964 001038998188
20231221-163416 | XA 00000 0 964 001038998188
20231221-163416 | XA 00000 0 964 001038998188
20231221-163416 | XA 00000 0 964 001038998188
20231221-163416 | XA 00000 0 964 001038998188
20231221-163417 | XA 00000 0 964 001038998188
20231221-163417 | XA 00000 0 964 001038998188
20231221-163417 | XA 00000 0 964 001038998188
20231221-163418 | XA 00000 0 964 001038998188
20231221-163418 | XA 00000 0 964 001038998188
20231221-163418 | XA 00000 0 964 001038998188
20231221-163418 | XA 00000 0 964 001038998188
20231221-163419 | XA 00000 0 964 001038998188
20231221-163419 | XA 00000 0 964 001038998188
20231221-163419 | XA 00000 0 964 001038998188
20231221-163419 | XA 00000 0 964 001038998188
20231221-163420 | XA 00000 0 964 001038998188
20231221-163420 | XA 00000 0 964 001038998188
20231221-163420 | XA 00000 0 964 001038998188
20231221-163421 | XA 00000 0 964 001038998188
20231221-163421 | XA 00000 0 964 001038998188
20231221-163421 | XA 00000 0 964 001038998188
20231221-163421 | XA 00000 0 964 001038998188
20231221-163422 | XA 00000 0 964 001038998188
20231221-163422 | XA 00000 0 964 001038998188
20231221-163422 | XA 00000 0 964 001038998188
20231221-163423 | XA 00000 0 964 001038998188
20231221-163423 | XA 00000 0 964 001038998188
20231221-163423 | XA 00000 0 964 001038998188
20231221-163423 | XA 00000 0 964 001038998188
20231221-163424 | XA 00000 0 964 001038998188
20231221-163424 | XA 00000 0 964 001038998188
20231221-163424 | XA 00000 0 964 001038998188
20231221-163424 | XA 00000 0 964 001038998188
20231221-163425 | XA 00000 0 964 001038998188
20231221-163425 | XA 00000 0 964 001038998188
20231221-163425 | XA 00000 0 964 001038998188
20231221-163426 | XA 00000 0 964 001038998188
20231221-163426 | XA 00000 0 964 001038998188
20231221-163426 | XA 00000 0 964 001038998188
20231221-163426 | XA 00000 0 964 001038998188
20231221-163427 | XA 00000 0 964 001038998188
20231221-163427 | XA 00000 0 964 001038998188
20231221-163427 | XA 00000 0 964 001038998188
20231221-163428 | XA 00000 0 964 001038998188
20231221-163428 | XA 00000 0 964 001038998188
20231221-163428 | XA 00000 0 964 001038998188
20231221-163430 | XA 00000 0 964 001038998188
20231221-163431 | XA 00000 0 964 001038998188
20231221-163431 | XA 00000 0 964 001038998188
20231221-163431 | XA 00000 0 964 001038998188
20231221-163431 | XA 00000 0 964 001038998188
20231221-163431 | XA 00000 0 964 001038998188
20231221-163432 | XA 00000 0 964 001038998188
20231221-163432 | XA 00000 0 964 001038998188
20231221-163432 | XA 00000 0 964 001038998188
20231221-163432 | XA 00000 0 964 001038998188
20231221-163433 | XA 00000 0 964 001038998188
20231221-163433 | XA 00000 0 964 001038998188
20231221-163433 | XA 00000 0 964 001038998188
20231221-163433 | XA 00000 0 964 001038998188
20231221-163433 | XA 00000 0 964 001038998188
20231221-163434 | XA 00000 0 964 001038998188
20231221-163434 | XA 00000 0 964 001038998188
20231221-163434 | XA 00000 0 964 001038998188
20231221-163434 | XA 00000 0 964 001038998188
20231221-163434 | XA 00000 0 964 001038998188
20231221-163435 | XA 00000 0 964 001038998188
20231221-163438 | XA 00000 0 964 001038998188
20231221-163438 | XA 00000 0 964 001038998188
20231221-163438 | XA 00000 0 964 001038998188
20231221-163438 | XA 00000 0 964 001038998188
20231221-163438 | XA 00000 0 964 001038998188
20231221-163439 | XA 00000 0 964 001038998188
20231221-163439 | XA 00000 0 964 001038998188
20231221-163439 | XA 00000 0 964 001038998188
20231221-163440 | XA 00000 0 964 001038998188
20231221-163440 | XA 00000 0 964 001038998188
20231221-163440 | XA 00000 0 964 001038998188
20231221-163440 | XA 00000 0 964 001038998188
20231221-163441 | XA 00000 0 964 001038998188
20231221-163441 | XA 00000 0 964 001038998188
20231221-163441 | XA 00000 0 964 001038998188
20231221-163441 | XA 00000 0 964 001038998188
20231221-163441 | XA 00000 0 964 001038998188
20231221-163442 | XA 00000 0 964 001038998188
20231221-163442 | XA 00000 0 964 001038998188
20231221-163443 | XA 00000 0 964 001038998188
20231221-163443 | XA 00000 0 964 001038998188
20231221-163444 | XA 00000 0 964 001038998188
20231221-163444 | XA 00000 0 964 001038998188
20231221-163444 | XA 00000 0 964 001038998188
20231221-163445 | XA 00000 0 964 001038998188
20231221-163445 | XA 00000 0 964 001038998188
20231221-163445 | XA 00000 0 964 001038998188
20231221-163445 | XA 00000 0 964 001038998188
20231221-163445 | XA 00000 0 964 001038998188
20231221-163446 | XA 00000 0 964 001038998188
20231221-163446 | XA 00000 0 964 001038998188
20231221-163446 | XA 00000 0 964 001038998188
20231221-163446 | XA 00000 0 964 001038998188
20231221-163447 | XA 00000 0 964 001038998188
20231221-163447 | XA 00000 0 964 001038998188
20231221-163447 | XA 00000 0 964 001038998188
20231221-163448 | XA 00000 0 964 001038998188
20231221-163452 | XA 00000 0 964 001038998188
20231221-163452 | XA 00000 0 964 001038998188
20231221-163453 | XA 00000 0 964 001038998188
20231221-163453 | XA 00000 0 964 001038998188
20231221-163453 | XA 00000 0 964 001038998188
20231221-163453 | XA 00000 0 964 001038998188
20231221-163453 | XA 00000 0 964 001038998188
20231221-163454 | XA 00000 0 964 001038998188
20231221-163455 | XA 00000 0 964 001038998188
20231221-163456 | XA 00000 0 964 001038998188
20231221-163456 | XA 00000 0 964 001038998188
20231221-163456 | XA 00000 0 964 001038998188
20231221-163457 | XA 00000 0 964 001038998188
20231221-163458 | XA 00000 0 964 001038998188
20231221-163458 | XA 00000 0 964 001038998188
20231221-163458 | XA 00000 0 964 001038998188
20231221-163458 | XA 00000 0 964 001038998188
20231221-163459 | XA 00000 0 964 001038998188
20231221-163459 | XA 00000 0 964 001038998188
20231221-163459 | XA 00000 0 964 001038998188
20231221-163459 | XA 00000 0 964 001038998188
20231221-163459 | XA 00000 0 964 001038998188
20231221-163500 | XA 00000 0 964 001038998188
20231221-163500 | XA 00000 0 964 001038998188
20231221-163500 | XA 00000 0 964 001038998188
20231221-163501 | XA 00000 0 964 001038998188
20231221-163501 | XA 00000 0 964 001038998188
20231221-163501 | XA 00000 0 964 001038998188
20231221-163502 | XA 00000 0 964 001038998188
20231221-163502 | XA 00000 0 964 001038998188
20231221-163502 | XA 00000 0 964 001038998188
20231221-163502 | XA 00000 0 964 001038998188
20231221-163502 | XA 00000 0 964 001038998188
20231221-163503 | XA 00000 0 964 001038998188
20231221-163503 | XA 00000 0 964 001038998188
20231221-163503 | XA 00000 0 964 001038998188
20231221-163503 | XA 00000 0 964 001038998188
20231221-163504 | XA 00000 0 964 001038998188
20231221-163504 | XA 00000 0 964 001038998188
20231221-163504 | XA 00000 0 964 001038998188
20231221-163505 | XA 00000 0 964 001038998188
20231221-163505 | XA 00000 0 964 001038998188
20231221-163506 | XA 00000 0 964 001038998188
20231221-163506 | XA 00000 0 964 001038998188
20231221-163506 | XA 00000 0 964 001038998188
20231221-163506 | XA 00000 0 964 001038998188
20231221-163507 | XA 00000 0 964 001038998188
20231221-163507 | XA 00000 0 964 001038998188
20231221-163507 | XA 00000 0 964 001038998188
20231221-163507 | XA 00000 0 964 001038998188
20231221-163509 | XA 00000 0 964 001038998188
20231221-163509 | XA 00000 0 964 001038998188
20231221-163510 | XA 00000 0 964 001038998188
20231221-163510 | XA 00000 0 964 001038998188
20231221-163511 | XA 00000 0 964 001038998188
20231221-163511 | XA 00000 0 964 001038998188
20231221-163511 | XA 00000 0 964 001038998188
20231221-163513 | XA 00000 0 964 001038998188
20231221-163514 | XA 00000 0 964 001038998188
20231221-163514 | XA 00000 0 964 001038998188
20231221-163514 | XA 00000 0 964 001038998188
20231221-163514 | XA 00000 0 964 001038998188
20231221-163516 | XA 00000 0 964 001038998188
20231221-163516 | XA 00000 0 964 001038998188
20231221-163517 | XA 00000 0 964 001038998188
20231221-163517 | XA 00000 0 964 001038998188
20231221-163517 | XA 00000 0 964 001038998188
20231221-163517 | XA 00000 0 964 001038998188
20231221-163518 | XA 00000 0 964 001038998188
20231221-163518 | XA 00000 0 964 001038998188
20231221-163518 | XA 00000 0 964 001038998188
20231221-163518 | XA 00000 0 964 001038998188
20231221-163519 | XA 00000 0 964 001038998188
20231221-163519 | XA 00000 0 964 001038998188
20231221-163519 | XA 00000 0 964 001038998188
20231221-163519 | XA 00000 0 964 001038998188
20231221-163519 | XA 00000 0 964 001038998188
20231221-163520 | XA 00000 0 964 001038998188
20231221-163520 | XA 00000 0 964 001038998188
20231221-163520 | XA 00000 0 964 001038998188
20231221-163522 | XA 00000 0 964 001038998188
20231221-163522 | XA 00000 0 964 001038998188
20231221-163522 | XA 00000 0 964 001038998188
20231221-163522 | XA 00000 0 964 001038998188
20231221-163523 | XA 00000 0 964 001038998188
20231221-163523 | XA 00000 0 964 001038998188
20231221-163523 | XA 00000 0 964 001038998188
20231221-163523 | XA 00000 0 964 001038998188
20231221-163525 | XA 00000 0 964 001038998188
20231221-163525 | XA 00000 0 964 001038998188
20231221-163525 | XA 00000 0 964 001038998188
20231221-163525 | XA 00000 0 964 001038998188
20231221-163525 | XA 00000 0 964 001038998188
20231221-163526 | XA 00000 0 964 001038998188
20231221-163541 | XA 00000 0 964 001038998188
20231221-163541 | XA 00000 0 964 001038998188
20231221-163541 | XA 00000 0 964 001038998188
20231221-163541 | XA 00000 0 964 001038998188
20231221-163542 | XA 00000 0 964 001038998188
20231221-163542 | XA 00000 0 964 001038998188
20231221-163542 | XA 00000 0 964 001038998188
20231221-163543 | XA 00000 0 964 001038998188
20231221-163543 | XA 00000 0 964 001038998188
20231221-163543 | XA 00000 0 964 001038998188
20231221-163543 | XA 00000 0 964 001038998188
20231221-163544 | XA 00000 0 964 001038998188
20231221-163544 | XA 00000 0 964 001038998188
20231221-163545 | XA 00000 0 964 001038998188
20231221-163545 | XA 00000 0 964 001038998188
20231221-163549 | XA 00000 0 964 001038998188
20231221-163550 | XA 00000 0 964 001038998188
20231221-163550 | XA 00000 0 964 001038998188
20231221-163550 | XA 00000 0 964 001038998188
20231221-163551 | XA 00000 0 964 001038998188
20231221-163551 | XA 00000 0 964 001038998188
20231221-163551 | XA 00000 0 964 001038998188
20231221-163551 | XA 00000 0 964 001038998188
20231221-163551 | XA 00000 0 964 001038998188
20231221-163553 | XA 00000 0 964 001038998188
20231221-163553 | XA 00000 0 964 001038998188
20231221-163553 | XA 00000 0 964 001038998188
20231221-163553 | XA 00000 0 964 001038998188
20231221-163554 | XA 00000 0 964 001038998188
20231221-163554 | XA 00000 0 964 001038998188
20231221-163554 | XA 00000 0 964 001038998188
20231221-163554 | XA 00000 0 964 001038998188
20231221-163557 | XA 00000 0 964 001038998188
20231221-163557 | XA 00000 0 964 001038998188
20231221-163557 | XA 00000 0 964 001038998188
20231221-163557 | XA 00000 0 964 001038998188
20231221-163558 | XA 00000 0 964 001038998188
20231221-163558 | XA 00000 0 964 001038998188
20231221-163558 | XA 00000 0 964 001038998188
20231221-163559 | XA 00000 0 964 001038998188
20231221-163559 | XA 00000 0 964 001038998188
20231221-163559 | XA 00000 0 964 001038998188
20231221-163600 | XA 00000 0 964 001038998188
20231221-163600 | XA 00000 0 964 001038998188
20231221-163601 | XA 00000 0 964 001038998188
20231221-163601 | XA 00000 0 964 001038998188
20231221-163601 | XA 00000 0 964 001038998188
20231221-163601 | XA 00000 0 964 001038998188
20231221-163602 | XA 00000 0 964 001038998188
20231221-163602 | XA 00000 0 964 001038998188
20231221-163602 | XA 00000 0 964 001038998188
20231221-163602 | XA 00000 0 964 001038998188
20231221-163604 | XA 00000 0 964 001038998188
20231221-163605 | XA 00000 0 964 001038998188
20231221-163605 | XA 00000 0 964 001038998188
20231221-163606 | XA 00000 0 964 001038998188
20231221-163606 | XA 00000 0 964 001038998188
20231221-163606 | XA 00000 0 964 001038998188
20231221-163607 | XA 00000 0 964 001038998188
20231221-163607 | XA 00000 0 964 001038998188
20231221-163608 | XA 00000 0 964 001038998188
20231221-163608 | XA 00000 0 964 001038998188
20231221-163608 | XA 00000 0 964 001038998188
20231221-163608 | XA 00000 0 964 001038998188
20231221-163608 | XA 00000 0 964 001038998188
20231221-163609 | XA 00000 0 964 001038998188
20231221-163609 | XA 00000 0 964 001038998188
20231221-163610 | XA 00000 0 964 001038998188
20231221-163610 | XA 00000 0 964 001038998188
20231221-163610 | XA 00000 0 964 001038998188
20231221-163610 | XA 00000 0 964 001038998188
20231221-163611 | XA 00000 0 964 001038998188
20231221-163611 | XA 00000 0 964 001038998188
20231221-163611 | XA 00000 0 964 001038998188
20231221-163611 | XA 00000 0 964 001038998188
20231221-163611 | XA 00000 0 964 001038998188
20231221-163612 | XA 00000 0 964 001038998188
20231221-163612 | XA 00000 0 964 001038998188
20231221-163612 | XA 00000 0 964 001038998188
20231221-163612 | XA 00000 0 964 001038998188
20231221-163613 | XA 00000 0 964 001038998188
20231221-163613 | XA 00000 0 964 001038998188
20231221-163613 | XA 00000 0 964 001038998188
20231221-163613 | XA 00000 0 964 001038998188
20231221-163614 | XA 00000 0 964 001038998188
20231221-163614 | XA 00000 0 964 001038998188
20231221-163614 | XA 00000 0 964 001038998188
20231221-163614 | XA 00000 0 964 001038998188
20231221-163615 | XA 00000 0 964 001038998188
20231221-163615 | XA 00000 0 964 001038998188
20231221-163615 | XA 00000 0 964 001038998188
20231221-163615 | XA 00000 0 964 001038998188
20231221-163615 | XA 00000 0 964 001038998188
20231221-163616 | XA 00000 0 964 001038998188
20231221-163616 | XA 00000 0 964 001038998188
20231221-163616 | XA 00000 0 964 001038998188
20231221-163617 | XA 00000 0 964 001038998188
20231221-163617 | XA 00000 0 964 001038998188
20231221-163617 | XA 00000 0 964 001038998188
20231221-163617 | XA 00000 0 964 001038998188
20231221-163617 | XA 00000 0 964 001038998188
20231221-163618 | XA 00000 0 964 001038998188
20231221-163618 | XA 00000 0 964 001038998188
20231221-163618 | XA 00000 0 964 001038998188
20231221-163619 | XA 00000 0 964 001038998188
20231221-163619 | XA 00000 0 964 001038998188
20231221-163619 | XA 00000 0 964 001038998188
20231221-163619 | XA 00000 0 964 001038998188
20231221-163620 | XA 00000 0 964 001038998188
20231221-163620 | XA 00000 0 964 001038998188
20231221-163620 | XA 00000 0 964 001038998188
20231221-163620 | XA 00000 0 964 001038998188
20231221-163621 | XA 00000 0 964 001038998188
20231221-163621 | XA 00000 0 964 001038998188
20231221-163621 | XA 00000 0 964 001038998188
20231221-163621 | XA 00000 0 964 001038998188
20231221-163622 | XA 00000 0 964 001038998188
20231221-163622 | XA 00000 0 964 001038998188
20231221-163622 | XA 00000 0 964 001038998188
20231221-163622 | XA 00000 0 964 001038998188
20231221-163624 | XA 00000 0 964 001038998188
20231221-163624 | XA 00000 0 964 001038998188
20231221-163624 | XA 00000 0 964 001038998188
20231221-163625 | XA 00000 0 964 001038998188
20231221-163625 | XA 00000 0 964 001038998188
20231221-163625 | XA 00000 0 964 001038998188
20231221-163625 | XA 00000 0 964 001038998188
20231221-163626 | XA 00000 0 964 001038998188
20231221-163626 | XA 00000 0 964 001038998188
20231221-163626 | XA 00000 0 964 001038998188
20231221-163627 | XA 00000 0 964 001038998188
20231221-163627 | XA 00000 0 964 001038998188
20231221-163627 | XA 00000 0 964 001038998188
20231221-163627 | XA 00000 0 964 001038998188
20231221-163632 | XA 00000 0 964 001038998188
20231221-163632 | XA 00000 0 964 001038998188
20231221-163633 | XA 00000 0 964 001038998188
20231221-163634 | XA 00000 0 964 001038998188
20231221-163634 | XA 00000 0 964 001038998188
20231221-163634 | XA 00000 0 964 001038998188
20231221-163634 | XA 00000 0 964 001038998188
20231221-163635 | XA 00000 0 964 001038998188
20231221-163637 | XA 00000 0 964 001038998188
20231221-163637 | XA 00000 0 964 001038998188
20231221-163638 | XA 00000 0 964 001038998188
20231221-163638 | XA 00000 0 964 001038998188
20231221-163638 | XA 00000 0 964 001038998188
20231221-163638 | XA 00000 0 964 001038998188
20231221-163640 | XA 00000 0 964 001038998188
20231221-163640 | XA 00000 0 964 001038998188
20231221-163640 | XA 00000 0 964 001038998188
20231221-163641 | XA 00000 0 964 001038998188
20231221-163641 | XA 00000 0 964 001038998188
20231221-163641 | XA 00000 0 964 001038998188
20231221-163641 | XA 00000 0 964 001038998188
20231221-163644 | XA 00000 0 964 001038998188
20231221-163645 | XA 00000 0 964 001038998188
20231221-163645 | XA 00000 0 964 001038998188
20231221-163646 | XA 00000 0 964 001038998188
20231221-163646 | XA 00000 0 964 001038998188
20231221-163646 | XA 00000 0 964 001038998188
20231221-163646 | XA 00000 0 964 001038998188
20231221-163648 | XA 00000 0 964 001038998188
20231221-163650 | XA 00000 0 964 001038998188
20231221-163650 | XA 00000 0 964 001038998188
20231221-163652 | XA 00000 0 964 001038998188
20231221-163653 | XA 00000 0 964 001038998188
20231221-163654 | XA 00000 0 964 001038998188
20231221-163654 | XA 00000 0 964 001038998188
20231221-163654 | XA 00000 0 964 001038998188
20231221-163656 | XA 00000 0 964 001038998188
20231221-163656 | XA 00000 0 964 001038998188
20231221-163656 | XA 00000 0 964 001038998188
20231221-163656 | XA 00000 0 964 001038998188
20231221-163657 | XA 00000 0 964 001038998188
20231221-163701 | XA 00000 0 964 001038998188
20231221-163701 | XA 00000 0 964 001038998188
20231221-163701 | XA 00000 0 964 001038998188
20231221-163716 | XA 00000 0 964 001038998188
20231221-163717 | XA 00000 0 964 001038998188
20231221-163718 | XA 00000 0 964 001038998188
20231221-163718 | XA 00000 0 964 001038998188
20231221-163720 | XA 00000 0 964 001038998188
20231221-163720 | XA 00000 0 964 001038998188
20231221-163720 | XA 00000 0 964 001038998188
20231221-163724 | XA 00000 0 964 001038998188
20231221-163724 | XA 00000 0 964 001038998188
20231221-163725 | XA 00000 0 964 001038998188
20231221-163725 | XA 00000 0 964 001038998188
20231221-163725 | XA 00000 0 964 001038998188
20231221-163727 | XA 00000 0 964 001038998188
20231221-163727 | XA 00000 0 964 001038998188
20231221-163727 | XA 00000 0 964 001038998188
20231221-163727 | XA 00000 0 964 001038998188
20231221-163728 | XA 00000 0 964 001038998188
20231221-163728 | XA 00000 0 964 001038998188
20231221-163729 | XA 00000 0 964 001038998188
20231221-163729 | XA 00000 0 964 001038998188
20231221-163730 | XA 00000 0 964 001038998188
20231221-163730 | XA 00000 0 964 001038998188
20231221-163731 | XA 00000 0 964 001038998188
20231221-163731 | XA 00000 0 964 001038998188
20231221-163732 | XA 00000 0 964 001038998188
20231221-163732 | XA 00000 0 964 001038998188
20231221-163732 | XA 00000 0 964 001038998188
20231221-163732 | XA 00000 0 964 001038998188
20231221-163733 | XA 00000 0 964 001038998188
20231221-163733 | XA 00000 0 964 001038998188
20231221-163733 | XA 00000 0 964 001038998188
20231221-163734 | XA 00000 0 964 001038998188
20231221-163734 | XA 00000 0 964 001038998188
20231221-163735 | XA 00000 0 964 001038998188
20231221-163736 | XA 00000 0 964 001038998188
20231221-163739 | XA 00000 0 964 001038998188
20231221-163739 | XA 00000 0 964 001038998188
20231221-163740 | XA 00000 0 964 001038998188
20231221-163740 | XA 00000 0 964 001038998188
20231221-163741 | XA 00000 0 964 001038998188
20231221-163741 | XA 00000 0 964 001038998188
20231221-163759 | XA 00000 0 964 001038998188
20231221-163759 | XA 00000 0 964 001038998188
20231221-163800 | XA 00000 0 964 001038998188
20231221-163800 | XA 00000 0 964 001038998188
20231221-163800 | XA 00000 0 964 001038998188
20231221-163800 | XA 00000 0 964 001038998188
20231221-163801 | XA 00000 0 964 001038998188
20231221-163801 | XA 00000 0 964 001038998188
20231221-163801 | XA 00000 0 964 001038998188
20231221-163801 | XA 00000 0 964 001038998188
20231221-163802 | XA 00000 0 964 001038998188
20231221-163802 | XA 00000 0 964 001038998188
20231221-163802 | XA 00000 0 964 001038998188
20231221-163803 | XA 00000 0 964 001038998188
20231221-163803 | XA 00000 0 964 001038998188
20231221-163803 | XA 00000 0 964 001038998188
20231221-163803 | XA 00000 0 964 001038998188
20231221-163804 | XA 00000 0 964 001038998188
20231221-163804 | XA 00000 0 964 001038998188
20231221-163804 | XA 00000 0 964 001038998188
20231221-163805 | XA 00000 0 964 001038998188
20231221-163805 | XA 00000 0 964 001038998188
20231221-163805 | XA 00000 0 964 001038998188
20231221-163805 | XA 00000 0 964 001038998188
20231221-163806 | XA 00000 0 964 001038998188
20231221-163806 | XA 00000 0 964 001038998188
20231221-163806 | XA 00000 0 964 001038998188
20231221-163806 | XA 00000 0 964 001038998188
20231221-163807 | XA 00000 0 964 001038998188
20231221-163807 | XA 00000 0 964 001038998188
20231221-163807 | XA 00000 0 964 001038998188
20231221-163807 | XA 00000 0 964 001038998188
20231221-163808 | XA 00000 0 964 001038998188
20231221-163808 | XA 00000 0 964 001038998188
20231221-163808 | XA 00000 0 964 001038998188
20231221-163809 | XA 00000 0 964 001038998188
20231221-163809 | XA 00000 0 964 001038998188
20231221-163809 | XA 00000 0 964 001038998188
20231221-163809 | XA 00000 0 964 001038998188
20231221-163810 | XA 00000 0 964 001038998188
20231221-163810 | XA 00000 0 964 001038998188
20231221-163810 | XA 00000 0 964 001038998188
20231221-163811 | XA 00000 0 964 001038998188
20231221-163811 | XA 00000 0 964 001038998188
20231221-163811 | XA 00000 0 964 001038998188
20231221-163811 | XA 00000 0 964 001038998188
20231221-163812 | XA 00000 0 964 001038998188
20231221-163812 | XA 00000 0 964 001038998188
20231221-163812 | XA 00000 0 964 001038998188
20231221-163812 | XA 00000 0 964 001038998188
20231221-163813 | XA 00000 0 964 001038998188
20231221-163813 | XA 00000 0 964 001038998188
20231221-163813 | XA 00000 0 964 001038998188
20231221-163813 | XA 00000 0 964 001038998188
20231221-163814 | XA 00000 0 964 001038998188
20231221-163814 | XA 00000 0 964 001038998188
20231221-163814 | XA 00000 0 964 001038998188
20231221-163815 | XA 00000 0 964 001038998188
20231221-163815 | XA 00000 0 964 001038998188
20231221-163815 | XA 00000 0 964 001038998188
20231221-163815 | XA 00000 0 964 001038998188
20231221-163816 | XA 00000 0 964 001038998188
20231221-163816 | XA 00000 0 964 001038998188
20231221-163816 | XA 00000 0 964 001038998188
20231221-163816 | XA 00000 0 964 001038998188
20231221-163817 | XA 00000 0 964 001038998188
20231221-163817 | XA 00000 0 964 001038998188
20231221-163817 | XA 00000 0 964 001038998188
20231221-163818 | XA 00000 0 964 001038998188
20231221-163818 | XA 00000 0 964 001038998188
20231221-163818 | XA 00000 0 964 001038998188
20231221-163818 | XA 00000 0 964 001038998188
20231221-163819 | XA 00000 0 964 001038998188
20231221-163819 | XA 00000 0 964 001038998188
20231221-163819 | XA 00000 0 964 001038998188
20231221-163819 | XA 00000 0 964 001038998188
20231221-163820 | XA 00000 0 964 001038998188
20231221-163820 | XA 00000 0 964 001038998188
20231221-163820 | XA 00000 0 964 001038998188
20231221-163821 | XA 00000 0 964 001038998188
20231221-163821 | XA 00000 0 964 001038998188
20231221-163821 | XA 00000 0 964 001038998188
20231221-163821 | XA 00000 0 964 001038998188
20231221-163822 | XA 00000 0 964 001038998188
20231221-163822 | XA 00000 0 964 001038998188
20231221-163822 | XA 00000 0 964 001038998188
20231221-163822 | XA 00000 0 964 001038998188
20231221-163823 | XA 00000 0 964 001038998188
20231221-163823 | XA 00000 0 964 001038998188
20231221-163823 | XA 00000 0 964 001038998188
20231221-163824 | XA 00000 0 964 001038998188
20231221-163824 | XA 00000 0 964 001038998188
20231221-163824 | XA 00000 0 964 001038998188
20231221-163824 | XA 00000 0 964 001038998188
20231221-163825 | XA 00000 0 964 001038998188
20231221-163825 | XA 00000 0 964 001038998188
20231221-163825 | XA 00000 0 964 001038998188
20231221-163825 | XA 00000 0 964 001038998188
20231221-163825 | XA 00000 0 964 001038998188
20231221-163826 | XA 00000 0 964 001038998188
20231221-163826 | XA 00000 0 964 001038998188
20231221-163826 | XA 00000 0 964 001038998188
20231221-163826 | XA 00000 0 964 001038998188
20231221-163827 | XA 00000 0 964 001038998188
20231221-163827 | XA 00000 0 964 001038998188
20231221-163827 | XA 00000 0 964 001038998188
20231221-163827 | XA 00000 0 964 001038998188
20231221-163827 | XA 00000 0 964 001038998188
20231221-163828 | XA 00000 0 964 001038998188
20231221-163828 | XA 00000 0 964 001038998188
20231221-163828 | XA 00000 0 964 001038998188
20231221-163828 | XA 00000 0 964 001038998188
20231221-163829 | XA 00000 0 964 001038998188
20231221-163829 | XA 00000 0 964 001038998188
20231221-163829 | XA 00000 0 964 001038998188
20231221-163829 | XA 00000 0 964 001038998188
20231221-163830 | XA 00000 0 964 001038998188
20231221-163830 | XA 00000 0 964 001038998188
20231221-163830 | XA 00000 0 964 001038998188
20231221-163830 | XA 00000 0 964 001038998188
20231221-163831 | XA 00000 0 964 001038998188
20231221-163831 | XA 00000 0 964 001038998188
20231221-163831 | XA 00000 0 964 001038998188
20231221-163831 | XA 00000 0 964 001038998188
20231221-163832 | XA 00000 0 964 001038998188
20231221-163832 | XA 00000 0 964 001038998188
20231221-163832 | XA 00000 0 964 001038998188
20231221-163833 | XA 00000 0 964 001038998188
20231221-163833 | XA 00000 0 964 001038998188
20231221-163833 | XA 00000 0 964 001038998188
20231221-163833 | XA 00000 0 964 001038998188
20231221-171807 | XA 00000 0 982 126050603002
20231221-171807 | XA 00000 0 982 126050603002
20231221-171807 | XA 00000 0 982 126050603002
20231221-171810 | XA 00000 0 982 126050603002
20231221-171811 | XA 00000 0 964 001038998188
20231221-171811 | XA 00000 0 964 001038998188
20231221-171812 | XA 00000 0 964 001038998188
20231221-171812 | XA 00000 0 964 001038998188
20231221-171812 | XA 00000 0 964 001038998188
20231221-171812 | XA 00000 0 964 001038998188
20231221-171812 | XA 00000 0 964 001038998188
20231221-171813 | XA 00000 0 964 001038998188
20231221-171815 | XA 00000 0 982 126050603002
20231221-171815 | XA 00000 0 982 126050603002
20231221-171815 | XA 00000 0 982 126050603002
20231221-171816 | XA 00000 0 982 126050603002
20231221-171816 | XA 00000 0 982 126050603002
20231221-171816 | XA 00000 0 982 126050603002
20231221-171817 | XA 00000 0 982 126050603002
20231221-171817 | XA 00000 0 982 126050603002
20231221-171817 | XA 00000 0 982 126050603002
20231221-171818 | XA 00000 0 982 126050603002
20231221-171818 | XA 00000 0 982 126050603002
20231221-171819 | XA 00000 0 982 126050603002
20231221-171819 | XA 00000 0 982 126050603002
20231221-171819 | XA 00000 0 982 126050603002
20231221-171820 | XA 00000 0 982 126050603002
20231221-171820 | XA 00000 0 982 126050603002
20231221-171820 | XA 00000 0 982 126050603002
20231221-171820 | XA 00000 0 982 126050603002
20231221-171821 | XA 00000 0 982 126050603002
20231221-171821 | XA 00000 0 982 126050603002
20231221-171821 | XA 00000 0 982 126050603002
20231221-171821 | XA 00000 0 982 126050603002
20231221-171822 | XA 00000 0 982 126050603002
20231221-171823 | XA 00000 0 982 126050603002
20231221-171823 | XA 00000 0 982 126050603002
20231221-171823 | XA 00000 0 982 126050603002
20231221-171824 | XA 00000 0 982 126050603002
20231221-171824 | XA 00000 0 982 126050603002
20231221-171825 | XA 00000 0 982 126050603002
20231221-171825 | XA 00000 0 982 126050603002
20231221-171825 | XA 00000 0 982 126050603002
20231221-171826 | XA 00000 0 982 126050603002
20231221-171826 | XA 00000 0 982 126050603002
20231221-171826 | XA 00000 0 982 126050603002
20231221-171827 | XA 00000 0 982 126050603002
20231221-171827 | XA 00000 0 982 126050603002
20231221-171828 | XA 00000 0 982 126050603002
20231221-171828 | XA 00000 0 982 126050603002
20231221-171828 | XA 00000 0 982 126050603002
20231221-171829 | XA 00000 0 982 126050603002
20231221-171829 | XA 00000 0 982 126050603002
20231221-171829 | XA 00000 0 982 126050603002
20231221-171830 | XA 00000 0 982 126050603002
20231221-171830 | XA 00000 0 982 126050603002
20231221-171831 | XA 00000 0 982 126050603002
20231221-171840 | XA 00000 0 982 126050603002
20231221-171840 | XA 00000 0 982 126050603002
20231221-171841 | XA 00000 0 982 126050603002
20231221-171842 | XA 00000 0 982 126050603002
20231221-171842 | XA 00000 0 982 126050603002
20231221-171842 | XA 00000 0 982 126050603002
20231221-171843 | XA 00000 0 982 126050603002
20231221-171845 | XA 00000 0 982 126050603002
20231221-171845 | XA 00000 0 982 126050603002
20231221-171846 | XA 00000 0 982 126050603002
20231221-171846 | XA 00000 0 982 126050603002
20231221-171847 | XA 00000 0 982 126050603002
20231221-171847 | XA 00000 0 982 126050603002
20231221-171848 | XA 00000 0 982 126050603002
20231221-171856 | XA 00000 0 982 126050603002
20231221-171856 | XA 00000 0 982 126050603002
20231221-171856 | XA 00000 0 982 126050603002
20231221-171856 | XA 00000 0 982 126050603002
20231221-171857 | XA 00000 0 982 126050603002
20231221-171857 | XA 00000 0 982 126050603002
20231221-171857 | XA 00000 0 982 126050603002
20231221-171857 | XA 00000 0 982 126050603002
20231221-171857 | XA 00000 0 982 126050603002
20231221-171858 | XA 00000 0 982 126050603002
20231221-171858 | XA 00000 0 982 126050603002
20231221-171858 | XA 00000 0 982 126050603002
20231221-171858 | XA 00000 0 982 126050603002
20231221-171859 | XA 00000 0 982 126050603002
20231221-171859 | XA 00000 0 982 126050603002
20231221-171859 | XA 00000 0 982 126050603002
20231221-171859 | XA 00000 0 982 126050603002
20231221-171900 | XA 00000 0 982 126050603002
20231221-171901 | XA 00000 0 982 126050603002
20231221-171912 | XA 00000 0 964 001038998188
20231221-171913 | XA 00000 0 964 001038998188
20231221-171916 | XA 00000 0 964 001038998188
20231221-171925 | XA 00000 0 964 001038998188
20231221-171928 | XA 00000 0 964 001038998188
20231221-171928 | XA 00000 0 964 001038998188
20231221-171928 | XA 00000 0 964 001038998188
20231221-171928 | XA 00000 0 964 001038998188
20231221-171929 | XA 00000 0 964 001038998188
20231221-171929 | XA 00000 0 964 001038998188
20231221-171929 | XA 00000 0 964 001038998188
20231221-171929 | XA 00000 0 964 001038998188
20231221-171930 | XA 00000 0 964 001038998188
20231221-171930 | XA 00000 0 964 001038998188
20231221-171933 | XA 00000 0 964 001038998188
20231221-171933 | XA 00000 0 964 001038998188
20231221-171933 | XA 00000 0 964 001038998188
20231221-171949 | XA 00000 0 964 001038998188
20231221-172007 | XA 00000 0 964 001038998188
20231221-172008 | XA 00000 0 964 001038998188
20231221-172008 | XA 00000 0 964 001038998188
20231221-172008 | XA 00000 0 964 001038998188
20231221-172008 | XA 00000 0 964 001038998188
20231221-172009 | XA 00000 0 964 001038998188
20231221-172009 | XA 00000 0 964 001038998188
20231221-172009 | XA 00000 0 964 001038998188
20231221-172009 | XA 00000 0 964 001038998188
20231221-172009 | XA 00000 0 964 001038998188
20231221-172010 | XA 00000 0 964 001038998188
20231221-172010 | XA 00000 0 964 001038998188
20231221-172010 | XA 00000 0 964 001038998188
20231221-172010 | XA 00000 0 964 001038998188
20231221-172013 | XA 00000 0 982 126050603002
20231221-172014 | XA 00000 0 982 126050603002
20231221-172014 | XA 00000 0 982 126050603002
20231221-172014 | XA 00000 0 982 126050603002
20231221-172015 | XA 00000 0 982 126050603002
20231221-172015 | XA 00000 0 982 126050603002
20231221-172015 | XA 00000 0 982 126050603002
20231221-172015 | XA 00000 0 982 126050603002
20231221-172022 | XA 00000 0 982 126050603002
20231221-172023 | XA 00000 0 982 126050603002
20231221-172023 | XA 00000 0 982 126050603002
20231221-172023 | XA 00000 0 982 126050603002
20231221-172026 | XA 00000 0 982 126050603002
20231221-172026 | XA 00000 0 982 126050603002
20231221-172028 | XA 00000 0 982 126050603002
20231221-172028 | XA 00000 0 982 126050603002
20231221-172029 | XA 00000 0 982 126050603002
20231221-172029 | XA 00000 0 982 126050603002
20231221-172029 | XA 00000 0 982 126050603002
20231221-172029 | XA 00000 0 982 126050603002
20231221-172030 | XA 00000 0 982 126050603002
20231221-172030 | XA 00000 0 982 126050603002
20231221-172030 | XA 00000 0 982 126050603002
20231221-172030 | XA 00000 0 982 126050603002
20231221-172030 | XA 00000 0 982 126050603002
20231221-172031 | XA 00000 0 982 126050603002
20231221-172031 | XA 00000 0 982 126050603002
20231221-172031 | XA 00000 0 982 126050603002
20231221-172031 | XA 00000 0 982 126050603002
20231221-172032 | XA 00000 0 982 126050603002
20231221-172032 | XA 00000 0 982 126050603002
20231221-172032 | XA 00000 0 982 126050603002
20231221-172032 | XA 00000 0 982 126050603002
20231221-172033 | XA 00000 0 982 126050603002
20231221-172033 | XA 00000 0 982 126050603002
20231221-172033 | XA 00000 0 982 126050603002
20231221-172033 | XA 00000 0 982 126050603002
20231221-172033 | XA 00000 0 982 126050603002
20231221-172034 | XA 00000 0 982 126050603002
20231221-172034 | XA 00000 0 982 126050603002
20231221-172034 | XA 00000 0 982 126050603002
20231221-172034 | XA 00000 0 982 126050603002
20231221-172035 | XA 00000 0 982 126050603002
20231221-172035 | XA 00000 0 982 126050603002
20231221-172035 | XA 00000 0 982 126050603002
20231221-172035 | XA 00000 0 982 126050603002
20231221-172036 | XA 00000 0 982 126050603002
20231221-172036 | XA 00000 0 982 126050603002
20231221-172036 | XA 00000 0 982 126050603002
20231221-172036 | XA 00000 0 982 126050603002
20231221-172036 | XA 00000 0 982 126050603002
20231221-172037 | XA 00000 0 982 126050603002
20231221-172056 | XA 00000 0 964 001038998188
20231221-172056 | XA 00000 0 964 001038998188
20231221-172057 | XA 00000 0 964 001038998188
20231221-172057 | XA 00000 0 964 001038998188
20231221-172057 | XA 00000 0 964 001038998188
20231221-172057 | XA 00000 0 964 001038998188
20231221-172057 | XA 00000 0 964 001038998188
20231221-172058 | XA 00000 0 964 001038998188
20231221-172058 | XA 00000 0 964 001038998188
20231221-172120 | XA 00000 0 964 001038998188
20231221-172120 | XA 00000 0 964 001038998188
20231221-172124 | XA 00000 0 964 001038998188
20231221-172124 | XA 00000 0 964 001038998188
20231221-172125 | XA 00000 0 964 001038998188
20231221-172127 | XA 00000 0 964 001038998188
20231221-172127 | XA 00000 0 964 001038998188
20231221-172127 | XA 00000 0 964 001038998188
20231221-172129 | XA 00000 0 964 001038998188
20231221-172129 | XA 00000 0 964 001038998188
20231221-172129 | XA 00000 0 964 001038998188
20231221-172130 | XA 00000 0 964 001038998188
20231221-172130 | XA 00000 0 964 001038998188
20231221-172130 | XA 00000 0 964 001038998188
20231221-172130 | XA 00000 0 964 001038998188
20231221-172130 | XA 00000 0 964 001038998188
20231221-172131 | XA 00000 0 964 001038998188
20231221-172131 | XA 00000 0 964 001038998188
20231221-172131 | XA 00000 0 964 001038998188
20231221-172131 | XA 00000 0 964 001038998188
20231221-172132 | XA 00000 0 964 001038998188
20231221-172132 | XA 00000 0 964 001038998188
20231221-172132 | XA 00000 0 964 001038998188
20231221-172133 | XA 00000 0 964 001038998188
20231221-172133 | XA 00000 0 964 001038998188
20231221-172133 | XA 00000 0 964 001038998188
20231221-172133 | XA 00000 0 964 001038998188
20231221-172134 | XA 00000 0 964 001038998188
20231221-172134 | XA 00000 0 964 001038998188
20231221-172134 | XA 00000 0 964 001038998188
20231221-172134 | XA 00000 0 964 001038998188
20231221-172134 | XA 00000 0 964 001038998188
20231221-172135 | XA 00000 0 964 001038998188
20231221-172135 | XA 00000 0 964 001038998188
20231221-172136 | XA 00000 0 964 001038998188
20231221-172136 | XA 00000 0 964 001038998188
20231221-172136 | XA 00000 0 964 001038998188
20231221-172136 | XA 00000 0 964 001038998188
20231221-172136 | XA 00000 0 964 001038998188
20231221-172137 | XA 00000 0 964 001038998188
20231221-172137 | XA 00000 0 964 001038998188
20231221-172137 | XA 00000 0 964 001038998188
20231221-172137 | XA 00000 0 964 001038998188
20231221-172138 | XA 00000 0 964 001038998188
20231221-172138 | XA 00000 0 964 001038998188
20231221-172138 | XA 00000 0 964 001038998188
20231221-172138 | XA 00000 0 964 001038998188
20231221-172139 | XA 00000 0 964 001038998188
20231221-172139 | XA 00000 0 964 001038998188
20231221-172139 | XA 00000 0 964 001038998188
20231221-172139 | XA 00000 0 964 001038998188
20231221-172139 | XA 00000 0 964 001038998188
20231221-172140 | XA 00000 0 964 001038998188
20231221-172140 | XA 00000 0 964 001038998188
20231221-172140 | XA 00000 0 964 001038998188
20231221-172140 | XA 00000 0 964 001038998188
20231221-172141 | XA 00000 0 964 001038998188
20231221-172141 | XA 00000 0 964 001038998188
20231221-172141 | XA 00000 0 964 001038998188
20231221-172141 | XA 00000 0 964 001038998188
20231221-172142 | XA 00000 0 964 001038998188
20231221-172142 | XA 00000 0 964 001038998188
20231221-172142 | XA 00000 0 964 001038998188
20231221-172142 | XA 00000 0 964 001038998188
20231221-172142 | XA 00000 0 964 001038998188
20231221-172143 | XA 00000 0 964 001038998188
20231221-172143 | XA 00000 0 964 001038998188
20231221-172143 | XA 00000 0 964 001038998188
20231221-172143 | XA 00000 0 964 001038998188
20231221-172144 | XA 00000 0 964 001038998188
20231221-172144 | XA 00000 0 964 001038998188
20231221-172144 | XA 00000 0 964 001038998188
20231221-172144 | XA 00000 0 964 001038998188
20231221-172145 | XA 00000 0 964 001038998188
20231221-172145 | XA 00000 0 964 001038998188
20231221-172145 | XA 00000 0 964 001038998188
20231221-172146 | XA 00000 0 964 001038998188
20231221-172146 | XA 00000 0 964 001038998188
20231221-172146 | XA 00000 0 964 001038998188
20231221-172146 | XA 00000 0 964 001038998188
20231221-172147 | XA 00000 0 964 001038998188
20231221-172147 | XA 00000 0 964 001038998188
20231221-172147 | XA 00000 0 964 001038998188
20231221-172147 | XA 00000 0 964 001038998188
20231221-172147 | XA 00000 0 964 001038998188
20231221-172148 | XA 00000 0 964 001038998188
20231221-172148 | XA 00000 0 964 001038998188
20231221-172148 | XA 00000 0 964 001038998188
20231221-172148 | XA 00000 0 964 001038998188
20231221-172149 | XA 00000 0 964 001038998188
20231221-172149 | XA 00000 0 964 001038998188
20231221-172149 | XA 00000 0 964 001038998188
20231221-172149 | XA 00000 0 964 001038998188
20231221-172149 | XA 00000 0 964 001038998188
20231221-172150 | XA 00000 0 964 001038998188
20231221-172150 | XA 00000 0 964 001038998188
20231221-172150 | XA 00000 0 964 001038998188
20231221-172150 | XA 00000 0 964 001038998188
20231221-172151 | XA 00000 0 964 001038998188
20231221-172151 | XA 00000 0 964 001038998188
20231221-172151 | XA 00000 0 964 001038998188
20231221-172151 | XA 00000 0 964 001038998188
20231221-172152 | XA 00000 0 964 001038998188
20231221-172152 | XA 00000 0 964 001038998188
20231221-172152 | XA 00000 0 964 001038998188
20231221-172153 | XA 00000 0 964 001038998188
20231221-172153 | XA 00000 0 964 001038998188
20231221-172153 | XA 00000 0 964 001038998188
20231221-172153 | XA 00000 0 964 001038998188
20231221-172154 | XA 00000 0 964 001038998188
20231221-172154 | XA 00000 0 964 001038998188
20231221-172154 | XA 00000 0 964 001038998188
20231221-172154 | XA 00000 0 964 001038998188
20231221-172154 | XA 00000 0 964 001038998188
20231221-172155 | XA 00000 0 964 001038998188
20231221-172155 | XA 00000 0 964 001038998188
20231221-172155 | XA 00000 0 964 001038998188
20231221-172156 | XA 00000 0 964 001038998188
20231221-172156 | XA 00000 0 964 001038998188
20231221-172157 | XA 00000 0 964 001038998188
20231221-172157 | XA 00000 0 964 001038998188
20231221-172157 | XA 00000 0 964 001038998188
20231221-172157 | XA 00000 0 964 001038998188
20231221-172158 | XA 00000 0 964 001038998188
20231221-172158 | XA 00000 0 964 001038998188
20231221-172158 | XA 00000 0 964 001038998188
20231221-172159 | XA 00000 0 964 001038998188
20231221-172159 | XA 00000 0 964 001038998188
20231221-172159 | XA 00000 0 964 001038998188
20231221-172159 | XA 00000 0 964 001038998188
20231221-172200 | XA 00000 0 964 001038998188
20231221-172200 | XA 00000 0 964 001038998188
20231221-172200 | XA 00000 0 964 001038998188
20231221-172200 | XA 00000 0 964 001038998188
20231221-172201 | XA 00000 0 964 001038998188
20231221-172201 | XA 00000 0 964 001038998188
20231221-172201 | XA 00000 0 964 001038998188
20231221-172202 | XA 00000 0 964 001038998188
20231221-172202 | XA 00000 0 964 001038998188
20231221-172202 | XA 00000 0 964 001038998188
20231221-172202 | XA 00000 0 964 001038998188
20231221-172202 | XA 00000 0 964 001038998188
20231221-172203 | XA 00000 0 964 001038998188
20231221-172203 | XA 00000 0 964 001038998188
20231221-172204 | XA 00000 0 964 001038998188
20231221-172204 | XA 00000 0 964 001038998188
20231221-172204 | XA 00000 0 964 001038998188
20231221-172204 | XA 00000 0 964 001038998188
20231221-172204 | XA 00000 0 964 001038998188
20231221-172205 | XA 00000 0 964 001038998188
20231221-172205 | XA 00000 0 964 001038998188
20231221-172205 | XA 00000 0 964 001038998188
20231221-172205 | XA 00000 0 964 001038998188
20231221-172206 | XA 00000 0 964 001038998188
20231221-172206 | XA 00000 0 964 001038998188
20231221-172206 | XA 00000 0 964 001038998188
20231221-172206 | XA 00000 0 964 001038998188
20231221-172207 | XA 00000 0 964 001038998188
20231221-172207 | XA 00000 0 964 001038998188
20231221-172207 | XA 00000 0 964 001038998188
20231221-172208 | XA 00000 0 964 001038998188
20231221-172208 | XA 00000 0 964 001038998188
20231221-172208 | XA 00000 0 964 001038998188
20231221-172208 | XA 00000 0 964 001038998188
20231221-172209 | XA 00000 0 964 001038998188
20231221-172209 | XA 00000 0 964 001038998188
20231221-172209 | XA 00000 0 964 001038998188
20231221-172209 | XA 00000 0 964 001038998188
20231221-172209 | XA 00000 0 964 001038998188
20231221-172210 | XA 00000 0 964 001038998188
20231221-172210 | XA 00000 0 964 001038998188
20231221-172211 | XA 00000 0 964 001038998188
20231221-172212 | XA 00000 0 964 001038998188
20231221-172212 | XA 00000 0 964 001038998188
20231221-172212 | XA 00000 0 964 001038998188
20231221-172213 | XA 00000 0 964 001038998188
20231221-172213 | XA 00000 0 964 001038998188
20231221-172213 | XA 00000 0 964 001038998188
20231221-172213 | XA 00000 0 964 001038998188
20231221-172214 | XA 00000 0 964 001038998188
20231221-172214 | XA 00000 0 964 001038998188
20231221-172214 | XA 00000 0 964 001038998188
20231221-172215 | XA 00000 0 964 001038998188
20231221-172215 | XA 00000 0 964 001038998188
20231221-172215 | XA 00000 0 964 001038998188
20231221-172215 | XA 00000 0 964 001038998188
20231221-172216 | XA 00000 0 964 001038998188
20231221-172216 | XA 00000 0 964 001038998188
20231221-172216 | XA 00000 0 964 001038998188
20231221-172216 | XA 00000 0 964 001038998188
20231221-172216 | XA 00000 0 964 001038998188
20231221-172217 | XA 00000 0 964 001038998188
20231221-172217 | XA 00000 0 964 001038998188
20231221-172218 | XA 00000 0 964 001038998188
20231221-172218 | XA 00000 0 964 001038998188
20231221-172218 | XA 00000 0 964 001038998188
20231221-172218 | XA 00000 0 964 001038998188
20231221-172218 | XA 00000 0 964 001038998188
20231221-172219 | XA 00000 0 964 001038998188
20231221-172219 | XA 00000 0 964 001038998188
20231221-172219 | XA 00000 0 964 001038998188
20231221-172219 | XA 00000 0 964 001038998188
20231221-172220 | XA 00000 0 964 001038998188
20231221-172220 | XA 00000 0 964 001038998188
20231221-172220 | XA 00000 0 964 001038998188
20231221-172220 | XA 00000 0 964 001038998188
20231221-172221 | XA 00000 0 964 001038998188
20231221-172221 | XA 00000 0 964 001038998188
20231221-172221 | XA 00000 0 964 001038998188
20231221-172221 | XA 00000 0 964 001038998188
20231221-172221 | XA 00000 0 964 001038998188
20231221-172222 | XA 00000 0 964 001038998188
20231221-172223 | XA 00000 0 964 001038998188
20231221-172223 | XA 00000 0 964 001038998188
20231221-172223 | XA 00000 0 964 001038998188
20231221-172223 | XA 00000 0 964 001038998188
20231221-172224 | XA 00000 0 964 001038998188
20231221-172224 | XA 00000 0 964 001038998188
20231221-172224 | XA 00000 0 964 001038998188
20231221-172225 | XA 00000 0 964 001038998188
20231221-172225 | XA 00000 0 964 001038998188
20231221-172225 | XA 00000 0 964 001038998188
20231221-172225 | XA 00000 0 964 001038998188
20231221-172226 | XA 00000 0 964 001038998188
20231221-172226 | XA 00000 0 964 001038998188
20231221-172226 | XA 00000 0 964 001038998188
20231221-172226 | XA 00000 0 964 001038998188
20231221-172227 | XA 00000 0 964 001038998188
20231221-172227 | XA 00000 0 964 001038998188
20231221-172227 | XA 00000 0 964 001038998188
20231221-172227 | XA 00000 0 964 001038998188
20231221-172227 | XA 00000 0 964 001038998188
20231221-172228 | XA 00000 0 964 001038998188
20231221-172228 | XA 00000 0 964 001038998188
20231221-172228 | XA 00000 0 964 001038998188
20231221-172228 | XA 00000 0 964 001038998188
20231221-172229 | XA 00000 0 964 001038998188
20231221-172229 | XA 00000 0 964 001038998188
20231221-172229 | XA 00000 0 964 001038998188
20231221-172229 | XA 00000 0 964 001038998188
20231221-172230 | XA 00000 0 964 001038998188
20231221-172230 | XA 00000 0 964 001038998188
20231221-172230 | XA 00000 0 964 001038998188
20231221-172230 | XA 00000 0 964 001038998188
20231221-172230 | XA 00000 0 964 001038998188
20231221-172231 | XA 00000 0 964 001038998188
20231221-172231 | XA 00000 0 964 001038998188
20231221-172231 | XA 00000 0 964 001038998188
20231221-172231 | XA 00000 0 964 001038998188
20231221-172232 | XA 00000 0 964 001038998188
20231221-172232 | XA 00000 0 964 001038998188
20231221-172232 | XA 00000 0 964 001038998188
20231221-172232 | XA 00000 0 964 001038998188
20231221-172232 | XA 00000 0 964 001038998188
20231221-172233 | XA 00000 0 964 001038998188
20231221-172233 | XA 00000 0 964 001038998188
20231221-172233 | XA 00000 0 964 001038998188
20231221-172233 | XA 00000 0 964 001038998188
20231221-172234 | XA 00000 0 964 001038998188
20231221-172234 | XA 00000 0 964 001038998188
20231221-172234 | XA 00000 0 964 001038998188
20231221-172234 | XA 00000 0 964 001038998188
20231221-172235 | XA 00000 0 964 001038998188
20231221-172235 | XA 00000 0 964 001038998188
20231221-172235 | XA 00000 0 964 001038998188
20231221-172235 | XA 00000 0 964 001038998188
20231221-172235 | XA 00000 0 964 001038998188
20231221-172236 | XA 00000 0 964 001038998188
20231221-172236 | XA 00000 0 964 001038998188
20231221-172237 | XA 00000 0 964 001038998188
20231221-172237 | XA 00000 0 964 001038998188
20231221-172237 | XA 00000 0 964 001038998188
20231221-172237 | XA 00000 0 964 001038998188
20231221-172237 | XA 00000 0 964 001038998188
20231221-172238 | XA 00000 0 964 001038998188
20231221-172238 | XA 00000 0 964 001038998188
20231221-172238 | XA 00000 0 964 001038998188
20231221-172238 | XA 00000 0 964 001038998188
20231221-172239 | XA 00000 0 964 001038998188
20231221-172239 | XA 00000 0 964 001038998188
20231221-172239 | XA 00000 0 964 001038998188
20231221-172239 | XA 00000 0 964 001038998188
20231221-172240 | XA 00000 0 964 001038998188
20231221-172240 | XA 00000 0 964 001038998188
20231221-172240 | XA 00000 0 964 001038998188
20231221-172240 | XA 00000 0 964 001038998188
20231221-172240 | XA 00000 0 964 001038998188
20231221-172241 | XA 00000 0 964 001038998188
20231221-172241 | XA 00000 0 964 001038998188
20231221-172241 | XA 00000 0 964 001038998188
20231221-172241 | XA 00000 0 964 001038998188
20231221-172242 | XA 00000 0 964 001038998188
20231221-172242 | XA 00000 0 964 001038998188
20231221-172242 | XA 00000 0 964 001038998188
20231221-172242 | XA 00000 0 964 001038998188
20231221-172243 | XA 00000 0 964 001038998188
20231221-172243 | XA 00000 0 964 001038998188
20231221-172243 | XA 00000 0 964 001038998188
20231221-172243 | XA 00000 0 964 001038998188
20231221-172243 | XA 00000 0 964 001038998188
20231221-172244 | XA 00000 0 964 001038998188
20231221-172244 | XA 00000 0 964 001038998188
20231221-172244 | XA 00000 0 964 001038998188
20231221-172244 | XA 00000 0 964 001038998188
20231221-172245 | XA 00000 0 964 001038998188
20231221-172245 | XA 00000 0 964 001038998188
20231221-172245 | XA 00000 0 964 001038998188
20231221-172245 | XA 00000 0 964 001038998188
20231221-172245 | XA 00000 0 964 001038998188
20231221-172246 | XA 00000 0 964 001038998188
20231221-172246 | XA 00000 0 964 001038998188
20231221-172246 | XA 00000 0 964 001038998188
20231221-172246 | XA 00000 0 964 001038998188
20231221-172247 | XA 00000 0 964 001038998188
20231221-172247 | XA 00000 0 964 001038998188
20231221-172247 | XA 00000 0 964 001038998188
20231221-172247 | XA 00000 0 964 001038998188
20231221-172248 | XA 00000 0 964 001038998188
20231221-172248 | XA 00000 0 964 001038998188
20231221-172248 | XA 00000 0 964 001038998188
20231221-172248 | XA 00000 0 964 001038998188
20231221-172248 | XA 00000 0 964 001038998188
20231221-172249 | XA 00000 0 964 001038998188
20231221-172249 | XA 00000 0 964 001038998188
20231221-172249 | XA 00000 0 964 001038998188
20231221-172249 | XA 00000 0 964 001038998188
20231221-172250 | XA 00000 0 964 001038998188
20231221-172250 | XA 00000 0 964 001038998188
20231221-172250 | XA 00000 0 964 001038998188
20231221-172250 | XA 00000 0 964 001038998188
20231221-172251 | XA 00000 0 964 001038998188
20231221-172251 | XA 00000 0 964 001038998188
20231221-172251 | XA 00000 0 964 001038998188
20231221-172251 | XA 00000 0 964 001038998188
20231221-172251 | XA 00000 0 964 001038998188
20231221-172252 | XA 00000 0 964 001038998188
20231221-172252 | XA 00000 0 964 001038998188
20231221-172252 | XA 00000 0 964 001038998188
20231221-172252 | XA 00000 0 964 001038998188
20231221-172253 | XA 00000 0 964 001038998188
20231221-172253 | XA 00000 0 964 001038998188
20231221-172253 | XA 00000 0 964 001038998188
20231221-172253 | XA 00000 0 964 001038998188
20231221-172253 | XA 00000 0 964 001038998188
20231221-172254 | XA 00000 0 964 001038998188
20231221-172254 | XA 00000 0 964 001038998188
20231221-172254 | XA 00000 0 964 001038998188
20231221-172254 | XA 00000 0 964 001038998188
20231221-172255 | XA 00000 0 964 001038998188
20231221-172255 | XA 00000 0 964 001038998188
20231221-172255 | XA 00000 0 964 001038998188
20231221-172255 | XA 00000 0 964 001038998188
20231221-172256 | XA 00000 0 964 001038998188
20231221-172256 | XA 00000 0 964 001038998188
20231221-172256 | XA 00000 0 964 001038998188
20231221-172256 | XA 00000 0 964 001038998188
20231221-172256 | XA 00000 0 964 001038998188
20231221-172257 | XA 00000 0 964 001038998188
20231221-172257 | XA 00000 0 964 001038998188
20231221-172257 | XA 00000 0 964 001038998188
20231221-172257 | XA 00000 0 964 001038998188
20231221-172258 | XA 00000 0 964 001038998188
20231221-172258 | XA 00000 0 964 001038998188
20231221-172258 | XA 00000 0 964 001038998188
20231221-172258 | XA 00000 0 964 001038998188
20231221-172259 | XA 00000 0 964 001038998188
20231221-172259 | XA 00000 0 964 001038998188
20231221-172259 | XA 00000 0 964 001038998188
20231221-172259 | XA 00000 0 964 001038998188
20231221-172259 | XA 00000 0 964 001038998188
20231221-172300 | XA 00000 0 964 001038998188
20231221-172300 | XA 00000 0 964 001038998188
20231221-172300 | XA 00000 0 964 001038998188
20231221-172300 | XA 00000 0 964 001038998188
20231221-172301 | XA 00000 0 964 001038998188
20231221-172301 | XA 00000 0 964 001038998188
20231221-172301 | XA 00000 0 964 001038998188
20231221-172301 | XA 00000 0 964 001038998188
20231221-172302 | XA 00000 0 964 001038998188
20231221-172302 | XA 00000 0 964 001038998188
20231221-172302 | XA 00000 0 964 001038998188
20231221-172302 | XA 00000 0 964 001038998188
20231221-172302 | XA 00000 0 964 001038998188
20231221-172303 | XA 00000 0 964 001038998188
20231221-172303 | XA 00000 0 964 001038998188
20231221-172303 | XA 00000 0 964 001038998188
20231221-172303 | XA 00000 0 964 001038998188
20231221-172304 | XA 00000 0 964 001038998188
20231221-172304 | XA 00000 0 964 001038998188
20231221-172304 | XA 00000 0 964 001038998188
20231221-172304 | XA 00000 0 964 001038998188
20231221-172304 | XA 00000 0 964 001038998188
20231221-172305 | XA 00000 0 964 001038998188
20231221-172305 | XA 00000 0 964 001038998188
20231221-172305 | XA 00000 0 964 001038998188
20231221-172305 | XA 00000 0 964 001038998188
20231221-172306 | XA 00000 0 964 001038998188
20231221-172306 | XA 00000 0 964 001038998188
20231221-172306 | XA 00000 0 964 001038998188
20231221-172306 | XA 00000 0 964 001038998188
20231221-172307 | XA 00000 0 964 001038998188
20231221-172307 | XA 00000 0 964 001038998188
20231221-172307 | XA 00000 0 964 001038998188
20231221-172307 | XA 00000 0 964 001038998188
20231221-172308 | XA 00000 0 964 001038998188
20231221-172308 | XA 00000 0 964 001038998188
20231221-172309 | XA 00000 0 964 001038998188
20231221-172309 | XA 00000 0 964 001038998188
20231221-172309 | XA 00000 0 964 001038998188
20231221-172309 | XA 00000 0 964 001038998188
20231221-172310 | XA 00000 0 964 001038998188
20231221-172310 | XA 00000 0 964 001038998188
20231221-172310 | XA 00000 0 964 001038998188
20231221-172310 | XA 00000 0 964 001038998188
20231221-172311 | XA 00000 0 964 001038998188
20231221-172311 | XA 00000 0 964 001038998188
20231221-172311 | XA 00000 0 964 001038998188
20231221-172311 | XA 00000 0 964 001038998188
20231221-172311 | XA 00000 0 964 001038998188
20231221-172329 | XA 00000 0 964 001038998188
20231221-172329 | XA 00000 0 964 001038998188
20231221-172329 | XA 00000 0 964 001038998188
20231221-172330 | XA 00000 0 964 001038998188
20231221-172332 | XA 00000 0 964 001038998188
20231221-172332 | XA 00000 0 964 001038998188
20231221-172333 | XA 00000 0 964 001038998188
20231221-172333 | XA 00000 0 964 001038998188
20231221-172333 | XA 00000 0 964 001038998188
20231221-172333 | XA 00000 0 964 001038998188
20231221-172334 | XA 00000 0 964 001038998188
20231221-172335 | XA 00000 0 982 126050603002
20231221-172336 | XA 00000 0 982 126050603002
20231221-172336 | XA 00000 0 982 126050603002
20231221-172336 | XA 00000 0 982 126050603002
20231221-172336 | XA 00000 0 982 126050603002
20231221-172337 | XA 00000 0 982 126050603002
20231221-172337 | XA 00000 0 982 126050603002
20231221-172337 | XA 00000 0 982 126050603002
20231221-172337 | XA 00000 0 982 126050603002
20231221-172338 | XA 00000 0 982 126050603002
20231221-172338 | XA 00000 0 982 126050603002
20231221-172338 | XA 00000 0 982 126050603002
20231221-172339 | XA 00000 0 982 126050603002
20231221-172339 | XA 00000 0 982 126050603002
20231221-172339 | XA 00000 0 982 126050603002
20231221-172340 | XA 00000 0 982 126050603002
20231221-172340 | XA 00000 0 982 126050603002
20231221-172341 | XA 00000 0 982 126050603002
20231221-172341 | XA 00000 0 982 126050603002
20231221-172341 | XA 00000 0 982 126050603002
20231221-172342 | XA 00000 0 982 126050603002
20231221-172342 | XA 00000 0 982 126050603002
20231221-172342 | XA 00000 0 982 126050603002
20231221-172342 | XA 00000 0 982 126050603002
20231221-172343 | XA 00000 0 982 126050603002
20231221-172343 | XA 00000 0 982 126050603002
20231221-172343 | XA 00000 0 982 126050603002
20231221-172343 | XA 00000 0 982 126050603002
20231221-172343 | XA 00000 0 982 126050603002
20231221-172344 | XA 00000 0 982 126050603002
20231221-172344 | XA 00000 0 982 126050603002
20231221-172345 | XA 00000 0 982 126050603002
20231221-172345 | XA 00000 0 982 126050603002
20231221-172345 | XA 00000 0 982 126050603002
20231221-172345 | XA 00000 0 982 126050603002
20231221-172345 | XA 00000 0 982 126050603002
20231221-172346 | XA 00000 0 982 126050603002
20231221-172352 | XA 00000 0 982 126050603002
20231221-172353 | XA 00000 0 982 126050603002
20231221-172354 | XA 00000 0 982 126050603002
20231221-172402 | XA 00000 0 982 126050603002
20231221-172402 | XA 00000 0 982 126050603002
20231221-172402 | XA 00000 0 982 126050603002
20231221-172403 | XA 00000 0 982 126050603002
20231221-172403 | XA 00000 0 982 126050603002
20231221-172403 | XA 00000 0 982 126050603002
20231221-172403 | XA 00000 0 982 126050603002
20231221-172403 | XA 00000 0 982 126050603002
20231221-172404 | XA 00000 0 982 126050603002
20231221-172404 | XA 00000 0 982 126050603002
20231221-172404 | XA 00000 0 982 126050603002
20231221-172404 | XA 00000 0 982 126050603002
20231221-172405 | XA 00000 0 982 126050603002
20231221-172405 | XA 00000 0 982 126050603002
20231221-172405 | XA 00000 0 982 126050603002
20231221-172405 | XA 00000 0 982 126050603002
20231221-172405 | XA 00000 0 982 126050603002
20231221-172555 | XA 00000 0 964 001038998188
20231221-172556 | XA 00000 0 964 001038998188
20231221-172556 | XA 00000 0 964 001038998188
20231221-172556 | XA 00000 0 964 001038998188
20231221-172556 | XA 00000 0 964 001038998188
20231221-172557 | XA 00000 0 964 001038998188
20231221-172557 | XA 00000 0 964 001038998188
20231221-172557 | XA 00000 0 964 001038998188
20231221-172557 | XA 00000 0 964 001038998188
20231221-172557 | XA 00000 0 982 126050603002
20231221-172622 | XA 00000 0 982 126050603002
20231221-172622 | XA 00000 0 982 126050603002
20231221-172623 | XA 00000 0 982 126050603002
20231221-172624 | XA 00000 0 982 126050603002
20231221-172625 | XA 00000 0 964 001038998188
20231221-172625 | XA 00000 0 964 001038998188
20231221-172628 | XA 00000 0 982 126050603002
20231221-172630 | XA 00000 0 982 126050603002
20231221-172639 | XA 00000 0 982 126050603002
20231221-172639 | XA 00000 0 982 126050603002
20231221-172640 | XA 00000 0 982 126050603002
20231221-172640 | XA 00000 0 982 126050603002
20231221-172640 | XA 00000 0 982 126050603002
20231221-172641 | XA 00000 0 982 126050603002
20231221-172641 | XA 00000 0 982 126050603002
20231221-172641 | XA 00000 0 982 126050603002
20231221-172641 | XA 00000 0 982 126050603002
20231221-172642 | XA 00000 0 982 126050603002
20231221-172643 | XA 00000 0 982 126050603002
20231221-172643 | XA 00000 0 982 126050603002
20231221-172643 | XA 00000 0 982 126050603002
20231221-172644 | XA 00000 0 982 126050603002
20231221-172650 | XA 00000 0 982 126050603002
20231221-172653 | XA 00000 0 982 126050603002
20231221-172658 | XA 00000 0 982 126050603002
20231221-172659 | XA 00000 0 982 126050603002
20231221-172659 | XA 00000 0 982 126050603002
20231221-172703 | XA 00000 0 982 126050603002
20231221-172713 | XA 00000 0 982 126050603002
20231221-172713 | XA 00000 0 982 126050603002
20231221-172849 | XA 00000 0 964 001038998188
20231221-172849 | XA 00000 0 964 001038998188
20231221-172849 | XA 00000 0 964 001038998188
20231221-172849 | XA 00000 0 964 001038998188
20231221-172850 | XA 00000 0 964 001038998188
20231221-172853 | XA 00000 0 964 001038998188
20231221-172853 | XA 00000 0 964 001038998188
20231221-172853 | XA 00000 0 964 001038998188
20231221-172853 | XA 00000 0 964 001038998188
20231221-172854 | XA 00000 0 964 001038998188
20231221-172854 | XA 00000 0 964 001038998188
20231221-172854 | XA 00000 0 964 001038998188
20231221-172854 | XA 00000 0 964 001038998188
20231221-172855 | XA 00000 0 964 001038998188
20231221-172855 | XA 00000 0 964 001038998188
20231221-172855 | XA 00000 0 964 001038998188
20231221-172855 | XA 00000 0 964 001038998188
20231221-172856 | XA 00000 0 964 001038998188
20231221-172856 | XA 00000 0 964 001038998188
20231221-172857 | XA 00000 0 964 001038998188
20231221-172857 | XA 00000 0 964 001038998188
20231221-172857 | XA 00000 0 964 001038998188
20231221-172857 | XA 00000 0 964 001038998188
20231221-172858 | XA 00000 0 964 001038998188
20231221-172858 | XA 00000 0 964 001038998188
20231221-173008 | XA 00000 0 982 126050603002
20231221-173008 | XA 00000 0 982 126050603002
20231221-173008 | XA 00000 0 982 126050603002
20231221-173009 | XA 00000 0 964 001038998188
20231221-173009 | XA 00000 0 964 001038998188
20231221-173009 | XA 00000 0 964 001038998188
20231221-173009 | XA 00000 0 964 001038998188
20231221-173010 | XA 00000 0 964 001038998188
