20231222-163534 | XA 00000 0 982 126050603002
20231222-163534 | XA 00000 0 982 126050603002
20231222-163535 | XA 00000 0 982 126050603002
20231222-163535 | XA 00000 0 982 126050603002
20231222-163535 | XA 00000 0 982 126050603002
20231222-163535 | XA 00000 0 982 126050603002
20231222-163536 | XA 00000 0 982 126050603002
20231222-163536 | XA 00000 0 982 126050603002
20231222-163536 | XA 00000 0 982 126050603002
20231222-163536 | XA 00000 0 982 126050603002
20231222-163536 | XA 00000 0 982 126050603002
20231222-163537 | XA 00000 0 982 126050603002
20231222-163537 | XA 00000 0 982 126050603002
20231222-163537 | XA 00000 0 982 126050603002
20231222-163538 | XA 00000 0 982 126050603002
20231222-163538 | XA 00000 0 982 126050603002
20231222-163538 | XA 00000 0 982 126050603002
20231222-163538 | XA 00000 0 982 126050603002
20231222-163539 | XA 00000 0 982 126050603002
20231222-163539 | XA 00000 0 982 126050603002
20231222-163546 | XA 00000 0 982 126050603002
20231222-163546 | XA 00000 0 982 126050603002
20231222-163546 | XA 00000 0 982 126050603002
20231222-163547 | XA 00000 0 982 126050603002
20231222-163547 | XA 00000 0 982 126050603002
20231222-163547 | XA 00000 0 982 126050603002
20231222-163547 | XA 00000 0 982 126050603002
20231222-163548 | XA 00000 0 982 126050603002
20231222-163548 | XA 00000 0 982 126050603002
20231222-163548 | XA 00000 0 982 126050603002
20231222-163548 | XA 00000 0 982 126050603002
20231222-163548 | XA 00000 0 982 126050603002
20231222-163549 | XA 00000 0 982 126050603002
20231222-163549 | XA 00000 0 982 126050603002
20231222-163549 | XA 00000 0 982 126050603002
20231222-163549 | XA 00000 0 982 126050603002
20231222-163550 | XA 00000 0 982 126050603002
20231222-163550 | XA 00000 0 982 126050603002
20231222-163550 | XA 00000 0 982 126050603002
20231222-163551 | XA 00000 0 982 126050603002
20231222-163551 | XA 00000 0 982 126050603002
20231222-163604 | XA 00000 0 982 126050603002
20231222-163604 | XA 00000 0 982 126050603002
20231222-163604 | XA 00000 0 982 126050603002
20231222-163604 | XA 00000 0 982 126050603002
20231222-163604 | XA 00000 0 982 126050603002
20231222-163605 | XA 00000 0 982 126050603002
20231222-163605 | XA 00000 0 982 126050603002
20231222-163605 | XA 00000 0 982 126050603002
20231222-163605 | XA 00000 0 982 126050603002
20231222-163606 | XA 00000 0 982 126050603002
20231222-163606 | XA 00000 0 982 126050603002
20231222-163606 | XA 00000 0 982 126050603002
20231222-163606 | XA 00000 0 982 126050603002
20231222-163607 | XA 00000 0 982 126050603002
20231222-163607 | XA 00000 0 982 126050603002
20231222-163607 | XA 00000 0 982 126050603002
20231222-163607 | XA 00000 0 982 126050603002
20231222-163607 | XA 00000 0 982 126050603002
20231222-163608 | XA 00000 0 982 126050603002
20231222-163608 | XA 00000 0 982 126050603002
20231222-163608 | XA 00000 0 982 126050603002
20231222-163608 | XA 00000 0 982 126050603002
20231222-163609 | XA 00000 0 982 126050603002
20231222-163609 | XA 00000 0 982 126050603002
20231222-163609 | XA 00000 0 982 126050603002
20231222-163609 | XA 00000 0 982 126050603002
20231222-163610 | XA 00000 0 982 126050603002
20231222-163610 | XA 00000 0 982 126050603002
20231222-163611 | XA 00000 0 982 126050603002
20231222-163611 | XA 00000 0 982 126050603002
20231222-163611 | XA 00000 0 982 126050603002
20231222-163611 | XA 00000 0 982 126050603002
20231222-163612 | XA 00000 0 982 126050603002
20231222-163612 | XA 00000 0 982 126050603002
20231222-163612 | XA 00000 0 982 126050603002
20231222-163612 | XA 00000 0 982 126050603002
20231222-163613 | XA 00000 0 982 126050603002
20231222-163613 | XA 00000 0 982 126050603002
20231222-163613 | XA 00000 0 982 126050603002
20231222-163613 | XA 00000 0 982 126050603002
20231222-163614 | XA 00000 0 982 126050603002
20231222-163614 | XA 00000 0 982 126050603002
20231222-163614 | XA 00000 0 982 126050603002
20231222-163615 | XA 00000 0 982 126050603002
20231222-163615 | XA 00000 0 982 126050603002
20231222-163615 | XA 00000 0 982 126050603002
20231222-163615 | XA 00000 0 982 126050603002
20231222-163616 | XA 00000 0 982 126050603002
20231222-163616 | XA 00000 0 982 126050603002
20231222-163616 | XA 00000 0 982 126050603002
20231222-163616 | XA 00000 0 982 126050603002
20231222-163616 | XA 00000 0 982 126050603002
20231222-163617 | XA 00000 0 982 126050603002
20231222-163617 | XA 00000 0 982 126050603002
20231222-163617 | XA 00000 0 982 126050603002
20231222-163617 | XA 00000 0 982 126050603002
20231222-163618 | XA 00000 0 982 126050603002
20231222-163618 | XA 00000 0 982 126050603002
20231222-163618 | XA 00000 0 982 126050603002
20231222-163618 | XA 00000 0 982 126050603002
20231222-163619 | XA 00000 0 982 126050603002
20231222-163619 | XA 00000 0 982 126050603002
20231222-163619 | XA 00000 0 982 126050603002
20231222-163619 | XA 00000 0 982 126050603002
20231222-163619 | XA 00000 0 982 126050603002
20231222-163620 | XA 00000 0 982 126050603002
20231222-163620 | XA 00000 0 982 126050603002
20231222-163620 | XA 00000 0 982 126050603002
20231222-163620 | XA 00000 0 982 126050603002
20231222-163621 | XA 00000 0 982 126050603002
20231222-163621 | XA 00000 0 982 126050603002
20231222-163621 | XA 00000 0 982 126050603002
20231222-163621 | XA 00000 0 982 126050603002
20231222-163621 | XA 00000 0 982 126050603002
20231222-163622 | XA 00000 0 982 126050603002
20231222-163622 | XA 00000 0 982 126050603002
20231222-163622 | XA 00000 0 982 126050603002
20231222-163622 | XA 00000 0 982 126050603002
20231222-163623 | XA 00000 0 982 126050603002
20231222-163623 | XA 00000 0 982 126050603002
20231222-163623 | XA 00000 0 982 126050603002
20231222-163624 | XA 00000 0 982 126050603002
20231222-163624 | XA 00000 0 982 126050603002
20231222-163624 | XA 00000 0 982 126050603002
20231222-163624 | XA 00000 0 982 126050603002
20231222-163625 | XA 00000 0 982 126050603002
20231222-163625 | XA 00000 0 982 126050603002
20231222-163625 | XA 00000 0 982 126050603002
20231222-163626 | XA 00000 0 982 126050603002
20231222-163626 | XA 00000 0 982 126050603002
20231222-163626 | XA 00000 0 982 126050603002
20231222-163627 | XA 00000 0 982 126050603002
20231222-163631 | XA 00000 0 982 126050603002
20231222-163646 | XA 00000 0 982 126050603002
20231222-163647 | XA 00000 0 982 126050603002
20231222-163649 | XA 00000 0 982 126050603002
20231222-163649 | XA 00000 0 982 126050603002
20231222-163649 | XA 00000 0 982 126050603002
20231222-163649 | XA 00000 0 982 126050603002
20231222-163649 | XA 00000 0 982 126050603002
20231222-163650 | XA 00000 0 982 126050603002
20231222-163650 | XA 00000 0 982 126050603002
20231222-163650 | XA 00000 0 982 126050603002
20231222-163650 | XA 00000 0 982 126050603002
20231222-163651 | XA 00000 0 982 126050603002
20231222-163651 | XA 00000 0 982 126050603002
20231222-163651 | XA 00000 0 982 126050603002
20231222-163651 | XA 00000 0 982 126050603002
20231222-163652 | XA 00000 0 982 126050603002
20231222-163652 | XA 00000 0 982 126050603002
20231222-163652 | XA 00000 0 982 126050603002
20231222-163652 | XA 00000 0 982 126050603002
20231222-163652 | XA 00000 0 982 126050603002
20231222-163653 | XA 00000 0 982 126050603002
20231222-163653 | XA 00000 0 982 126050603002
20231222-163653 | XA 00000 0 982 126050603002
20231222-163653 | XA 00000 0 982 126050603002
20231222-163654 | XA 00000 0 982 126050603002
20231222-163654 | XA 00000 0 982 126050603002
20231222-163654 | XA 00000 0 982 126050603002
20231222-163654 | XA 00000 0 982 126050603002
20231222-163654 | XA 00000 0 982 126050603002
20231222-163655 | XA 00000 0 982 126050603002
20231222-163655 | XA 00000 0 982 126050603002
20231222-163655 | XA 00000 0 982 126050603002
20231222-163655 | XA 00000 0 982 126050603002
20231222-163656 | XA 00000 0 982 126050603002
20231222-163656 | XA 00000 0 982 126050603002
20231222-163656 | XA 00000 0 982 126050603002
20231222-163656 | XA 00000 0 982 126050603002
20231222-163657 | XA 00000 0 982 126050603002
20231222-163657 | XA 00000 0 982 126050603002
20231222-163657 | XA 00000 0 982 126050603002
20231222-163657 | XA 00000 0 982 126050603002
20231222-163657 | XA 00000 0 982 126050603002
20231222-163658 | XA 00000 0 982 126050603002
20231222-163658 | XA 00000 0 982 126050603002
20231222-163658 | XA 00000 0 982 126050603002
20231222-163658 | XA 00000 0 982 126050603002
20231222-163659 | XA 00000 0 982 126050603002
20231222-163659 | XA 00000 0 982 126050603002
20231222-163659 | XA 00000 0 982 126050603002
20231222-163659 | XA 00000 0 982 126050603002
20231222-163700 | XA 00000 0 982 126050603002
20231222-163700 | XA 00000 0 982 126050603002
20231222-163700 | XA 00000 0 982 126050603002
20231222-163700 | XA 00000 0 982 126050603002
20231222-163700 | XA 00000 0 982 126050603002
20231222-163701 | XA 00000 0 982 126050603002
20231222-163701 | XA 00000 0 982 126050603002
20231222-163701 | XA 00000 0 982 126050603002
20231222-163701 | XA 00000 0 982 126050603002
20231222-163702 | XA 00000 0 982 126050603002
20231222-163702 | XA 00000 0 982 126050603002
20231222-163703 | XA 00000 0 982 126050603002
20231222-163703 | XA 00000 0 982 126050603002
20231222-163703 | XA 00000 0 982 126050603002
20231222-163704 | XA 00000 0 982 126050603002
20231222-163704 | XA 00000 0 982 126050603002
20231222-163704 | XA 00000 0 982 126050603002
20231222-163705 | XA 00000 0 982 126050603002
20231222-163705 | XA 00000 0 982 126050603002
20231222-163705 | XA 00000 0 982 126050603002
20231222-163705 | XA 00000 0 982 126050603002
20231222-163706 | XA 00000 0 982 126050603002
20231222-163706 | XA 00000 0 982 126050603002
20231222-163706 | XA 00000 0 982 126050603002
20231222-163707 | XA 00000 0 982 126050603002
20231222-163708 | XA 00000 0 982 126050603002
20231222-163715 | XA 00000 0 982 126050603002
20231222-163716 | XA 00000 0 982 126050603002
20231222-163719 | XA 00000 0 982 126050603002
20231222-163721 | XA 00000 0 982 126050603002
20231222-163721 | XA 00000 0 982 126050603002
20231222-163721 | XA 00000 0 982 126050603002
20231222-163721 | XA 00000 0 982 126050603002
20231222-163722 | XA 00000 0 982 126050603002
20231222-163722 | XA 00000 0 982 126050603002
20231222-163722 | XA 00000 0 982 126050603002
20231222-163722 | XA 00000 0 982 126050603002
20231222-163723 | XA 00000 0 982 126050603002
20231222-163723 | XA 00000 0 982 126050603002
20231222-163723 | XA 00000 0 982 126050603002
20231222-163724 | XA 00000 0 982 126050603002
20231222-163724 | XA 00000 0 982 126050603002
20231222-163724 | XA 00000 0 982 126050603002
20231222-163724 | XA 00000 0 982 126050603002
20231222-163724 | XA 00000 0 982 126050603002
20231222-163725 | XA 00000 0 982 126050603002
20231222-163725 | XA 00000 0 982 126050603002
20231222-163725 | XA 00000 0 982 126050603002
20231222-163725 | XA 00000 0 982 126050603002
20231222-163726 | XA 00000 0 982 126050603002
20231222-163726 | XA 00000 0 982 126050603002
20231222-163726 | XA 00000 0 982 126050603002
20231222-163726 | XA 00000 0 982 126050603002
20231222-163726 | XA 00000 0 982 126050603002
20231222-163727 | XA 00000 0 982 126050603002
20231222-163727 | XA 00000 0 982 126050603002
20231222-163727 | XA 00000 0 982 126050603002
20231222-163727 | XA 00000 0 982 126050603002
20231222-163728 | XA 00000 0 982 126050603002
20231222-163728 | XA 00000 0 982 126050603002
20231222-163728 | XA 00000 0 982 126050603002
20231222-163729 | XA 00000 0 982 126050603002
20231222-163729 | XA 00000 0 982 126050603002
20231222-163729 | XA 00000 0 982 126050603002
20231222-163729 | XA 00000 0 982 126050603002
20231222-163730 | XA 00000 0 982 126050603002
20231222-163730 | XA 00000 0 982 126050603002
20231222-163730 | XA 00000 0 982 126050603002
20231222-163730 | XA 00000 0 982 126050603002
20231222-163731 | XA 00000 0 982 126050603002
20231222-163731 | XA 00000 0 982 126050603002
20231222-163731 | XA 00000 0 982 126050603002
20231222-163731 | XA 00000 0 982 126050603002
20231222-163732 | XA 00000 0 982 126050603002
20231222-163732 | XA 00000 0 982 126050603002
20231222-163732 | XA 00000 0 982 126050603002
20231222-163733 | XA 00000 0 982 126050603002
20231222-163733 | XA 00000 0 982 126050603002
20231222-163733 | XA 00000 0 982 126050603002
20231222-163733 | XA 00000 0 982 126050603002
20231222-163733 | XA 00000 0 982 126050603002
20231222-163734 | XA 00000 0 982 126050603002
20231222-163734 | XA 00000 0 982 126050603002
20231222-163734 | XA 00000 0 982 126050603002
20231222-163734 | XA 00000 0 982 126050603002
20231222-163735 | XA 00000 0 982 126050603002
20231222-163735 | XA 00000 0 982 126050603002
20231222-163735 | XA 00000 0 982 126050603002
20231222-163735 | XA 00000 0 982 126050603002
20231222-163736 | XA 00000 0 982 126050603002
20231222-163736 | XA 00000 0 982 126050603002
20231222-163736 | XA 00000 0 982 126050603002
20231222-163736 | XA 00000 0 982 126050603002
20231222-163736 | XA 00000 0 982 126050603002
20231222-163737 | XA 00000 0 982 126050603002
20231222-163737 | XA 00000 0 982 126050603002
20231222-163737 | XA 00000 0 982 126050603002
20231222-163737 | XA 00000 0 982 126050603002
20231222-163738 | XA 00000 0 982 126050603002
20231222-163738 | XA 00000 0 982 126050603002
20231222-163738 | XA 00000 0 982 126050603002
20231222-163738 | XA 00000 0 982 126050603002
20231222-163739 | XA 00000 0 982 126050603002
20231222-163739 | XA 00000 0 982 126050603002
20231222-163739 | XA 00000 0 982 126050603002
20231222-163740 | XA 00000 0 982 126050603002
20231222-163740 | XA 00000 0 982 126050603002
20231222-163741 | XA 00000 0 982 126050603002
20231222-163741 | XA 00000 0 982 126050603002
20231222-163742 | XA 00000 0 982 126050603002
20231222-163743 | XA 00000 0 982 126050603002
20231222-163743 | XA 00000 0 982 126050603002
20231222-163744 | XA 00000 0 982 126050603002
20231222-163744 | XA 00000 0 982 126050603002
20231222-163754 | XA 00000 0 982 126050603002
20231222-163758 | XA 00000 0 982 126050603002
20231222-163759 | XA 00000 0 982 126050603002
20231222-163759 | XA 00000 0 982 126050603002
20231222-163801 | XA 00000 0 982 126050603002
20231222-163804 | XA 00000 0 982 126050603002
20231222-163815 | XA 00000 0 982 126050603002
20231222-163815 | XA 00000 0 982 126050603002
20231222-163816 | XA 00000 0 982 126050603002
20231222-163816 | XA 00000 0 982 126050603002
20231222-163816 | XA 00000 0 982 126050603002
20231222-163816 | XA 00000 0 982 126050603002
20231222-163816 | XA 00000 0 982 126050603002
20231222-163817 | XA 00000 0 982 126050603002
20231222-163817 | XA 00000 0 982 126050603002
20231222-163817 | XA 00000 0 982 126050603002
20231222-163817 | XA 00000 0 982 126050603002
20231222-163818 | XA 00000 0 982 126050603002
20231222-163818 | XA 00000 0 982 126050603002
20231222-163818 | XA 00000 0 982 126050603002
20231222-163818 | XA 00000 0 982 126050603002
20231222-163818 | XA 00000 0 982 126050603002
20231222-163819 | XA 00000 0 982 126050603002
20231222-163819 | XA 00000 0 982 126050603002
20231222-163819 | XA 00000 0 982 126050603002
20231222-163819 | XA 00000 0 982 126050603002
20231222-163820 | XA 00000 0 982 126050603002
20231222-163820 | XA 00000 0 982 126050603002
20231222-163820 | XA 00000 0 982 126050603002
20231222-163820 | XA 00000 0 982 126050603002
20231222-163821 | XA 00000 0 982 126050603002
20231222-163821 | XA 00000 0 982 126050603002
20231222-163821 | XA 00000 0 982 126050603002
20231222-163821 | XA 00000 0 982 126050603002
20231222-163821 | XA 00000 0 982 126050603002
20231222-163822 | XA 00000 0 982 126050603002
20231222-163822 | XA 00000 0 982 126050603002
20231222-163822 | XA 00000 0 982 126050603002
20231222-163822 | XA 00000 0 982 126050603002
20231222-163823 | XA 00000 0 982 126050603002
20231222-163823 | XA 00000 0 982 126050603002
20231222-163823 | XA 00000 0 982 126050603002
20231222-163823 | XA 00000 0 982 126050603002
20231222-163824 | XA 00000 0 982 126050603002
20231222-163824 | XA 00000 0 982 126050603002
20231222-163824 | XA 00000 0 982 126050603002
20231222-163824 | XA 00000 0 982 126050603002
20231222-163824 | XA 00000 0 982 126050603002
20231222-163825 | XA 00000 0 982 126050603002
20231222-163825 | XA 00000 0 982 126050603002
20231222-163825 | XA 00000 0 982 126050603002
20231222-163825 | XA 00000 0 982 126050603002
20231222-163826 | XA 00000 0 982 126050603002
20231222-163826 | XA 00000 0 982 126050603002
20231222-163827 | XA 00000 0 982 126050603002
