2022-11-11 16:30:23 INFO     Line3: 8.568331406746644e-05 -8.459108823264808e-05
2022-11-11 16:30:23 INFO     Line6: 8.427178989528105e-05 8.67224450490827e-05
2022-11-11 16:30:23 INFO     Line9: -8.482634326068172e-05 8.620434763335194e-05
2022-11-11 16:30:23 INFO     Line12: -8.488815024404338e-05 -8.762365968361716e-05
2022-11-11 16:30:23 WARNING  Current mode is: auto
2022-11-11 16:30:25 WARNING  Time elapsed: 1.705850 
2022-11-11 16:30:25 WARNING  publishing forward speed: 0.400000, Angular Speed: 0.400000
2022-11-11 16:30:25 WARNING  publishing: None
2022-11-11 16:30:26 WARNING  Time elapsed: 2.759039 
2022-11-11 16:30:26 WARNING  publishing forward speed: 0.400000, Angular Speed: 0.400000
2022-11-11 16:30:26 WARNING  publishing: None
2022-11-11 16:30:27 WARNING  Time elapsed: 3.689585 
2022-11-11 16:30:27 WARNING  publishing forward speed: 0.400000, Angular Speed: 0.400000
2022-11-11 16:30:27 WARNING  publishing: None
2022-11-11 16:30:28 WARNING  Time elapsed: 4.684938 
2022-11-11 16:30:28 WARNING  publishing forward speed: 0.400000, Angular Speed: 0.400000
2022-11-11 16:30:28 WARNING  publishing: None
2022-11-11 16:30:29 WARNING  Time elapsed: 5.685319 
2022-11-11 16:30:29 WARNING  publishing forward speed: 0.400000, Angular Speed: 0.400000
2022-11-11 16:30:29 WARNING  publishing: None
2022-11-11 16:30:30 WARNING  Time elapsed: 6.678674 
2022-11-11 16:30:30 WARNING  publishing forward speed: 0.400000, Angular Speed: 0.400000
2022-11-11 16:30:30 WARNING  publishing: None
2022-11-11 16:30:31 WARNING  Time elapsed: 7.686523 
2022-11-11 16:30:31 WARNING  publishing forward speed: 0.400000, Angular Speed: 0.400000
2022-11-11 16:30:31 WARNING  publishing: None
2022-11-11 16:30:32 WARNING  Time elapsed: 8.678619 
2022-11-11 16:30:32 WARNING  publishing forward speed: 0.400000, Angular Speed: 0.400000
2022-11-11 16:30:32 WARNING  publishing: None
2022-11-11 16:30:33 WARNING  Time elapsed: 9.684720 
2022-11-11 16:30:33 WARNING  publishing forward speed: 0.400000, Angular Speed: 0.400000
2022-11-11 16:30:33 WARNING  publishing: None
2022-11-11 16:30:34 WARNING  Time elapsed: 10.675666 
2022-11-11 16:30:34 WARNING  publishing forward speed: 0.400000, Angular Speed: 0.400000
2022-11-11 16:30:34 WARNING  publishing: None
2022-11-11 16:30:35 WARNING  Time elapsed: 11.673794 
2022-11-11 16:30:35 WARNING  publishing forward speed: 0.400000, Angular Speed: 0.400000
2022-11-11 16:30:35 WARNING  publishing: None
2022-11-11 16:30:36 WARNING  Time elapsed: 12.687852 
2022-11-11 16:30:36 WARNING  publishing forward speed: 0.400000, Angular Speed: 0.400000
2022-11-11 16:30:36 WARNING  publishing: None
2022-11-11 16:30:37 WARNING  Time elapsed: 13.686152 
2022-11-11 16:30:37 WARNING  publishing forward speed: 0.400000, Angular Speed: 0.400000
2022-11-11 16:30:37 WARNING  publishing: None
2022-11-11 16:30:38 WARNING  Time elapsed: 14.691391 
2022-11-11 16:30:38 WARNING  publishing forward speed: 0.400000, Angular Speed: 0.400000
2022-11-11 16:30:38 WARNING  publishing: None
2022-11-11 16:30:39 WARNING  Time elapsed: 15.694485 
2022-11-11 16:30:39 WARNING  publishing forward speed: 0.400000, Angular Speed: 0.400000
2022-11-11 16:30:39 WARNING  publishing: None
2022-11-11 16:30:40 WARNING  Time elapsed: 16.685620 
2022-11-11 16:30:40 WARNING  publishing forward speed: 0.400000, Angular Speed: 0.400000
2022-11-11 16:30:40 WARNING  publishing: None
2022-11-11 16:30:41 WARNING  Time elapsed: 17.699834 
2022-11-11 16:30:41 WARNING  publishing forward speed: 0.400000, Angular Speed: 0.400000
2022-11-11 16:30:41 WARNING  publishing: None
2022-11-11 16:30:42 WARNING  Time elapsed: 18.684812 
2022-11-11 16:30:42 WARNING  publishing forward speed: 0.400000, Angular Speed: 0.400000
2022-11-11 16:30:42 WARNING  publishing: None
2022-11-11 16:30:43 WARNING  Time elapsed: 19.685841 
2022-11-11 16:30:43 WARNING  publishing forward speed: 0.400000, Angular Speed: 0.400000
2022-11-11 16:30:43 WARNING  publishing: None
2022-11-11 16:30:44 WARNING  Time elapsed: 20.686301 
2022-11-11 16:30:44 WARNING  publishing forward speed: 0.400000, Angular Speed: 0.400000
2022-11-11 16:30:44 WARNING  publishing: None
2022-11-11 16:30:45 WARNING  Time elapsed: 21.692949 
2022-11-11 16:30:45 WARNING  publishing forward speed: 0.400000, Angular Speed: 0.400000
2022-11-11 16:30:45 WARNING  publishing: None
2022-11-11 16:30:46 WARNING  Time elapsed: 22.707285 
2022-11-11 16:30:46 WARNING  publishing forward speed: 0.400000, Angular Speed: 0.400000
2022-11-11 16:30:46 WARNING  publishing: None
2022-11-11 16:30:47 WARNING  Time elapsed: 23.685609 
2022-11-11 16:30:47 WARNING  publishing forward speed: 0.400000, Angular Speed: 0.400000
2022-11-11 16:30:47 WARNING  publishing: None
2022-11-11 16:30:48 WARNING  Time elapsed: 24.696554 
2022-11-11 16:30:48 WARNING  publishing forward speed: 0.400000, Angular Speed: 0.400000
2022-11-11 16:30:48 WARNING  publishing: None
2022-11-11 16:30:49 WARNING  Time elapsed: 25.687814 
2022-11-11 16:30:49 WARNING  publishing forward speed: 0.400000, Angular Speed: 0.400000
2022-11-11 16:30:49 WARNING  publishing: None
2022-11-11 16:30:50 WARNING  Time elapsed: 26.684665 
2022-11-11 16:30:50 WARNING  publishing forward speed: 0.400000, Angular Speed: 0.400000
2022-11-11 16:30:50 WARNING  publishing: None
2022-11-11 16:30:51 WARNING  Time elapsed: 27.748778 
2022-11-11 16:30:51 WARNING  publishing forward speed: 0.400000, Angular Speed: 0.400000
2022-11-11 16:30:51 WARNING  publishing: None
2022-11-11 16:30:52 WARNING  Time elapsed: 28.684766 
2022-11-11 16:30:52 WARNING  publishing forward speed: 0.400000, Angular Speed: 0.400000
2022-11-11 16:30:52 WARNING  publishing: None
2022-11-11 16:30:53 WARNING  Time elapsed: 29.676467 
2022-11-11 16:30:53 WARNING  publishing forward speed: 0.400000, Angular Speed: 0.400000
2022-11-11 16:30:53 WARNING  publishing: None
2022-11-11 16:30:54 WARNING  Time elapsed: 30.672996 
2022-11-11 16:30:54 WARNING  publishing forward speed: 0.400000, Angular Speed: 0.400000
2022-11-11 16:30:54 WARNING  publishing: None
2022-11-11 16:30:55 WARNING  Time elapsed: 31.685777 
2022-11-11 16:30:55 WARNING  publishing forward speed: 0.400000, Angular Speed: 0.400000
2022-11-11 16:30:55 WARNING  publishing: None
2022-11-11 16:30:56 WARNING  Time elapsed: 32.764412 
2022-11-11 16:30:56 WARNING  publishing forward speed: 0.400000, Angular Speed: 0.400000
2022-11-11 16:30:56 WARNING  publishing: None
2022-11-11 16:30:57 WARNING  Time elapsed: 33.681795 
2022-11-11 16:30:57 WARNING  publishing forward speed: 0.400000, Angular Speed: 0.400000
2022-11-11 16:30:57 WARNING  publishing: None
2022-11-11 16:30:58 WARNING  Time elapsed: 34.680049 
2022-11-11 16:30:58 WARNING  publishing forward speed: 0.400000, Angular Speed: 0.400000
2022-11-11 16:30:58 WARNING  publishing: None
2022-11-11 16:30:59 WARNING  Time elapsed: 35.696013 
2022-11-11 16:30:59 WARNING  publishing forward speed: 0.400000, Angular Speed: 0.400000
2022-11-11 16:30:59 WARNING  publishing: None
2022-11-11 16:31:00 WARNING  Time elapsed: 36.692993 
2022-11-11 16:31:00 WARNING  publishing forward speed: 0.400000, Angular Speed: 0.400000
2022-11-11 16:31:00 WARNING  publishing: None
2022-11-11 16:31:01 WARNING  Time elapsed: 37.771510 
2022-11-11 16:31:01 WARNING  publishing forward speed: 0.400000, Angular Speed: 0.400000
2022-11-11 16:31:01 WARNING  publishing: None
2022-11-11 16:31:02 WARNING  Time elapsed: 38.697118 
2022-11-11 16:31:02 WARNING  publishing forward speed: 0.400000, Angular Speed: 0.400000
2022-11-11 16:31:02 WARNING  publishing: None
2022-11-11 16:31:03 WARNING  Time elapsed: 39.697356 
2022-11-11 16:31:03 WARNING  publishing forward speed: 0.400000, Angular Speed: 0.400000
2022-11-11 16:31:03 WARNING  publishing: None
2022-11-11 16:31:04 WARNING  Time elapsed: 40.680325 
2022-11-11 16:31:04 WARNING  publishing forward speed: 0.400000, Angular Speed: 0.400000
2022-11-11 16:31:04 WARNING  publishing: None
2022-11-11 16:31:05 WARNING  Time elapsed: 41.675434 
2022-11-11 16:31:05 WARNING  publishing forward speed: 0.400000, Angular Speed: 0.400000
2022-11-11 16:31:05 WARNING  publishing: None
2022-11-11 16:31:06 WARNING  Time elapsed: 42.754137 
2022-11-11 16:31:06 WARNING  publishing forward speed: 0.400000, Angular Speed: 0.400000
2022-11-11 16:31:06 WARNING  publishing: None
2022-11-11 16:31:07 WARNING  Time elapsed: 43.690233 
2022-11-11 16:31:07 WARNING  publishing forward speed: 0.400000, Angular Speed: 0.400000
2022-11-11 16:31:07 WARNING  publishing: None
2022-11-11 16:31:08 WARNING  Time elapsed: 44.686440 
2022-11-11 16:31:08 WARNING  publishing forward speed: 0.400000, Angular Speed: 0.400000
2022-11-11 16:31:08 WARNING  publishing: None
2022-11-11 16:31:09 WARNING  Time elapsed: 45.686924 
2022-11-11 16:31:09 WARNING  publishing forward speed: 0.400000, Angular Speed: 0.400000
2022-11-11 16:31:09 WARNING  publishing: None
2022-11-11 16:31:10 WARNING  Time elapsed: 46.686550 
2022-11-11 16:31:10 WARNING  publishing forward speed: 0.400000, Angular Speed: 0.400000
2022-11-11 16:31:10 WARNING  publishing: None
2022-11-11 16:31:11 WARNING  Time elapsed: 47.862004 
2022-11-11 16:31:11 WARNING  publishing forward speed: 0.400000, Angular Speed: 0.400000
2022-11-11 16:31:11 WARNING  publishing: None
2022-11-11 16:31:12 WARNING  Time elapsed: 48.682762 
2022-11-11 16:31:12 WARNING  publishing forward speed: 0.400000, Angular Speed: 0.400000
2022-11-11 16:31:12 WARNING  publishing: None
2022-11-11 16:31:13 WARNING  Time elapsed: 49.686678 
2022-11-11 16:31:13 WARNING  publishing forward speed: 0.400000, Angular Speed: 0.400000
2022-11-11 16:31:13 WARNING  publishing: None
2022-11-11 16:31:14 WARNING  Time elapsed: 50.685882 
2022-11-11 16:31:14 WARNING  publishing forward speed: 0.400000, Angular Speed: 0.400000
2022-11-11 16:31:14 WARNING  publishing: None
2022-11-11 16:31:15 WARNING  Time elapsed: 51.689191 
2022-11-11 16:31:15 WARNING  publishing forward speed: 0.400000, Angular Speed: 0.400000
2022-11-11 16:31:15 WARNING  publishing: None
2022-11-11 16:31:16 WARNING  Time elapsed: 52.701244 
2022-11-11 16:31:16 WARNING  publishing forward speed: 0.400000, Angular Speed: 0.400000
2022-11-11 16:31:16 WARNING  publishing: None
2022-11-11 16:31:17 WARNING  Time elapsed: 53.684466 
2022-11-11 16:31:17 WARNING  publishing forward speed: 0.400000, Angular Speed: 0.400000
2022-11-11 16:31:17 WARNING  publishing: None
2022-11-11 16:31:18 WARNING  Time elapsed: 54.688495 
2022-11-11 16:31:18 WARNING  publishing forward speed: 0.400000, Angular Speed: 0.400000
2022-11-11 16:31:18 WARNING  publishing: None
2022-11-11 16:31:19 WARNING  Time elapsed: 55.684553 
2022-11-11 16:31:19 WARNING  publishing forward speed: 0.400000, Angular Speed: 0.400000
2022-11-11 16:31:19 WARNING  publishing: None
2022-11-11 16:31:20 WARNING  Time elapsed: 56.684523 
2022-11-11 16:31:20 WARNING  publishing forward speed: 0.400000, Angular Speed: 0.400000
2022-11-11 16:31:20 WARNING  publishing: None
2022-11-11 16:31:21 WARNING  Time elapsed: 57.696596 
2022-11-11 16:31:21 WARNING  publishing forward speed: 0.400000, Angular Speed: 0.400000
2022-11-11 16:31:21 WARNING  publishing: None
2022-11-11 16:31:22 WARNING  Time elapsed: 58.685343 
2022-11-11 16:31:22 WARNING  publishing forward speed: 0.400000, Angular Speed: 0.400000
2022-11-11 16:31:22 WARNING  publishing: None
2022-11-11 16:31:23 WARNING  Time elapsed: 59.685065 
2022-11-11 16:31:23 WARNING  publishing forward speed: 0.400000, Angular Speed: 0.400000
2022-11-11 16:31:23 WARNING  publishing: None
2022-11-11 16:31:24 WARNING  Time elapsed: 60.685735 
2022-11-11 16:31:24 WARNING  publishing forward speed: 0.400000, Angular Speed: 0.400000
2022-11-11 16:31:24 WARNING  publishing: None
2022-11-11 16:31:25 WARNING  Time elapsed: 61.691263 
2022-11-11 16:31:25 WARNING  publishing forward speed: 0.400000, Angular Speed: 0.400000
2022-11-11 16:31:25 WARNING  publishing: None
2022-11-11 16:31:26 WARNING  Time elapsed: 62.767887 
2022-11-11 16:31:26 WARNING  publishing forward speed: 0.400000, Angular Speed: 0.400000
2022-11-11 16:31:26 WARNING  publishing: None
2022-11-11 16:31:27 WARNING  Time elapsed: 63.688004 
2022-11-11 16:31:27 WARNING  publishing forward speed: 0.400000, Angular Speed: 0.400000
2022-11-11 16:31:27 WARNING  publishing: None
2022-11-11 16:31:28 WARNING  Time elapsed: 64.685534 
2022-11-11 16:31:28 WARNING  publishing forward speed: 0.400000, Angular Speed: 0.400000
2022-11-11 16:31:28 WARNING  publishing: None
2022-11-11 16:31:29 WARNING  Time elapsed: 65.698380 
2022-11-11 16:31:29 WARNING  publishing forward speed: 0.400000, Angular Speed: 0.400000
2022-11-11 16:31:29 WARNING  publishing: None
2022-11-11 16:31:30 WARNING  Time elapsed: 66.687260 
2022-11-11 16:31:30 WARNING  publishing forward speed: 0.400000, Angular Speed: 0.400000
2022-11-11 16:31:30 WARNING  publishing: None
2022-11-11 16:31:31 WARNING  Time elapsed: 67.765954 
2022-11-11 16:31:31 WARNING  publishing forward speed: 0.400000, Angular Speed: 0.400000
2022-11-11 16:31:31 WARNING  publishing: None
2022-11-11 16:31:32 WARNING  Time elapsed: 68.685981 
2022-11-11 16:31:32 WARNING  publishing forward speed: 0.400000, Angular Speed: 0.400000
2022-11-11 16:31:32 WARNING  publishing: None
2022-11-11 16:31:33 WARNING  Time elapsed: 69.690180 
2022-11-11 16:31:33 WARNING  publishing forward speed: 0.400000, Angular Speed: 0.400000
2022-11-11 16:31:33 WARNING  publishing: None
2022-11-11 16:31:34 WARNING  Time elapsed: 70.685625 
2022-11-11 16:31:34 WARNING  publishing forward speed: 0.400000, Angular Speed: 0.400000
2022-11-11 16:31:34 WARNING  publishing: None
2022-11-11 16:31:35 WARNING  Time elapsed: 71.690982 
2022-11-11 16:31:35 WARNING  publishing forward speed: 0.400000, Angular Speed: 0.400000
2022-11-11 16:31:35 WARNING  publishing: None
2022-11-11 16:31:36 WARNING  Time elapsed: 72.769496 
2022-11-11 16:31:36 WARNING  publishing forward speed: 0.400000, Angular Speed: 0.400000
2022-11-11 16:31:36 WARNING  publishing: None
2022-11-11 16:31:37 WARNING  Time elapsed: 73.677952 
2022-11-11 16:31:37 WARNING  publishing forward speed: 0.400000, Angular Speed: 0.400000
2022-11-11 16:31:37 WARNING  publishing: None
2022-11-11 16:31:38 WARNING  Time elapsed: 74.683110 
2022-11-11 16:31:38 WARNING  publishing forward speed: 0.400000, Angular Speed: 0.400000
2022-11-11 16:31:38 WARNING  publishing: None
2022-11-11 16:31:39 WARNING  Time elapsed: 75.682444 
2022-11-11 16:31:39 WARNING  publishing forward speed: 0.400000, Angular Speed: 0.400000
2022-11-11 16:31:39 WARNING  publishing: None
2022-11-11 16:31:40 WARNING  Time elapsed: 76.698354 
2022-11-11 16:31:40 WARNING  publishing forward speed: 0.400000, Angular Speed: 0.400000
2022-11-11 16:31:40 WARNING  publishing: None
2022-11-11 16:31:41 WARNING  Time elapsed: 77.777017 
2022-11-11 16:31:41 WARNING  publishing forward speed: 0.400000, Angular Speed: 0.400000
2022-11-11 16:31:41 WARNING  publishing: None
2022-11-11 16:31:42 WARNING  Time elapsed: 78.696624 
2022-11-11 16:31:42 WARNING  publishing forward speed: 0.400000, Angular Speed: 0.400000
2022-11-11 16:31:42 WARNING  publishing: None
2022-11-11 16:31:43 WARNING  Time elapsed: 79.697510 
2022-11-11 16:31:43 WARNING  publishing forward speed: 0.400000, Angular Speed: 0.400000
2022-11-11 16:31:43 WARNING  publishing: None
2022-11-11 16:31:44 WARNING  Time elapsed: 80.692592 
2022-11-11 16:31:44 WARNING  publishing forward speed: 0.400000, Angular Speed: 0.400000
2022-11-11 16:31:44 WARNING  publishing: None
2022-11-11 16:31:45 WARNING  Time elapsed: 81.691448 
2022-11-11 16:31:45 WARNING  publishing forward speed: 0.400000, Angular Speed: 0.400000
2022-11-11 16:31:45 WARNING  publishing: None
2022-11-11 16:31:46 WARNING  Time elapsed: 82.770070 
2022-11-11 16:31:46 WARNING  publishing forward speed: 0.400000, Angular Speed: 0.400000
2022-11-11 16:31:46 WARNING  publishing: None
2022-11-11 16:31:47 WARNING  Time elapsed: 83.684564 
2022-11-11 16:31:47 WARNING  publishing forward speed: 0.400000, Angular Speed: 0.400000
2022-11-11 16:31:47 WARNING  publishing: None
2022-11-11 16:31:48 WARNING  Time elapsed: 84.691135 
2022-11-11 16:31:48 WARNING  publishing forward speed: 0.400000, Angular Speed: 0.400000
2022-11-11 16:31:48 WARNING  publishing: None
2022-11-11 16:31:49 WARNING  Time elapsed: 85.671598 
2022-11-11 16:31:49 WARNING  publishing forward speed: 0.400000, Angular Speed: 0.400000
2022-11-11 16:31:49 WARNING  publishing: None
2022-11-11 16:31:50 WARNING  Time elapsed: 86.685827 
2022-11-11 16:31:50 WARNING  publishing forward speed: 0.400000, Angular Speed: 0.400000
2022-11-11 16:31:50 WARNING  publishing: None
2022-11-11 16:31:51 WARNING  Time elapsed: 87.754012 
2022-11-11 16:31:51 WARNING  publishing forward speed: 0.400000, Angular Speed: 0.400000
2022-11-11 16:31:51 WARNING  publishing: None
2022-11-11 16:31:52 WARNING  Time elapsed: 88.686833 
2022-11-11 16:31:52 WARNING  publishing forward speed: 0.400000, Angular Speed: 0.400000
2022-11-11 16:31:52 WARNING  publishing: None
2022-11-11 16:31:53 WARNING  Time elapsed: 89.684141 
2022-11-11 16:31:53 WARNING  publishing forward speed: 0.400000, Angular Speed: 0.400000
2022-11-11 16:31:53 WARNING  publishing: None
2022-11-11 16:31:54 WARNING  Time elapsed: 90.686571 
2022-11-11 16:31:54 WARNING  publishing forward speed: 0.400000, Angular Speed: 0.400000
2022-11-11 16:31:54 WARNING  publishing: None
2022-11-11 16:31:55 WARNING  Time elapsed: 91.683890 
2022-11-11 16:31:55 WARNING  publishing forward speed: 0.400000, Angular Speed: 0.400000
2022-11-11 16:31:55 WARNING  publishing: None
2022-11-11 16:31:56 WARNING  Time elapsed: 92.698075 
2022-11-11 16:31:56 WARNING  publishing forward speed: 0.400000, Angular Speed: 0.400000
2022-11-11 16:31:56 WARNING  publishing: None
2022-11-11 16:31:57 WARNING  Time elapsed: 93.685347 
2022-11-11 16:31:57 WARNING  publishing forward speed: 0.400000, Angular Speed: 0.400000
2022-11-11 16:31:57 WARNING  publishing: None
2022-11-11 16:31:58 WARNING  Time elapsed: 94.682088 
2022-11-11 16:31:58 WARNING  publishing forward speed: 0.400000, Angular Speed: 0.400000
2022-11-11 16:31:58 WARNING  publishing: None
2022-11-11 16:31:59 WARNING  Time elapsed: 95.681262 
2022-11-11 16:31:59 WARNING  publishing forward speed: 0.400000, Angular Speed: 0.400000
2022-11-11 16:31:59 WARNING  publishing: None
2022-11-11 16:32:00 WARNING  Time elapsed: 96.686412 
2022-11-11 16:32:00 WARNING  publishing forward speed: 0.400000, Angular Speed: 0.400000
2022-11-11 16:32:00 WARNING  publishing: None
2022-11-11 16:32:01 WARNING  Time elapsed: 97.746402 
2022-11-11 16:32:01 WARNING  publishing forward speed: 0.400000, Angular Speed: 0.400000
2022-11-11 16:32:01 WARNING  publishing: None
2022-11-11 16:32:02 WARNING  Time elapsed: 98.686500 
2022-11-11 16:32:02 WARNING  publishing forward speed: 0.400000, Angular Speed: 0.400000
2022-11-11 16:32:02 WARNING  publishing: None
2022-11-11 16:32:03 WARNING  Time elapsed: 99.687465 
2022-11-11 16:32:03 WARNING  publishing forward speed: 0.400000, Angular Speed: 0.400000
2022-11-11 16:32:03 WARNING  publishing: None
2022-11-11 16:32:04 WARNING  Time elapsed: 100.682921 
2022-11-11 16:32:04 WARNING  publishing forward speed: 0.400000, Angular Speed: 0.400000
2022-11-11 16:32:04 WARNING  publishing: None
2022-11-11 16:32:05 WARNING  Time elapsed: 101.684837 
2022-11-11 16:32:05 WARNING  publishing forward speed: 0.400000, Angular Speed: 0.400000
2022-11-11 16:32:05 WARNING  publishing: None
2022-11-11 16:32:06 WARNING  Time elapsed: 102.753020 
2022-11-11 16:32:06 WARNING  publishing forward speed: 0.400000, Angular Speed: 0.400000
2022-11-11 16:32:06 WARNING  publishing: None
2022-11-11 16:32:07 WARNING  Time elapsed: 103.684078 
2022-11-11 16:32:07 WARNING  publishing forward speed: 0.400000, Angular Speed: 0.400000
2022-11-11 16:32:07 WARNING  publishing: None
2022-11-11 16:32:08 WARNING  Time elapsed: 104.684329 
2022-11-11 16:32:08 WARNING  publishing forward speed: 0.400000, Angular Speed: 0.400000
2022-11-11 16:32:08 WARNING  publishing: None
2022-11-11 16:32:09 WARNING  Time elapsed: 105.688952 
2022-11-11 16:32:09 WARNING  publishing forward speed: 0.400000, Angular Speed: 0.400000
2022-11-11 16:32:09 WARNING  publishing: None
2022-11-11 16:32:10 WARNING  Time elapsed: 106.695051 
2022-11-11 16:32:10 WARNING  publishing forward speed: 0.400000, Angular Speed: 0.400000
2022-11-11 16:32:10 WARNING  publishing: None
2022-11-11 16:32:11 WARNING  Time elapsed: 107.763224 
2022-11-11 16:32:11 WARNING  publishing forward speed: 0.400000, Angular Speed: 0.400000
2022-11-11 16:32:11 WARNING  publishing: None
2022-11-11 16:32:12 WARNING  Time elapsed: 108.684356 
2022-11-11 16:32:12 WARNING  publishing forward speed: 0.400000, Angular Speed: 0.400000
2022-11-11 16:32:12 WARNING  publishing: None
2022-11-11 16:32:13 WARNING  Time elapsed: 109.688139 
2022-11-11 16:32:13 WARNING  publishing forward speed: 0.400000, Angular Speed: 0.400000
2022-11-11 16:32:13 WARNING  publishing: None
2022-11-11 16:32:14 WARNING  Time elapsed: 110.684672 
2022-11-11 16:32:14 WARNING  publishing forward speed: 0.400000, Angular Speed: 0.400000
2022-11-11 16:32:14 WARNING  publishing: None
2022-11-11 16:32:15 WARNING  Time elapsed: 111.689302 
2022-11-11 16:32:15 WARNING  publishing forward speed: 0.400000, Angular Speed: 0.400000
2022-11-11 16:32:15 WARNING  publishing: None
2022-11-11 16:32:16 WARNING  Time elapsed: 112.703259 
2022-11-11 16:32:16 WARNING  publishing forward speed: 0.400000, Angular Speed: 0.400000
2022-11-11 16:32:16 WARNING  publishing: None
2022-11-11 16:32:17 WARNING  Time elapsed: 113.688941 
2022-11-11 16:32:17 WARNING  publishing forward speed: 0.400000, Angular Speed: 0.400000
2022-11-11 16:32:17 WARNING  publishing: None
2022-11-11 16:32:18 WARNING  Time elapsed: 114.685559 
2022-11-11 16:32:18 WARNING  publishing forward speed: 0.400000, Angular Speed: 0.400000
2022-11-11 16:32:18 WARNING  publishing: None
2022-11-11 16:32:19 WARNING  Time elapsed: 115.691279 
2022-11-11 16:32:19 WARNING  publishing forward speed: 0.400000, Angular Speed: 0.400000
2022-11-11 16:32:19 WARNING  publishing: None
2022-11-11 16:32:20 WARNING  Time elapsed: 116.682762 
2022-11-11 16:32:20 WARNING  publishing forward speed: 0.400000, Angular Speed: 0.400000
2022-11-11 16:32:20 WARNING  publishing: None
2022-11-11 16:32:21 WARNING  Time elapsed: 117.692947 
2022-11-11 16:32:21 WARNING  publishing forward speed: 0.400000, Angular Speed: 0.400000
2022-11-11 16:32:21 WARNING  publishing: None
2022-11-11 16:32:22 WARNING  Time elapsed: 118.682411 
2022-11-11 16:32:22 WARNING  publishing forward speed: 0.400000, Angular Speed: 0.400000
2022-11-11 16:32:22 WARNING  publishing: None
2022-11-11 16:32:23 WARNING  Time elapsed: 119.686175 
2022-11-11 16:32:23 WARNING  publishing forward speed: 0.400000, Angular Speed: 0.400000
2022-11-11 16:32:23 WARNING  publishing: None
2022-11-11 16:32:24 WARNING  Time elapsed: 120.697649 
2022-11-11 16:32:24 WARNING  publishing forward speed: 0.400000, Angular Speed: 0.400000
2022-11-11 16:32:24 WARNING  publishing: None
2022-11-11 16:32:25 WARNING  Time elapsed: 121.690391 
2022-11-11 16:32:25 WARNING  publishing forward speed: 0.400000, Angular Speed: 0.400000
2022-11-11 16:32:25 WARNING  publishing: None
2022-11-11 16:32:26 WARNING  Time elapsed: 122.750298 
2022-11-11 16:32:26 WARNING  publishing forward speed: 0.400000, Angular Speed: 0.400000
2022-11-11 16:32:26 WARNING  publishing: None
2022-11-11 16:32:27 WARNING  Time elapsed: 123.683156 
2022-11-11 16:32:27 WARNING  publishing forward speed: 0.400000, Angular Speed: 0.400000
2022-11-11 16:32:27 WARNING  publishing: None
2022-11-11 16:32:28 WARNING  Time elapsed: 124.680242 
2022-11-11 16:32:28 WARNING  publishing forward speed: 0.400000, Angular Speed: 0.400000
2022-11-11 16:32:28 WARNING  publishing: None
2022-11-11 16:32:29 WARNING  Time elapsed: 125.675600 
2022-11-11 16:32:29 WARNING  publishing forward speed: 0.400000, Angular Speed: 0.400000
2022-11-11 16:32:29 WARNING  publishing: None
2022-11-11 16:32:30 WARNING  Time elapsed: 126.671613 
2022-11-11 16:32:30 WARNING  publishing forward speed: 0.400000, Angular Speed: 0.400000
2022-11-11 16:32:30 WARNING  publishing: None
2022-11-11 16:32:31 WARNING  Time elapsed: 127.741923 
2022-11-11 16:32:31 WARNING  publishing forward speed: 0.400000, Angular Speed: 0.400000
2022-11-11 16:32:31 WARNING  publishing: None
2022-11-11 16:32:32 WARNING  Time elapsed: 128.684154 
2022-11-11 16:32:32 WARNING  publishing forward speed: 0.400000, Angular Speed: 0.400000
2022-11-11 16:32:32 WARNING  publishing: None
2022-11-11 16:32:33 WARNING  Time elapsed: 129.687912 
2022-11-11 16:32:33 WARNING  publishing forward speed: 0.400000, Angular Speed: 0.400000
2022-11-11 16:32:33 WARNING  publishing: None
2022-11-11 16:32:34 WARNING  Time elapsed: 130.683637 
2022-11-11 16:32:34 WARNING  publishing forward speed: 0.400000, Angular Speed: 0.400000
2022-11-11 16:32:34 WARNING  publishing: None
2022-11-11 16:32:35 WARNING  Time elapsed: 131.686348 
2022-11-11 16:32:35 WARNING  publishing forward speed: 0.400000, Angular Speed: 0.400000
2022-11-11 16:32:35 WARNING  publishing: None
2022-11-11 16:32:36 WARNING  Time elapsed: 132.690094 
2022-11-11 16:32:36 WARNING  publishing forward speed: 0.400000, Angular Speed: 0.400000
2022-11-11 16:32:36 WARNING  publishing: None
2022-11-11 16:32:37 WARNING  Time elapsed: 133.683768 
2022-11-11 16:32:37 WARNING  publishing forward speed: 0.400000, Angular Speed: 0.400000
2022-11-11 16:32:37 WARNING  publishing: None
2022-11-11 16:32:38 WARNING  Time elapsed: 134.684368 
2022-11-11 16:32:38 WARNING  publishing forward speed: 0.400000, Angular Speed: 0.400000
2022-11-11 16:32:38 WARNING  publishing: None
2022-11-11 16:32:39 WARNING  Time elapsed: 135.687528 
2022-11-11 16:32:39 WARNING  publishing forward speed: 0.400000, Angular Speed: 0.400000
2022-11-11 16:32:39 WARNING  publishing: None
2022-11-11 16:32:40 WARNING  Time elapsed: 136.685516 
2022-11-11 16:32:40 WARNING  publishing forward speed: 0.400000, Angular Speed: 0.400000
2022-11-11 16:32:40 WARNING  publishing: None
2022-11-11 16:32:41 WARNING  Time elapsed: 137.762056 
2022-11-11 16:32:41 WARNING  publishing forward speed: 0.400000, Angular Speed: 0.400000
2022-11-11 16:32:41 WARNING  publishing: None
2022-11-11 16:32:42 WARNING  Time elapsed: 138.689512 
2022-11-11 16:32:42 WARNING  publishing forward speed: 0.400000, Angular Speed: 0.400000
2022-11-11 16:32:42 WARNING  publishing: None
2022-11-11 16:32:43 WARNING  Time elapsed: 139.685117 
2022-11-11 16:32:43 WARNING  publishing forward speed: 0.400000, Angular Speed: 0.400000
2022-11-11 16:32:43 WARNING  publishing: None
2022-11-11 16:32:44 WARNING  Time elapsed: 140.684772 
2022-11-11 16:32:44 WARNING  publishing forward speed: 0.400000, Angular Speed: 0.400000
2022-11-11 16:32:44 WARNING  publishing: None
2022-11-11 16:32:45 WARNING  Time elapsed: 141.688570 
2022-11-11 16:32:45 WARNING  publishing forward speed: 0.400000, Angular Speed: 0.400000
2022-11-11 16:32:45 WARNING  publishing: None
2022-11-11 16:32:46 WARNING  Time elapsed: 142.700483 
2022-11-11 16:32:46 WARNING  publishing forward speed: 0.400000, Angular Speed: 0.400000
2022-11-11 16:32:46 WARNING  publishing: None
2022-11-11 16:32:47 WARNING  Time elapsed: 143.685068 
2022-11-11 16:32:47 WARNING  publishing forward speed: 0.400000, Angular Speed: 0.400000
2022-11-11 16:32:47 WARNING  publishing: None
2022-11-11 16:32:48 WARNING  Time elapsed: 144.686748 
2022-11-11 16:32:48 WARNING  publishing forward speed: 0.400000, Angular Speed: 0.400000
2022-11-11 16:32:48 WARNING  publishing: None
2022-11-11 16:32:49 WARNING  Time elapsed: 145.686235 
2022-11-11 16:32:49 WARNING  publishing forward speed: 0.400000, Angular Speed: 0.400000
2022-11-11 16:32:49 WARNING  publishing: None
2022-11-11 16:32:50 WARNING  Time elapsed: 146.684281 
2022-11-11 16:32:50 WARNING  publishing forward speed: 0.400000, Angular Speed: 0.400000
2022-11-11 16:32:50 WARNING  publishing: None
2022-11-11 16:32:51 WARNING  Time elapsed: 147.760907 
2022-11-11 16:32:51 WARNING  publishing forward speed: 0.400000, Angular Speed: 0.400000
2022-11-11 16:32:51 WARNING  publishing: None
2022-11-11 16:32:52 WARNING  Time elapsed: 148.684688 
2022-11-11 16:32:52 WARNING  publishing forward speed: 0.400000, Angular Speed: 0.400000
2022-11-11 16:32:52 WARNING  publishing: None
2022-11-11 16:32:53 WARNING  Time elapsed: 149.684942 
2022-11-11 16:32:53 WARNING  publishing forward speed: 0.400000, Angular Speed: 0.400000
2022-11-11 16:32:53 WARNING  publishing: None
2022-11-11 16:32:54 WARNING  Time elapsed: 150.685176 
2022-11-11 16:32:54 WARNING  publishing forward speed: 0.400000, Angular Speed: 0.400000
2022-11-11 16:32:54 WARNING  publishing: None
2022-11-11 16:32:55 WARNING  Time elapsed: 151.684760 
2022-11-11 16:32:55 WARNING  publishing forward speed: 0.400000, Angular Speed: 0.400000
2022-11-11 16:32:55 WARNING  publishing: None
2022-11-11 16:32:56 WARNING  Time elapsed: 152.750995 
2022-11-11 16:32:56 WARNING  publishing forward speed: 0.400000, Angular Speed: 0.400000
2022-11-11 16:32:56 WARNING  publishing: None
2022-11-11 16:32:57 WARNING  Time elapsed: 153.690363 
2022-11-11 16:32:57 WARNING  publishing forward speed: 0.400000, Angular Speed: 0.400000
2022-11-11 16:32:57 WARNING  publishing: None
2022-11-11 16:32:58 WARNING  Time elapsed: 154.690460 
2022-11-11 16:32:58 WARNING  publishing forward speed: 0.400000, Angular Speed: 0.400000
2022-11-11 16:32:58 WARNING  publishing: None
2022-11-11 16:32:59 WARNING  Time elapsed: 155.684785 
2022-11-11 16:32:59 WARNING  publishing forward speed: 0.400000, Angular Speed: 0.400000
2022-11-11 16:32:59 WARNING  publishing: None
2022-11-11 16:33:00 WARNING  Time elapsed: 156.691852 
2022-11-11 16:33:00 WARNING  publishing forward speed: 0.400000, Angular Speed: 0.400000
2022-11-11 16:33:00 WARNING  publishing: None
2022-11-11 16:33:01 WARNING  Time elapsed: 157.703423 
2022-11-11 16:33:01 WARNING  publishing forward speed: 0.400000, Angular Speed: 0.400000
2022-11-11 16:33:01 WARNING  publishing: None
2022-11-11 16:33:02 WARNING  Time elapsed: 158.693113 
2022-11-11 16:33:02 WARNING  publishing forward speed: 0.400000, Angular Speed: 0.400000
2022-11-11 16:33:02 WARNING  publishing: None
2022-11-11 16:33:03 WARNING  Time elapsed: 159.692130 
2022-11-11 16:33:03 WARNING  publishing forward speed: 0.400000, Angular Speed: 0.400000
2022-11-11 16:33:03 WARNING  publishing: None
2022-11-11 16:33:04 WARNING  Time elapsed: 160.694747 
2022-11-11 16:33:04 WARNING  publishing forward speed: 0.400000, Angular Speed: 0.400000
2022-11-11 16:33:04 WARNING  publishing: None
2022-11-11 16:33:05 WARNING  Time elapsed: 161.692746 
2022-11-11 16:33:05 WARNING  publishing forward speed: 0.400000, Angular Speed: 0.400000
2022-11-11 16:33:05 WARNING  publishing: None
2022-11-11 16:33:06 WARNING  Time elapsed: 162.759131 
2022-11-11 16:33:06 WARNING  publishing forward speed: 0.400000, Angular Speed: 0.400000
2022-11-11 16:33:06 WARNING  publishing: None
2022-11-11 16:33:07 WARNING  Time elapsed: 163.683751 
2022-11-11 16:33:07 WARNING  publishing forward speed: 0.400000, Angular Speed: 0.400000
2022-11-11 16:33:07 WARNING  publishing: None
2022-11-11 16:33:08 WARNING  Time elapsed: 164.691658 
2022-11-11 16:33:08 WARNING  publishing forward speed: 0.400000, Angular Speed: 0.400000
2022-11-11 16:33:08 WARNING  publishing: None
2022-11-11 16:33:09 WARNING  Time elapsed: 165.693206 
2022-11-11 16:33:09 WARNING  publishing forward speed: 0.400000, Angular Speed: 0.400000
2022-11-11 16:33:09 WARNING  publishing: None
2022-11-11 16:33:10 WARNING  Time elapsed: 166.685224 
2022-11-11 16:33:10 WARNING  publishing forward speed: 0.400000, Angular Speed: 0.400000
2022-11-11 16:33:10 WARNING  publishing: None
2022-11-11 16:33:11 WARNING  Time elapsed: 167.751364 
2022-11-11 16:33:11 WARNING  publishing forward speed: 0.400000, Angular Speed: 0.400000
2022-11-11 16:33:11 WARNING  publishing: None
2022-11-11 16:33:12 WARNING  Time elapsed: 168.684328 
2022-11-11 16:33:12 WARNING  publishing forward speed: 0.400000, Angular Speed: 0.400000
2022-11-11 16:33:12 WARNING  publishing: None
2022-11-11 16:33:13 WARNING  Time elapsed: 169.686344 
2022-11-11 16:33:13 WARNING  publishing forward speed: 0.400000, Angular Speed: 0.400000
2022-11-11 16:33:13 WARNING  publishing: None
2022-11-11 16:33:14 WARNING  Time elapsed: 170.684710 
2022-11-11 16:33:14 WARNING  publishing forward speed: 0.400000, Angular Speed: 0.400000
2022-11-11 16:33:14 WARNING  publishing: None
2022-11-11 16:33:15 WARNING  Time elapsed: 171.686590 
2022-11-11 16:33:15 WARNING  publishing forward speed: 0.400000, Angular Speed: 0.400000
2022-11-11 16:33:15 WARNING  publishing: None
2022-11-11 16:33:16 WARNING  Time elapsed: 172.752680 
2022-11-11 16:33:16 WARNING  publishing forward speed: 0.400000, Angular Speed: 0.400000
2022-11-11 16:33:16 WARNING  publishing: None
2022-11-11 16:33:17 WARNING  Time elapsed: 173.683229 
2022-11-11 16:33:17 WARNING  publishing forward speed: 0.400000, Angular Speed: 0.400000
2022-11-11 16:33:17 WARNING  publishing: None
2022-11-11 16:33:18 WARNING  Time elapsed: 174.685288 
2022-11-11 16:33:18 WARNING  publishing forward speed: 0.400000, Angular Speed: 0.400000
2022-11-11 16:33:18 WARNING  publishing: None
2022-11-11 16:33:19 WARNING  Time elapsed: 175.689366 
2022-11-11 16:33:19 WARNING  publishing forward speed: 0.400000, Angular Speed: 0.400000
2022-11-11 16:33:19 WARNING  publishing: None
2022-11-11 16:33:20 WARNING  Time elapsed: 176.684463 
2022-11-11 16:33:20 WARNING  publishing forward speed: 0.400000, Angular Speed: 0.400000
2022-11-11 16:33:20 WARNING  publishing: None
2022-11-11 16:33:21 WARNING  Time elapsed: 177.750704 
2022-11-11 16:33:21 WARNING  publishing forward speed: 0.400000, Angular Speed: 0.400000
2022-11-11 16:33:21 WARNING  publishing: None
2022-11-11 16:33:22 WARNING  Time elapsed: 178.689718 
2022-11-11 16:33:22 WARNING  publishing forward speed: 0.400000, Angular Speed: 0.400000
2022-11-11 16:33:22 WARNING  publishing: None
2022-11-11 16:33:23 WARNING  Time elapsed: 179.688984 
2022-11-11 16:33:23 WARNING  publishing forward speed: 0.400000, Angular Speed: 0.400000
2022-11-11 16:33:23 WARNING  publishing: None
2022-11-11 16:33:24 WARNING  Time elapsed: 180.685333 
2022-11-11 16:33:24 WARNING  publishing forward speed: 0.400000, Angular Speed: 0.400000
2022-11-11 16:33:24 WARNING  publishing: None
2022-11-11 16:33:25 WARNING  Time elapsed: 181.683178 
2022-11-11 16:33:25 WARNING  publishing forward speed: 0.400000, Angular Speed: 0.400000
2022-11-11 16:33:25 WARNING  publishing: None
2022-11-11 16:33:26 WARNING  Time elapsed: 182.747196 
2022-11-11 16:33:26 WARNING  publishing forward speed: 0.400000, Angular Speed: 0.400000
2022-11-11 16:33:26 WARNING  publishing: None
2022-11-11 16:33:27 WARNING  Time elapsed: 183.686988 
2022-11-11 16:33:27 WARNING  publishing forward speed: 0.400000, Angular Speed: 0.400000
2022-11-11 16:33:27 WARNING  publishing: None
2022-11-11 16:33:28 WARNING  Time elapsed: 184.683282 
2022-11-11 16:33:28 WARNING  publishing forward speed: 0.400000, Angular Speed: 0.400000
2022-11-11 16:33:28 WARNING  publishing: None
2022-11-11 16:33:29 WARNING  Time elapsed: 185.683477 
2022-11-11 16:33:29 WARNING  publishing forward speed: 0.400000, Angular Speed: 0.400000
2022-11-11 16:33:29 WARNING  publishing: None
2022-11-11 16:33:30 WARNING  Time elapsed: 186.688158 
2022-11-11 16:33:30 WARNING  publishing forward speed: 0.400000, Angular Speed: 0.400000
2022-11-11 16:33:30 WARNING  publishing: None
2022-11-11 16:33:31 WARNING  Time elapsed: 187.756348 
2022-11-11 16:33:31 WARNING  publishing forward speed: 0.400000, Angular Speed: 0.400000
2022-11-11 16:33:31 WARNING  publishing: None
2022-11-11 16:33:32 WARNING  Time elapsed: 188.685040 
2022-11-11 16:33:32 WARNING  publishing forward speed: 0.400000, Angular Speed: 0.400000
2022-11-11 16:33:32 WARNING  publishing: None
2022-11-11 16:33:33 WARNING  Time elapsed: 189.691308 
2022-11-11 16:33:33 WARNING  publishing forward speed: 0.400000, Angular Speed: 0.400000
2022-11-11 16:33:33 WARNING  publishing: None
2022-11-11 16:33:34 WARNING  Time elapsed: 190.684601 
2022-11-11 16:33:34 WARNING  publishing forward speed: 0.400000, Angular Speed: 0.400000
2022-11-11 16:33:34 WARNING  publishing: None
2022-11-11 16:33:35 WARNING  Time elapsed: 191.684357 
2022-11-11 16:33:35 WARNING  publishing forward speed: 0.400000, Angular Speed: 0.400000
2022-11-11 16:33:35 WARNING  publishing: None
2022-11-11 16:33:36 WARNING  Time elapsed: 192.763042 
2022-11-11 16:33:36 WARNING  publishing forward speed: 0.400000, Angular Speed: 0.400000
2022-11-11 16:33:36 WARNING  publishing: None
2022-11-11 16:33:37 WARNING  Time elapsed: 193.684190 
2022-11-11 16:33:37 WARNING  publishing forward speed: 0.400000, Angular Speed: 0.400000
2022-11-11 16:33:37 WARNING  publishing: None
2022-11-11 16:33:38 WARNING  Time elapsed: 194.684345 
2022-11-11 16:33:38 WARNING  publishing forward speed: 0.400000, Angular Speed: 0.400000
2022-11-11 16:33:38 WARNING  publishing: None
2022-11-11 16:33:39 WARNING  Time elapsed: 195.693143 
2022-11-11 16:33:39 WARNING  publishing forward speed: 0.400000, Angular Speed: 0.400000
2022-11-11 16:33:39 WARNING  publishing: None
2022-11-11 16:33:40 WARNING  Time elapsed: 196.684668 
2022-11-11 16:33:40 WARNING  publishing forward speed: 0.400000, Angular Speed: 0.400000
2022-11-11 16:33:40 WARNING  publishing: None
2022-11-11 16:33:41 WARNING  Time elapsed: 197.759188 
2022-11-11 16:33:41 WARNING  publishing forward speed: 0.400000, Angular Speed: 0.400000
2022-11-11 16:33:41 WARNING  publishing: None
2022-11-11 16:33:42 WARNING  Time elapsed: 198.683790 
2022-11-11 16:33:42 WARNING  publishing forward speed: 0.400000, Angular Speed: 0.400000
2022-11-11 16:33:42 WARNING  publishing: None
2022-11-11 16:33:43 WARNING  Time elapsed: 199.694086 
2022-11-11 16:33:43 WARNING  publishing forward speed: 0.400000, Angular Speed: 0.400000
2022-11-11 16:33:43 WARNING  publishing: None
2022-11-11 16:33:44 WARNING  Time elapsed: 200.689337 
2022-11-11 16:33:44 WARNING  publishing forward speed: 0.400000, Angular Speed: 0.400000
2022-11-11 16:33:44 WARNING  publishing: None
2022-11-11 16:33:45 WARNING  Time elapsed: 201.698276 
2022-11-11 16:33:45 WARNING  publishing forward speed: 0.400000, Angular Speed: 0.400000
2022-11-11 16:33:45 WARNING  publishing: None
2022-11-11 16:33:46 WARNING  Time elapsed: 202.766612 
2022-11-11 16:33:46 WARNING  publishing forward speed: 0.400000, Angular Speed: 0.400000
2022-11-11 16:33:46 WARNING  publishing: None
2022-11-11 16:33:47 WARNING  Time elapsed: 203.688812 
2022-11-11 16:33:47 WARNING  publishing forward speed: 0.400000, Angular Speed: 0.400000
2022-11-11 16:33:47 WARNING  publishing: None
2022-11-11 16:33:48 WARNING  Time elapsed: 204.685678 
2022-11-11 16:33:48 WARNING  publishing forward speed: 0.400000, Angular Speed: 0.400000
2022-11-11 16:33:48 WARNING  publishing: None
2022-11-11 16:33:49 WARNING  Time elapsed: 205.689651 
2022-11-11 16:33:49 WARNING  publishing forward speed: 0.400000, Angular Speed: 0.400000
2022-11-11 16:33:49 WARNING  publishing: None
2022-11-11 16:33:50 WARNING  Time elapsed: 206.690100 
2022-11-11 16:33:50 WARNING  publishing forward speed: 0.400000, Angular Speed: 0.400000
2022-11-11 16:33:50 WARNING  publishing: None
2022-11-11 16:33:51 WARNING  Time elapsed: 207.704380 
2022-11-11 16:33:51 WARNING  publishing forward speed: 0.400000, Angular Speed: 0.400000
2022-11-11 16:33:51 WARNING  publishing: None
2022-11-11 16:33:52 WARNING  Time elapsed: 208.687567 
2022-11-11 16:33:52 WARNING  publishing forward speed: 0.400000, Angular Speed: 0.400000
2022-11-11 16:33:52 WARNING  publishing: None
2022-11-11 16:33:53 WARNING  Time elapsed: 209.685901 
2022-11-11 16:33:53 WARNING  publishing forward speed: 0.400000, Angular Speed: 0.400000
2022-11-11 16:33:53 WARNING  publishing: None
2022-11-11 16:33:54 WARNING  Time elapsed: 210.687451 
2022-11-11 16:33:54 WARNING  publishing forward speed: 0.400000, Angular Speed: 0.400000
2022-11-11 16:33:54 WARNING  publishing: None
2022-11-11 16:33:55 WARNING  Time elapsed: 211.688787 
2022-11-11 16:33:55 WARNING  publishing forward speed: 0.400000, Angular Speed: 0.400000
2022-11-11 16:33:55 WARNING  publishing: None
2022-11-11 16:33:56 WARNING  Time elapsed: 212.759168 
2022-11-11 16:33:56 WARNING  publishing forward speed: 0.400000, Angular Speed: 0.400000
2022-11-11 16:33:56 WARNING  publishing: None
2022-11-11 16:33:57 WARNING  Time elapsed: 213.688815 
2022-11-11 16:33:57 WARNING  publishing forward speed: 0.400000, Angular Speed: 0.400000
2022-11-11 16:33:57 WARNING  publishing: None
2022-11-11 16:33:58 WARNING  Time elapsed: 214.686378 
2022-11-11 16:33:58 WARNING  publishing forward speed: 0.400000, Angular Speed: 0.400000
2022-11-11 16:33:58 WARNING  publishing: None
2022-11-11 16:33:59 WARNING  Time elapsed: 215.685319 
2022-11-11 16:33:59 WARNING  publishing forward speed: 0.400000, Angular Speed: 0.400000
2022-11-11 16:33:59 WARNING  publishing: None
2022-11-11 16:34:00 WARNING  Time elapsed: 216.687579 
2022-11-11 16:34:00 WARNING  publishing forward speed: 0.400000, Angular Speed: 0.400000
2022-11-11 16:34:00 WARNING  publishing: None
2022-11-11 16:34:01 WARNING  Time elapsed: 217.703843 
2022-11-11 16:34:01 WARNING  publishing forward speed: 0.400000, Angular Speed: 0.400000
2022-11-11 16:34:01 WARNING  publishing: None
2022-11-11 16:34:02 WARNING  Time elapsed: 218.685123 
2022-11-11 16:34:02 WARNING  publishing forward speed: 0.400000, Angular Speed: 0.400000
2022-11-11 16:34:02 WARNING  publishing: None
2022-11-11 16:34:03 WARNING  Time elapsed: 219.698666 
2022-11-11 16:34:03 WARNING  publishing forward speed: 0.400000, Angular Speed: 0.400000
2022-11-11 16:34:03 WARNING  publishing: None
2022-11-11 16:34:04 WARNING  Time elapsed: 220.690910 
2022-11-11 16:34:04 WARNING  publishing forward speed: 0.400000, Angular Speed: 0.400000
2022-11-11 16:34:04 WARNING  publishing: None
2022-11-11 16:34:05 WARNING  Time elapsed: 221.686232 
2022-11-11 16:34:05 WARNING  publishing forward speed: 0.400000, Angular Speed: 0.400000
2022-11-11 16:34:05 WARNING  publishing: None
2022-11-11 16:34:06 WARNING  Time elapsed: 222.756453 
2022-11-11 16:34:06 WARNING  publishing forward speed: 0.400000, Angular Speed: 0.400000
2022-11-11 16:34:06 WARNING  publishing: None
2022-11-11 16:34:07 WARNING  Time elapsed: 223.685602 
2022-11-11 16:34:07 WARNING  publishing forward speed: 0.400000, Angular Speed: 0.400000
2022-11-11 16:34:07 WARNING  publishing: None
2022-11-11 16:34:08 WARNING  Time elapsed: 224.686281 
2022-11-11 16:34:08 WARNING  publishing forward speed: 0.400000, Angular Speed: 0.400000
2022-11-11 16:34:08 WARNING  publishing: None
2022-11-11 16:34:09 WARNING  Time elapsed: 225.688831 
2022-11-11 16:34:09 WARNING  publishing forward speed: 0.400000, Angular Speed: 0.400000
2022-11-11 16:34:09 WARNING  publishing: None
2022-11-11 16:34:10 WARNING  Time elapsed: 226.678048 
2022-11-11 16:34:10 WARNING  publishing forward speed: 0.400000, Angular Speed: 0.400000
2022-11-11 16:34:10 WARNING  publishing: None
2022-11-11 16:34:11 WARNING  Time elapsed: 227.694095 
2022-11-11 16:34:11 WARNING  publishing forward speed: 0.400000, Angular Speed: 0.400000
2022-11-11 16:34:11 WARNING  publishing: None
2022-11-11 16:34:12 WARNING  Time elapsed: 228.687695 
2022-11-11 16:34:12 WARNING  publishing forward speed: 0.400000, Angular Speed: 0.400000
2022-11-11 16:34:12 WARNING  publishing: None
2022-11-11 16:34:13 WARNING  Time elapsed: 229.687597 
2022-11-11 16:34:13 WARNING  publishing forward speed: 0.400000, Angular Speed: 0.400000
2022-11-11 16:34:13 WARNING  publishing: None
2022-11-11 16:34:14 WARNING  Time elapsed: 230.689514 
2022-11-11 16:34:14 WARNING  publishing forward speed: 0.400000, Angular Speed: 0.400000
2022-11-11 16:34:14 WARNING  publishing: None
2022-11-11 16:34:15 WARNING  Time elapsed: 231.689647 
2022-11-11 16:34:15 WARNING  publishing forward speed: 0.400000, Angular Speed: 0.400000
2022-11-11 16:34:15 WARNING  publishing: None
2022-11-11 16:34:16 WARNING  Time elapsed: 232.760132 
2022-11-11 16:34:16 WARNING  publishing forward speed: 0.400000, Angular Speed: 0.400000
2022-11-11 16:34:16 WARNING  publishing: None
2022-11-11 16:34:17 WARNING  Time elapsed: 233.685389 
2022-11-11 16:34:17 WARNING  publishing forward speed: 0.400000, Angular Speed: 0.400000
2022-11-11 16:34:17 WARNING  publishing: None
2022-11-11 16:34:18 WARNING  Time elapsed: 234.686214 
2022-11-11 16:34:18 WARNING  publishing forward speed: 0.400000, Angular Speed: 0.400000
2022-11-11 16:34:18 WARNING  publishing: None
2022-11-11 16:34:19 WARNING  Time elapsed: 235.686196 
2022-11-11 16:34:19 WARNING  publishing forward speed: 0.400000, Angular Speed: 0.400000
2022-11-11 16:34:19 WARNING  publishing: None
2022-11-11 16:34:20 WARNING  Time elapsed: 236.690613 
2022-11-11 16:34:20 WARNING  publishing forward speed: 0.400000, Angular Speed: 0.400000
2022-11-11 16:34:20 WARNING  publishing: None
2022-11-11 16:34:21 WARNING  Time elapsed: 237.762964 
2022-11-11 16:34:21 WARNING  publishing forward speed: 0.400000, Angular Speed: 0.400000
2022-11-11 16:34:21 WARNING  publishing: None
2022-11-11 16:34:22 WARNING  Time elapsed: 238.695010 
2022-11-11 16:34:22 WARNING  publishing forward speed: 0.400000, Angular Speed: 0.400000
2022-11-11 16:34:22 WARNING  publishing: None
2022-11-11 16:34:23 WARNING  Time elapsed: 239.684397 
2022-11-11 16:34:23 WARNING  publishing forward speed: 0.400000, Angular Speed: 0.400000
2022-11-11 16:34:23 WARNING  publishing: None
2022-11-11 16:34:24 WARNING  Time elapsed: 240.695291 
2022-11-11 16:34:24 WARNING  publishing forward speed: 0.400000, Angular Speed: 0.400000
2022-11-11 16:34:24 WARNING  publishing: None
2022-11-11 16:34:25 WARNING  Time elapsed: 241.693768 
2022-11-11 16:34:25 WARNING  publishing forward speed: 0.400000, Angular Speed: 0.400000
2022-11-11 16:34:25 WARNING  publishing: None
2022-11-11 16:34:26 WARNING  Time elapsed: 242.766166 
2022-11-11 16:34:26 WARNING  publishing forward speed: 0.400000, Angular Speed: 0.400000
2022-11-11 16:34:26 WARNING  publishing: None
2022-11-11 16:34:27 WARNING  Time elapsed: 243.702704 
2022-11-11 16:34:27 WARNING  publishing forward speed: 0.400000, Angular Speed: 0.400000
2022-11-11 16:34:27 WARNING  publishing: None
2022-11-11 16:34:28 WARNING  Time elapsed: 244.690956 
2022-11-11 16:34:28 WARNING  publishing forward speed: 0.400000, Angular Speed: 0.400000
2022-11-11 16:34:28 WARNING  publishing: None
2022-11-11 16:34:29 WARNING  Time elapsed: 245.684220 
2022-11-11 16:34:29 WARNING  publishing forward speed: 0.400000, Angular Speed: 0.400000
2022-11-11 16:34:29 WARNING  publishing: None
2022-11-11 16:34:30 WARNING  Time elapsed: 246.688901 
2022-11-11 16:34:30 WARNING  publishing forward speed: 0.400000, Angular Speed: 0.400000
2022-11-11 16:34:30 WARNING  publishing: None
2022-11-11 16:34:31 WARNING  Time elapsed: 247.761363 
2022-11-11 16:34:31 WARNING  publishing forward speed: 0.400000, Angular Speed: 0.400000
2022-11-11 16:34:31 WARNING  publishing: None
2022-11-11 16:34:32 WARNING  Time elapsed: 248.687734 
2022-11-11 16:34:32 WARNING  publishing forward speed: 0.400000, Angular Speed: 0.400000
2022-11-11 16:34:32 WARNING  publishing: None
2022-11-11 16:34:33 WARNING  Time elapsed: 249.689528 
2022-11-11 16:34:33 WARNING  publishing forward speed: 0.400000, Angular Speed: 0.400000
2022-11-11 16:34:33 WARNING  publishing: None
2022-11-11 16:34:34 WARNING  Time elapsed: 250.693551 
2022-11-11 16:34:34 WARNING  publishing forward speed: 0.400000, Angular Speed: 0.400000
2022-11-11 16:34:34 WARNING  publishing: None
2022-11-11 16:34:35 WARNING  Time elapsed: 251.683164 
2022-11-11 16:34:35 WARNING  publishing forward speed: 0.400000, Angular Speed: 0.400000
2022-11-11 16:34:35 WARNING  publishing: None
2022-11-11 16:34:36 WARNING  Time elapsed: 252.701567 
2022-11-11 16:34:36 WARNING  publishing forward speed: 0.400000, Angular Speed: 0.400000
2022-11-11 16:34:36 WARNING  publishing: None
2022-11-11 16:34:37 WARNING  Time elapsed: 253.683123 
2022-11-11 16:34:37 WARNING  publishing forward speed: 0.400000, Angular Speed: 0.400000
2022-11-11 16:34:37 WARNING  publishing: None
2022-11-11 16:34:38 WARNING  Time elapsed: 254.684252 
2022-11-11 16:34:38 WARNING  publishing forward speed: 0.400000, Angular Speed: 0.400000
2022-11-11 16:34:38 WARNING  publishing: None
2022-11-11 16:34:39 WARNING  Time elapsed: 255.687365 
2022-11-11 16:34:39 WARNING  publishing forward speed: 0.400000, Angular Speed: 0.400000
2022-11-11 16:34:39 WARNING  publishing: None
2022-11-11 16:34:40 WARNING  Time elapsed: 256.682873 
2022-11-11 16:34:40 WARNING  publishing forward speed: 0.400000, Angular Speed: 0.400000
2022-11-11 16:34:40 WARNING  publishing: None
2022-11-11 16:34:41 WARNING  Time elapsed: 257.765705 
2022-11-11 16:34:41 WARNING  publishing forward speed: 0.400000, Angular Speed: 0.400000
2022-11-11 16:34:41 WARNING  publishing: None
2022-11-11 16:34:42 WARNING  Time elapsed: 258.679636 
2022-11-11 16:34:42 WARNING  publishing forward speed: 0.400000, Angular Speed: 0.400000
2022-11-11 16:34:42 WARNING  publishing: None
2022-11-11 16:34:43 WARNING  Time elapsed: 259.683213 
2022-11-11 16:34:43 WARNING  publishing forward speed: 0.400000, Angular Speed: 0.400000
2022-11-11 16:34:43 WARNING  publishing: None
2022-11-11 16:34:44 WARNING  Time elapsed: 260.689282 
2022-11-11 16:34:44 WARNING  publishing forward speed: 0.400000, Angular Speed: 0.400000
2022-11-11 16:34:44 WARNING  publishing: None
2022-11-11 16:34:45 WARNING  Time elapsed: 261.693447 
2022-11-11 16:34:45 WARNING  publishing forward speed: 0.400000, Angular Speed: 0.400000
2022-11-11 16:34:45 WARNING  publishing: None
2022-11-11 16:34:46 WARNING  Time elapsed: 262.711908 
2022-11-11 16:34:46 WARNING  publishing forward speed: 0.400000, Angular Speed: 0.400000
2022-11-11 16:34:46 WARNING  publishing: None
2022-11-11 16:34:47 WARNING  Time elapsed: 263.686766 
2022-11-11 16:34:47 WARNING  publishing forward speed: 0.400000, Angular Speed: 0.400000
2022-11-11 16:34:47 WARNING  publishing: None
2022-11-11 16:34:48 WARNING  Time elapsed: 264.684990 
2022-11-11 16:34:48 WARNING  publishing forward speed: 0.400000, Angular Speed: 0.400000
2022-11-11 16:34:48 WARNING  publishing: None
2022-11-11 16:34:49 WARNING  Time elapsed: 265.685625 
2022-11-11 16:34:49 WARNING  publishing forward speed: 0.400000, Angular Speed: 0.400000
2022-11-11 16:34:49 WARNING  publishing: None
2022-11-11 16:34:50 WARNING  Time elapsed: 266.684736 
2022-11-11 16:34:50 WARNING  publishing forward speed: 0.400000, Angular Speed: 0.400000
2022-11-11 16:34:50 WARNING  publishing: None
2022-11-11 16:34:51 WARNING  Time elapsed: 267.767564 
2022-11-11 16:34:51 WARNING  publishing forward speed: 0.400000, Angular Speed: 0.400000
2022-11-11 16:34:51 WARNING  publishing: None
2022-11-11 16:34:52 WARNING  Time elapsed: 268.683280 
2022-11-11 16:34:52 WARNING  publishing forward speed: 0.400000, Angular Speed: 0.400000
2022-11-11 16:34:52 WARNING  publishing: None
2022-11-11 16:34:53 WARNING  Time elapsed: 269.683258 
2022-11-11 16:34:53 WARNING  publishing forward speed: 0.400000, Angular Speed: 0.400000
2022-11-11 16:34:53 WARNING  publishing: None
2022-11-11 16:34:54 WARNING  Time elapsed: 270.683206 
2022-11-11 16:34:54 WARNING  publishing forward speed: 0.400000, Angular Speed: 0.400000
2022-11-11 16:34:54 WARNING  publishing: None
2022-11-11 16:34:55 WARNING  Time elapsed: 271.684810 
2022-11-11 16:34:55 WARNING  publishing forward speed: 0.400000, Angular Speed: 0.400000
2022-11-11 16:34:55 WARNING  publishing: None
2022-11-11 16:34:56 WARNING  Time elapsed: 272.694779 
2022-11-11 16:34:56 WARNING  publishing forward speed: 0.400000, Angular Speed: 0.400000
2022-11-11 16:34:56 WARNING  publishing: None
2022-11-11 16:34:57 WARNING  Time elapsed: 273.685643 
2022-11-11 16:34:57 WARNING  publishing forward speed: 0.400000, Angular Speed: 0.400000
2022-11-11 16:34:57 WARNING  publishing: None
2022-11-11 16:34:58 WARNING  Time elapsed: 274.682568 
2022-11-11 16:34:58 WARNING  publishing forward speed: 0.400000, Angular Speed: 0.400000
2022-11-11 16:34:58 WARNING  publishing: None
2022-11-11 16:34:59 WARNING  Time elapsed: 275.681239 
2022-11-11 16:34:59 WARNING  publishing forward speed: 0.400000, Angular Speed: 0.400000
2022-11-11 16:34:59 WARNING  publishing: None
2022-11-11 16:35:00 WARNING  Time elapsed: 276.685001 
2022-11-11 16:35:00 WARNING  publishing forward speed: 0.400000, Angular Speed: 0.400000
2022-11-11 16:35:00 WARNING  publishing: None
2022-11-11 16:35:01 WARNING  Time elapsed: 277.767753 
2022-11-11 16:35:01 WARNING  publishing forward speed: 0.400000, Angular Speed: 0.400000
2022-11-11 16:35:01 WARNING  publishing: None
2022-11-11 16:35:02 WARNING  Time elapsed: 278.683198 
2022-11-11 16:35:02 WARNING  publishing forward speed: 0.400000, Angular Speed: 0.400000
2022-11-11 16:35:02 WARNING  publishing: None
2022-11-11 16:35:03 WARNING  Time elapsed: 279.691762 
2022-11-11 16:35:03 WARNING  publishing forward speed: 0.400000, Angular Speed: 0.400000
2022-11-11 16:35:03 WARNING  publishing: None
2022-11-11 16:35:04 WARNING  Time elapsed: 280.681677 
2022-11-11 16:35:04 WARNING  publishing forward speed: 0.400000, Angular Speed: 0.400000
2022-11-11 16:35:04 WARNING  publishing: None
2022-11-11 16:35:05 WARNING  Time elapsed: 281.690480 
2022-11-11 16:35:05 WARNING  publishing forward speed: 0.400000, Angular Speed: 0.400000
2022-11-11 16:35:05 WARNING  publishing: None
2022-11-11 16:35:06 WARNING  Time elapsed: 282.704612 
2022-11-11 16:35:06 WARNING  publishing forward speed: 0.400000, Angular Speed: 0.400000
2022-11-11 16:35:06 WARNING  publishing: None
2022-11-11 16:35:07 WARNING  Time elapsed: 283.690897 
2022-11-11 16:35:07 WARNING  publishing forward speed: 0.400000, Angular Speed: 0.400000
2022-11-11 16:35:07 WARNING  publishing: None
2022-11-11 16:35:08 WARNING  Time elapsed: 284.693383 
2022-11-11 16:35:08 WARNING  publishing forward speed: 0.400000, Angular Speed: 0.400000
2022-11-11 16:35:08 WARNING  publishing: None
2022-11-11 16:35:09 WARNING  Time elapsed: 285.693562 
2022-11-11 16:35:09 WARNING  publishing forward speed: 0.400000, Angular Speed: 0.400000
2022-11-11 16:35:09 WARNING  publishing: None
2022-11-11 16:35:10 WARNING  Time elapsed: 286.683105 
2022-11-11 16:35:10 WARNING  publishing forward speed: 0.400000, Angular Speed: 0.400000
2022-11-11 16:35:10 WARNING  publishing: None
2022-11-11 16:35:11 WARNING  Time elapsed: 287.761819 
2022-11-11 16:35:11 WARNING  publishing forward speed: 0.400000, Angular Speed: 0.400000
2022-11-11 16:35:11 WARNING  publishing: None
2022-11-11 16:35:12 WARNING  Time elapsed: 288.688466 
2022-11-11 16:35:12 WARNING  publishing forward speed: 0.400000, Angular Speed: 0.400000
2022-11-11 16:35:12 WARNING  publishing: None
2022-11-11 16:35:13 WARNING  Time elapsed: 289.684924 
2022-11-11 16:35:13 WARNING  publishing forward speed: 0.400000, Angular Speed: 0.400000
2022-11-11 16:35:13 WARNING  publishing: None
2022-11-11 16:35:14 WARNING  Time elapsed: 290.684588 
2022-11-11 16:35:14 WARNING  publishing forward speed: 0.400000, Angular Speed: 0.400000
2022-11-11 16:35:14 WARNING  publishing: None
2022-11-11 16:35:15 WARNING  Time elapsed: 291.690191 
2022-11-11 16:35:15 WARNING  publishing forward speed: 0.400000, Angular Speed: 0.400000
2022-11-11 16:35:15 WARNING  publishing: None
2022-11-11 16:35:16 WARNING  Time elapsed: 292.773093 
2022-11-11 16:35:16 WARNING  publishing forward speed: 0.400000, Angular Speed: 0.400000
2022-11-11 16:35:16 WARNING  publishing: None
2022-11-11 16:35:17 WARNING  Time elapsed: 293.684084 
2022-11-11 16:35:17 WARNING  publishing forward speed: 0.400000, Angular Speed: 0.400000
2022-11-11 16:35:17 WARNING  publishing: None
2022-11-11 16:35:18 WARNING  Time elapsed: 294.683510 
2022-11-11 16:35:18 WARNING  publishing forward speed: 0.400000, Angular Speed: 0.400000
2022-11-11 16:35:18 WARNING  publishing: None
2022-11-11 16:35:19 WARNING  Time elapsed: 295.683315 
2022-11-11 16:35:19 WARNING  publishing forward speed: 0.400000, Angular Speed: 0.400000
2022-11-11 16:35:19 WARNING  publishing: None
2022-11-11 16:35:20 WARNING  Time elapsed: 296.685803 
2022-11-11 16:35:20 WARNING  publishing forward speed: 0.400000, Angular Speed: 0.400000
2022-11-11 16:35:20 WARNING  publishing: None
2022-11-11 16:35:21 WARNING  Time elapsed: 297.704183 
2022-11-11 16:35:21 WARNING  publishing forward speed: 0.400000, Angular Speed: 0.400000
2022-11-11 16:35:21 WARNING  publishing: None
2022-11-11 16:35:22 WARNING  Time elapsed: 298.684612 
2022-11-11 16:35:22 WARNING  publishing forward speed: 0.400000, Angular Speed: 0.400000
2022-11-11 16:35:22 WARNING  publishing: None
2022-11-11 16:35:23 WARNING  Time elapsed: 299.684320 
2022-11-11 16:35:23 WARNING  publishing forward speed: 0.400000, Angular Speed: 0.400000
2022-11-11 16:35:23 WARNING  publishing: None
2022-11-11 16:35:24 WARNING  Time elapsed: 300.684453 
2022-11-11 16:35:24 WARNING  publishing forward speed: 0.400000, Angular Speed: 0.400000
2022-11-11 16:35:24 WARNING  publishing: None
2022-11-11 16:35:25 WARNING  Time elapsed: 301.691545 
2022-11-11 16:35:25 WARNING  publishing forward speed: 0.400000, Angular Speed: 0.400000
2022-11-11 16:35:25 WARNING  publishing: None
2022-11-11 16:35:26 WARNING  Time elapsed: 302.772521 
2022-11-11 16:35:26 WARNING  publishing forward speed: 0.400000, Angular Speed: 0.400000
2022-11-11 16:35:26 WARNING  publishing: None
2022-11-11 16:35:27 WARNING  Time elapsed: 303.687052 
2022-11-11 16:35:27 WARNING  publishing forward speed: 0.400000, Angular Speed: 0.400000
2022-11-11 16:35:27 WARNING  publishing: None
2022-11-11 16:35:28 WARNING  Time elapsed: 304.683692 
2022-11-11 16:35:28 WARNING  publishing forward speed: 0.400000, Angular Speed: 0.400000
2022-11-11 16:35:28 WARNING  publishing: None
2022-11-11 16:35:29 WARNING  Time elapsed: 305.683152 
2022-11-11 16:35:29 WARNING  publishing forward speed: 0.400000, Angular Speed: 0.400000
2022-11-11 16:35:29 WARNING  publishing: None
2022-11-11 16:35:30 WARNING  Time elapsed: 306.685280 
2022-11-11 16:35:30 WARNING  publishing forward speed: 0.400000, Angular Speed: 0.400000
2022-11-11 16:35:30 WARNING  publishing: None
2022-11-11 16:35:31 WARNING  Time elapsed: 307.701567 
2022-11-11 16:35:31 WARNING  publishing forward speed: 0.400000, Angular Speed: 0.400000
2022-11-11 16:35:31 WARNING  publishing: None
2022-11-11 16:35:32 WARNING  Time elapsed: 308.683392 
2022-11-11 16:35:32 WARNING  publishing forward speed: 0.400000, Angular Speed: 0.400000
2022-11-11 16:35:32 WARNING  publishing: None
2022-11-11 16:35:33 WARNING  Time elapsed: 309.689036 
2022-11-11 16:35:33 WARNING  publishing forward speed: 0.400000, Angular Speed: 0.400000
2022-11-11 16:35:33 WARNING  publishing: None
2022-11-11 16:35:34 WARNING  Time elapsed: 310.684668 
2022-11-11 16:35:34 WARNING  publishing forward speed: 0.400000, Angular Speed: 0.400000
2022-11-11 16:35:34 WARNING  publishing: None
2022-11-11 16:35:35 WARNING  Time elapsed: 311.684181 
2022-11-11 16:35:35 WARNING  publishing forward speed: 0.400000, Angular Speed: 0.400000
2022-11-11 16:35:35 WARNING  publishing: None
2022-11-11 16:35:36 WARNING  Time elapsed: 312.700402 
2022-11-11 16:35:36 WARNING  publishing forward speed: 0.400000, Angular Speed: 0.400000
2022-11-11 16:35:36 WARNING  publishing: None
2022-11-11 16:35:37 WARNING  Time elapsed: 313.694292 
2022-11-11 16:35:37 WARNING  publishing forward speed: 0.400000, Angular Speed: 0.400000
2022-11-11 16:35:37 WARNING  publishing: None
2022-11-11 16:35:38 WARNING  Time elapsed: 314.684494 
2022-11-11 16:35:38 WARNING  publishing forward speed: 0.400000, Angular Speed: 0.400000
2022-11-11 16:35:38 WARNING  publishing: None
2022-11-11 16:35:39 WARNING  Time elapsed: 315.686383 
2022-11-11 16:35:39 WARNING  publishing forward speed: 0.400000, Angular Speed: 0.400000
2022-11-11 16:35:39 WARNING  publishing: None
2022-11-11 16:35:40 WARNING  Time elapsed: 316.683839 
2022-11-11 16:35:40 WARNING  publishing forward speed: 0.400000, Angular Speed: 0.400000
2022-11-11 16:35:40 WARNING  publishing: None
2022-11-11 16:35:41 WARNING  Time elapsed: 317.754258 
2022-11-11 16:35:41 WARNING  publishing forward speed: 0.400000, Angular Speed: 0.400000
2022-11-11 16:35:41 WARNING  publishing: None
2022-11-11 16:35:42 WARNING  Time elapsed: 318.691888 
2022-11-11 16:35:42 WARNING  publishing forward speed: 0.400000, Angular Speed: 0.400000
2022-11-11 16:35:42 WARNING  publishing: None
2022-11-11 16:35:43 WARNING  Time elapsed: 319.683995 
2022-11-11 16:35:43 WARNING  publishing forward speed: 0.400000, Angular Speed: 0.400000
2022-11-11 16:35:43 WARNING  publishing: None
2022-11-11 16:35:44 WARNING  Time elapsed: 320.690059 
2022-11-11 16:35:44 WARNING  publishing forward speed: 0.400000, Angular Speed: 0.400000
2022-11-11 16:35:44 WARNING  publishing: None
2022-11-11 16:35:45 WARNING  Time elapsed: 321.692379 
2022-11-11 16:35:45 WARNING  publishing forward speed: 0.400000, Angular Speed: 0.400000
2022-11-11 16:35:45 WARNING  publishing: None
2022-11-11 16:35:46 WARNING  Time elapsed: 322.775245 
2022-11-11 16:35:46 WARNING  publishing forward speed: 0.400000, Angular Speed: 0.400000
2022-11-11 16:35:46 WARNING  publishing: None
2022-11-11 16:35:47 WARNING  Time elapsed: 323.691076 
2022-11-11 16:35:47 WARNING  publishing forward speed: 0.400000, Angular Speed: 0.400000
2022-11-11 16:35:47 WARNING  publishing: None
2022-11-11 16:35:48 WARNING  Time elapsed: 324.696882 
2022-11-11 16:35:48 WARNING  publishing forward speed: 0.400000, Angular Speed: 0.400000
2022-11-11 16:35:48 WARNING  publishing: None
2022-11-11 16:35:49 WARNING  Time elapsed: 325.696763 
2022-11-11 16:35:49 WARNING  publishing forward speed: 0.400000, Angular Speed: 0.400000
2022-11-11 16:35:49 WARNING  publishing: None
2022-11-11 16:35:50 WARNING  Time elapsed: 326.691988 
2022-11-11 16:35:50 WARNING  publishing forward speed: 0.400000, Angular Speed: 0.400000
2022-11-11 16:35:50 WARNING  publishing: None
2022-11-11 16:35:51 WARNING  Time elapsed: 327.778942 
2022-11-11 16:35:51 WARNING  publishing forward speed: 0.400000, Angular Speed: 0.400000
2022-11-11 16:35:51 WARNING  publishing: None
2022-11-11 16:35:52 WARNING  Time elapsed: 328.690223 
2022-11-11 16:35:52 WARNING  publishing forward speed: 0.400000, Angular Speed: 0.400000
2022-11-11 16:35:52 WARNING  publishing: None
2022-11-11 16:35:53 WARNING  Time elapsed: 329.694094 
2022-11-11 16:35:53 WARNING  publishing forward speed: 0.400000, Angular Speed: 0.400000
2022-11-11 16:35:53 WARNING  publishing: None
2022-11-11 16:35:54 WARNING  Time elapsed: 330.685828 
2022-11-11 16:35:54 WARNING  publishing forward speed: 0.400000, Angular Speed: 0.400000
2022-11-11 16:35:54 WARNING  publishing: None
2022-11-11 16:35:55 WARNING  Time elapsed: 331.686415 
2022-11-11 16:35:55 WARNING  publishing forward speed: 0.400000, Angular Speed: 0.400000
2022-11-11 16:35:55 WARNING  publishing: None
2022-11-11 16:35:56 WARNING  Time elapsed: 332.773543 
2022-11-11 16:35:56 WARNING  publishing forward speed: 0.400000, Angular Speed: 0.400000
2022-11-11 16:35:56 WARNING  publishing: None
2022-11-11 16:35:57 WARNING  Time elapsed: 333.688191 
2022-11-11 16:35:57 WARNING  publishing forward speed: 0.400000, Angular Speed: 0.400000
2022-11-11 16:35:57 WARNING  publishing: None
2022-11-11 16:35:58 WARNING  Time elapsed: 334.686505 
2022-11-11 16:35:58 WARNING  publishing forward speed: 0.400000, Angular Speed: 0.400000
2022-11-11 16:35:58 WARNING  publishing: None
2022-11-11 16:35:59 WARNING  Time elapsed: 335.685755 
2022-11-11 16:35:59 WARNING  publishing forward speed: 0.400000, Angular Speed: 0.400000
2022-11-11 16:35:59 WARNING  publishing: None
2022-11-11 16:36:00 WARNING  Time elapsed: 336.687144 
2022-11-11 16:36:00 WARNING  publishing forward speed: 0.400000, Angular Speed: 0.400000
2022-11-11 16:36:00 WARNING  publishing: None
2022-11-11 16:36:01 WARNING  Time elapsed: 337.786648 
2022-11-11 16:36:01 WARNING  publishing forward speed: 0.400000, Angular Speed: 0.400000
2022-11-11 16:36:01 WARNING  publishing: None
2022-11-11 16:36:02 WARNING  Time elapsed: 338.685445 
2022-11-11 16:36:02 WARNING  publishing forward speed: 0.400000, Angular Speed: 0.400000
2022-11-11 16:36:02 WARNING  publishing: None
2022-11-11 16:36:03 WARNING  Time elapsed: 339.690243 
2022-11-11 16:36:03 WARNING  publishing forward speed: 0.400000, Angular Speed: 0.400000
2022-11-11 16:36:03 WARNING  publishing: None
2022-11-11 16:36:04 WARNING  Time elapsed: 340.681108 
2022-11-11 16:36:04 WARNING  publishing forward speed: 0.400000, Angular Speed: 0.400000
2022-11-11 16:36:04 WARNING  publishing: None
2022-11-11 16:36:05 WARNING  Time elapsed: 341.665235 
2022-11-11 16:36:05 WARNING  publishing forward speed: 0.400000, Angular Speed: 0.400000
2022-11-11 16:36:05 WARNING  publishing: None
2022-11-11 16:36:06 WARNING  Time elapsed: 342.764632 
2022-11-11 16:36:06 WARNING  publishing forward speed: 0.400000, Angular Speed: 0.400000
2022-11-11 16:36:06 WARNING  publishing: None
2022-11-11 16:36:06 WARNING  Suceessfully recorded magnetometer data. Calculating calibration parameters
2022-11-11 16:36:06 WARNING  Hard iron offsets are: x: 0.002376, y: 0.002376
2022-11-11 16:36:06 WARNING  Soft iron correction: theta is: -1.042795 radian or -59.747767 degree
2022-11-11 16:36:06 WARNING  Scaling factor calculation: Num is 0.435817, Den is 0.546308
2022-11-11 16:36:06 WARNING  Soft iron correction: Scaling factor (sigma) is: 0.797751
2022-11-11 16:36:07 WARNING  Changed mode from: manual to gps
2022-11-11 16:36:07 WARNING  Real time: Original magx: -0.142482, magy: 0.201664
2022-11-11 16:36:07 WARNING  Real time: Corrected magx: 0.010600, magy: -0.022939
2022-11-11 16:36:07 WARNING  Info for goal #: 0, Current heading: 50.328966, Required heading: 114.607097, Need to rotate by: 64.278131 in Direction: cw
2022-11-11 16:36:08 WARNING  Real time: Original magx: -0.138588, magy: 0.200418
2022-11-11 16:36:08 WARNING  Real time: Corrected magx: 0.010363, magy: -0.022356
2022-11-11 16:36:08 WARNING  Info for goal #: 0, Current heading: 50.260210, Required heading: 114.607192, Need to rotate by: 64.346982 in Direction: cw
2022-11-11 16:36:09 WARNING  Real time: Original magx: -0.137050, magy: 0.202987
2022-11-11 16:36:09 WARNING  Real time: Corrected magx: 0.010269, magy: -0.022126
2022-11-11 16:36:09 WARNING  Info for goal #: 0, Current heading: 50.232080, Required heading: 114.607289, Need to rotate by: 64.375209 in Direction: cw
2022-11-11 16:36:10 WARNING  Real time: Original magx: -0.131853, magy: 0.194585
2022-11-11 16:36:10 WARNING  Real time: Corrected magx: 0.009954, magy: -0.021348
2022-11-11 16:36:10 WARNING  Info for goal #: 0, Current heading: 50.132646, Required heading: 114.607480, Need to rotate by: 64.474834 in Direction: cw
2022-11-11 16:36:11 WARNING  Real time: Original magx: -0.133633, magy: 0.188763
2022-11-11 16:36:11 WARNING  Real time: Corrected magx: 0.010062, magy: -0.021614
2022-11-11 16:36:11 WARNING  Info for goal #: 0, Current heading: 50.167478, Required heading: 114.607577, Need to rotate by: 64.440098 in Direction: cw
2022-11-11 16:36:12 WARNING  Real time: Original magx: -0.136113, magy: 0.183843
2022-11-11 16:36:12 WARNING  Real time: Corrected magx: 0.010212, magy: -0.021985
2022-11-11 16:36:12 WARNING  Info for goal #: 0, Current heading: 50.214663, Required heading: 114.607672, Need to rotate by: 64.393009 in Direction: cw
2022-11-11 16:36:13 WARNING  Real time: Original magx: -0.119725, magy: 0.186383
2022-11-11 16:36:13 WARNING  Real time: Corrected magx: 0.009216, magy: -0.019533
2022-11-11 16:36:13 WARNING  Info for goal #: 0, Current heading: 49.870550, Required heading: 114.607863, Need to rotate by: 64.737313 in Direction: cw
2022-11-11 16:36:14 WARNING  Real time: Original magx: -0.112360, magy: 0.184848
2022-11-11 16:36:14 WARNING  Real time: Corrected magx: 0.008768, magy: -0.018431
2022-11-11 16:36:14 WARNING  Info for goal #: 0, Current heading: 49.686866, Required heading: 114.608055, Need to rotate by: 64.921189 in Direction: cw
2022-11-11 16:36:15 WARNING  Real time: Original magx: -0.100292, magy: 0.187697
2022-11-11 16:36:15 WARNING  Real time: Corrected magx: 0.008035, magy: -0.016624
2022-11-11 16:36:15 WARNING  Info for goal #: 0, Current heading: 49.334806, Required heading: 114.608150, Need to rotate by: 65.273345 in Direction: cw
2022-11-11 16:36:16 WARNING  Real time: Original magx: -0.102465, magy: 0.179081
2022-11-11 16:36:16 WARNING  Real time: Corrected magx: 0.008167, magy: -0.016950
2022-11-11 16:36:16 WARNING  Info for goal #: 0, Current heading: 49.403576, Required heading: 114.608246, Need to rotate by: 65.204670 in Direction: cw
2022-11-11 16:36:17 WARNING  Real time: Original magx: -0.087254, magy: 0.192237
2022-11-11 16:36:17 WARNING  Real time: Corrected magx: 0.007242, magy: -0.014673
2022-11-11 16:36:17 WARNING  Info for goal #: 0, Current heading: 48.860405, Required heading: 114.608437, Need to rotate by: 65.748032 in Direction: cw
