[0.035s] Invoking command in '/home/administrator/husky_ws2/src/build/dwb_msgs': AMENT_PREFIX_PATH=/home/administrator/husky_ws2/src/install/nav_2d_msgs:${AMENT_PREFIX_PATH} CMAKE_PREFIX_PATH=/home/administrator/husky_ws2/src/install/nav_2d_msgs:/home/administrator/husky_ws2/install/zed_ros2:/home/administrator/husky_ws2/install/zed_display_rviz2:/home/administrator/husky_ws2/install/zed_wrapper:/home/administrator/husky_ws2/install/zed_tutorial_video:/home/administrator/husky_ws2/install/zed_tutorial_pos_tracking:/home/administrator/husky_ws2/install/zed_tutorial_depth:/home/administrator/husky_ws2/install/zed_rgb_convert:/home/administrator/husky_ws2/install/zed_components:/home/administrator/husky_ws2/install/rviz_plugin_zed_od:/home/administrator/husky_ws2/install/zed_interfaces:/home/administrator/husky_ws2/install/velodyne_simulator:/home/administrator/husky_ws2/install/velodyne_gazebo_plugins:/home/administrator/husky_ws2/install/husky_desktop:/home/administrator/husky_ws2/install/husky_viz:/home/administrator/husky_ws2/install/husky_simulator:/home/administrator/husky_ws2/install/husky_robot:/home/administrator/husky_ws2/install/husky_gazebo:/home/administrator/husky_ws2/install/husky_bringup:/home/administrator/husky_ws2/install/husky_control:/home/administrator/husky_ws2/install/husky_description:/home/administrator/husky_ws2/install/velodyne_description:/home/administrator/husky_ws2/install/um7:/home/administrator/husky_ws2/install/swri_route_util:/home/administrator/husky_ws2/install/swri_transform_util:/home/administrator/husky_ws2/install/swri_system_util:/home/administrator/husky_ws2/install/swri_serial_util:/home/administrator/husky_ws2/install/swri_image_util:/home/administrator/husky_ws2/install/swri_roscpp:/home/administrator/husky_ws2/install/swri_prefix_tools:/home/administrator/husky_ws2/install/swri_opencv_util:/home/administrator/husky_ws2/install/swri_math_util:/home/administrator/husky_ws2/install/swri_geometry_util:/home/administrator/husky_ws2/install/swri_dbw_interface:/home/administrator/husky_ws2/install/swri_console_util:/home/administrator/husky_ws2/install/nav2_system_tests:/home/administrator/husky_ws2/install/nav2_bringup:/home/administrator/husky_ws2/install/navigation2:/home/administrator/husky_ws2/install/smac_planner:/home/administrator/husky_ws2/install/pointcloud_to_laserscan:/home/administrator/husky_ws2/install/nav2_dwb_controller:/home/administrator/husky_ws2/install/nav2_controller:/home/administrator/husky_ws2/install/dwb_plugins:/home/administrator/husky_ws2/install/dwb_critics:/home/administrator/husky_ws2/install/dwb_core:/home/administrator/husky_ws2/install/nav_2d_utils:/home/administrator/husky_ws2/install/dwb_msgs:/home/administrator/husky_ws2/install/nav_2d_msgs:/home/administrator/husky_ws2/install/nav2_waypoint_follower:/home/administrator/husky_ws2/install/nav2_regulated_pure_pursuit_controller:/home/administrator/husky_ws2/install/nav2_recoveries:/home/administrator/husky_ws2/install/nav2_planner:/home/administrator/husky_ws2/install/nav2_navfn_planner:/home/administrator/husky_ws2/install/nav2_core:/home/administrator/husky_ws2/install/costmap_queue:/home/administrator/husky_ws2/install/nav2_costmap_2d:/home/administrator/husky_ws2/install/nav2_voxel_grid:/home/administrator/husky_ws2/install/nav2_rviz_plugins:/home/administrator/husky_ws2/install/nav2_map_server:/home/administrator/husky_ws2/install/nav2_lifecycle_manager:/home/administrator/husky_ws2/install/nav2_bt_navigator:/home/administrator/husky_ws2/install/nav2_behavior_tree:/home/administrator/husky_ws2/install/nav2_amcl:/home/administrator/husky_ws2/install/nav2_util:/home/administrator/husky_ws2/install/nav2_msgs:/home/administrator/husky_ws2/install/nav2_common:/home/administrator/husky_ws2/install/microstrain_inertial_examples:/home/administrator/husky_ws2/install/microstrain_inertial_driver:/home/administrator/husky_ws2/install/microstrain_inertial_msgs:/home/administrator/husky_ws2/install/local_nav_pkg:/home/administrator/husky_ws2/install/image_common:/home/administrator/husky_ws2/install/image_transport:/home/administrator/husky_ws2/install/husky_base:/home/administrator/husky_ws2/install/husky_msgs:/home/administrator/husky_ws2/install/hector_gazebo:/home/administrator/husky_ws2/install/hector_gazebo_worlds:/home/administrator/husky_ws2/install/hector_gazebo_plugins:/home/administrator/husky_ws2/install/custom_nav_stack_pkg:/home/administrator/husky_ws2/install/camera_info_manager:/home/administrator/husky_ws2/install/camera_calibration_parsers:/home/administrator/richo_theta_ws/install/penguin_detection:/home/administrator/husky_ws2/install/nav2_gazebo_spawner:/home/administrator/husky_ws2/install/microstrain_inertial_rqt:/home/administrator/husky_ws2/install/gps_goal:/opt/ros/foxy:/opt/ros/noetic LD_LIBRARY_PATH=/home/administrator/husky_ws2/src/install/nav_2d_msgs/lib:${LD_LIBRARY_PATH} PYTHONPATH=/home/administrator/husky_ws2/src/install/nav_2d_msgs/lib/python3.8/site-packages:${PYTHONPATH} /usr/bin/cmake --build /home/administrator/husky_ws2/src/build/dwb_msgs -- -j8 -l8
[0.147s] [ 11%] Built target dwb_msgs__rosidl_generator_c
[0.161s] [ 12%] Built target dwb_msgs__cpp
[0.228s] [ 24%] Built target dwb_msgs__rosidl_typesupport_c
[0.229s] [ 35%] Built target dwb_msgs__rosidl_typesupport_introspection_cpp
[0.255s] [ 47%] Built target dwb_msgs__rosidl_typesupport_introspection_c
[0.256s] [ 58%] Built target dwb_msgs__rosidl_typesupport_cpp
[0.262s] [ 70%] Built target dwb_msgs__rosidl_typesupport_fastrtps_cpp
[0.315s] [ 82%] Built target dwb_msgs__rosidl_typesupport_fastrtps_c
[0.359s] [ 82%] Built target dwb_msgs
[0.398s] [ 83%] Built target dwb_msgs__py
[0.452s] [ 93%] Built target dwb_msgs__python
[0.524s] [ 95%] Built target dwb_msgs__rosidl_typesupport_c__pyext
[0.527s] [ 97%] Built target dwb_msgs__rosidl_typesupport_introspection_c__pyext
[0.540s] [100%] Built target dwb_msgs__rosidl_typesupport_fastrtps_c__pyext
[0.557s] Invoked command in '/home/administrator/husky_ws2/src/build/dwb_msgs' returned '0': AMENT_PREFIX_PATH=/home/administrator/husky_ws2/src/install/nav_2d_msgs:${AMENT_PREFIX_PATH} CMAKE_PREFIX_PATH=/home/administrator/husky_ws2/src/install/nav_2d_msgs:/home/administrator/husky_ws2/install/zed_ros2:/home/administrator/husky_ws2/install/zed_display_rviz2:/home/administrator/husky_ws2/install/zed_wrapper:/home/administrator/husky_ws2/install/zed_tutorial_video:/home/administrator/husky_ws2/install/zed_tutorial_pos_tracking:/home/administrator/husky_ws2/install/zed_tutorial_depth:/home/administrator/husky_ws2/install/zed_rgb_convert:/home/administrator/husky_ws2/install/zed_components:/home/administrator/husky_ws2/install/rviz_plugin_zed_od:/home/administrator/husky_ws2/install/zed_interfaces:/home/administrator/husky_ws2/install/velodyne_simulator:/home/administrator/husky_ws2/install/velodyne_gazebo_plugins:/home/administrator/husky_ws2/install/husky_desktop:/home/administrator/husky_ws2/install/husky_viz:/home/administrator/husky_ws2/install/husky_simulator:/home/administrator/husky_ws2/install/husky_robot:/home/administrator/husky_ws2/install/husky_gazebo:/home/administrator/husky_ws2/install/husky_bringup:/home/administrator/husky_ws2/install/husky_control:/home/administrator/husky_ws2/install/husky_description:/home/administrator/husky_ws2/install/velodyne_description:/home/administrator/husky_ws2/install/um7:/home/administrator/husky_ws2/install/swri_route_util:/home/administrator/husky_ws2/install/swri_transform_util:/home/administrator/husky_ws2/install/swri_system_util:/home/administrator/husky_ws2/install/swri_serial_util:/home/administrator/husky_ws2/install/swri_image_util:/home/administrator/husky_ws2/install/swri_roscpp:/home/administrator/husky_ws2/install/swri_prefix_tools:/home/administrator/husky_ws2/install/swri_opencv_util:/home/administrator/husky_ws2/install/swri_math_util:/home/administrator/husky_ws2/install/swri_geometry_util:/home/administrator/husky_ws2/install/swri_dbw_interface:/home/administrator/husky_ws2/install/swri_console_util:/home/administrator/husky_ws2/install/nav2_system_tests:/home/administrator/husky_ws2/install/nav2_bringup:/home/administrator/husky_ws2/install/navigation2:/home/administrator/husky_ws2/install/smac_planner:/home/administrator/husky_ws2/install/pointcloud_to_laserscan:/home/administrator/husky_ws2/install/nav2_dwb_controller:/home/administrator/husky_ws2/install/nav2_controller:/home/administrator/husky_ws2/install/dwb_plugins:/home/administrator/husky_ws2/install/dwb_critics:/home/administrator/husky_ws2/install/dwb_core:/home/administrator/husky_ws2/install/nav_2d_utils:/home/administrator/husky_ws2/install/dwb_msgs:/home/administrator/husky_ws2/install/nav_2d_msgs:/home/administrator/husky_ws2/install/nav2_waypoint_follower:/home/administrator/husky_ws2/install/nav2_regulated_pure_pursuit_controller:/home/administrator/husky_ws2/install/nav2_recoveries:/home/administrator/husky_ws2/install/nav2_planner:/home/administrator/husky_ws2/install/nav2_navfn_planner:/home/administrator/husky_ws2/install/nav2_core:/home/administrator/husky_ws2/install/costmap_queue:/home/administrator/husky_ws2/install/nav2_costmap_2d:/home/administrator/husky_ws2/install/nav2_voxel_grid:/home/administrator/husky_ws2/install/nav2_rviz_plugins:/home/administrator/husky_ws2/install/nav2_map_server:/home/administrator/husky_ws2/install/nav2_lifecycle_manager:/home/administrator/husky_ws2/install/nav2_bt_navigator:/home/administrator/husky_ws2/install/nav2_behavior_tree:/home/administrator/husky_ws2/install/nav2_amcl:/home/administrator/husky_ws2/install/nav2_util:/home/administrator/husky_ws2/install/nav2_msgs:/home/administrator/husky_ws2/install/nav2_common:/home/administrator/husky_ws2/install/microstrain_inertial_examples:/home/administrator/husky_ws2/install/microstrain_inertial_driver:/home/administrator/husky_ws2/install/microstrain_inertial_msgs:/home/administrator/husky_ws2/install/local_nav_pkg:/home/administrator/husky_ws2/install/image_common:/home/administrator/husky_ws2/install/image_transport:/home/administrator/husky_ws2/install/husky_base:/home/administrator/husky_ws2/install/husky_msgs:/home/administrator/husky_ws2/install/hector_gazebo:/home/administrator/husky_ws2/install/hector_gazebo_worlds:/home/administrator/husky_ws2/install/hector_gazebo_plugins:/home/administrator/husky_ws2/install/custom_nav_stack_pkg:/home/administrator/husky_ws2/install/camera_info_manager:/home/administrator/husky_ws2/install/camera_calibration_parsers:/home/administrator/richo_theta_ws/install/penguin_detection:/home/administrator/husky_ws2/install/nav2_gazebo_spawner:/home/administrator/husky_ws2/install/microstrain_inertial_rqt:/home/administrator/husky_ws2/install/gps_goal:/opt/ros/foxy:/opt/ros/noetic LD_LIBRARY_PATH=/home/administrator/husky_ws2/src/install/nav_2d_msgs/lib:${LD_LIBRARY_PATH} PYTHONPATH=/home/administrator/husky_ws2/src/install/nav_2d_msgs/lib/python3.8/site-packages:${PYTHONPATH} /usr/bin/cmake --build /home/administrator/husky_ws2/src/build/dwb_msgs -- -j8 -l8
[1.508s] Invoking command in '/home/administrator/husky_ws2/src/build/dwb_msgs': AMENT_PREFIX_PATH=/home/administrator/husky_ws2/src/install/nav_2d_msgs:${AMENT_PREFIX_PATH} CMAKE_PREFIX_PATH=/home/administrator/husky_ws2/src/install/nav_2d_msgs:/home/administrator/husky_ws2/install/zed_ros2:/home/administrator/husky_ws2/install/zed_display_rviz2:/home/administrator/husky_ws2/install/zed_wrapper:/home/administrator/husky_ws2/install/zed_tutorial_video:/home/administrator/husky_ws2/install/zed_tutorial_pos_tracking:/home/administrator/husky_ws2/install/zed_tutorial_depth:/home/administrator/husky_ws2/install/zed_rgb_convert:/home/administrator/husky_ws2/install/zed_components:/home/administrator/husky_ws2/install/rviz_plugin_zed_od:/home/administrator/husky_ws2/install/zed_interfaces:/home/administrator/husky_ws2/install/velodyne_simulator:/home/administrator/husky_ws2/install/velodyne_gazebo_plugins:/home/administrator/husky_ws2/install/husky_desktop:/home/administrator/husky_ws2/install/husky_viz:/home/administrator/husky_ws2/install/husky_simulator:/home/administrator/husky_ws2/install/husky_robot:/home/administrator/husky_ws2/install/husky_gazebo:/home/administrator/husky_ws2/install/husky_bringup:/home/administrator/husky_ws2/install/husky_control:/home/administrator/husky_ws2/install/husky_description:/home/administrator/husky_ws2/install/velodyne_description:/home/administrator/husky_ws2/install/um7:/home/administrator/husky_ws2/install/swri_route_util:/home/administrator/husky_ws2/install/swri_transform_util:/home/administrator/husky_ws2/install/swri_system_util:/home/administrator/husky_ws2/install/swri_serial_util:/home/administrator/husky_ws2/install/swri_image_util:/home/administrator/husky_ws2/install/swri_roscpp:/home/administrator/husky_ws2/install/swri_prefix_tools:/home/administrator/husky_ws2/install/swri_opencv_util:/home/administrator/husky_ws2/install/swri_math_util:/home/administrator/husky_ws2/install/swri_geometry_util:/home/administrator/husky_ws2/install/swri_dbw_interface:/home/administrator/husky_ws2/install/swri_console_util:/home/administrator/husky_ws2/install/nav2_system_tests:/home/administrator/husky_ws2/install/nav2_bringup:/home/administrator/husky_ws2/install/navigation2:/home/administrator/husky_ws2/install/smac_planner:/home/administrator/husky_ws2/install/pointcloud_to_laserscan:/home/administrator/husky_ws2/install/nav2_dwb_controller:/home/administrator/husky_ws2/install/nav2_controller:/home/administrator/husky_ws2/install/dwb_plugins:/home/administrator/husky_ws2/install/dwb_critics:/home/administrator/husky_ws2/install/dwb_core:/home/administrator/husky_ws2/install/nav_2d_utils:/home/administrator/husky_ws2/install/dwb_msgs:/home/administrator/husky_ws2/install/nav_2d_msgs:/home/administrator/husky_ws2/install/nav2_waypoint_follower:/home/administrator/husky_ws2/install/nav2_regulated_pure_pursuit_controller:/home/administrator/husky_ws2/install/nav2_recoveries:/home/administrator/husky_ws2/install/nav2_planner:/home/administrator/husky_ws2/install/nav2_navfn_planner:/home/administrator/husky_ws2/install/nav2_core:/home/administrator/husky_ws2/install/costmap_queue:/home/administrator/husky_ws2/install/nav2_costmap_2d:/home/administrator/husky_ws2/install/nav2_voxel_grid:/home/administrator/husky_ws2/install/nav2_rviz_plugins:/home/administrator/husky_ws2/install/nav2_map_server:/home/administrator/husky_ws2/install/nav2_lifecycle_manager:/home/administrator/husky_ws2/install/nav2_bt_navigator:/home/administrator/husky_ws2/install/nav2_behavior_tree:/home/administrator/husky_ws2/install/nav2_amcl:/home/administrator/husky_ws2/install/nav2_util:/home/administrator/husky_ws2/install/nav2_msgs:/home/administrator/husky_ws2/install/nav2_common:/home/administrator/husky_ws2/install/microstrain_inertial_examples:/home/administrator/husky_ws2/install/microstrain_inertial_driver:/home/administrator/husky_ws2/install/microstrain_inertial_msgs:/home/administrator/husky_ws2/install/local_nav_pkg:/home/administrator/husky_ws2/install/image_common:/home/administrator/husky_ws2/install/image_transport:/home/administrator/husky_ws2/install/husky_base:/home/administrator/husky_ws2/install/husky_msgs:/home/administrator/husky_ws2/install/hector_gazebo:/home/administrator/husky_ws2/install/hector_gazebo_worlds:/home/administrator/husky_ws2/install/hector_gazebo_plugins:/home/administrator/husky_ws2/install/custom_nav_stack_pkg:/home/administrator/husky_ws2/install/camera_info_manager:/home/administrator/husky_ws2/install/camera_calibration_parsers:/home/administrator/richo_theta_ws/install/penguin_detection:/home/administrator/husky_ws2/install/nav2_gazebo_spawner:/home/administrator/husky_ws2/install/microstrain_inertial_rqt:/home/administrator/husky_ws2/install/gps_goal:/opt/ros/foxy:/opt/ros/noetic LD_LIBRARY_PATH=/home/administrator/husky_ws2/src/install/nav_2d_msgs/lib:${LD_LIBRARY_PATH} PYTHONPATH=/home/administrator/husky_ws2/src/install/nav_2d_msgs/lib/python3.8/site-packages:${PYTHONPATH} /usr/bin/cmake --install /home/administrator/husky_ws2/src/build/dwb_msgs
[1.526s] -- Install configuration: ""
[1.527s] -- Execute custom install script
[1.527s] -- Symlinking: /home/administrator/husky_ws2/src/install/dwb_msgs/share/ament_index/resource_index/rosidl_interfaces/dwb_msgs
[1.543s] -- Symlinking: /home/administrator/husky_ws2/src/install/dwb_msgs/include/dwb_msgs/msg/critic_score.h
[1.557s] -- Symlinking: /home/administrator/husky_ws2/src/install/dwb_msgs/include/dwb_msgs/msg/detail/critic_score__functions.h
[1.584s] -- Symlinking: /home/administrator/husky_ws2/src/install/dwb_msgs/include/dwb_msgs/msg/detail/critic_score__struct.h
[1.598s] -- Symlinking: /home/administrator/husky_ws2/src/install/dwb_msgs/include/dwb_msgs/msg/detail/critic_score__type_support.h
[1.611s] -- Symlinking: /home/administrator/husky_ws2/src/install/dwb_msgs/include/dwb_msgs/msg/detail/local_plan_evaluation__functions.h
[1.626s] -- Symlinking: /home/administrator/husky_ws2/src/install/dwb_msgs/include/dwb_msgs/msg/detail/local_plan_evaluation__struct.h
[1.646s] -- Symlinking: /home/administrator/husky_ws2/src/install/dwb_msgs/include/dwb_msgs/msg/detail/local_plan_evaluation__type_support.h
[1.660s] -- Symlinking: /home/administrator/husky_ws2/src/install/dwb_msgs/include/dwb_msgs/msg/detail/trajectory2_d__functions.h
[1.673s] -- Symlinking: /home/administrator/husky_ws2/src/install/dwb_msgs/include/dwb_msgs/msg/detail/trajectory2_d__struct.h
[1.684s] -- Symlinking: /home/administrator/husky_ws2/src/install/dwb_msgs/include/dwb_msgs/msg/detail/trajectory2_d__type_support.h
[1.699s] -- Symlinking: /home/administrator/husky_ws2/src/install/dwb_msgs/include/dwb_msgs/msg/detail/trajectory_score__functions.h
[1.714s] -- Symlinking: /home/administrator/husky_ws2/src/install/dwb_msgs/include/dwb_msgs/msg/detail/trajectory_score__struct.h
[1.729s] -- Symlinking: /home/administrator/husky_ws2/src/install/dwb_msgs/include/dwb_msgs/msg/detail/trajectory_score__type_support.h
[1.744s] -- Symlinking: /home/administrator/husky_ws2/src/install/dwb_msgs/include/dwb_msgs/msg/local_plan_evaluation.h
[1.776s] -- Symlinking: /home/administrator/husky_ws2/src/install/dwb_msgs/include/dwb_msgs/msg/rosidl_generator_c__visibility_control.h
[1.808s] -- Symlinking: /home/administrator/husky_ws2/src/install/dwb_msgs/include/dwb_msgs/msg/trajectory2_d.h
[1.823s] -- Symlinking: /home/administrator/husky_ws2/src/install/dwb_msgs/include/dwb_msgs/msg/trajectory_score.h
[1.848s] -- Symlinking: /home/administrator/husky_ws2/src/install/dwb_msgs/include/dwb_msgs/srv/debug_local_plan.h
[1.859s] -- Symlinking: /home/administrator/husky_ws2/src/install/dwb_msgs/include/dwb_msgs/srv/detail/debug_local_plan__functions.h
[1.876s] -- Symlinking: /home/administrator/husky_ws2/src/install/dwb_msgs/include/dwb_msgs/srv/detail/debug_local_plan__struct.h
[1.917s] -- Symlinking: /home/administrator/husky_ws2/src/install/dwb_msgs/include/dwb_msgs/srv/detail/debug_local_plan__type_support.h
[1.934s] -- Symlinking: /home/administrator/husky_ws2/src/install/dwb_msgs/include/dwb_msgs/srv/detail/generate_trajectory__functions.h
[1.948s] -- Symlinking: /home/administrator/husky_ws2/src/install/dwb_msgs/include/dwb_msgs/srv/detail/generate_trajectory__struct.h
[1.965s] -- Symlinking: /home/administrator/husky_ws2/src/install/dwb_msgs/include/dwb_msgs/srv/detail/generate_trajectory__type_support.h
[2.003s] -- Symlinking: /home/administrator/husky_ws2/src/install/dwb_msgs/include/dwb_msgs/srv/detail/generate_twists__functions.h
[2.020s] -- Symlinking: /home/administrator/husky_ws2/src/install/dwb_msgs/include/dwb_msgs/srv/detail/generate_twists__struct.h
[2.033s] -- Symlinking: /home/administrator/husky_ws2/src/install/dwb_msgs/include/dwb_msgs/srv/detail/generate_twists__type_support.h
[2.064s] -- Symlinking: /home/administrator/husky_ws2/src/install/dwb_msgs/include/dwb_msgs/srv/detail/get_critic_score__functions.h
[2.091s] -- Symlinking: /home/administrator/husky_ws2/src/install/dwb_msgs/include/dwb_msgs/srv/detail/get_critic_score__struct.h
[2.105s] -- Symlinking: /home/administrator/husky_ws2/src/install/dwb_msgs/include/dwb_msgs/srv/detail/get_critic_score__type_support.h
[2.119s] -- Symlinking: /home/administrator/husky_ws2/src/install/dwb_msgs/include/dwb_msgs/srv/detail/score_trajectory__functions.h
[2.149s] -- Symlinking: /home/administrator/husky_ws2/src/install/dwb_msgs/include/dwb_msgs/srv/detail/score_trajectory__struct.h
[2.167s] -- Symlinking: /home/administrator/husky_ws2/src/install/dwb_msgs/include/dwb_msgs/srv/detail/score_trajectory__type_support.h
[2.178s] -- Symlinking: /home/administrator/husky_ws2/src/install/dwb_msgs/include/dwb_msgs/srv/generate_trajectory.h
[2.192s] -- Symlinking: /home/administrator/husky_ws2/src/install/dwb_msgs/include/dwb_msgs/srv/generate_twists.h
[2.207s] -- Symlinking: /home/administrator/husky_ws2/src/install/dwb_msgs/include/dwb_msgs/srv/get_critic_score.h
[2.229s] -- Symlinking: /home/administrator/husky_ws2/src/install/dwb_msgs/include/dwb_msgs/srv/score_trajectory.h
[2.260s] -- Symlinking: /home/administrator/husky_ws2/src/install/dwb_msgs/share/dwb_msgs/environment/library_path.sh
[2.282s] -- Symlinking: /home/administrator/husky_ws2/src/install/dwb_msgs/share/dwb_msgs/environment/library_path.dsv
[2.293s] -- Symlinking: /home/administrator/husky_ws2/src/install/dwb_msgs/include/dwb_msgs/msg/detail/critic_score__rosidl_typesupport_fastrtps_c.h
[2.311s] -- Symlinking: /home/administrator/husky_ws2/src/install/dwb_msgs/include/dwb_msgs/msg/detail/local_plan_evaluation__rosidl_typesupport_fastrtps_c.h
[2.323s] -- Symlinking: /home/administrator/husky_ws2/src/install/dwb_msgs/include/dwb_msgs/msg/detail/trajectory2_d__rosidl_typesupport_fastrtps_c.h
[2.355s] -- Symlinking: /home/administrator/husky_ws2/src/install/dwb_msgs/include/dwb_msgs/msg/detail/trajectory_score__rosidl_typesupport_fastrtps_c.h
[2.404s] -- Symlinking: /home/administrator/husky_ws2/src/install/dwb_msgs/include/dwb_msgs/msg/rosidl_typesupport_fastrtps_c__visibility_control.h
[2.440s] -- Symlinking: /home/administrator/husky_ws2/src/install/dwb_msgs/include/dwb_msgs/srv/detail/debug_local_plan__rosidl_typesupport_fastrtps_c.h
[2.508s] -- Symlinking: /home/administrator/husky_ws2/src/install/dwb_msgs/include/dwb_msgs/srv/detail/generate_trajectory__rosidl_typesupport_fastrtps_c.h
[2.562s] -- Symlinking: /home/administrator/husky_ws2/src/install/dwb_msgs/include/dwb_msgs/srv/detail/generate_twists__rosidl_typesupport_fastrtps_c.h
[2.644s] -- Symlinking: /home/administrator/husky_ws2/src/install/dwb_msgs/include/dwb_msgs/srv/detail/get_critic_score__rosidl_typesupport_fastrtps_c.h
[2.695s] -- Symlinking: /home/administrator/husky_ws2/src/install/dwb_msgs/include/dwb_msgs/srv/detail/score_trajectory__rosidl_typesupport_fastrtps_c.h
[2.734s] -- Symlinking: /home/administrator/husky_ws2/src/install/dwb_msgs/lib/libdwb_msgs__rosidl_typesupport_fastrtps_c.so
[2.783s] -- Symlinking: /home/administrator/husky_ws2/src/install/dwb_msgs/include/dwb_msgs/msg/detail/critic_score__rosidl_typesupport_fastrtps_cpp.hpp
[2.829s] -- Symlinking: /home/administrator/husky_ws2/src/install/dwb_msgs/include/dwb_msgs/msg/detail/local_plan_evaluation__rosidl_typesupport_fastrtps_cpp.hpp
[2.897s] -- Symlinking: /home/administrator/husky_ws2/src/install/dwb_msgs/include/dwb_msgs/msg/detail/trajectory2_d__rosidl_typesupport_fastrtps_cpp.hpp
[2.946s] -- Symlinking: /home/administrator/husky_ws2/src/install/dwb_msgs/include/dwb_msgs/msg/detail/trajectory_score__rosidl_typesupport_fastrtps_cpp.hpp
[3.009s] -- Symlinking: /home/administrator/husky_ws2/src/install/dwb_msgs/include/dwb_msgs/msg/rosidl_typesupport_fastrtps_cpp__visibility_control.h
[3.038s] -- Symlinking: /home/administrator/husky_ws2/src/install/dwb_msgs/include/dwb_msgs/srv/detail/debug_local_plan__rosidl_typesupport_fastrtps_cpp.hpp
[3.074s] -- Symlinking: /home/administrator/husky_ws2/src/install/dwb_msgs/include/dwb_msgs/srv/detail/generate_trajectory__rosidl_typesupport_fastrtps_cpp.hpp
[3.128s] -- Symlinking: /home/administrator/husky_ws2/src/install/dwb_msgs/include/dwb_msgs/srv/detail/generate_twists__rosidl_typesupport_fastrtps_cpp.hpp
[3.187s] -- Symlinking: /home/administrator/husky_ws2/src/install/dwb_msgs/include/dwb_msgs/srv/detail/get_critic_score__rosidl_typesupport_fastrtps_cpp.hpp
[3.210s] -- Symlinking: /home/administrator/husky_ws2/src/install/dwb_msgs/include/dwb_msgs/srv/detail/score_trajectory__rosidl_typesupport_fastrtps_cpp.hpp
[3.239s] -- Symlinking: /home/administrator/husky_ws2/src/install/dwb_msgs/lib/libdwb_msgs__rosidl_typesupport_fastrtps_cpp.so
[3.257s] -- Symlinking: /home/administrator/husky_ws2/src/install/dwb_msgs/include/dwb_msgs/msg/detail/critic_score__rosidl_typesupport_introspection_c.h
[3.294s] -- Symlinking: /home/administrator/husky_ws2/src/install/dwb_msgs/include/dwb_msgs/msg/detail/local_plan_evaluation__rosidl_typesupport_introspection_c.h
[3.322s] -- Symlinking: /home/administrator/husky_ws2/src/install/dwb_msgs/include/dwb_msgs/msg/detail/trajectory2_d__rosidl_typesupport_introspection_c.h
[3.358s] -- Symlinking: /home/administrator/husky_ws2/src/install/dwb_msgs/include/dwb_msgs/msg/detail/trajectory_score__rosidl_typesupport_introspection_c.h
[3.395s] -- Symlinking: /home/administrator/husky_ws2/src/install/dwb_msgs/include/dwb_msgs/msg/rosidl_typesupport_introspection_c__visibility_control.h
[3.420s] -- Symlinking: /home/administrator/husky_ws2/src/install/dwb_msgs/include/dwb_msgs/srv/detail/debug_local_plan__rosidl_typesupport_introspection_c.h
[3.472s] -- Symlinking: /home/administrator/husky_ws2/src/install/dwb_msgs/include/dwb_msgs/srv/detail/generate_trajectory__rosidl_typesupport_introspection_c.h
[3.504s] -- Symlinking: /home/administrator/husky_ws2/src/install/dwb_msgs/include/dwb_msgs/srv/detail/generate_twists__rosidl_typesupport_introspection_c.h
[3.540s] -- Symlinking: /home/administrator/husky_ws2/src/install/dwb_msgs/include/dwb_msgs/srv/detail/get_critic_score__rosidl_typesupport_introspection_c.h
[3.556s] -- Symlinking: /home/administrator/husky_ws2/src/install/dwb_msgs/include/dwb_msgs/srv/detail/score_trajectory__rosidl_typesupport_introspection_c.h
[3.618s] -- Symlinking: /home/administrator/husky_ws2/src/install/dwb_msgs/include/dwb_msgs/msg/critic_score.hpp
[3.659s] -- Symlinking: /home/administrator/husky_ws2/src/install/dwb_msgs/include/dwb_msgs/msg/detail/critic_score__builder.hpp
[3.684s] -- Symlinking: /home/administrator/husky_ws2/src/install/dwb_msgs/include/dwb_msgs/msg/detail/critic_score__struct.hpp
[3.693s] -- Symlinking: /home/administrator/husky_ws2/src/install/dwb_msgs/include/dwb_msgs/msg/detail/critic_score__traits.hpp
[3.713s] -- Symlinking: /home/administrator/husky_ws2/src/install/dwb_msgs/include/dwb_msgs/msg/detail/local_plan_evaluation__builder.hpp
[3.735s] -- Symlinking: /home/administrator/husky_ws2/src/install/dwb_msgs/include/dwb_msgs/msg/detail/local_plan_evaluation__struct.hpp
[3.749s] -- Symlinking: /home/administrator/husky_ws2/src/install/dwb_msgs/include/dwb_msgs/msg/detail/local_plan_evaluation__traits.hpp
[3.776s] -- Symlinking: /home/administrator/husky_ws2/src/install/dwb_msgs/include/dwb_msgs/msg/detail/trajectory2_d__builder.hpp
[3.796s] -- Symlinking: /home/administrator/husky_ws2/src/install/dwb_msgs/include/dwb_msgs/msg/detail/trajectory2_d__struct.hpp
[3.817s] -- Symlinking: /home/administrator/husky_ws2/src/install/dwb_msgs/include/dwb_msgs/msg/detail/trajectory2_d__traits.hpp
[3.850s] -- Symlinking: /home/administrator/husky_ws2/src/install/dwb_msgs/include/dwb_msgs/msg/detail/trajectory_score__builder.hpp
[3.902s] -- Symlinking: /home/administrator/husky_ws2/src/install/dwb_msgs/include/dwb_msgs/msg/detail/trajectory_score__struct.hpp
[3.959s] -- Symlinking: /home/administrator/husky_ws2/src/install/dwb_msgs/include/dwb_msgs/msg/detail/trajectory_score__traits.hpp
[4.048s] -- Symlinking: /home/administrator/husky_ws2/src/install/dwb_msgs/include/dwb_msgs/msg/local_plan_evaluation.hpp
[4.157s] -- Symlinking: /home/administrator/husky_ws2/src/install/dwb_msgs/include/dwb_msgs/msg/trajectory2_d.hpp
[4.230s] -- Symlinking: /home/administrator/husky_ws2/src/install/dwb_msgs/include/dwb_msgs/msg/trajectory_score.hpp
[4.294s] -- Symlinking: /home/administrator/husky_ws2/src/install/dwb_msgs/include/dwb_msgs/srv/debug_local_plan.hpp
[4.346s] -- Symlinking: /home/administrator/husky_ws2/src/install/dwb_msgs/include/dwb_msgs/srv/detail/debug_local_plan__builder.hpp
[4.426s] -- Symlinking: /home/administrator/husky_ws2/src/install/dwb_msgs/include/dwb_msgs/srv/detail/debug_local_plan__struct.hpp
[4.474s] -- Symlinking: /home/administrator/husky_ws2/src/install/dwb_msgs/include/dwb_msgs/srv/detail/debug_local_plan__traits.hpp
[4.545s] -- Symlinking: /home/administrator/husky_ws2/src/install/dwb_msgs/include/dwb_msgs/srv/detail/generate_trajectory__builder.hpp
[4.630s] -- Symlinking: /home/administrator/husky_ws2/src/install/dwb_msgs/include/dwb_msgs/srv/detail/generate_trajectory__struct.hpp
[4.685s] -- Symlinking: /home/administrator/husky_ws2/src/install/dwb_msgs/include/dwb_msgs/srv/detail/generate_trajectory__traits.hpp
[4.752s] -- Symlinking: /home/administrator/husky_ws2/src/install/dwb_msgs/include/dwb_msgs/srv/detail/generate_twists__builder.hpp
[4.806s] -- Symlinking: /home/administrator/husky_ws2/src/install/dwb_msgs/include/dwb_msgs/srv/detail/generate_twists__struct.hpp
[4.873s] -- Symlinking: /home/administrator/husky_ws2/src/install/dwb_msgs/include/dwb_msgs/srv/detail/generate_twists__traits.hpp
[4.908s] -- Symlinking: /home/administrator/husky_ws2/src/install/dwb_msgs/include/dwb_msgs/srv/detail/get_critic_score__builder.hpp
[4.957s] -- Symlinking: /home/administrator/husky_ws2/src/install/dwb_msgs/include/dwb_msgs/srv/detail/get_critic_score__struct.hpp
[5.059s] -- Symlinking: /home/administrator/husky_ws2/src/install/dwb_msgs/include/dwb_msgs/srv/detail/get_critic_score__traits.hpp
[5.132s] -- Symlinking: /home/administrator/husky_ws2/src/install/dwb_msgs/include/dwb_msgs/srv/detail/score_trajectory__builder.hpp
[5.221s] -- Symlinking: /home/administrator/husky_ws2/src/install/dwb_msgs/include/dwb_msgs/srv/detail/score_trajectory__struct.hpp
[5.280s] -- Symlinking: /home/administrator/husky_ws2/src/install/dwb_msgs/include/dwb_msgs/srv/detail/score_trajectory__traits.hpp
[5.386s] -- Symlinking: /home/administrator/husky_ws2/src/install/dwb_msgs/include/dwb_msgs/srv/generate_trajectory.hpp
[5.438s] -- Symlinking: /home/administrator/husky_ws2/src/install/dwb_msgs/include/dwb_msgs/srv/generate_twists.hpp
[5.479s] -- Symlinking: /home/administrator/husky_ws2/src/install/dwb_msgs/include/dwb_msgs/srv/get_critic_score.hpp
[5.545s] -- Symlinking: /home/administrator/husky_ws2/src/install/dwb_msgs/include/dwb_msgs/srv/score_trajectory.hpp
[5.583s] -- Symlinking: /home/administrator/husky_ws2/src/install/dwb_msgs/include/dwb_msgs/msg/detail/critic_score__rosidl_typesupport_introspection_cpp.hpp
[5.661s] -- Symlinking: /home/administrator/husky_ws2/src/install/dwb_msgs/include/dwb_msgs/msg/detail/local_plan_evaluation__rosidl_typesupport_introspection_cpp.hpp
[5.724s] -- Symlinking: /home/administrator/husky_ws2/src/install/dwb_msgs/include/dwb_msgs/msg/detail/trajectory2_d__rosidl_typesupport_introspection_cpp.hpp
[5.833s] -- Symlinking: /home/administrator/husky_ws2/src/install/dwb_msgs/include/dwb_msgs/msg/detail/trajectory_score__rosidl_typesupport_introspection_cpp.hpp
[5.926s] -- Symlinking: /home/administrator/husky_ws2/src/install/dwb_msgs/include/dwb_msgs/srv/detail/debug_local_plan__rosidl_typesupport_introspection_cpp.hpp
[5.984s] -- Symlinking: /home/administrator/husky_ws2/src/install/dwb_msgs/include/dwb_msgs/srv/detail/generate_trajectory__rosidl_typesupport_introspection_cpp.hpp
[6.054s] -- Symlinking: /home/administrator/husky_ws2/src/install/dwb_msgs/include/dwb_msgs/srv/detail/generate_twists__rosidl_typesupport_introspection_cpp.hpp
[6.134s] -- Symlinking: /home/administrator/husky_ws2/src/install/dwb_msgs/include/dwb_msgs/srv/detail/get_critic_score__rosidl_typesupport_introspection_cpp.hpp
[6.259s] -- Symlinking: /home/administrator/husky_ws2/src/install/dwb_msgs/include/dwb_msgs/srv/detail/score_trajectory__rosidl_typesupport_introspection_cpp.hpp
[6.330s] -- Symlinking: /home/administrator/husky_ws2/src/install/dwb_msgs/share/dwb_msgs/environment/pythonpath.sh
[6.432s] -- Symlinking: /home/administrator/husky_ws2/src/install/dwb_msgs/share/dwb_msgs/environment/pythonpath.dsv
[6.529s] -- Symlinking: /home/administrator/husky_ws2/src/install/dwb_msgs/lib/python3.8/site-packages/dwb_msgs/__init__.py
[6.641s] -- Symlinking: /home/administrator/husky_ws2/src/install/dwb_msgs/lib/python3.8/site-packages/dwb_msgs/msg/__init__.py
[6.704s] -- Symlinking: /home/administrator/husky_ws2/src/install/dwb_msgs/lib/python3.8/site-packages/dwb_msgs/msg/_critic_score.py
[6.769s] -- Symlinking: /home/administrator/husky_ws2/src/install/dwb_msgs/lib/python3.8/site-packages/dwb_msgs/msg/_local_plan_evaluation.py
[6.842s] -- Symlinking: /home/administrator/husky_ws2/src/install/dwb_msgs/lib/python3.8/site-packages/dwb_msgs/msg/_trajectory2_d.py
[6.903s] -- Symlinking: /home/administrator/husky_ws2/src/install/dwb_msgs/lib/python3.8/site-packages/dwb_msgs/msg/_trajectory_score.py
[6.976s] -- Symlinking: /home/administrator/husky_ws2/src/install/dwb_msgs/lib/python3.8/site-packages/dwb_msgs/srv/__init__.py
[7.050s] -- Symlinking: /home/administrator/husky_ws2/src/install/dwb_msgs/lib/python3.8/site-packages/dwb_msgs/srv/_debug_local_plan.py
[7.119s] -- Symlinking: /home/administrator/husky_ws2/src/install/dwb_msgs/lib/python3.8/site-packages/dwb_msgs/srv/_generate_trajectory.py
[7.196s] -- Symlinking: /home/administrator/husky_ws2/src/install/dwb_msgs/lib/python3.8/site-packages/dwb_msgs/srv/_generate_twists.py
[7.289s] -- Symlinking: /home/administrator/husky_ws2/src/install/dwb_msgs/lib/python3.8/site-packages/dwb_msgs/srv/_get_critic_score.py
[7.331s] -- Symlinking: /home/administrator/husky_ws2/src/install/dwb_msgs/lib/python3.8/site-packages/dwb_msgs/srv/_score_trajectory.py
[7.390s] -- Symlinking: /home/administrator/husky_ws2/src/install/dwb_msgs/lib/python3.8/site-packages/dwb_msgs/dwb_msgs_s__rosidl_typesupport_fastrtps_c.cpython-38-x86_64-linux-gnu.so
[7.442s] -- Symlinking: /home/administrator/husky_ws2/src/install/dwb_msgs/lib/python3.8/site-packages/dwb_msgs/dwb_msgs_s__rosidl_typesupport_introspection_c.cpython-38-x86_64-linux-gnu.so
[7.489s] -- Symlinking: /home/administrator/husky_ws2/src/install/dwb_msgs/lib/python3.8/site-packages/dwb_msgs/dwb_msgs_s__rosidl_typesupport_c.cpython-38-x86_64-linux-gnu.so
[7.544s] -- Symlinking: /home/administrator/husky_ws2/src/install/dwb_msgs/lib/libdwb_msgs__python.so
[7.592s] -- Symlinking: /home/administrator/husky_ws2/src/install/dwb_msgs/share/dwb_msgs/msg/CriticScore.idl
[7.676s] -- Symlinking: /home/administrator/husky_ws2/src/install/dwb_msgs/share/dwb_msgs/msg/LocalPlanEvaluation.idl
[7.763s] -- Symlinking: /home/administrator/husky_ws2/src/install/dwb_msgs/share/dwb_msgs/msg/Trajectory2D.idl
[7.853s] -- Symlinking: /home/administrator/husky_ws2/src/install/dwb_msgs/share/dwb_msgs/msg/TrajectoryScore.idl
[7.952s] -- Symlinking: /home/administrator/husky_ws2/src/install/dwb_msgs/share/dwb_msgs/srv/DebugLocalPlan.idl
[8.038s] -- Symlinking: /home/administrator/husky_ws2/src/install/dwb_msgs/share/dwb_msgs/srv/GenerateTrajectory.idl
[8.142s] -- Symlinking: /home/administrator/husky_ws2/src/install/dwb_msgs/share/dwb_msgs/srv/GenerateTwists.idl
[8.218s] -- Symlinking: /home/administrator/husky_ws2/src/install/dwb_msgs/share/dwb_msgs/srv/GetCriticScore.idl
[8.286s] -- Symlinking: /home/administrator/husky_ws2/src/install/dwb_msgs/share/dwb_msgs/srv/ScoreTrajectory.idl
[8.341s] -- Symlinking: /home/administrator/husky_ws2/src/install/dwb_msgs/share/dwb_msgs/msg/CriticScore.msg
[8.405s] -- Symlinking: /home/administrator/husky_ws2/src/install/dwb_msgs/share/dwb_msgs/msg/LocalPlanEvaluation.msg
[8.483s] -- Symlinking: /home/administrator/husky_ws2/src/install/dwb_msgs/share/dwb_msgs/msg/Trajectory2D.msg
[8.572s] -- Symlinking: /home/administrator/husky_ws2/src/install/dwb_msgs/share/dwb_msgs/msg/TrajectoryScore.msg
[8.647s] -- Symlinking: /home/administrator/husky_ws2/src/install/dwb_msgs/share/dwb_msgs/srv/DebugLocalPlan.srv
[8.714s] -- Symlinking: /home/administrator/husky_ws2/src/install/dwb_msgs/share/dwb_msgs/srv/DebugLocalPlan_Request.msg
[8.744s] -- Symlinking: /home/administrator/husky_ws2/src/install/dwb_msgs/share/dwb_msgs/srv/DebugLocalPlan_Response.msg
[8.785s] -- Symlinking: /home/administrator/husky_ws2/src/install/dwb_msgs/share/dwb_msgs/srv/GenerateTrajectory.srv
[8.824s] -- Symlinking: /home/administrator/husky_ws2/src/install/dwb_msgs/share/dwb_msgs/srv/GenerateTrajectory_Request.msg
[8.881s] -- Symlinking: /home/administrator/husky_ws2/src/install/dwb_msgs/share/dwb_msgs/srv/GenerateTrajectory_Response.msg
[8.909s] -- Symlinking: /home/administrator/husky_ws2/src/install/dwb_msgs/share/dwb_msgs/srv/GenerateTwists.srv
[8.959s] -- Symlinking: /home/administrator/husky_ws2/src/install/dwb_msgs/share/dwb_msgs/srv/GenerateTwists_Request.msg
[9.011s] -- Symlinking: /home/administrator/husky_ws2/src/install/dwb_msgs/share/dwb_msgs/srv/GenerateTwists_Response.msg
[9.073s] -- Symlinking: /home/administrator/husky_ws2/src/install/dwb_msgs/share/dwb_msgs/srv/GetCriticScore.srv
[9.124s] -- Symlinking: /home/administrator/husky_ws2/src/install/dwb_msgs/share/dwb_msgs/srv/GetCriticScore_Request.msg
[9.197s] -- Symlinking: /home/administrator/husky_ws2/src/install/dwb_msgs/share/dwb_msgs/srv/GetCriticScore_Response.msg
[9.275s] -- Symlinking: /home/administrator/husky_ws2/src/install/dwb_msgs/share/dwb_msgs/srv/ScoreTrajectory.srv
[9.339s] -- Symlinking: /home/administrator/husky_ws2/src/install/dwb_msgs/share/dwb_msgs/srv/ScoreTrajectory_Request.msg
[9.387s] -- Symlinking: /home/administrator/husky_ws2/src/install/dwb_msgs/share/dwb_msgs/srv/ScoreTrajectory_Response.msg
[9.434s] -- Symlinking: /home/administrator/husky_ws2/src/install/dwb_msgs/share/ament_index/resource_index/package_run_dependencies/dwb_msgs
[9.501s] -- Symlinking: /home/administrator/husky_ws2/src/install/dwb_msgs/share/ament_index/resource_index/parent_prefix_path/dwb_msgs
[9.575s] -- Symlinking: /home/administrator/husky_ws2/src/install/dwb_msgs/share/dwb_msgs/environment/ament_prefix_path.sh
[9.660s] -- Symlinking: /home/administrator/husky_ws2/src/install/dwb_msgs/share/dwb_msgs/environment/ament_prefix_path.dsv
[9.731s] -- Symlinking: /home/administrator/husky_ws2/src/install/dwb_msgs/share/dwb_msgs/environment/path.sh
[9.792s] -- Symlinking: /home/administrator/husky_ws2/src/install/dwb_msgs/share/dwb_msgs/environment/path.dsv
[9.862s] -- Symlinking: /home/administrator/husky_ws2/src/install/dwb_msgs/share/dwb_msgs/local_setup.bash
[9.897s] -- Symlinking: /home/administrator/husky_ws2/src/install/dwb_msgs/share/dwb_msgs/local_setup.sh
[9.911s] -- Symlinking: /home/administrator/husky_ws2/src/install/dwb_msgs/share/dwb_msgs/local_setup.zsh
[9.965s] -- Symlinking: /home/administrator/husky_ws2/src/install/dwb_msgs/share/dwb_msgs/local_setup.dsv
[10.016s] -- Symlinking: /home/administrator/husky_ws2/src/install/dwb_msgs/share/dwb_msgs/package.dsv
[10.092s] -- Symlinking: /home/administrator/husky_ws2/src/install/dwb_msgs/share/ament_index/resource_index/packages/dwb_msgs
[10.183s] -- Symlinking: /home/administrator/husky_ws2/src/install/dwb_msgs/share/dwb_msgs/cmake/rosidl_cmake-extras.cmake
[10.240s] -- Symlinking: /home/administrator/husky_ws2/src/install/dwb_msgs/share/dwb_msgs/cmake/ament_cmake_export_dependencies-extras.cmake
[10.285s] -- Symlinking: /home/administrator/husky_ws2/src/install/dwb_msgs/share/dwb_msgs/cmake/ament_cmake_export_libraries-extras.cmake
[10.327s] -- Symlinking: /home/administrator/husky_ws2/src/install/dwb_msgs/share/dwb_msgs/cmake/ament_cmake_export_targets-extras.cmake
[10.388s] -- Symlinking: /home/administrator/husky_ws2/src/install/dwb_msgs/share/dwb_msgs/cmake/ament_cmake_export_include_directories-extras.cmake
[10.429s] -- Symlinking: /home/administrator/husky_ws2/src/install/dwb_msgs/share/dwb_msgs/cmake/rosidl_cmake_export_typesupport_libraries-extras.cmake
[10.509s] -- Symlinking: /home/administrator/husky_ws2/src/install/dwb_msgs/share/dwb_msgs/cmake/rosidl_cmake_export_typesupport_targets-extras.cmake
[10.578s] -- Symlinking: /home/administrator/husky_ws2/src/install/dwb_msgs/share/dwb_msgs/cmake/dwb_msgsConfig.cmake
[10.632s] -- Symlinking: /home/administrator/husky_ws2/src/install/dwb_msgs/share/dwb_msgs/cmake/dwb_msgsConfig-version.cmake
[10.698s] -- Symlinking: /home/administrator/husky_ws2/src/install/dwb_msgs/share/dwb_msgs/package.xml
[10.716s] -- Installing: /home/administrator/husky_ws2/src/install/dwb_msgs/lib/libdwb_msgs__rosidl_generator_c.so
[10.717s] -- Set runtime path of "/home/administrator/husky_ws2/src/install/dwb_msgs/lib/libdwb_msgs__rosidl_generator_c.so" to ""
[10.717s] -- Installing: /home/administrator/husky_ws2/src/install/dwb_msgs/lib/libdwb_msgs__rosidl_typesupport_introspection_c.so
[10.717s] -- Set runtime path of "/home/administrator/husky_ws2/src/install/dwb_msgs/lib/libdwb_msgs__rosidl_typesupport_introspection_c.so" to ""
[10.717s] -- Installing: /home/administrator/husky_ws2/src/install/dwb_msgs/lib/libdwb_msgs__rosidl_typesupport_c.so
[10.717s] -- Set runtime path of "/home/administrator/husky_ws2/src/install/dwb_msgs/lib/libdwb_msgs__rosidl_typesupport_c.so" to ""
[10.718s] -- Installing: /home/administrator/husky_ws2/src/install/dwb_msgs/lib/libdwb_msgs__rosidl_typesupport_introspection_cpp.so
[10.718s] -- Set runtime path of "/home/administrator/husky_ws2/src/install/dwb_msgs/lib/libdwb_msgs__rosidl_typesupport_introspection_cpp.so" to ""
[10.718s] -- Installing: /home/administrator/husky_ws2/src/install/dwb_msgs/lib/libdwb_msgs__rosidl_typesupport_cpp.so
[10.718s] -- Set runtime path of "/home/administrator/husky_ws2/src/install/dwb_msgs/lib/libdwb_msgs__rosidl_typesupport_cpp.so" to ""
[10.795s] Compiling '/home/administrator/husky_ws2/src/install/dwb_msgs/lib/python3.8/site-packages/dwb_msgs/__init__.py'...
[10.799s] -- Installing: /home/administrator/husky_ws2/src/install/dwb_msgs/share/dwb_msgs/cmake/dwb_msgs__rosidl_generator_cExport.cmake
[10.799s] -- Installing: /home/administrator/husky_ws2/src/install/dwb_msgs/share/dwb_msgs/cmake/dwb_msgs__rosidl_generator_cExport-noconfig.cmake
[10.799s] -- Installing: /home/administrator/husky_ws2/src/install/dwb_msgs/share/dwb_msgs/cmake/dwb_msgs__rosidl_typesupport_introspection_cExport.cmake
[10.799s] -- Installing: /home/administrator/husky_ws2/src/install/dwb_msgs/share/dwb_msgs/cmake/dwb_msgs__rosidl_typesupport_introspection_cExport-noconfig.cmake
[10.800s] -- Installing: /home/administrator/husky_ws2/src/install/dwb_msgs/share/dwb_msgs/cmake/dwb_msgs__rosidl_typesupport_cExport.cmake
[10.800s] -- Installing: /home/administrator/husky_ws2/src/install/dwb_msgs/share/dwb_msgs/cmake/dwb_msgs__rosidl_typesupport_cExport-noconfig.cmake
[10.800s] -- Installing: /home/administrator/husky_ws2/src/install/dwb_msgs/share/dwb_msgs/cmake/dwb_msgs__rosidl_generator_cppExport.cmake
[10.800s] -- Installing: /home/administrator/husky_ws2/src/install/dwb_msgs/share/dwb_msgs/cmake/dwb_msgs__rosidl_typesupport_introspection_cppExport.cmake
[10.800s] -- Installing: /home/administrator/husky_ws2/src/install/dwb_msgs/share/dwb_msgs/cmake/dwb_msgs__rosidl_typesupport_introspection_cppExport-noconfig.cmake
[10.800s] -- Installing: /home/administrator/husky_ws2/src/install/dwb_msgs/share/dwb_msgs/cmake/dwb_msgs__rosidl_typesupport_cppExport.cmake
[10.801s] -- Installing: /home/administrator/husky_ws2/src/install/dwb_msgs/share/dwb_msgs/cmake/dwb_msgs__rosidl_typesupport_cppExport-noconfig.cmake
[10.809s] Invoked command in '/home/administrator/husky_ws2/src/build/dwb_msgs' returned '0': AMENT_PREFIX_PATH=/home/administrator/husky_ws2/src/install/nav_2d_msgs:${AMENT_PREFIX_PATH} CMAKE_PREFIX_PATH=/home/administrator/husky_ws2/src/install/nav_2d_msgs:/home/administrator/husky_ws2/install/zed_ros2:/home/administrator/husky_ws2/install/zed_display_rviz2:/home/administrator/husky_ws2/install/zed_wrapper:/home/administrator/husky_ws2/install/zed_tutorial_video:/home/administrator/husky_ws2/install/zed_tutorial_pos_tracking:/home/administrator/husky_ws2/install/zed_tutorial_depth:/home/administrator/husky_ws2/install/zed_rgb_convert:/home/administrator/husky_ws2/install/zed_components:/home/administrator/husky_ws2/install/rviz_plugin_zed_od:/home/administrator/husky_ws2/install/zed_interfaces:/home/administrator/husky_ws2/install/velodyne_simulator:/home/administrator/husky_ws2/install/velodyne_gazebo_plugins:/home/administrator/husky_ws2/install/husky_desktop:/home/administrator/husky_ws2/install/husky_viz:/home/administrator/husky_ws2/install/husky_simulator:/home/administrator/husky_ws2/install/husky_robot:/home/administrator/husky_ws2/install/husky_gazebo:/home/administrator/husky_ws2/install/husky_bringup:/home/administrator/husky_ws2/install/husky_control:/home/administrator/husky_ws2/install/husky_description:/home/administrator/husky_ws2/install/velodyne_description:/home/administrator/husky_ws2/install/um7:/home/administrator/husky_ws2/install/swri_route_util:/home/administrator/husky_ws2/install/swri_transform_util:/home/administrator/husky_ws2/install/swri_system_util:/home/administrator/husky_ws2/install/swri_serial_util:/home/administrator/husky_ws2/install/swri_image_util:/home/administrator/husky_ws2/install/swri_roscpp:/home/administrator/husky_ws2/install/swri_prefix_tools:/home/administrator/husky_ws2/install/swri_opencv_util:/home/administrator/husky_ws2/install/swri_math_util:/home/administrator/husky_ws2/install/swri_geometry_util:/home/administrator/husky_ws2/install/swri_dbw_interface:/home/administrator/husky_ws2/install/swri_console_util:/home/administrator/husky_ws2/install/nav2_system_tests:/home/administrator/husky_ws2/install/nav2_bringup:/home/administrator/husky_ws2/install/navigation2:/home/administrator/husky_ws2/install/smac_planner:/home/administrator/husky_ws2/install/pointcloud_to_laserscan:/home/administrator/husky_ws2/install/nav2_dwb_controller:/home/administrator/husky_ws2/install/nav2_controller:/home/administrator/husky_ws2/install/dwb_plugins:/home/administrator/husky_ws2/install/dwb_critics:/home/administrator/husky_ws2/install/dwb_core:/home/administrator/husky_ws2/install/nav_2d_utils:/home/administrator/husky_ws2/install/dwb_msgs:/home/administrator/husky_ws2/install/nav_2d_msgs:/home/administrator/husky_ws2/install/nav2_waypoint_follower:/home/administrator/husky_ws2/install/nav2_regulated_pure_pursuit_controller:/home/administrator/husky_ws2/install/nav2_recoveries:/home/administrator/husky_ws2/install/nav2_planner:/home/administrator/husky_ws2/install/nav2_navfn_planner:/home/administrator/husky_ws2/install/nav2_core:/home/administrator/husky_ws2/install/costmap_queue:/home/administrator/husky_ws2/install/nav2_costmap_2d:/home/administrator/husky_ws2/install/nav2_voxel_grid:/home/administrator/husky_ws2/install/nav2_rviz_plugins:/home/administrator/husky_ws2/install/nav2_map_server:/home/administrator/husky_ws2/install/nav2_lifecycle_manager:/home/administrator/husky_ws2/install/nav2_bt_navigator:/home/administrator/husky_ws2/install/nav2_behavior_tree:/home/administrator/husky_ws2/install/nav2_amcl:/home/administrator/husky_ws2/install/nav2_util:/home/administrator/husky_ws2/install/nav2_msgs:/home/administrator/husky_ws2/install/nav2_common:/home/administrator/husky_ws2/install/microstrain_inertial_examples:/home/administrator/husky_ws2/install/microstrain_inertial_driver:/home/administrator/husky_ws2/install/microstrain_inertial_msgs:/home/administrator/husky_ws2/install/local_nav_pkg:/home/administrator/husky_ws2/install/image_common:/home/administrator/husky_ws2/install/image_transport:/home/administrator/husky_ws2/install/husky_base:/home/administrator/husky_ws2/install/husky_msgs:/home/administrator/husky_ws2/install/hector_gazebo:/home/administrator/husky_ws2/install/hector_gazebo_worlds:/home/administrator/husky_ws2/install/hector_gazebo_plugins:/home/administrator/husky_ws2/install/custom_nav_stack_pkg:/home/administrator/husky_ws2/install/camera_info_manager:/home/administrator/husky_ws2/install/camera_calibration_parsers:/home/administrator/richo_theta_ws/install/penguin_detection:/home/administrator/husky_ws2/install/nav2_gazebo_spawner:/home/administrator/husky_ws2/install/microstrain_inertial_rqt:/home/administrator/husky_ws2/install/gps_goal:/opt/ros/foxy:/opt/ros/noetic LD_LIBRARY_PATH=/home/administrator/husky_ws2/src/install/nav_2d_msgs/lib:${LD_LIBRARY_PATH} PYTHONPATH=/home/administrator/husky_ws2/src/install/nav_2d_msgs/lib/python3.8/site-packages:${PYTHONPATH} /usr/bin/cmake --install /home/administrator/husky_ws2/src/build/dwb_msgs
