-- Install configuration: ""
-- Execute custom install script
-- Up-to-date symlink: /home/administrator/husky_ws2/src/install/husky_description/share/husky_description/launch/description.launch
-- Up-to-date symlink: /home/administrator/husky_ws2/src/install/husky_description/share/husky_description/launch/description.launch.py
-- Up-to-date symlink: /home/administrator/husky_ws2/src/install/husky_description/share/husky_description/meshes/accessories/300_mm_sensor_arch.dae
-- Up-to-date symlink: /home/administrator/husky_ws2/src/install/husky_description/share/husky_description/meshes/accessories/300_mm_sensor_arch.stl
-- Up-to-date symlink: /home/administrator/husky_ws2/src/install/husky_description/share/husky_description/meshes/accessories/510_mm_sensor_arch.dae
-- Up-to-date symlink: /home/administrator/husky_ws2/src/install/husky_description/share/husky_description/meshes/accessories/510_mm_sensor_arch.stl
-- Up-to-date symlink: /home/administrator/husky_ws2/src/install/husky_description/share/husky_description/meshes/accessories/HDL32E_base.dae
-- Up-to-date symlink: /home/administrator/husky_ws2/src/install/husky_description/share/husky_description/meshes/accessories/HDL32E_scan.dae
-- Up-to-date symlink: /home/administrator/husky_ws2/src/install/husky_description/share/husky_description/meshes/accessories/VLP16_base_1.dae
-- Up-to-date symlink: /home/administrator/husky_ws2/src/install/husky_description/share/husky_description/meshes/accessories/VLP16_base_2.dae
-- Up-to-date symlink: /home/administrator/husky_ws2/src/install/husky_description/share/husky_description/meshes/accessories/VLP16_scan.dae
-- Up-to-date symlink: /home/administrator/husky_ws2/src/install/husky_description/share/husky_description/meshes/accessories/ZED2.dae
-- Up-to-date symlink: /home/administrator/husky_ws2/src/install/husky_description/share/husky_description/meshes/accessories/hokuyo_ust10.stl
-- Up-to-date symlink: /home/administrator/husky_ws2/src/install/husky_description/share/husky_description/meshes/accessories/lidar_mount.stl
-- Up-to-date symlink: /home/administrator/husky_ws2/src/install/husky_description/share/husky_description/meshes/accessories/lms1xx_mount.dae
-- Up-to-date symlink: /home/administrator/husky_ws2/src/install/husky_description/share/husky_description/meshes/accessories/lms1xx_mount.stl
-- Up-to-date symlink: /home/administrator/husky_ws2/src/install/husky_description/share/husky_description/meshes/accessories/realsense.stl
-- Up-to-date symlink: /home/administrator/husky_ws2/src/install/husky_description/share/husky_description/meshes/base_link.dae
-- Up-to-date symlink: /home/administrator/husky_ws2/src/install/husky_description/share/husky_description/meshes/base_link.stl
-- Up-to-date symlink: /home/administrator/husky_ws2/src/install/husky_description/share/husky_description/meshes/bumper.dae
-- Up-to-date symlink: /home/administrator/husky_ws2/src/install/husky_description/share/husky_description/meshes/bumper_extension.dae
-- Up-to-date symlink: /home/administrator/husky_ws2/src/install/husky_description/share/husky_description/meshes/large_top_plate.dae
-- Up-to-date symlink: /home/administrator/husky_ws2/src/install/husky_description/share/husky_description/meshes/large_top_plate_collision.stl
-- Up-to-date symlink: /home/administrator/husky_ws2/src/install/husky_description/share/husky_description/meshes/top_chassis.dae
-- Up-to-date symlink: /home/administrator/husky_ws2/src/install/husky_description/share/husky_description/meshes/top_chassis.stl
-- Up-to-date symlink: /home/administrator/husky_ws2/src/install/husky_description/share/husky_description/meshes/top_plate.dae
-- Up-to-date symlink: /home/administrator/husky_ws2/src/install/husky_description/share/husky_description/meshes/top_plate.stl
-- Up-to-date symlink: /home/administrator/husky_ws2/src/install/husky_description/share/husky_description/meshes/user_rail.dae
-- Up-to-date symlink: /home/administrator/husky_ws2/src/install/husky_description/share/husky_description/meshes/user_rail.stl
-- Up-to-date symlink: /home/administrator/husky_ws2/src/install/husky_description/share/husky_description/meshes/wheel.dae
-- Up-to-date symlink: /home/administrator/husky_ws2/src/install/husky_description/share/husky_description/meshes/wheel.stl
-- Up-to-date symlink: /home/administrator/husky_ws2/src/install/husky_description/share/husky_description/urdf/accessories/VLP-16.urdf.xacro
-- Up-to-date symlink: /home/administrator/husky_ws2/src/install/husky_description/share/husky_description/urdf/accessories/flir_blackfly_mount.urdf.xacro
-- Up-to-date symlink: /home/administrator/husky_ws2/src/install/husky_description/share/husky_description/urdf/accessories/hokuyo_ust10.urdf.xacro
-- Up-to-date symlink: /home/administrator/husky_ws2/src/install/husky_description/share/husky_description/urdf/accessories/intel_realsense.urdf.xacro
-- Up-to-date symlink: /home/administrator/husky_ws2/src/install/husky_description/share/husky_description/urdf/accessories/sensor_arch.urdf.xacro
-- Up-to-date symlink: /home/administrator/husky_ws2/src/install/husky_description/share/husky_description/urdf/accessories/sick_lms1xx_mount.urdf.xacro
-- Up-to-date symlink: /home/administrator/husky_ws2/src/install/husky_description/share/husky_description/urdf/accessories/vlp16_mount.urdf.xacro
-- Up-to-date symlink: /home/administrator/husky_ws2/src/install/husky_description/share/husky_description/urdf/accessories/zed2.xacro
-- Up-to-date symlink: /home/administrator/husky_ws2/src/install/husky_description/share/husky_description/urdf/decorations.urdf.xacro
-- Up-to-date symlink: /home/administrator/husky_ws2/src/install/husky_description/share/husky_description/urdf/empty.urdf
-- Up-to-date symlink: /home/administrator/husky_ws2/src/install/husky_description/share/husky_description/urdf/husky.urdf.xacro
-- Up-to-date symlink: /home/administrator/husky_ws2/src/install/husky_description/share/husky_description/urdf/husky.urdf.xacro.ORIG
-- Up-to-date symlink: /home/administrator/husky_ws2/src/install/husky_description/share/husky_description/urdf/husky_macro.urdf.xacro
-- Up-to-date symlink: /home/administrator/husky_ws2/src/install/husky_description/share/husky_description/urdf/husky_macro.urdf.xacro.ORIG
-- Up-to-date symlink: /home/administrator/husky_ws2/src/install/husky_description/share/husky_description/urdf/wheel.urdf.xacro
-- Up-to-date symlink: /home/administrator/husky_ws2/src/install/husky_description/share/ament_index/resource_index/package_run_dependencies/husky_description
-- Up-to-date symlink: /home/administrator/husky_ws2/src/install/husky_description/share/ament_index/resource_index/parent_prefix_path/husky_description
-- Up-to-date symlink: /home/administrator/husky_ws2/src/install/husky_description/share/husky_description/environment/ament_prefix_path.sh
-- Up-to-date symlink: /home/administrator/husky_ws2/src/install/husky_description/share/husky_description/environment/ament_prefix_path.dsv
-- Up-to-date symlink: /home/administrator/husky_ws2/src/install/husky_description/share/husky_description/environment/path.sh
-- Up-to-date symlink: /home/administrator/husky_ws2/src/install/husky_description/share/husky_description/environment/path.dsv
-- Up-to-date symlink: /home/administrator/husky_ws2/src/install/husky_description/share/husky_description/local_setup.bash
-- Up-to-date symlink: /home/administrator/husky_ws2/src/install/husky_description/share/husky_description/local_setup.sh
-- Up-to-date symlink: /home/administrator/husky_ws2/src/install/husky_description/share/husky_description/local_setup.zsh
-- Up-to-date symlink: /home/administrator/husky_ws2/src/install/husky_description/share/husky_description/local_setup.dsv
-- Symlinking: /home/administrator/husky_ws2/src/install/husky_description/share/husky_description/package.dsv
-- Up-to-date symlink: /home/administrator/husky_ws2/src/install/husky_description/share/ament_index/resource_index/packages/husky_description
-- Up-to-date symlink: /home/administrator/husky_ws2/src/install/husky_description/share/husky_description/cmake/ament_cmake_export_dependencies-extras.cmake
-- Up-to-date symlink: /home/administrator/husky_ws2/src/install/husky_description/share/husky_description/cmake/husky_descriptionConfig.cmake
-- Up-to-date symlink: /home/administrator/husky_ws2/src/install/husky_description/share/husky_description/cmake/husky_descriptionConfig-version.cmake
-- Up-to-date symlink: /home/administrator/husky_ws2/src/install/husky_description/share/husky_description/package.xml
