[0.083s] Invoking command in '/home/administrator/husky_ws2/src/build/nav_2d_msgs': CMAKE_PREFIX_PATH=/home/administrator/husky_ws2/install/zed_ros2:/home/administrator/husky_ws2/install/zed_display_rviz2:/home/administrator/husky_ws2/install/zed_wrapper:/home/administrator/husky_ws2/install/zed_tutorial_video:/home/administrator/husky_ws2/install/zed_tutorial_pos_tracking:/home/administrator/husky_ws2/install/zed_tutorial_depth:/home/administrator/husky_ws2/install/zed_rgb_convert:/home/administrator/husky_ws2/install/zed_components:/home/administrator/husky_ws2/install/rviz_plugin_zed_od:/home/administrator/husky_ws2/install/zed_interfaces:/home/administrator/husky_ws2/install/velodyne_simulator:/home/administrator/husky_ws2/install/velodyne_gazebo_plugins:/home/administrator/husky_ws2/install/husky_desktop:/home/administrator/husky_ws2/install/husky_viz:/home/administrator/husky_ws2/install/husky_simulator:/home/administrator/husky_ws2/install/husky_robot:/home/administrator/husky_ws2/install/husky_gazebo:/home/administrator/husky_ws2/install/husky_bringup:/home/administrator/husky_ws2/install/husky_control:/home/administrator/husky_ws2/install/husky_description:/home/administrator/husky_ws2/install/velodyne_description:/home/administrator/husky_ws2/install/um7:/home/administrator/husky_ws2/install/swri_route_util:/home/administrator/husky_ws2/install/swri_transform_util:/home/administrator/husky_ws2/install/swri_system_util:/home/administrator/husky_ws2/install/swri_serial_util:/home/administrator/husky_ws2/install/swri_image_util:/home/administrator/husky_ws2/install/swri_roscpp:/home/administrator/husky_ws2/install/swri_prefix_tools:/home/administrator/husky_ws2/install/swri_opencv_util:/home/administrator/husky_ws2/install/swri_math_util:/home/administrator/husky_ws2/install/swri_geometry_util:/home/administrator/husky_ws2/install/swri_dbw_interface:/home/administrator/husky_ws2/install/swri_console_util:/home/administrator/husky_ws2/install/nav2_system_tests:/home/administrator/husky_ws2/install/nav2_bringup:/home/administrator/husky_ws2/install/navigation2:/home/administrator/husky_ws2/install/smac_planner:/home/administrator/husky_ws2/install/pointcloud_to_laserscan:/home/administrator/husky_ws2/install/nav2_dwb_controller:/home/administrator/husky_ws2/install/nav2_controller:/home/administrator/husky_ws2/install/dwb_plugins:/home/administrator/husky_ws2/install/dwb_critics:/home/administrator/husky_ws2/install/dwb_core:/home/administrator/husky_ws2/install/nav_2d_utils:/home/administrator/husky_ws2/install/dwb_msgs:/home/administrator/husky_ws2/install/nav_2d_msgs:/home/administrator/husky_ws2/install/nav2_waypoint_follower:/home/administrator/husky_ws2/install/nav2_regulated_pure_pursuit_controller:/home/administrator/husky_ws2/install/nav2_recoveries:/home/administrator/husky_ws2/install/nav2_planner:/home/administrator/husky_ws2/install/nav2_navfn_planner:/home/administrator/husky_ws2/install/nav2_core:/home/administrator/husky_ws2/install/costmap_queue:/home/administrator/husky_ws2/install/nav2_costmap_2d:/home/administrator/husky_ws2/install/nav2_voxel_grid:/home/administrator/husky_ws2/install/nav2_rviz_plugins:/home/administrator/husky_ws2/install/nav2_map_server:/home/administrator/husky_ws2/install/nav2_lifecycle_manager:/home/administrator/husky_ws2/install/nav2_bt_navigator:/home/administrator/husky_ws2/install/nav2_behavior_tree:/home/administrator/husky_ws2/install/nav2_amcl:/home/administrator/husky_ws2/install/nav2_util:/home/administrator/husky_ws2/install/nav2_msgs:/home/administrator/husky_ws2/install/nav2_common:/home/administrator/husky_ws2/install/microstrain_inertial_examples:/home/administrator/husky_ws2/install/microstrain_inertial_driver:/home/administrator/husky_ws2/install/microstrain_inertial_msgs:/home/administrator/husky_ws2/install/local_nav_pkg:/home/administrator/husky_ws2/install/image_common:/home/administrator/husky_ws2/install/image_transport:/home/administrator/husky_ws2/install/husky_base:/home/administrator/husky_ws2/install/husky_msgs:/home/administrator/husky_ws2/install/hector_gazebo:/home/administrator/husky_ws2/install/hector_gazebo_worlds:/home/administrator/husky_ws2/install/hector_gazebo_plugins:/home/administrator/husky_ws2/install/custom_nav_stack_pkg:/home/administrator/husky_ws2/install/camera_info_manager:/home/administrator/husky_ws2/install/camera_calibration_parsers:/home/administrator/richo_theta_ws/install/penguin_detection:/home/administrator/husky_ws2/install/nav2_gazebo_spawner:/home/administrator/husky_ws2/install/microstrain_inertial_rqt:/home/administrator/husky_ws2/install/gps_goal:/opt/ros/foxy:/opt/ros/noetic /usr/bin/cmake --build /home/administrator/husky_ws2/src/build/nav_2d_msgs -- -j8 -l8
[0.197s] [ 11%] Built target nav_2d_msgs__rosidl_generator_c
[0.217s] [ 12%] Built target nav_2d_msgs__cpp
[0.284s] [ 23%] Built target nav_2d_msgs__rosidl_typesupport_c
[0.306s] [ 35%] Built target nav_2d_msgs__rosidl_typesupport_introspection_c
[0.359s] [ 46%] Built target nav_2d_msgs__rosidl_typesupport_cpp
[0.367s] [ 57%] Built target nav_2d_msgs__rosidl_typesupport_introspection_cpp
[0.388s] [ 69%] Built target nav_2d_msgs__rosidl_typesupport_fastrtps_cpp
[0.456s] [ 80%] Built target nav_2d_msgs__rosidl_typesupport_fastrtps_c
[0.531s] [ 80%] Built target nav_2d_msgs
[0.590s] [ 81%] Built target nav_2d_msgs__py
[0.638s] [ 91%] Built target nav_2d_msgs__python
[0.691s] [ 94%] Built target nav_2d_msgs__rosidl_typesupport_introspection_c__pyext
[0.707s] [ 97%] Built target nav_2d_msgs__rosidl_typesupport_c__pyext
[0.710s] [100%] Built target nav_2d_msgs__rosidl_typesupport_fastrtps_c__pyext
[0.738s] Invoked command in '/home/administrator/husky_ws2/src/build/nav_2d_msgs' returned '0': CMAKE_PREFIX_PATH=/home/administrator/husky_ws2/install/zed_ros2:/home/administrator/husky_ws2/install/zed_display_rviz2:/home/administrator/husky_ws2/install/zed_wrapper:/home/administrator/husky_ws2/install/zed_tutorial_video:/home/administrator/husky_ws2/install/zed_tutorial_pos_tracking:/home/administrator/husky_ws2/install/zed_tutorial_depth:/home/administrator/husky_ws2/install/zed_rgb_convert:/home/administrator/husky_ws2/install/zed_components:/home/administrator/husky_ws2/install/rviz_plugin_zed_od:/home/administrator/husky_ws2/install/zed_interfaces:/home/administrator/husky_ws2/install/velodyne_simulator:/home/administrator/husky_ws2/install/velodyne_gazebo_plugins:/home/administrator/husky_ws2/install/husky_desktop:/home/administrator/husky_ws2/install/husky_viz:/home/administrator/husky_ws2/install/husky_simulator:/home/administrator/husky_ws2/install/husky_robot:/home/administrator/husky_ws2/install/husky_gazebo:/home/administrator/husky_ws2/install/husky_bringup:/home/administrator/husky_ws2/install/husky_control:/home/administrator/husky_ws2/install/husky_description:/home/administrator/husky_ws2/install/velodyne_description:/home/administrator/husky_ws2/install/um7:/home/administrator/husky_ws2/install/swri_route_util:/home/administrator/husky_ws2/install/swri_transform_util:/home/administrator/husky_ws2/install/swri_system_util:/home/administrator/husky_ws2/install/swri_serial_util:/home/administrator/husky_ws2/install/swri_image_util:/home/administrator/husky_ws2/install/swri_roscpp:/home/administrator/husky_ws2/install/swri_prefix_tools:/home/administrator/husky_ws2/install/swri_opencv_util:/home/administrator/husky_ws2/install/swri_math_util:/home/administrator/husky_ws2/install/swri_geometry_util:/home/administrator/husky_ws2/install/swri_dbw_interface:/home/administrator/husky_ws2/install/swri_console_util:/home/administrator/husky_ws2/install/nav2_system_tests:/home/administrator/husky_ws2/install/nav2_bringup:/home/administrator/husky_ws2/install/navigation2:/home/administrator/husky_ws2/install/smac_planner:/home/administrator/husky_ws2/install/pointcloud_to_laserscan:/home/administrator/husky_ws2/install/nav2_dwb_controller:/home/administrator/husky_ws2/install/nav2_controller:/home/administrator/husky_ws2/install/dwb_plugins:/home/administrator/husky_ws2/install/dwb_critics:/home/administrator/husky_ws2/install/dwb_core:/home/administrator/husky_ws2/install/nav_2d_utils:/home/administrator/husky_ws2/install/dwb_msgs:/home/administrator/husky_ws2/install/nav_2d_msgs:/home/administrator/husky_ws2/install/nav2_waypoint_follower:/home/administrator/husky_ws2/install/nav2_regulated_pure_pursuit_controller:/home/administrator/husky_ws2/install/nav2_recoveries:/home/administrator/husky_ws2/install/nav2_planner:/home/administrator/husky_ws2/install/nav2_navfn_planner:/home/administrator/husky_ws2/install/nav2_core:/home/administrator/husky_ws2/install/costmap_queue:/home/administrator/husky_ws2/install/nav2_costmap_2d:/home/administrator/husky_ws2/install/nav2_voxel_grid:/home/administrator/husky_ws2/install/nav2_rviz_plugins:/home/administrator/husky_ws2/install/nav2_map_server:/home/administrator/husky_ws2/install/nav2_lifecycle_manager:/home/administrator/husky_ws2/install/nav2_bt_navigator:/home/administrator/husky_ws2/install/nav2_behavior_tree:/home/administrator/husky_ws2/install/nav2_amcl:/home/administrator/husky_ws2/install/nav2_util:/home/administrator/husky_ws2/install/nav2_msgs:/home/administrator/husky_ws2/install/nav2_common:/home/administrator/husky_ws2/install/microstrain_inertial_examples:/home/administrator/husky_ws2/install/microstrain_inertial_driver:/home/administrator/husky_ws2/install/microstrain_inertial_msgs:/home/administrator/husky_ws2/install/local_nav_pkg:/home/administrator/husky_ws2/install/image_common:/home/administrator/husky_ws2/install/image_transport:/home/administrator/husky_ws2/install/husky_base:/home/administrator/husky_ws2/install/husky_msgs:/home/administrator/husky_ws2/install/hector_gazebo:/home/administrator/husky_ws2/install/hector_gazebo_worlds:/home/administrator/husky_ws2/install/hector_gazebo_plugins:/home/administrator/husky_ws2/install/custom_nav_stack_pkg:/home/administrator/husky_ws2/install/camera_info_manager:/home/administrator/husky_ws2/install/camera_calibration_parsers:/home/administrator/richo_theta_ws/install/penguin_detection:/home/administrator/husky_ws2/install/nav2_gazebo_spawner:/home/administrator/husky_ws2/install/microstrain_inertial_rqt:/home/administrator/husky_ws2/install/gps_goal:/opt/ros/foxy:/opt/ros/noetic /usr/bin/cmake --build /home/administrator/husky_ws2/src/build/nav_2d_msgs -- -j8 -l8
[1.547s] Invoking command in '/home/administrator/husky_ws2/src/build/nav_2d_msgs': CMAKE_PREFIX_PATH=/home/administrator/husky_ws2/install/zed_ros2:/home/administrator/husky_ws2/install/zed_display_rviz2:/home/administrator/husky_ws2/install/zed_wrapper:/home/administrator/husky_ws2/install/zed_tutorial_video:/home/administrator/husky_ws2/install/zed_tutorial_pos_tracking:/home/administrator/husky_ws2/install/zed_tutorial_depth:/home/administrator/husky_ws2/install/zed_rgb_convert:/home/administrator/husky_ws2/install/zed_components:/home/administrator/husky_ws2/install/rviz_plugin_zed_od:/home/administrator/husky_ws2/install/zed_interfaces:/home/administrator/husky_ws2/install/velodyne_simulator:/home/administrator/husky_ws2/install/velodyne_gazebo_plugins:/home/administrator/husky_ws2/install/husky_desktop:/home/administrator/husky_ws2/install/husky_viz:/home/administrator/husky_ws2/install/husky_simulator:/home/administrator/husky_ws2/install/husky_robot:/home/administrator/husky_ws2/install/husky_gazebo:/home/administrator/husky_ws2/install/husky_bringup:/home/administrator/husky_ws2/install/husky_control:/home/administrator/husky_ws2/install/husky_description:/home/administrator/husky_ws2/install/velodyne_description:/home/administrator/husky_ws2/install/um7:/home/administrator/husky_ws2/install/swri_route_util:/home/administrator/husky_ws2/install/swri_transform_util:/home/administrator/husky_ws2/install/swri_system_util:/home/administrator/husky_ws2/install/swri_serial_util:/home/administrator/husky_ws2/install/swri_image_util:/home/administrator/husky_ws2/install/swri_roscpp:/home/administrator/husky_ws2/install/swri_prefix_tools:/home/administrator/husky_ws2/install/swri_opencv_util:/home/administrator/husky_ws2/install/swri_math_util:/home/administrator/husky_ws2/install/swri_geometry_util:/home/administrator/husky_ws2/install/swri_dbw_interface:/home/administrator/husky_ws2/install/swri_console_util:/home/administrator/husky_ws2/install/nav2_system_tests:/home/administrator/husky_ws2/install/nav2_bringup:/home/administrator/husky_ws2/install/navigation2:/home/administrator/husky_ws2/install/smac_planner:/home/administrator/husky_ws2/install/pointcloud_to_laserscan:/home/administrator/husky_ws2/install/nav2_dwb_controller:/home/administrator/husky_ws2/install/nav2_controller:/home/administrator/husky_ws2/install/dwb_plugins:/home/administrator/husky_ws2/install/dwb_critics:/home/administrator/husky_ws2/install/dwb_core:/home/administrator/husky_ws2/install/nav_2d_utils:/home/administrator/husky_ws2/install/dwb_msgs:/home/administrator/husky_ws2/install/nav_2d_msgs:/home/administrator/husky_ws2/install/nav2_waypoint_follower:/home/administrator/husky_ws2/install/nav2_regulated_pure_pursuit_controller:/home/administrator/husky_ws2/install/nav2_recoveries:/home/administrator/husky_ws2/install/nav2_planner:/home/administrator/husky_ws2/install/nav2_navfn_planner:/home/administrator/husky_ws2/install/nav2_core:/home/administrator/husky_ws2/install/costmap_queue:/home/administrator/husky_ws2/install/nav2_costmap_2d:/home/administrator/husky_ws2/install/nav2_voxel_grid:/home/administrator/husky_ws2/install/nav2_rviz_plugins:/home/administrator/husky_ws2/install/nav2_map_server:/home/administrator/husky_ws2/install/nav2_lifecycle_manager:/home/administrator/husky_ws2/install/nav2_bt_navigator:/home/administrator/husky_ws2/install/nav2_behavior_tree:/home/administrator/husky_ws2/install/nav2_amcl:/home/administrator/husky_ws2/install/nav2_util:/home/administrator/husky_ws2/install/nav2_msgs:/home/administrator/husky_ws2/install/nav2_common:/home/administrator/husky_ws2/install/microstrain_inertial_examples:/home/administrator/husky_ws2/install/microstrain_inertial_driver:/home/administrator/husky_ws2/install/microstrain_inertial_msgs:/home/administrator/husky_ws2/install/local_nav_pkg:/home/administrator/husky_ws2/install/image_common:/home/administrator/husky_ws2/install/image_transport:/home/administrator/husky_ws2/install/husky_base:/home/administrator/husky_ws2/install/husky_msgs:/home/administrator/husky_ws2/install/hector_gazebo:/home/administrator/husky_ws2/install/hector_gazebo_worlds:/home/administrator/husky_ws2/install/hector_gazebo_plugins:/home/administrator/husky_ws2/install/custom_nav_stack_pkg:/home/administrator/husky_ws2/install/camera_info_manager:/home/administrator/husky_ws2/install/camera_calibration_parsers:/home/administrator/richo_theta_ws/install/penguin_detection:/home/administrator/husky_ws2/install/nav2_gazebo_spawner:/home/administrator/husky_ws2/install/microstrain_inertial_rqt:/home/administrator/husky_ws2/install/gps_goal:/opt/ros/foxy:/opt/ros/noetic /usr/bin/cmake --install /home/administrator/husky_ws2/src/build/nav_2d_msgs
[1.559s] -- Install configuration: ""
[1.559s] -- Execute custom install script
[1.560s] -- Up-to-date symlink: /home/administrator/husky_ws2/src/install/nav_2d_msgs/share/ament_index/resource_index/rosidl_interfaces/nav_2d_msgs
[1.560s] -- Up-to-date symlink: /home/administrator/husky_ws2/src/install/nav_2d_msgs/include/nav_2d_msgs/msg/detail/path2_d__functions.h
[1.561s] -- Up-to-date symlink: /home/administrator/husky_ws2/src/install/nav_2d_msgs/include/nav_2d_msgs/msg/detail/path2_d__struct.h
[1.561s] -- Up-to-date symlink: /home/administrator/husky_ws2/src/install/nav_2d_msgs/include/nav_2d_msgs/msg/detail/path2_d__type_support.h
[1.561s] -- Up-to-date symlink: /home/administrator/husky_ws2/src/install/nav_2d_msgs/include/nav_2d_msgs/msg/detail/pose2_d32__functions.h
[1.561s] -- Up-to-date symlink: /home/administrator/husky_ws2/src/install/nav_2d_msgs/include/nav_2d_msgs/msg/detail/pose2_d32__struct.h
[1.561s] -- Up-to-date symlink: /home/administrator/husky_ws2/src/install/nav_2d_msgs/include/nav_2d_msgs/msg/detail/pose2_d32__type_support.h
[1.561s] -- Up-to-date symlink: /home/administrator/husky_ws2/src/install/nav_2d_msgs/include/nav_2d_msgs/msg/detail/pose2_d_stamped__functions.h
[1.561s] -- Up-to-date symlink: /home/administrator/husky_ws2/src/install/nav_2d_msgs/include/nav_2d_msgs/msg/detail/pose2_d_stamped__struct.h
[1.562s] -- Up-to-date symlink: /home/administrator/husky_ws2/src/install/nav_2d_msgs/include/nav_2d_msgs/msg/detail/pose2_d_stamped__type_support.h
[1.562s] -- Up-to-date symlink: /home/administrator/husky_ws2/src/install/nav_2d_msgs/include/nav_2d_msgs/msg/detail/twist2_d32__functions.h
[1.562s] -- Up-to-date symlink: /home/administrator/husky_ws2/src/install/nav_2d_msgs/include/nav_2d_msgs/msg/detail/twist2_d32__struct.h
[1.563s] -- Up-to-date symlink: /home/administrator/husky_ws2/src/install/nav_2d_msgs/include/nav_2d_msgs/msg/detail/twist2_d32__type_support.h
[1.563s] -- Up-to-date symlink: /home/administrator/husky_ws2/src/install/nav_2d_msgs/include/nav_2d_msgs/msg/detail/twist2_d__functions.h
[1.563s] -- Up-to-date symlink: /home/administrator/husky_ws2/src/install/nav_2d_msgs/include/nav_2d_msgs/msg/detail/twist2_d__struct.h
[1.563s] -- Up-to-date symlink: /home/administrator/husky_ws2/src/install/nav_2d_msgs/include/nav_2d_msgs/msg/detail/twist2_d__type_support.h
[1.563s] -- Up-to-date symlink: /home/administrator/husky_ws2/src/install/nav_2d_msgs/include/nav_2d_msgs/msg/detail/twist2_d_stamped__functions.h
[1.563s] -- Up-to-date symlink: /home/administrator/husky_ws2/src/install/nav_2d_msgs/include/nav_2d_msgs/msg/detail/twist2_d_stamped__struct.h
[1.563s] -- Up-to-date symlink: /home/administrator/husky_ws2/src/install/nav_2d_msgs/include/nav_2d_msgs/msg/detail/twist2_d_stamped__type_support.h
[1.563s] -- Up-to-date symlink: /home/administrator/husky_ws2/src/install/nav_2d_msgs/include/nav_2d_msgs/msg/path2_d.h
[1.563s] -- Up-to-date symlink: /home/administrator/husky_ws2/src/install/nav_2d_msgs/include/nav_2d_msgs/msg/pose2_d32.h
[1.563s] -- Up-to-date symlink: /home/administrator/husky_ws2/src/install/nav_2d_msgs/include/nav_2d_msgs/msg/pose2_d_stamped.h
[1.563s] -- Up-to-date symlink: /home/administrator/husky_ws2/src/install/nav_2d_msgs/include/nav_2d_msgs/msg/rosidl_generator_c__visibility_control.h
[1.564s] -- Up-to-date symlink: /home/administrator/husky_ws2/src/install/nav_2d_msgs/include/nav_2d_msgs/msg/twist2_d.h
[1.564s] -- Up-to-date symlink: /home/administrator/husky_ws2/src/install/nav_2d_msgs/include/nav_2d_msgs/msg/twist2_d32.h
[1.564s] -- Up-to-date symlink: /home/administrator/husky_ws2/src/install/nav_2d_msgs/include/nav_2d_msgs/msg/twist2_d_stamped.h
[1.564s] -- Up-to-date symlink: /home/administrator/husky_ws2/src/install/nav_2d_msgs/share/nav_2d_msgs/environment/library_path.sh
[1.564s] -- Up-to-date symlink: /home/administrator/husky_ws2/src/install/nav_2d_msgs/share/nav_2d_msgs/environment/library_path.dsv
[1.565s] -- Up-to-date symlink: /home/administrator/husky_ws2/src/install/nav_2d_msgs/include/nav_2d_msgs/msg/detail/path2_d__rosidl_typesupport_fastrtps_c.h
[1.565s] -- Up-to-date symlink: /home/administrator/husky_ws2/src/install/nav_2d_msgs/include/nav_2d_msgs/msg/detail/pose2_d32__rosidl_typesupport_fastrtps_c.h
[1.565s] -- Up-to-date symlink: /home/administrator/husky_ws2/src/install/nav_2d_msgs/include/nav_2d_msgs/msg/detail/pose2_d_stamped__rosidl_typesupport_fastrtps_c.h
[1.565s] -- Up-to-date symlink: /home/administrator/husky_ws2/src/install/nav_2d_msgs/include/nav_2d_msgs/msg/detail/twist2_d32__rosidl_typesupport_fastrtps_c.h
[1.566s] -- Up-to-date symlink: /home/administrator/husky_ws2/src/install/nav_2d_msgs/include/nav_2d_msgs/msg/detail/twist2_d__rosidl_typesupport_fastrtps_c.h
[1.566s] -- Up-to-date symlink: /home/administrator/husky_ws2/src/install/nav_2d_msgs/include/nav_2d_msgs/msg/detail/twist2_d_stamped__rosidl_typesupport_fastrtps_c.h
[1.566s] -- Up-to-date symlink: /home/administrator/husky_ws2/src/install/nav_2d_msgs/include/nav_2d_msgs/msg/rosidl_typesupport_fastrtps_c__visibility_control.h
[1.566s] -- Up-to-date symlink: /home/administrator/husky_ws2/src/install/nav_2d_msgs/lib/libnav_2d_msgs__rosidl_typesupport_fastrtps_c.so
[1.567s] -- Up-to-date symlink: /home/administrator/husky_ws2/src/install/nav_2d_msgs/include/nav_2d_msgs/msg/detail/path2_d__rosidl_typesupport_fastrtps_cpp.hpp
[1.567s] -- Up-to-date symlink: /home/administrator/husky_ws2/src/install/nav_2d_msgs/include/nav_2d_msgs/msg/detail/pose2_d32__rosidl_typesupport_fastrtps_cpp.hpp
[1.567s] -- Up-to-date symlink: /home/administrator/husky_ws2/src/install/nav_2d_msgs/include/nav_2d_msgs/msg/detail/pose2_d_stamped__rosidl_typesupport_fastrtps_cpp.hpp
[1.567s] -- Up-to-date symlink: /home/administrator/husky_ws2/src/install/nav_2d_msgs/include/nav_2d_msgs/msg/detail/twist2_d32__rosidl_typesupport_fastrtps_cpp.hpp
[1.568s] -- Up-to-date symlink: /home/administrator/husky_ws2/src/install/nav_2d_msgs/include/nav_2d_msgs/msg/detail/twist2_d__rosidl_typesupport_fastrtps_cpp.hpp
[1.569s] -- Up-to-date symlink: /home/administrator/husky_ws2/src/install/nav_2d_msgs/include/nav_2d_msgs/msg/detail/twist2_d_stamped__rosidl_typesupport_fastrtps_cpp.hpp
[1.569s] -- Up-to-date symlink: /home/administrator/husky_ws2/src/install/nav_2d_msgs/include/nav_2d_msgs/msg/rosidl_typesupport_fastrtps_cpp__visibility_control.h
[1.569s] -- Up-to-date symlink: /home/administrator/husky_ws2/src/install/nav_2d_msgs/lib/libnav_2d_msgs__rosidl_typesupport_fastrtps_cpp.so
[1.569s] -- Up-to-date symlink: /home/administrator/husky_ws2/src/install/nav_2d_msgs/include/nav_2d_msgs/msg/detail/path2_d__rosidl_typesupport_introspection_c.h
[1.569s] -- Up-to-date symlink: /home/administrator/husky_ws2/src/install/nav_2d_msgs/include/nav_2d_msgs/msg/detail/pose2_d32__rosidl_typesupport_introspection_c.h
[1.569s] -- Up-to-date symlink: /home/administrator/husky_ws2/src/install/nav_2d_msgs/include/nav_2d_msgs/msg/detail/pose2_d_stamped__rosidl_typesupport_introspection_c.h
[1.569s] -- Up-to-date symlink: /home/administrator/husky_ws2/src/install/nav_2d_msgs/include/nav_2d_msgs/msg/detail/twist2_d32__rosidl_typesupport_introspection_c.h
[1.569s] -- Up-to-date symlink: /home/administrator/husky_ws2/src/install/nav_2d_msgs/include/nav_2d_msgs/msg/detail/twist2_d__rosidl_typesupport_introspection_c.h
[1.569s] -- Up-to-date symlink: /home/administrator/husky_ws2/src/install/nav_2d_msgs/include/nav_2d_msgs/msg/detail/twist2_d_stamped__rosidl_typesupport_introspection_c.h
[1.569s] -- Up-to-date symlink: /home/administrator/husky_ws2/src/install/nav_2d_msgs/include/nav_2d_msgs/msg/rosidl_typesupport_introspection_c__visibility_control.h
[1.571s] -- Up-to-date symlink: /home/administrator/husky_ws2/src/install/nav_2d_msgs/include/nav_2d_msgs/msg/detail/path2_d__builder.hpp
[1.571s] -- Up-to-date symlink: /home/administrator/husky_ws2/src/install/nav_2d_msgs/include/nav_2d_msgs/msg/detail/path2_d__struct.hpp
[1.571s] -- Up-to-date symlink: /home/administrator/husky_ws2/src/install/nav_2d_msgs/include/nav_2d_msgs/msg/detail/path2_d__traits.hpp
[1.571s] -- Up-to-date symlink: /home/administrator/husky_ws2/src/install/nav_2d_msgs/include/nav_2d_msgs/msg/detail/pose2_d32__builder.hpp
[1.571s] -- Up-to-date symlink: /home/administrator/husky_ws2/src/install/nav_2d_msgs/include/nav_2d_msgs/msg/detail/pose2_d32__struct.hpp
[1.571s] -- Up-to-date symlink: /home/administrator/husky_ws2/src/install/nav_2d_msgs/include/nav_2d_msgs/msg/detail/pose2_d32__traits.hpp
[1.571s] -- Up-to-date symlink: /home/administrator/husky_ws2/src/install/nav_2d_msgs/include/nav_2d_msgs/msg/detail/pose2_d_stamped__builder.hpp
[1.571s] -- Up-to-date symlink: /home/administrator/husky_ws2/src/install/nav_2d_msgs/include/nav_2d_msgs/msg/detail/pose2_d_stamped__struct.hpp
[1.571s] -- Up-to-date symlink: /home/administrator/husky_ws2/src/install/nav_2d_msgs/include/nav_2d_msgs/msg/detail/pose2_d_stamped__traits.hpp
[1.571s] -- Up-to-date symlink: /home/administrator/husky_ws2/src/install/nav_2d_msgs/include/nav_2d_msgs/msg/detail/twist2_d32__builder.hpp
[1.571s] -- Up-to-date symlink: /home/administrator/husky_ws2/src/install/nav_2d_msgs/include/nav_2d_msgs/msg/detail/twist2_d32__struct.hpp
[1.572s] -- Up-to-date symlink: /home/administrator/husky_ws2/src/install/nav_2d_msgs/include/nav_2d_msgs/msg/detail/twist2_d32__traits.hpp
[1.572s] -- Up-to-date symlink: /home/administrator/husky_ws2/src/install/nav_2d_msgs/include/nav_2d_msgs/msg/detail/twist2_d__builder.hpp
[1.572s] -- Up-to-date symlink: /home/administrator/husky_ws2/src/install/nav_2d_msgs/include/nav_2d_msgs/msg/detail/twist2_d__struct.hpp
[1.572s] -- Up-to-date symlink: /home/administrator/husky_ws2/src/install/nav_2d_msgs/include/nav_2d_msgs/msg/detail/twist2_d__traits.hpp
[1.572s] -- Up-to-date symlink: /home/administrator/husky_ws2/src/install/nav_2d_msgs/include/nav_2d_msgs/msg/detail/twist2_d_stamped__builder.hpp
[1.572s] -- Up-to-date symlink: /home/administrator/husky_ws2/src/install/nav_2d_msgs/include/nav_2d_msgs/msg/detail/twist2_d_stamped__struct.hpp
[1.573s] -- Up-to-date symlink: /home/administrator/husky_ws2/src/install/nav_2d_msgs/include/nav_2d_msgs/msg/detail/twist2_d_stamped__traits.hpp
[1.573s] -- Up-to-date symlink: /home/administrator/husky_ws2/src/install/nav_2d_msgs/include/nav_2d_msgs/msg/path2_d.hpp
[1.573s] -- Up-to-date symlink: /home/administrator/husky_ws2/src/install/nav_2d_msgs/include/nav_2d_msgs/msg/pose2_d32.hpp
[1.573s] -- Up-to-date symlink: /home/administrator/husky_ws2/src/install/nav_2d_msgs/include/nav_2d_msgs/msg/pose2_d_stamped.hpp
[1.573s] -- Up-to-date symlink: /home/administrator/husky_ws2/src/install/nav_2d_msgs/include/nav_2d_msgs/msg/twist2_d.hpp
[1.573s] -- Up-to-date symlink: /home/administrator/husky_ws2/src/install/nav_2d_msgs/include/nav_2d_msgs/msg/twist2_d32.hpp
[1.573s] -- Up-to-date symlink: /home/administrator/husky_ws2/src/install/nav_2d_msgs/include/nav_2d_msgs/msg/twist2_d_stamped.hpp
[1.574s] -- Up-to-date symlink: /home/administrator/husky_ws2/src/install/nav_2d_msgs/include/nav_2d_msgs/msg/detail/path2_d__rosidl_typesupport_introspection_cpp.hpp
[1.574s] -- Up-to-date symlink: /home/administrator/husky_ws2/src/install/nav_2d_msgs/include/nav_2d_msgs/msg/detail/pose2_d32__rosidl_typesupport_introspection_cpp.hpp
[1.574s] -- Up-to-date symlink: /home/administrator/husky_ws2/src/install/nav_2d_msgs/include/nav_2d_msgs/msg/detail/pose2_d_stamped__rosidl_typesupport_introspection_cpp.hpp
[1.574s] -- Up-to-date symlink: /home/administrator/husky_ws2/src/install/nav_2d_msgs/include/nav_2d_msgs/msg/detail/twist2_d32__rosidl_typesupport_introspection_cpp.hpp
[1.574s] -- Up-to-date symlink: /home/administrator/husky_ws2/src/install/nav_2d_msgs/include/nav_2d_msgs/msg/detail/twist2_d__rosidl_typesupport_introspection_cpp.hpp
[1.575s] -- Up-to-date symlink: /home/administrator/husky_ws2/src/install/nav_2d_msgs/include/nav_2d_msgs/msg/detail/twist2_d_stamped__rosidl_typesupport_introspection_cpp.hpp
[1.575s] -- Up-to-date symlink: /home/administrator/husky_ws2/src/install/nav_2d_msgs/share/nav_2d_msgs/environment/pythonpath.sh
[1.575s] -- Up-to-date symlink: /home/administrator/husky_ws2/src/install/nav_2d_msgs/share/nav_2d_msgs/environment/pythonpath.dsv
[1.575s] -- Up-to-date symlink: /home/administrator/husky_ws2/src/install/nav_2d_msgs/lib/python3.8/site-packages/nav_2d_msgs/__init__.py
[1.576s] -- Up-to-date symlink: /home/administrator/husky_ws2/src/install/nav_2d_msgs/lib/python3.8/site-packages/nav_2d_msgs/msg/__init__.py
[1.576s] -- Up-to-date symlink: /home/administrator/husky_ws2/src/install/nav_2d_msgs/lib/python3.8/site-packages/nav_2d_msgs/msg/_path2_d.py
[1.576s] -- Up-to-date symlink: /home/administrator/husky_ws2/src/install/nav_2d_msgs/lib/python3.8/site-packages/nav_2d_msgs/msg/_pose2_d32.py
[1.576s] -- Up-to-date symlink: /home/administrator/husky_ws2/src/install/nav_2d_msgs/lib/python3.8/site-packages/nav_2d_msgs/msg/_pose2_d_stamped.py
[1.576s] -- Up-to-date symlink: /home/administrator/husky_ws2/src/install/nav_2d_msgs/lib/python3.8/site-packages/nav_2d_msgs/msg/_twist2_d.py
[1.576s] -- Up-to-date symlink: /home/administrator/husky_ws2/src/install/nav_2d_msgs/lib/python3.8/site-packages/nav_2d_msgs/msg/_twist2_d32.py
[1.576s] -- Up-to-date symlink: /home/administrator/husky_ws2/src/install/nav_2d_msgs/lib/python3.8/site-packages/nav_2d_msgs/msg/_twist2_d_stamped.py
[1.577s] -- Up-to-date symlink: /home/administrator/husky_ws2/src/install/nav_2d_msgs/lib/python3.8/site-packages/nav_2d_msgs/nav_2d_msgs_s__rosidl_typesupport_fastrtps_c.cpython-38-x86_64-linux-gnu.so
[1.577s] -- Up-to-date symlink: /home/administrator/husky_ws2/src/install/nav_2d_msgs/lib/python3.8/site-packages/nav_2d_msgs/nav_2d_msgs_s__rosidl_typesupport_introspection_c.cpython-38-x86_64-linux-gnu.so
[1.578s] -- Up-to-date symlink: /home/administrator/husky_ws2/src/install/nav_2d_msgs/lib/python3.8/site-packages/nav_2d_msgs/nav_2d_msgs_s__rosidl_typesupport_c.cpython-38-x86_64-linux-gnu.so
[1.578s] -- Up-to-date symlink: /home/administrator/husky_ws2/src/install/nav_2d_msgs/lib/libnav_2d_msgs__python.so
[1.578s] -- Up-to-date symlink: /home/administrator/husky_ws2/src/install/nav_2d_msgs/share/nav_2d_msgs/msg/Path2D.idl
[1.578s] -- Up-to-date symlink: /home/administrator/husky_ws2/src/install/nav_2d_msgs/share/nav_2d_msgs/msg/Pose2D32.idl
[1.579s] -- Up-to-date symlink: /home/administrator/husky_ws2/src/install/nav_2d_msgs/share/nav_2d_msgs/msg/Pose2DStamped.idl
[1.579s] -- Up-to-date symlink: /home/administrator/husky_ws2/src/install/nav_2d_msgs/share/nav_2d_msgs/msg/Twist2D.idl
[1.579s] -- Up-to-date symlink: /home/administrator/husky_ws2/src/install/nav_2d_msgs/share/nav_2d_msgs/msg/Twist2D32.idl
[1.579s] -- Up-to-date symlink: /home/administrator/husky_ws2/src/install/nav_2d_msgs/share/nav_2d_msgs/msg/Twist2DStamped.idl
[1.580s] -- Up-to-date symlink: /home/administrator/husky_ws2/src/install/nav_2d_msgs/share/nav_2d_msgs/msg/Path2D.msg
[1.580s] -- Up-to-date symlink: /home/administrator/husky_ws2/src/install/nav_2d_msgs/share/nav_2d_msgs/msg/Pose2D32.msg
[1.580s] -- Up-to-date symlink: /home/administrator/husky_ws2/src/install/nav_2d_msgs/share/nav_2d_msgs/msg/Pose2DStamped.msg
[1.580s] -- Up-to-date symlink: /home/administrator/husky_ws2/src/install/nav_2d_msgs/share/nav_2d_msgs/msg/Twist2D.msg
[1.580s] -- Up-to-date symlink: /home/administrator/husky_ws2/src/install/nav_2d_msgs/share/nav_2d_msgs/msg/Twist2D32.msg
[1.581s] -- Up-to-date symlink: /home/administrator/husky_ws2/src/install/nav_2d_msgs/share/nav_2d_msgs/msg/Twist2DStamped.msg
[1.581s] -- Up-to-date symlink: /home/administrator/husky_ws2/src/install/nav_2d_msgs/share/ament_index/resource_index/package_run_dependencies/nav_2d_msgs
[1.581s] -- Up-to-date symlink: /home/administrator/husky_ws2/src/install/nav_2d_msgs/share/ament_index/resource_index/parent_prefix_path/nav_2d_msgs
[1.581s] -- Up-to-date symlink: /home/administrator/husky_ws2/src/install/nav_2d_msgs/share/nav_2d_msgs/environment/ament_prefix_path.sh
[1.581s] -- Up-to-date symlink: /home/administrator/husky_ws2/src/install/nav_2d_msgs/share/nav_2d_msgs/environment/ament_prefix_path.dsv
[1.582s] -- Up-to-date symlink: /home/administrator/husky_ws2/src/install/nav_2d_msgs/share/nav_2d_msgs/environment/path.sh
[1.582s] -- Up-to-date symlink: /home/administrator/husky_ws2/src/install/nav_2d_msgs/share/nav_2d_msgs/environment/path.dsv
[1.582s] -- Up-to-date symlink: /home/administrator/husky_ws2/src/install/nav_2d_msgs/share/nav_2d_msgs/local_setup.bash
[1.582s] -- Up-to-date symlink: /home/administrator/husky_ws2/src/install/nav_2d_msgs/share/nav_2d_msgs/local_setup.sh
[1.583s] -- Up-to-date symlink: /home/administrator/husky_ws2/src/install/nav_2d_msgs/share/nav_2d_msgs/local_setup.zsh
[1.583s] -- Up-to-date symlink: /home/administrator/husky_ws2/src/install/nav_2d_msgs/share/nav_2d_msgs/local_setup.dsv
[1.583s] -- Symlinking: /home/administrator/husky_ws2/src/install/nav_2d_msgs/share/nav_2d_msgs/package.dsv
[1.601s] -- Up-to-date symlink: /home/administrator/husky_ws2/src/install/nav_2d_msgs/share/ament_index/resource_index/packages/nav_2d_msgs
[1.601s] -- Up-to-date symlink: /home/administrator/husky_ws2/src/install/nav_2d_msgs/share/nav_2d_msgs/cmake/rosidl_cmake-extras.cmake
[1.601s] -- Up-to-date symlink: /home/administrator/husky_ws2/src/install/nav_2d_msgs/share/nav_2d_msgs/cmake/ament_cmake_export_dependencies-extras.cmake
[1.601s] -- Up-to-date symlink: /home/administrator/husky_ws2/src/install/nav_2d_msgs/share/nav_2d_msgs/cmake/ament_cmake_export_libraries-extras.cmake
[1.601s] -- Up-to-date symlink: /home/administrator/husky_ws2/src/install/nav_2d_msgs/share/nav_2d_msgs/cmake/ament_cmake_export_targets-extras.cmake
[1.601s] -- Up-to-date symlink: /home/administrator/husky_ws2/src/install/nav_2d_msgs/share/nav_2d_msgs/cmake/ament_cmake_export_include_directories-extras.cmake
[1.601s] -- Up-to-date symlink: /home/administrator/husky_ws2/src/install/nav_2d_msgs/share/nav_2d_msgs/cmake/rosidl_cmake_export_typesupport_libraries-extras.cmake
[1.602s] -- Up-to-date symlink: /home/administrator/husky_ws2/src/install/nav_2d_msgs/share/nav_2d_msgs/cmake/rosidl_cmake_export_typesupport_targets-extras.cmake
[1.602s] -- Up-to-date symlink: /home/administrator/husky_ws2/src/install/nav_2d_msgs/share/nav_2d_msgs/cmake/nav_2d_msgsConfig.cmake
[1.602s] -- Up-to-date symlink: /home/administrator/husky_ws2/src/install/nav_2d_msgs/share/nav_2d_msgs/cmake/nav_2d_msgsConfig-version.cmake
[1.602s] -- Up-to-date symlink: /home/administrator/husky_ws2/src/install/nav_2d_msgs/share/nav_2d_msgs/package.xml
[1.602s] -- Up-to-date: /home/administrator/husky_ws2/src/install/nav_2d_msgs/lib/libnav_2d_msgs__rosidl_generator_c.so
[1.602s] -- Up-to-date: /home/administrator/husky_ws2/src/install/nav_2d_msgs/lib/libnav_2d_msgs__rosidl_typesupport_introspection_c.so
[1.603s] -- Up-to-date: /home/administrator/husky_ws2/src/install/nav_2d_msgs/lib/libnav_2d_msgs__rosidl_typesupport_c.so
[1.603s] -- Up-to-date: /home/administrator/husky_ws2/src/install/nav_2d_msgs/lib/libnav_2d_msgs__rosidl_typesupport_introspection_cpp.so
[1.603s] -- Up-to-date: /home/administrator/husky_ws2/src/install/nav_2d_msgs/lib/libnav_2d_msgs__rosidl_typesupport_cpp.so
[1.648s] -- Up-to-date: /home/administrator/husky_ws2/src/install/nav_2d_msgs/share/nav_2d_msgs/cmake/nav_2d_msgs__rosidl_generator_cExport.cmake
[1.648s] -- Up-to-date: /home/administrator/husky_ws2/src/install/nav_2d_msgs/share/nav_2d_msgs/cmake/nav_2d_msgs__rosidl_generator_cExport-noconfig.cmake
[1.648s] -- Up-to-date: /home/administrator/husky_ws2/src/install/nav_2d_msgs/share/nav_2d_msgs/cmake/nav_2d_msgs__rosidl_typesupport_introspection_cExport.cmake
[1.648s] -- Up-to-date: /home/administrator/husky_ws2/src/install/nav_2d_msgs/share/nav_2d_msgs/cmake/nav_2d_msgs__rosidl_typesupport_introspection_cExport-noconfig.cmake
[1.648s] -- Up-to-date: /home/administrator/husky_ws2/src/install/nav_2d_msgs/share/nav_2d_msgs/cmake/nav_2d_msgs__rosidl_typesupport_cExport.cmake
[1.648s] -- Up-to-date: /home/administrator/husky_ws2/src/install/nav_2d_msgs/share/nav_2d_msgs/cmake/nav_2d_msgs__rosidl_typesupport_cExport-noconfig.cmake
[1.648s] -- Up-to-date: /home/administrator/husky_ws2/src/install/nav_2d_msgs/share/nav_2d_msgs/cmake/nav_2d_msgs__rosidl_generator_cppExport.cmake
[1.649s] -- Up-to-date: /home/administrator/husky_ws2/src/install/nav_2d_msgs/share/nav_2d_msgs/cmake/nav_2d_msgs__rosidl_typesupport_introspection_cppExport.cmake
[1.649s] -- Up-to-date: /home/administrator/husky_ws2/src/install/nav_2d_msgs/share/nav_2d_msgs/cmake/nav_2d_msgs__rosidl_typesupport_introspection_cppExport-noconfig.cmake
[1.649s] -- Up-to-date: /home/administrator/husky_ws2/src/install/nav_2d_msgs/share/nav_2d_msgs/cmake/nav_2d_msgs__rosidl_typesupport_cppExport.cmake
[1.649s] -- Up-to-date: /home/administrator/husky_ws2/src/install/nav_2d_msgs/share/nav_2d_msgs/cmake/nav_2d_msgs__rosidl_typesupport_cppExport-noconfig.cmake
[1.655s] Invoked command in '/home/administrator/husky_ws2/src/build/nav_2d_msgs' returned '0': CMAKE_PREFIX_PATH=/home/administrator/husky_ws2/install/zed_ros2:/home/administrator/husky_ws2/install/zed_display_rviz2:/home/administrator/husky_ws2/install/zed_wrapper:/home/administrator/husky_ws2/install/zed_tutorial_video:/home/administrator/husky_ws2/install/zed_tutorial_pos_tracking:/home/administrator/husky_ws2/install/zed_tutorial_depth:/home/administrator/husky_ws2/install/zed_rgb_convert:/home/administrator/husky_ws2/install/zed_components:/home/administrator/husky_ws2/install/rviz_plugin_zed_od:/home/administrator/husky_ws2/install/zed_interfaces:/home/administrator/husky_ws2/install/velodyne_simulator:/home/administrator/husky_ws2/install/velodyne_gazebo_plugins:/home/administrator/husky_ws2/install/husky_desktop:/home/administrator/husky_ws2/install/husky_viz:/home/administrator/husky_ws2/install/husky_simulator:/home/administrator/husky_ws2/install/husky_robot:/home/administrator/husky_ws2/install/husky_gazebo:/home/administrator/husky_ws2/install/husky_bringup:/home/administrator/husky_ws2/install/husky_control:/home/administrator/husky_ws2/install/husky_description:/home/administrator/husky_ws2/install/velodyne_description:/home/administrator/husky_ws2/install/um7:/home/administrator/husky_ws2/install/swri_route_util:/home/administrator/husky_ws2/install/swri_transform_util:/home/administrator/husky_ws2/install/swri_system_util:/home/administrator/husky_ws2/install/swri_serial_util:/home/administrator/husky_ws2/install/swri_image_util:/home/administrator/husky_ws2/install/swri_roscpp:/home/administrator/husky_ws2/install/swri_prefix_tools:/home/administrator/husky_ws2/install/swri_opencv_util:/home/administrator/husky_ws2/install/swri_math_util:/home/administrator/husky_ws2/install/swri_geometry_util:/home/administrator/husky_ws2/install/swri_dbw_interface:/home/administrator/husky_ws2/install/swri_console_util:/home/administrator/husky_ws2/install/nav2_system_tests:/home/administrator/husky_ws2/install/nav2_bringup:/home/administrator/husky_ws2/install/navigation2:/home/administrator/husky_ws2/install/smac_planner:/home/administrator/husky_ws2/install/pointcloud_to_laserscan:/home/administrator/husky_ws2/install/nav2_dwb_controller:/home/administrator/husky_ws2/install/nav2_controller:/home/administrator/husky_ws2/install/dwb_plugins:/home/administrator/husky_ws2/install/dwb_critics:/home/administrator/husky_ws2/install/dwb_core:/home/administrator/husky_ws2/install/nav_2d_utils:/home/administrator/husky_ws2/install/dwb_msgs:/home/administrator/husky_ws2/install/nav_2d_msgs:/home/administrator/husky_ws2/install/nav2_waypoint_follower:/home/administrator/husky_ws2/install/nav2_regulated_pure_pursuit_controller:/home/administrator/husky_ws2/install/nav2_recoveries:/home/administrator/husky_ws2/install/nav2_planner:/home/administrator/husky_ws2/install/nav2_navfn_planner:/home/administrator/husky_ws2/install/nav2_core:/home/administrator/husky_ws2/install/costmap_queue:/home/administrator/husky_ws2/install/nav2_costmap_2d:/home/administrator/husky_ws2/install/nav2_voxel_grid:/home/administrator/husky_ws2/install/nav2_rviz_plugins:/home/administrator/husky_ws2/install/nav2_map_server:/home/administrator/husky_ws2/install/nav2_lifecycle_manager:/home/administrator/husky_ws2/install/nav2_bt_navigator:/home/administrator/husky_ws2/install/nav2_behavior_tree:/home/administrator/husky_ws2/install/nav2_amcl:/home/administrator/husky_ws2/install/nav2_util:/home/administrator/husky_ws2/install/nav2_msgs:/home/administrator/husky_ws2/install/nav2_common:/home/administrator/husky_ws2/install/microstrain_inertial_examples:/home/administrator/husky_ws2/install/microstrain_inertial_driver:/home/administrator/husky_ws2/install/microstrain_inertial_msgs:/home/administrator/husky_ws2/install/local_nav_pkg:/home/administrator/husky_ws2/install/image_common:/home/administrator/husky_ws2/install/image_transport:/home/administrator/husky_ws2/install/husky_base:/home/administrator/husky_ws2/install/husky_msgs:/home/administrator/husky_ws2/install/hector_gazebo:/home/administrator/husky_ws2/install/hector_gazebo_worlds:/home/administrator/husky_ws2/install/hector_gazebo_plugins:/home/administrator/husky_ws2/install/custom_nav_stack_pkg:/home/administrator/husky_ws2/install/camera_info_manager:/home/administrator/husky_ws2/install/camera_calibration_parsers:/home/administrator/richo_theta_ws/install/penguin_detection:/home/administrator/husky_ws2/install/nav2_gazebo_spawner:/home/administrator/husky_ws2/install/microstrain_inertial_rqt:/home/administrator/husky_ws2/install/gps_goal:/opt/ros/foxy:/opt/ros/noetic /usr/bin/cmake --install /home/administrator/husky_ws2/src/build/nav_2d_msgs
