[0.045s] Invoking command in '/home/administrator/husky_ws2/src/build/nav2_msgs': AMENT_PREFIX_PATH=/home/administrator/husky_ws2/src/install/nav2_common:${AMENT_PREFIX_PATH} CMAKE_PREFIX_PATH=/home/administrator/husky_ws2/src/install/nav2_common:/home/administrator/husky_ws2/install/zed_ros2:/home/administrator/husky_ws2/install/zed_display_rviz2:/home/administrator/husky_ws2/install/zed_wrapper:/home/administrator/husky_ws2/install/zed_tutorial_video:/home/administrator/husky_ws2/install/zed_tutorial_pos_tracking:/home/administrator/husky_ws2/install/zed_tutorial_depth:/home/administrator/husky_ws2/install/zed_rgb_convert:/home/administrator/husky_ws2/install/zed_components:/home/administrator/husky_ws2/install/rviz_plugin_zed_od:/home/administrator/husky_ws2/install/zed_interfaces:/home/administrator/husky_ws2/install/velodyne_simulator:/home/administrator/husky_ws2/install/velodyne_gazebo_plugins:/home/administrator/husky_ws2/install/husky_desktop:/home/administrator/husky_ws2/install/husky_viz:/home/administrator/husky_ws2/install/husky_simulator:/home/administrator/husky_ws2/install/husky_robot:/home/administrator/husky_ws2/install/husky_gazebo:/home/administrator/husky_ws2/install/husky_bringup:/home/administrator/husky_ws2/install/husky_control:/home/administrator/husky_ws2/install/husky_description:/home/administrator/husky_ws2/install/velodyne_description:/home/administrator/husky_ws2/install/um7:/home/administrator/husky_ws2/install/swri_route_util:/home/administrator/husky_ws2/install/swri_transform_util:/home/administrator/husky_ws2/install/swri_system_util:/home/administrator/husky_ws2/install/swri_serial_util:/home/administrator/husky_ws2/install/swri_image_util:/home/administrator/husky_ws2/install/swri_roscpp:/home/administrator/husky_ws2/install/swri_prefix_tools:/home/administrator/husky_ws2/install/swri_opencv_util:/home/administrator/husky_ws2/install/swri_math_util:/home/administrator/husky_ws2/install/swri_geometry_util:/home/administrator/husky_ws2/install/swri_dbw_interface:/home/administrator/husky_ws2/install/swri_console_util:/home/administrator/husky_ws2/install/nav2_system_tests:/home/administrator/husky_ws2/install/nav2_bringup:/home/administrator/husky_ws2/install/navigation2:/home/administrator/husky_ws2/install/smac_planner:/home/administrator/husky_ws2/install/pointcloud_to_laserscan:/home/administrator/husky_ws2/install/nav2_dwb_controller:/home/administrator/husky_ws2/install/nav2_controller:/home/administrator/husky_ws2/install/dwb_plugins:/home/administrator/husky_ws2/install/dwb_critics:/home/administrator/husky_ws2/install/dwb_core:/home/administrator/husky_ws2/install/nav_2d_utils:/home/administrator/husky_ws2/install/dwb_msgs:/home/administrator/husky_ws2/install/nav_2d_msgs:/home/administrator/husky_ws2/install/nav2_waypoint_follower:/home/administrator/husky_ws2/install/nav2_regulated_pure_pursuit_controller:/home/administrator/husky_ws2/install/nav2_recoveries:/home/administrator/husky_ws2/install/nav2_planner:/home/administrator/husky_ws2/install/nav2_navfn_planner:/home/administrator/husky_ws2/install/nav2_core:/home/administrator/husky_ws2/install/costmap_queue:/home/administrator/husky_ws2/install/nav2_costmap_2d:/home/administrator/husky_ws2/install/nav2_voxel_grid:/home/administrator/husky_ws2/install/nav2_rviz_plugins:/home/administrator/husky_ws2/install/nav2_map_server:/home/administrator/husky_ws2/install/nav2_lifecycle_manager:/home/administrator/husky_ws2/install/nav2_bt_navigator:/home/administrator/husky_ws2/install/nav2_behavior_tree:/home/administrator/husky_ws2/install/nav2_amcl:/home/administrator/husky_ws2/install/nav2_util:/home/administrator/husky_ws2/install/nav2_msgs:/home/administrator/husky_ws2/install/nav2_common:/home/administrator/husky_ws2/install/microstrain_inertial_examples:/home/administrator/husky_ws2/install/microstrain_inertial_driver:/home/administrator/husky_ws2/install/microstrain_inertial_msgs:/home/administrator/husky_ws2/install/local_nav_pkg:/home/administrator/husky_ws2/install/image_common:/home/administrator/husky_ws2/install/image_transport:/home/administrator/husky_ws2/install/husky_base:/home/administrator/husky_ws2/install/husky_msgs:/home/administrator/husky_ws2/install/hector_gazebo:/home/administrator/husky_ws2/install/hector_gazebo_worlds:/home/administrator/husky_ws2/install/hector_gazebo_plugins:/home/administrator/husky_ws2/install/custom_nav_stack_pkg:/home/administrator/husky_ws2/install/camera_info_manager:/home/administrator/husky_ws2/install/camera_calibration_parsers:/home/administrator/richo_theta_ws/install/penguin_detection:/home/administrator/husky_ws2/install/nav2_gazebo_spawner:/home/administrator/husky_ws2/install/microstrain_inertial_rqt:/home/administrator/husky_ws2/install/gps_goal:/opt/ros/foxy:/opt/ros/noetic PYTHONPATH=/home/administrator/husky_ws2/src/install/nav2_common/lib/python3.8/site-packages:${PYTHONPATH} /usr/bin/cmake /home/administrator/husky_ws2/src/navigation2/nav2_msgs -DAMENT_CMAKE_SYMLINK_INSTALL=1 -DCMAKE_INSTALL_PREFIX=/home/administrator/husky_ws2/src/install/nav2_msgs
[0.296s] -- The C compiler identification is GNU 9.4.0
[0.298s] -- The CXX compiler identification is GNU 9.4.0
[0.298s] -- Check for working C compiler: /usr/bin/cc
[0.410s] -- Check for working C compiler: /usr/bin/cc -- works
[0.411s] -- Detecting C compiler ABI info
[0.630s] -- Detecting C compiler ABI info - done
[0.652s] -- Detecting C compile features
[0.654s] -- Detecting C compile features - done
[0.659s] -- Check for working CXX compiler: /usr/bin/c++
[0.964s] -- Check for working CXX compiler: /usr/bin/c++ -- works
[0.965s] -- Detecting CXX compiler ABI info
[1.527s] -- Detecting CXX compiler ABI info - done
[1.552s] -- Detecting CXX compile features
[1.553s] -- Detecting CXX compile features - done
[1.577s] -- Found ament_cmake: 0.9.9 (/opt/ros/foxy/share/ament_cmake/cmake)
[1.809s] -- Found PythonInterp: /usr/bin/python3 (found suitable version "3.8.10", minimum required is "3") 
[1.809s] -- Using PYTHON_EXECUTABLE: /usr/bin/python3
[2.683s] -- Override CMake install command with custom implementation using symlinks instead of copying resources
[2.910s] -- Found nav2_common: 0.4.7 (/home/administrator/husky_ws2/src/install/nav2_common/share/nav2_common/cmake)
[2.924s] -- Found builtin_interfaces: 1.0.0 (/opt/ros/foxy/share/builtin_interfaces/cmake)
[3.070s] -- Using all available rosidl_typesupport_c: rosidl_typesupport_fastrtps_c;rosidl_typesupport_introspection_c
[3.116s] -- Found rosidl_adapter: 1.2.1 (/opt/ros/foxy/share/rosidl_adapter/cmake)
[3.927s] -- Found OpenSSL: /usr/lib/x86_64-linux-gnu/libcrypto.so (found version "1.1.1f")  
[4.102s] -- Found FastRTPS: /opt/ros/foxy/include  
[4.563s] -- Using all available rosidl_typesupport_cpp: rosidl_typesupport_fastrtps_cpp;rosidl_typesupport_introspection_cpp
[4.731s] -- Found nav_msgs: 2.0.5 (/opt/ros/foxy/share/nav_msgs/cmake)
[5.167s] -- Found rosidl_default_generators: 1.0.1 (/opt/ros/foxy/share/rosidl_default_generators/cmake)
[5.255s] -- Found action_msgs: 1.0.0 (/opt/ros/foxy/share/action_msgs/cmake)
[5.356s] -- Setting build type to Release as none was specified.
[5.435s] -- Found PythonInterp: /usr/bin/python3 (found version "3.8.10") 
[6.531s] -- Found ament_cmake_ros: 0.9.2 (/opt/ros/foxy/share/ament_cmake_ros/cmake)
[7.406s] -- Using all available rosidl_typesupport_c: rosidl_typesupport_fastrtps_c;rosidl_typesupport_introspection_c
[7.922s] -- Using all available rosidl_typesupport_cpp: rosidl_typesupport_fastrtps_cpp;rosidl_typesupport_introspection_cpp
[8.199s] -- Found PythonInterp: /usr/bin/python3 (found suitable version "3.8.10", minimum required is "3.5") 
[8.205s] -- Found python_cmake_module: 0.8.1 (/opt/ros/foxy/share/python_cmake_module/cmake)
[8.325s] -- Found PythonLibs: /usr/lib/x86_64-linux-gnu/libpython3.8.so (found suitable version "3.8.10", minimum required is "3.5") 
[8.326s] -- Using PYTHON_EXECUTABLE: /usr/bin/python3
[8.327s] -- Using PYTHON_INCLUDE_DIRS: /usr/include/python3.8
[8.327s] -- Using PYTHON_LIBRARIES: /usr/lib/x86_64-linux-gnu/libpython3.8.so
[8.426s] -- Found PythonExtra: .so  
[9.379s] -- Configuring done
[9.934s] -- Generating done
[9.961s] -- Build files have been written to: /home/administrator/husky_ws2/src/build/nav2_msgs
[9.998s] Invoked command in '/home/administrator/husky_ws2/src/build/nav2_msgs' returned '0': AMENT_PREFIX_PATH=/home/administrator/husky_ws2/src/install/nav2_common:${AMENT_PREFIX_PATH} CMAKE_PREFIX_PATH=/home/administrator/husky_ws2/src/install/nav2_common:/home/administrator/husky_ws2/install/zed_ros2:/home/administrator/husky_ws2/install/zed_display_rviz2:/home/administrator/husky_ws2/install/zed_wrapper:/home/administrator/husky_ws2/install/zed_tutorial_video:/home/administrator/husky_ws2/install/zed_tutorial_pos_tracking:/home/administrator/husky_ws2/install/zed_tutorial_depth:/home/administrator/husky_ws2/install/zed_rgb_convert:/home/administrator/husky_ws2/install/zed_components:/home/administrator/husky_ws2/install/rviz_plugin_zed_od:/home/administrator/husky_ws2/install/zed_interfaces:/home/administrator/husky_ws2/install/velodyne_simulator:/home/administrator/husky_ws2/install/velodyne_gazebo_plugins:/home/administrator/husky_ws2/install/husky_desktop:/home/administrator/husky_ws2/install/husky_viz:/home/administrator/husky_ws2/install/husky_simulator:/home/administrator/husky_ws2/install/husky_robot:/home/administrator/husky_ws2/install/husky_gazebo:/home/administrator/husky_ws2/install/husky_bringup:/home/administrator/husky_ws2/install/husky_control:/home/administrator/husky_ws2/install/husky_description:/home/administrator/husky_ws2/install/velodyne_description:/home/administrator/husky_ws2/install/um7:/home/administrator/husky_ws2/install/swri_route_util:/home/administrator/husky_ws2/install/swri_transform_util:/home/administrator/husky_ws2/install/swri_system_util:/home/administrator/husky_ws2/install/swri_serial_util:/home/administrator/husky_ws2/install/swri_image_util:/home/administrator/husky_ws2/install/swri_roscpp:/home/administrator/husky_ws2/install/swri_prefix_tools:/home/administrator/husky_ws2/install/swri_opencv_util:/home/administrator/husky_ws2/install/swri_math_util:/home/administrator/husky_ws2/install/swri_geometry_util:/home/administrator/husky_ws2/install/swri_dbw_interface:/home/administrator/husky_ws2/install/swri_console_util:/home/administrator/husky_ws2/install/nav2_system_tests:/home/administrator/husky_ws2/install/nav2_bringup:/home/administrator/husky_ws2/install/navigation2:/home/administrator/husky_ws2/install/smac_planner:/home/administrator/husky_ws2/install/pointcloud_to_laserscan:/home/administrator/husky_ws2/install/nav2_dwb_controller:/home/administrator/husky_ws2/install/nav2_controller:/home/administrator/husky_ws2/install/dwb_plugins:/home/administrator/husky_ws2/install/dwb_critics:/home/administrator/husky_ws2/install/dwb_core:/home/administrator/husky_ws2/install/nav_2d_utils:/home/administrator/husky_ws2/install/dwb_msgs:/home/administrator/husky_ws2/install/nav_2d_msgs:/home/administrator/husky_ws2/install/nav2_waypoint_follower:/home/administrator/husky_ws2/install/nav2_regulated_pure_pursuit_controller:/home/administrator/husky_ws2/install/nav2_recoveries:/home/administrator/husky_ws2/install/nav2_planner:/home/administrator/husky_ws2/install/nav2_navfn_planner:/home/administrator/husky_ws2/install/nav2_core:/home/administrator/husky_ws2/install/costmap_queue:/home/administrator/husky_ws2/install/nav2_costmap_2d:/home/administrator/husky_ws2/install/nav2_voxel_grid:/home/administrator/husky_ws2/install/nav2_rviz_plugins:/home/administrator/husky_ws2/install/nav2_map_server:/home/administrator/husky_ws2/install/nav2_lifecycle_manager:/home/administrator/husky_ws2/install/nav2_bt_navigator:/home/administrator/husky_ws2/install/nav2_behavior_tree:/home/administrator/husky_ws2/install/nav2_amcl:/home/administrator/husky_ws2/install/nav2_util:/home/administrator/husky_ws2/install/nav2_msgs:/home/administrator/husky_ws2/install/nav2_common:/home/administrator/husky_ws2/install/microstrain_inertial_examples:/home/administrator/husky_ws2/install/microstrain_inertial_driver:/home/administrator/husky_ws2/install/microstrain_inertial_msgs:/home/administrator/husky_ws2/install/local_nav_pkg:/home/administrator/husky_ws2/install/image_common:/home/administrator/husky_ws2/install/image_transport:/home/administrator/husky_ws2/install/husky_base:/home/administrator/husky_ws2/install/husky_msgs:/home/administrator/husky_ws2/install/hector_gazebo:/home/administrator/husky_ws2/install/hector_gazebo_worlds:/home/administrator/husky_ws2/install/hector_gazebo_plugins:/home/administrator/husky_ws2/install/custom_nav_stack_pkg:/home/administrator/husky_ws2/install/camera_info_manager:/home/administrator/husky_ws2/install/camera_calibration_parsers:/home/administrator/richo_theta_ws/install/penguin_detection:/home/administrator/husky_ws2/install/nav2_gazebo_spawner:/home/administrator/husky_ws2/install/microstrain_inertial_rqt:/home/administrator/husky_ws2/install/gps_goal:/opt/ros/foxy:/opt/ros/noetic PYTHONPATH=/home/administrator/husky_ws2/src/install/nav2_common/lib/python3.8/site-packages:${PYTHONPATH} /usr/bin/cmake /home/administrator/husky_ws2/src/navigation2/nav2_msgs -DAMENT_CMAKE_SYMLINK_INSTALL=1 -DCMAKE_INSTALL_PREFIX=/home/administrator/husky_ws2/src/install/nav2_msgs
[9.999s] Invoking command in '/home/administrator/husky_ws2/src/build/nav2_msgs': AMENT_PREFIX_PATH=/home/administrator/husky_ws2/src/install/nav2_common:${AMENT_PREFIX_PATH} CMAKE_PREFIX_PATH=/home/administrator/husky_ws2/src/install/nav2_common:/home/administrator/husky_ws2/install/zed_ros2:/home/administrator/husky_ws2/install/zed_display_rviz2:/home/administrator/husky_ws2/install/zed_wrapper:/home/administrator/husky_ws2/install/zed_tutorial_video:/home/administrator/husky_ws2/install/zed_tutorial_pos_tracking:/home/administrator/husky_ws2/install/zed_tutorial_depth:/home/administrator/husky_ws2/install/zed_rgb_convert:/home/administrator/husky_ws2/install/zed_components:/home/administrator/husky_ws2/install/rviz_plugin_zed_od:/home/administrator/husky_ws2/install/zed_interfaces:/home/administrator/husky_ws2/install/velodyne_simulator:/home/administrator/husky_ws2/install/velodyne_gazebo_plugins:/home/administrator/husky_ws2/install/husky_desktop:/home/administrator/husky_ws2/install/husky_viz:/home/administrator/husky_ws2/install/husky_simulator:/home/administrator/husky_ws2/install/husky_robot:/home/administrator/husky_ws2/install/husky_gazebo:/home/administrator/husky_ws2/install/husky_bringup:/home/administrator/husky_ws2/install/husky_control:/home/administrator/husky_ws2/install/husky_description:/home/administrator/husky_ws2/install/velodyne_description:/home/administrator/husky_ws2/install/um7:/home/administrator/husky_ws2/install/swri_route_util:/home/administrator/husky_ws2/install/swri_transform_util:/home/administrator/husky_ws2/install/swri_system_util:/home/administrator/husky_ws2/install/swri_serial_util:/home/administrator/husky_ws2/install/swri_image_util:/home/administrator/husky_ws2/install/swri_roscpp:/home/administrator/husky_ws2/install/swri_prefix_tools:/home/administrator/husky_ws2/install/swri_opencv_util:/home/administrator/husky_ws2/install/swri_math_util:/home/administrator/husky_ws2/install/swri_geometry_util:/home/administrator/husky_ws2/install/swri_dbw_interface:/home/administrator/husky_ws2/install/swri_console_util:/home/administrator/husky_ws2/install/nav2_system_tests:/home/administrator/husky_ws2/install/nav2_bringup:/home/administrator/husky_ws2/install/navigation2:/home/administrator/husky_ws2/install/smac_planner:/home/administrator/husky_ws2/install/pointcloud_to_laserscan:/home/administrator/husky_ws2/install/nav2_dwb_controller:/home/administrator/husky_ws2/install/nav2_controller:/home/administrator/husky_ws2/install/dwb_plugins:/home/administrator/husky_ws2/install/dwb_critics:/home/administrator/husky_ws2/install/dwb_core:/home/administrator/husky_ws2/install/nav_2d_utils:/home/administrator/husky_ws2/install/dwb_msgs:/home/administrator/husky_ws2/install/nav_2d_msgs:/home/administrator/husky_ws2/install/nav2_waypoint_follower:/home/administrator/husky_ws2/install/nav2_regulated_pure_pursuit_controller:/home/administrator/husky_ws2/install/nav2_recoveries:/home/administrator/husky_ws2/install/nav2_planner:/home/administrator/husky_ws2/install/nav2_navfn_planner:/home/administrator/husky_ws2/install/nav2_core:/home/administrator/husky_ws2/install/costmap_queue:/home/administrator/husky_ws2/install/nav2_costmap_2d:/home/administrator/husky_ws2/install/nav2_voxel_grid:/home/administrator/husky_ws2/install/nav2_rviz_plugins:/home/administrator/husky_ws2/install/nav2_map_server:/home/administrator/husky_ws2/install/nav2_lifecycle_manager:/home/administrator/husky_ws2/install/nav2_bt_navigator:/home/administrator/husky_ws2/install/nav2_behavior_tree:/home/administrator/husky_ws2/install/nav2_amcl:/home/administrator/husky_ws2/install/nav2_util:/home/administrator/husky_ws2/install/nav2_msgs:/home/administrator/husky_ws2/install/nav2_common:/home/administrator/husky_ws2/install/microstrain_inertial_examples:/home/administrator/husky_ws2/install/microstrain_inertial_driver:/home/administrator/husky_ws2/install/microstrain_inertial_msgs:/home/administrator/husky_ws2/install/local_nav_pkg:/home/administrator/husky_ws2/install/image_common:/home/administrator/husky_ws2/install/image_transport:/home/administrator/husky_ws2/install/husky_base:/home/administrator/husky_ws2/install/husky_msgs:/home/administrator/husky_ws2/install/hector_gazebo:/home/administrator/husky_ws2/install/hector_gazebo_worlds:/home/administrator/husky_ws2/install/hector_gazebo_plugins:/home/administrator/husky_ws2/install/custom_nav_stack_pkg:/home/administrator/husky_ws2/install/camera_info_manager:/home/administrator/husky_ws2/install/camera_calibration_parsers:/home/administrator/richo_theta_ws/install/penguin_detection:/home/administrator/husky_ws2/install/nav2_gazebo_spawner:/home/administrator/husky_ws2/install/microstrain_inertial_rqt:/home/administrator/husky_ws2/install/gps_goal:/opt/ros/foxy:/opt/ros/noetic PYTHONPATH=/home/administrator/husky_ws2/src/install/nav2_common/lib/python3.8/site-packages:${PYTHONPATH} /usr/bin/cmake --build /home/administrator/husky_ws2/src/build/nav2_msgs -- -j8 -l8
[16.788s] [35m[1mScanning dependencies of target nav2_msgs__cpp[0m
[16.788s] [  1%] [34m[1mGenerating C code for ROS interfaces[0m
[16.788s] [  1%] [34m[1mGenerating C++ code for ROS interfaces[0m
[24.874s] [35m[1mScanning dependencies of target nav2_msgs__rosidl_generator_c[0m
[25.048s] [  1%] [32mBuilding C object CMakeFiles/nav2_msgs__rosidl_generator_c.dir/rosidl_generator_c/nav2_msgs/msg/detail/costmap__functions.c.o[0m
[25.329s] [  2%] [32mBuilding C object CMakeFiles/nav2_msgs__rosidl_generator_c.dir/rosidl_generator_c/nav2_msgs/msg/detail/particle_cloud__functions.c.o[0m
[25.433s] [  2%] Built target nav2_msgs__cpp
[25.556s] [  3%] [32mBuilding C object CMakeFiles/nav2_msgs__rosidl_generator_c.dir/rosidl_generator_c/nav2_msgs/srv/detail/clear_costmap_except_region__functions.c.o[0m
[25.882s] [  3%] [32mBuilding C object CMakeFiles/nav2_msgs__rosidl_generator_c.dir/rosidl_generator_c/nav2_msgs/srv/detail/get_costmap__functions.c.o[0m
[26.108s] [  3%] [32mBuilding C object CMakeFiles/nav2_msgs__rosidl_generator_c.dir/rosidl_generator_c/nav2_msgs/msg/detail/particle__functions.c.o[0m
[26.291s] [  4%] [32mBuilding C object CMakeFiles/nav2_msgs__rosidl_generator_c.dir/rosidl_generator_c/nav2_msgs/msg/detail/behavior_tree_log__functions.c.o[0m
[26.610s] [  4%] [32mBuilding C object CMakeFiles/nav2_msgs__rosidl_generator_c.dir/rosidl_generator_c/nav2_msgs/srv/detail/clear_costmap_around_robot__functions.c.o[0m
[26.986s] [  5%] [32mBuilding C object CMakeFiles/nav2_msgs__rosidl_generator_c.dir/rosidl_generator_c/nav2_msgs/srv/detail/clear_entire_costmap__functions.c.o[0m
[27.261s] [  5%] [32mBuilding C object CMakeFiles/nav2_msgs__rosidl_generator_c.dir/rosidl_generator_c/nav2_msgs/srv/detail/manage_lifecycle_nodes__functions.c.o[0m
[27.484s] [  6%] [32mBuilding C object CMakeFiles/nav2_msgs__rosidl_generator_c.dir/rosidl_generator_c/nav2_msgs/srv/detail/load_map__functions.c.o[0m
[27.816s] [  6%] [32mBuilding C object CMakeFiles/nav2_msgs__rosidl_generator_c.dir/rosidl_generator_c/nav2_msgs/srv/detail/save_map__functions.c.o[0m
[28.140s] [  7%] [32mBuilding C object CMakeFiles/nav2_msgs__rosidl_generator_c.dir/rosidl_generator_c/nav2_msgs/action/detail/back_up__functions.c.o[0m
[28.577s] [  7%] [32mBuilding C object CMakeFiles/nav2_msgs__rosidl_generator_c.dir/rosidl_generator_c/nav2_msgs/action/detail/compute_path_to_pose__functions.c.o[0m
[29.101s] [  7%] [32mBuilding C object CMakeFiles/nav2_msgs__rosidl_generator_c.dir/rosidl_generator_c/nav2_msgs/action/detail/follow_path__functions.c.o[0m
[29.678s] [  8%] [32mBuilding C object CMakeFiles/nav2_msgs__rosidl_generator_c.dir/rosidl_generator_c/nav2_msgs/action/detail/navigate_to_pose__functions.c.o[0m
[30.112s] [  8%] [32mBuilding C object CMakeFiles/nav2_msgs__rosidl_generator_c.dir/rosidl_generator_c/nav2_msgs/action/detail/wait__functions.c.o[0m
[30.607s] [  9%] [32mBuilding C object CMakeFiles/nav2_msgs__rosidl_generator_c.dir/rosidl_generator_c/nav2_msgs/action/detail/spin__functions.c.o[0m
[30.897s] [  9%] [32mBuilding C object CMakeFiles/nav2_msgs__rosidl_generator_c.dir/rosidl_generator_c/nav2_msgs/action/detail/dummy_recovery__functions.c.o[0m
[31.230s] [ 10%] [32mBuilding C object CMakeFiles/nav2_msgs__rosidl_generator_c.dir/rosidl_generator_c/nav2_msgs/action/detail/follow_waypoints__functions.c.o[0m
[31.598s] [ 10%] [32mBuilding C object CMakeFiles/nav2_msgs__rosidl_generator_c.dir/rosidl_generator_c/nav2_msgs/action/detail/navigate_through_poses__functions.c.o[0m
[31.896s] [ 11%] [32mBuilding C object CMakeFiles/nav2_msgs__rosidl_generator_c.dir/rosidl_generator_c/nav2_msgs/action/detail/compute_path_through_poses__functions.c.o[0m
[32.262s] [ 11%] [32mBuilding C object CMakeFiles/nav2_msgs__rosidl_generator_c.dir/rosidl_generator_c/nav2_msgs/msg/detail/behavior_tree_status_change__functions.c.o[0m
[32.404s] [ 12%] [32mBuilding C object CMakeFiles/nav2_msgs__rosidl_generator_c.dir/rosidl_generator_c/nav2_msgs/msg/detail/voxel_grid__functions.c.o[0m
[32.535s] [ 12%] [32mBuilding C object CMakeFiles/nav2_msgs__rosidl_generator_c.dir/rosidl_generator_c/nav2_msgs/msg/detail/costmap_meta_data__functions.c.o[0m
[32.689s] [ 12%] [32m[1mLinking C shared library libnav2_msgs__rosidl_generator_c.so[0m
[32.838s] [ 12%] Built target nav2_msgs__rosidl_generator_c
[32.879s] [ 13%] [34m[1mGenerating C++ type support for eProsima Fast-RTPS[0m
[38.989s] [35m[1mScanning dependencies of target nav2_msgs__rosidl_typesupport_fastrtps_cpp[0m
[39.134s] [ 13%] [32mBuilding CXX object CMakeFiles/nav2_msgs__rosidl_typesupport_fastrtps_cpp.dir/rosidl_typesupport_fastrtps_cpp/nav2_msgs/msg/detail/dds_fastrtps/costmap__type_support.cpp.o[0m
[39.695s] [ 14%] [32mBuilding CXX object CMakeFiles/nav2_msgs__rosidl_typesupport_fastrtps_cpp.dir/rosidl_typesupport_fastrtps_cpp/nav2_msgs/msg/detail/dds_fastrtps/behavior_tree_status_change__type_support.cpp.o[0m
[40.405s] [ 14%] [32mBuilding CXX object CMakeFiles/nav2_msgs__rosidl_typesupport_fastrtps_cpp.dir/rosidl_typesupport_fastrtps_cpp/nav2_msgs/msg/detail/dds_fastrtps/behavior_tree_log__type_support.cpp.o[0m
[41.065s] [ 15%] [32mBuilding CXX object CMakeFiles/nav2_msgs__rosidl_typesupport_fastrtps_cpp.dir/rosidl_typesupport_fastrtps_cpp/nav2_msgs/msg/detail/dds_fastrtps/particle__type_support.cpp.o[0m
[41.671s] [ 15%] [32mBuilding CXX object CMakeFiles/nav2_msgs__rosidl_typesupport_fastrtps_cpp.dir/rosidl_typesupport_fastrtps_cpp/nav2_msgs/msg/detail/dds_fastrtps/particle_cloud__type_support.cpp.o[0m
[42.308s] [ 15%] [32mBuilding CXX object CMakeFiles/nav2_msgs__rosidl_typesupport_fastrtps_cpp.dir/rosidl_typesupport_fastrtps_cpp/nav2_msgs/srv/detail/dds_fastrtps/get_costmap__type_support.cpp.o[0m
[42.891s] [ 16%] [32mBuilding CXX object CMakeFiles/nav2_msgs__rosidl_typesupport_fastrtps_cpp.dir/rosidl_typesupport_fastrtps_cpp/nav2_msgs/srv/detail/dds_fastrtps/clear_costmap_except_region__type_support.cpp.o[0m
[43.453s] [ 16%] [32mBuilding CXX object CMakeFiles/nav2_msgs__rosidl_typesupport_fastrtps_cpp.dir/rosidl_typesupport_fastrtps_cpp/nav2_msgs/srv/detail/dds_fastrtps/clear_costmap_around_robot__type_support.cpp.o[0m
[44.031s] [ 17%] [32mBuilding CXX object CMakeFiles/nav2_msgs__rosidl_typesupport_fastrtps_cpp.dir/rosidl_typesupport_fastrtps_cpp/nav2_msgs/srv/detail/dds_fastrtps/clear_entire_costmap__type_support.cpp.o[0m
[44.645s] [ 17%] [32mBuilding CXX object CMakeFiles/nav2_msgs__rosidl_typesupport_fastrtps_cpp.dir/rosidl_typesupport_fastrtps_cpp/nav2_msgs/srv/detail/dds_fastrtps/manage_lifecycle_nodes__type_support.cpp.o[0m
[45.213s] [ 18%] [32mBuilding CXX object CMakeFiles/nav2_msgs__rosidl_typesupport_fastrtps_cpp.dir/rosidl_typesupport_fastrtps_cpp/nav2_msgs/srv/detail/dds_fastrtps/load_map__type_support.cpp.o[0m
[45.893s] [ 18%] [32mBuilding CXX object CMakeFiles/nav2_msgs__rosidl_typesupport_fastrtps_cpp.dir/rosidl_typesupport_fastrtps_cpp/nav2_msgs/srv/detail/dds_fastrtps/save_map__type_support.cpp.o[0m
[46.458s] [ 19%] [32mBuilding CXX object CMakeFiles/nav2_msgs__rosidl_typesupport_fastrtps_cpp.dir/rosidl_typesupport_fastrtps_cpp/nav2_msgs/action/detail/dds_fastrtps/back_up__type_support.cpp.o[0m
[47.192s] [ 19%] [32mBuilding CXX object CMakeFiles/nav2_msgs__rosidl_typesupport_fastrtps_cpp.dir/rosidl_typesupport_fastrtps_cpp/nav2_msgs/action/detail/dds_fastrtps/compute_path_to_pose__type_support.cpp.o[0m
[48.006s] [ 20%] [32mBuilding CXX object CMakeFiles/nav2_msgs__rosidl_typesupport_fastrtps_cpp.dir/rosidl_typesupport_fastrtps_cpp/nav2_msgs/action/detail/dds_fastrtps/follow_path__type_support.cpp.o[0m
[48.943s] [ 20%] [32mBuilding CXX object CMakeFiles/nav2_msgs__rosidl_typesupport_fastrtps_cpp.dir/rosidl_typesupport_fastrtps_cpp/nav2_msgs/action/detail/dds_fastrtps/navigate_to_pose__type_support.cpp.o[0m
[49.801s] [ 21%] [32mBuilding CXX object CMakeFiles/nav2_msgs__rosidl_typesupport_fastrtps_cpp.dir/rosidl_typesupport_fastrtps_cpp/nav2_msgs/action/detail/dds_fastrtps/wait__type_support.cpp.o[0m
[50.511s] [ 21%] [32mBuilding CXX object CMakeFiles/nav2_msgs__rosidl_typesupport_fastrtps_cpp.dir/rosidl_typesupport_fastrtps_cpp/nav2_msgs/action/detail/dds_fastrtps/spin__type_support.cpp.o[0m
[51.318s] [ 22%] [32mBuilding CXX object CMakeFiles/nav2_msgs__rosidl_typesupport_fastrtps_cpp.dir/rosidl_typesupport_fastrtps_cpp/nav2_msgs/action/detail/dds_fastrtps/dummy_recovery__type_support.cpp.o[0m
[52.018s] [ 22%] [32mBuilding CXX object CMakeFiles/nav2_msgs__rosidl_typesupport_fastrtps_cpp.dir/rosidl_typesupport_fastrtps_cpp/nav2_msgs/action/detail/dds_fastrtps/follow_waypoints__type_support.cpp.o[0m
[52.918s] [ 22%] [32mBuilding CXX object CMakeFiles/nav2_msgs__rosidl_typesupport_fastrtps_cpp.dir/rosidl_typesupport_fastrtps_cpp/nav2_msgs/action/detail/dds_fastrtps/navigate_through_poses__type_support.cpp.o[0m
[53.707s] [ 23%] [32mBuilding CXX object CMakeFiles/nav2_msgs__rosidl_typesupport_fastrtps_cpp.dir/rosidl_typesupport_fastrtps_cpp/nav2_msgs/action/detail/dds_fastrtps/compute_path_through_poses__type_support.cpp.o[0m
[54.341s] [ 23%] [32mBuilding CXX object CMakeFiles/nav2_msgs__rosidl_typesupport_fastrtps_cpp.dir/rosidl_typesupport_fastrtps_cpp/nav2_msgs/msg/detail/dds_fastrtps/voxel_grid__type_support.cpp.o[0m
[54.881s] [ 24%] [32mBuilding CXX object CMakeFiles/nav2_msgs__rosidl_typesupport_fastrtps_cpp.dir/rosidl_typesupport_fastrtps_cpp/nav2_msgs/msg/detail/dds_fastrtps/costmap_meta_data__type_support.cpp.o[0m
[55.359s] [ 24%] [32m[1mLinking CXX shared library libnav2_msgs__rosidl_typesupport_fastrtps_cpp.so[0m
[55.490s] [ 24%] Built target nav2_msgs__rosidl_typesupport_fastrtps_cpp
[55.534s] [ 25%] [34m[1mGenerating C introspection for ROS interfaces[0m
[60.229s] [35m[1mScanning dependencies of target nav2_msgs__rosidl_typesupport_introspection_c[0m
[60.301s] [ 25%] [32mBuilding C object CMakeFiles/nav2_msgs__rosidl_typesupport_introspection_c.dir/rosidl_typesupport_introspection_c/nav2_msgs/msg/detail/costmap__type_support.c.o[0m
[60.385s] [ 26%] [32mBuilding C object CMakeFiles/nav2_msgs__rosidl_typesupport_introspection_c.dir/rosidl_typesupport_introspection_c/nav2_msgs/msg/detail/behavior_tree_status_change__type_support.c.o[0m
[60.450s] [ 26%] [32mBuilding C object CMakeFiles/nav2_msgs__rosidl_typesupport_introspection_c.dir/rosidl_typesupport_introspection_c/nav2_msgs/msg/detail/behavior_tree_log__type_support.c.o[0m
[60.533s] [ 27%] [32mBuilding C object CMakeFiles/nav2_msgs__rosidl_typesupport_introspection_c.dir/rosidl_typesupport_introspection_c/nav2_msgs/msg/detail/particle__type_support.c.o[0m
[60.597s] [ 27%] [32mBuilding C object CMakeFiles/nav2_msgs__rosidl_typesupport_introspection_c.dir/rosidl_typesupport_introspection_c/nav2_msgs/msg/detail/particle_cloud__type_support.c.o[0m
[60.706s] [ 28%] [32mBuilding C object CMakeFiles/nav2_msgs__rosidl_typesupport_introspection_c.dir/rosidl_typesupport_introspection_c/nav2_msgs/srv/detail/get_costmap__type_support.c.o[0m
[60.798s] [ 28%] [32mBuilding C object CMakeFiles/nav2_msgs__rosidl_typesupport_introspection_c.dir/rosidl_typesupport_introspection_c/nav2_msgs/srv/detail/clear_costmap_except_region__type_support.c.o[0m
[60.865s] [ 29%] [32mBuilding C object CMakeFiles/nav2_msgs__rosidl_typesupport_introspection_c.dir/rosidl_typesupport_introspection_c/nav2_msgs/srv/detail/clear_costmap_around_robot__type_support.c.o[0m
[60.948s] [ 29%] [32mBuilding C object CMakeFiles/nav2_msgs__rosidl_typesupport_introspection_c.dir/rosidl_typesupport_introspection_c/nav2_msgs/srv/detail/clear_entire_costmap__type_support.c.o[0m
[61.021s] [ 29%] [32mBuilding C object CMakeFiles/nav2_msgs__rosidl_typesupport_introspection_c.dir/rosidl_typesupport_introspection_c/nav2_msgs/srv/detail/manage_lifecycle_nodes__type_support.c.o[0m
[61.092s] [ 30%] [32mBuilding C object CMakeFiles/nav2_msgs__rosidl_typesupport_introspection_c.dir/rosidl_typesupport_introspection_c/nav2_msgs/srv/detail/load_map__type_support.c.o[0m
[61.195s] [ 30%] [32mBuilding C object CMakeFiles/nav2_msgs__rosidl_typesupport_introspection_c.dir/rosidl_typesupport_introspection_c/nav2_msgs/srv/detail/save_map__type_support.c.o[0m
[61.274s] [ 31%] [32mBuilding C object CMakeFiles/nav2_msgs__rosidl_typesupport_introspection_c.dir/rosidl_typesupport_introspection_c/nav2_msgs/action/detail/back_up__type_support.c.o[0m
[61.371s] [ 31%] [32mBuilding C object CMakeFiles/nav2_msgs__rosidl_typesupport_introspection_c.dir/rosidl_typesupport_introspection_c/nav2_msgs/action/detail/compute_path_to_pose__type_support.c.o[0m
[61.468s] [ 32%] [32mBuilding C object CMakeFiles/nav2_msgs__rosidl_typesupport_introspection_c.dir/rosidl_typesupport_introspection_c/nav2_msgs/action/detail/follow_path__type_support.c.o[0m
[61.559s] [ 32%] [32mBuilding C object CMakeFiles/nav2_msgs__rosidl_typesupport_introspection_c.dir/rosidl_typesupport_introspection_c/nav2_msgs/action/detail/navigate_to_pose__type_support.c.o[0m
[61.666s] [ 33%] [32mBuilding C object CMakeFiles/nav2_msgs__rosidl_typesupport_introspection_c.dir/rosidl_typesupport_introspection_c/nav2_msgs/action/detail/wait__type_support.c.o[0m
[61.784s] [ 33%] [32mBuilding C object CMakeFiles/nav2_msgs__rosidl_typesupport_introspection_c.dir/rosidl_typesupport_introspection_c/nav2_msgs/action/detail/spin__type_support.c.o[0m
[61.896s] [ 34%] [32mBuilding C object CMakeFiles/nav2_msgs__rosidl_typesupport_introspection_c.dir/rosidl_typesupport_introspection_c/nav2_msgs/action/detail/dummy_recovery__type_support.c.o[0m
[62.023s] [ 34%] [32mBuilding C object CMakeFiles/nav2_msgs__rosidl_typesupport_introspection_c.dir/rosidl_typesupport_introspection_c/nav2_msgs/action/detail/follow_waypoints__type_support.c.o[0m
[62.159s] [ 35%] [32mBuilding C object CMakeFiles/nav2_msgs__rosidl_typesupport_introspection_c.dir/rosidl_typesupport_introspection_c/nav2_msgs/action/detail/navigate_through_poses__type_support.c.o[0m
[62.261s] [ 35%] [32mBuilding C object CMakeFiles/nav2_msgs__rosidl_typesupport_introspection_c.dir/rosidl_typesupport_introspection_c/nav2_msgs/action/detail/compute_path_through_poses__type_support.c.o[0m
[62.367s] [ 35%] [32mBuilding C object CMakeFiles/nav2_msgs__rosidl_typesupport_introspection_c.dir/rosidl_typesupport_introspection_c/nav2_msgs/msg/detail/voxel_grid__type_support.c.o[0m
[62.429s] [ 36%] [32mBuilding C object CMakeFiles/nav2_msgs__rosidl_typesupport_introspection_c.dir/rosidl_typesupport_introspection_c/nav2_msgs/msg/detail/costmap_meta_data__type_support.c.o[0m
[62.496s] [ 36%] [32m[1mLinking C shared library libnav2_msgs__rosidl_typesupport_introspection_c.so[0m
[62.583s] [ 36%] Built target nav2_msgs__rosidl_typesupport_introspection_c
[62.616s] [ 37%] [34m[1mGenerating C type support for eProsima Fast-RTPS[0m
[66.975s] [35m[1mScanning dependencies of target nav2_msgs__rosidl_typesupport_fastrtps_c[0m
[67.069s] [ 37%] [32mBuilding CXX object CMakeFiles/nav2_msgs__rosidl_typesupport_fastrtps_c.dir/rosidl_typesupport_fastrtps_c/nav2_msgs/msg/detail/costmap__type_support_c.cpp.o[0m
[67.564s] [ 37%] [32mBuilding CXX object CMakeFiles/nav2_msgs__rosidl_typesupport_fastrtps_c.dir/rosidl_typesupport_fastrtps_c/nav2_msgs/msg/detail/behavior_tree_log__type_support_c.cpp.o[0m
[67.915s] [ 38%] [32mBuilding CXX object CMakeFiles/nav2_msgs__rosidl_typesupport_fastrtps_c.dir/rosidl_typesupport_fastrtps_c/nav2_msgs/msg/detail/particle__type_support_c.cpp.o[0m
[68.412s] [ 38%] [32mBuilding CXX object CMakeFiles/nav2_msgs__rosidl_typesupport_fastrtps_c.dir/rosidl_typesupport_fastrtps_c/nav2_msgs/msg/detail/particle_cloud__type_support_c.cpp.o[0m
[68.859s] [ 38%] [32mBuilding CXX object CMakeFiles/nav2_msgs__rosidl_typesupport_fastrtps_c.dir/rosidl_typesupport_fastrtps_c/nav2_msgs/srv/detail/get_costmap__type_support_c.cpp.o[0m
[69.323s] [ 39%] [32mBuilding CXX object CMakeFiles/nav2_msgs__rosidl_typesupport_fastrtps_c.dir/rosidl_typesupport_fastrtps_c/nav2_msgs/srv/detail/clear_costmap_except_region__type_support_c.cpp.o[0m
[69.795s] [ 39%] [32mBuilding CXX object CMakeFiles/nav2_msgs__rosidl_typesupport_fastrtps_c.dir/rosidl_typesupport_fastrtps_c/nav2_msgs/srv/detail/clear_costmap_around_robot__type_support_c.cpp.o[0m
[70.104s] [ 40%] [32mBuilding CXX object CMakeFiles/nav2_msgs__rosidl_typesupport_fastrtps_c.dir/rosidl_typesupport_fastrtps_c/nav2_msgs/srv/detail/clear_entire_costmap__type_support_c.cpp.o[0m
[70.506s] [ 40%] [32mBuilding CXX object CMakeFiles/nav2_msgs__rosidl_typesupport_fastrtps_c.dir/rosidl_typesupport_fastrtps_c/nav2_msgs/srv/detail/manage_lifecycle_nodes__type_support_c.cpp.o[0m
[70.820s] [ 41%] [32mBuilding CXX object CMakeFiles/nav2_msgs__rosidl_typesupport_fastrtps_c.dir/rosidl_typesupport_fastrtps_c/nav2_msgs/srv/detail/load_map__type_support_c.cpp.o[0m
[71.328s] [ 41%] [32mBuilding CXX object CMakeFiles/nav2_msgs__rosidl_typesupport_fastrtps_c.dir/rosidl_typesupport_fastrtps_c/nav2_msgs/srv/detail/save_map__type_support_c.cpp.o[0m
[71.833s] [ 42%] [32mBuilding CXX object CMakeFiles/nav2_msgs__rosidl_typesupport_fastrtps_c.dir/rosidl_typesupport_fastrtps_c/nav2_msgs/action/detail/back_up__type_support_c.cpp.o[0m
[72.219s] [ 42%] [32mBuilding CXX object CMakeFiles/nav2_msgs__rosidl_typesupport_fastrtps_c.dir/rosidl_typesupport_fastrtps_c/nav2_msgs/action/detail/compute_path_to_pose__type_support_c.cpp.o[0m
[72.697s] [ 43%] [32mBuilding CXX object CMakeFiles/nav2_msgs__rosidl_typesupport_fastrtps_c.dir/rosidl_typesupport_fastrtps_c/nav2_msgs/action/detail/follow_path__type_support_c.cpp.o[0m
[73.225s] [ 43%] [32mBuilding CXX object CMakeFiles/nav2_msgs__rosidl_typesupport_fastrtps_c.dir/rosidl_typesupport_fastrtps_c/nav2_msgs/action/detail/navigate_to_pose__type_support_c.cpp.o[0m
[73.740s] [ 44%] [32mBuilding CXX object CMakeFiles/nav2_msgs__rosidl_typesupport_fastrtps_c.dir/rosidl_typesupport_fastrtps_c/nav2_msgs/action/detail/wait__type_support_c.cpp.o[0m
[74.202s] [ 44%] [32mBuilding CXX object CMakeFiles/nav2_msgs__rosidl_typesupport_fastrtps_c.dir/rosidl_typesupport_fastrtps_c/nav2_msgs/action/detail/spin__type_support_c.cpp.o[0m
[74.646s] [ 45%] [32mBuilding CXX object CMakeFiles/nav2_msgs__rosidl_typesupport_fastrtps_c.dir/rosidl_typesupport_fastrtps_c/nav2_msgs/action/detail/dummy_recovery__type_support_c.cpp.o[0m
[75.024s] [ 45%] [32mBuilding CXX object CMakeFiles/nav2_msgs__rosidl_typesupport_fastrtps_c.dir/rosidl_typesupport_fastrtps_c/nav2_msgs/action/detail/follow_waypoints__type_support_c.cpp.o[0m
[75.434s] [ 45%] [32mBuilding CXX object CMakeFiles/nav2_msgs__rosidl_typesupport_fastrtps_c.dir/rosidl_typesupport_fastrtps_c/nav2_msgs/action/detail/navigate_through_poses__type_support_c.cpp.o[0m
[75.831s] [ 46%] [32mBuilding CXX object CMakeFiles/nav2_msgs__rosidl_typesupport_fastrtps_c.dir/rosidl_typesupport_fastrtps_c/nav2_msgs/action/detail/compute_path_through_poses__type_support_c.cpp.o[0m
[76.207s] [ 47%] [32mBuilding CXX object CMakeFiles/nav2_msgs__rosidl_typesupport_fastrtps_c.dir/rosidl_typesupport_fastrtps_c/nav2_msgs/msg/detail/behavior_tree_status_change__type_support_c.cpp.o[0m
[76.513s] [ 47%] [32mBuilding CXX object CMakeFiles/nav2_msgs__rosidl_typesupport_fastrtps_c.dir/rosidl_typesupport_fastrtps_c/nav2_msgs/msg/detail/voxel_grid__type_support_c.cpp.o[0m
[76.782s] [ 48%] [32mBuilding CXX object CMakeFiles/nav2_msgs__rosidl_typesupport_fastrtps_c.dir/rosidl_typesupport_fastrtps_c/nav2_msgs/msg/detail/costmap_meta_data__type_support_c.cpp.o[0m
[77.070s] [ 48%] [32m[1mLinking CXX shared library libnav2_msgs__rosidl_typesupport_fastrtps_c.so[0m
[77.176s] [ 48%] Built target nav2_msgs__rosidl_typesupport_fastrtps_c
[77.194s] [ 49%] [34m[1mGenerating C type support dispatch for ROS interfaces[0m
[78.742s] [35m[1mScanning dependencies of target nav2_msgs__rosidl_typesupport_c[0m
[78.766s] [ 49%] [32mBuilding CXX object CMakeFiles/nav2_msgs__rosidl_typesupport_c.dir/rosidl_typesupport_c/nav2_msgs/msg/costmap__type_support.cpp.o[0m
[78.797s] [ 49%] [32mBuilding CXX object CMakeFiles/nav2_msgs__rosidl_typesupport_c.dir/rosidl_typesupport_c/nav2_msgs/msg/particle__type_support.cpp.o[0m
[78.829s] [ 50%] [32mBuilding CXX object CMakeFiles/nav2_msgs__rosidl_typesupport_c.dir/rosidl_typesupport_c/nav2_msgs/msg/particle_cloud__type_support.cpp.o[0m
[78.859s] [ 50%] [32mBuilding CXX object CMakeFiles/nav2_msgs__rosidl_typesupport_c.dir/rosidl_typesupport_c/nav2_msgs/srv/get_costmap__type_support.cpp.o[0m
[78.891s] [ 51%] [32mBuilding CXX object CMakeFiles/nav2_msgs__rosidl_typesupport_c.dir/rosidl_typesupport_c/nav2_msgs/srv/clear_costmap_except_region__type_support.cpp.o[0m
[78.925s] [ 51%] [32mBuilding CXX object CMakeFiles/nav2_msgs__rosidl_typesupport_c.dir/rosidl_typesupport_c/nav2_msgs/srv/clear_costmap_around_robot__type_support.cpp.o[0m
[78.963s] [ 52%] [32mBuilding CXX object CMakeFiles/nav2_msgs__rosidl_typesupport_c.dir/rosidl_typesupport_c/nav2_msgs/srv/clear_entire_costmap__type_support.cpp.o[0m
[78.994s] [ 52%] [32mBuilding CXX object CMakeFiles/nav2_msgs__rosidl_typesupport_c.dir/rosidl_typesupport_c/nav2_msgs/srv/manage_lifecycle_nodes__type_support.cpp.o[0m
[79.025s] [ 53%] [32mBuilding CXX object CMakeFiles/nav2_msgs__rosidl_typesupport_c.dir/rosidl_typesupport_c/nav2_msgs/srv/load_map__type_support.cpp.o[0m
[79.057s] [ 53%] [32mBuilding CXX object CMakeFiles/nav2_msgs__rosidl_typesupport_c.dir/rosidl_typesupport_c/nav2_msgs/srv/save_map__type_support.cpp.o[0m
[79.089s] [ 54%] [32mBuilding CXX object CMakeFiles/nav2_msgs__rosidl_typesupport_c.dir/rosidl_typesupport_c/nav2_msgs/action/back_up__type_support.cpp.o[0m
[79.135s] [ 54%] [32mBuilding CXX object CMakeFiles/nav2_msgs__rosidl_typesupport_c.dir/rosidl_typesupport_c/nav2_msgs/action/compute_path_to_pose__type_support.cpp.o[0m
[79.187s] [ 55%] [32mBuilding CXX object CMakeFiles/nav2_msgs__rosidl_typesupport_c.dir/rosidl_typesupport_c/nav2_msgs/action/follow_path__type_support.cpp.o[0m
[79.236s] [ 55%] [32mBuilding CXX object CMakeFiles/nav2_msgs__rosidl_typesupport_c.dir/rosidl_typesupport_c/nav2_msgs/action/navigate_to_pose__type_support.cpp.o[0m
[79.294s] [ 55%] [32mBuilding CXX object CMakeFiles/nav2_msgs__rosidl_typesupport_c.dir/rosidl_typesupport_c/nav2_msgs/action/wait__type_support.cpp.o[0m
[79.349s] [ 56%] [32mBuilding CXX object CMakeFiles/nav2_msgs__rosidl_typesupport_c.dir/rosidl_typesupport_c/nav2_msgs/action/spin__type_support.cpp.o[0m
[79.395s] [ 56%] [32mBuilding CXX object CMakeFiles/nav2_msgs__rosidl_typesupport_c.dir/rosidl_typesupport_c/nav2_msgs/action/dummy_recovery__type_support.cpp.o[0m
[79.458s] [ 57%] [32mBuilding CXX object CMakeFiles/nav2_msgs__rosidl_typesupport_c.dir/rosidl_typesupport_c/nav2_msgs/action/follow_waypoints__type_support.cpp.o[0m
[79.519s] [ 57%] [32mBuilding CXX object CMakeFiles/nav2_msgs__rosidl_typesupport_c.dir/rosidl_typesupport_c/nav2_msgs/action/navigate_through_poses__type_support.cpp.o[0m
[79.567s] [ 58%] [32mBuilding CXX object CMakeFiles/nav2_msgs__rosidl_typesupport_c.dir/rosidl_typesupport_c/nav2_msgs/action/compute_path_through_poses__type_support.cpp.o[0m
[79.612s] [ 59%] [32mBuilding CXX object CMakeFiles/nav2_msgs__rosidl_typesupport_c.dir/rosidl_typesupport_c/nav2_msgs/msg/behavior_tree_log__type_support.cpp.o[0m
[79.646s] [ 59%] [32mBuilding CXX object CMakeFiles/nav2_msgs__rosidl_typesupport_c.dir/rosidl_typesupport_c/nav2_msgs/msg/behavior_tree_status_change__type_support.cpp.o[0m
[79.673s] [ 59%] [32mBuilding CXX object CMakeFiles/nav2_msgs__rosidl_typesupport_c.dir/rosidl_typesupport_c/nav2_msgs/msg/voxel_grid__type_support.cpp.o[0m
[79.714s] [ 60%] [32mBuilding CXX object CMakeFiles/nav2_msgs__rosidl_typesupport_c.dir/rosidl_typesupport_c/nav2_msgs/msg/costmap_meta_data__type_support.cpp.o[0m
[79.754s] [ 60%] [32m[1mLinking CXX shared library libnav2_msgs__rosidl_typesupport_c.so[0m
[79.811s] [ 60%] Built target nav2_msgs__rosidl_typesupport_c
[79.826s] [ 61%] [34m[1mGenerating C++ introspection for ROS interfaces[0m
[82.076s] [35m[1mScanning dependencies of target nav2_msgs__rosidl_typesupport_introspection_cpp[0m
[82.105s] [ 61%] [32mBuilding CXX object CMakeFiles/nav2_msgs__rosidl_typesupport_introspection_cpp.dir/rosidl_typesupport_introspection_cpp/nav2_msgs/msg/detail/costmap__type_support.cpp.o[0m
[82.367s] [ 61%] [32mBuilding CXX object CMakeFiles/nav2_msgs__rosidl_typesupport_introspection_cpp.dir/rosidl_typesupport_introspection_cpp/nav2_msgs/msg/detail/particle_cloud__type_support.cpp.o[0m
[82.618s] [ 62%] [32mBuilding CXX object CMakeFiles/nav2_msgs__rosidl_typesupport_introspection_cpp.dir/rosidl_typesupport_introspection_cpp/nav2_msgs/srv/detail/get_costmap__type_support.cpp.o[0m
[82.860s] [ 62%] [32mBuilding CXX object CMakeFiles/nav2_msgs__rosidl_typesupport_introspection_cpp.dir/rosidl_typesupport_introspection_cpp/nav2_msgs/srv/detail/clear_costmap_except_region__type_support.cpp.o[0m
[83.063s] [ 63%] [32mBuilding CXX object CMakeFiles/nav2_msgs__rosidl_typesupport_introspection_cpp.dir/rosidl_typesupport_introspection_cpp/nav2_msgs/srv/detail/clear_costmap_around_robot__type_support.cpp.o[0m
[83.268s] [ 63%] [32mBuilding CXX object CMakeFiles/nav2_msgs__rosidl_typesupport_introspection_cpp.dir/rosidl_typesupport_introspection_cpp/nav2_msgs/srv/detail/clear_entire_costmap__type_support.cpp.o[0m
[83.484s] [ 63%] [32mBuilding CXX object CMakeFiles/nav2_msgs__rosidl_typesupport_introspection_cpp.dir/rosidl_typesupport_introspection_cpp/nav2_msgs/srv/detail/manage_lifecycle_nodes__type_support.cpp.o[0m
[83.687s] [ 64%] [32mBuilding CXX object CMakeFiles/nav2_msgs__rosidl_typesupport_introspection_cpp.dir/rosidl_typesupport_introspection_cpp/nav2_msgs/srv/detail/load_map__type_support.cpp.o[0m
[83.917s] [ 64%] [32mBuilding CXX object CMakeFiles/nav2_msgs__rosidl_typesupport_introspection_cpp.dir/rosidl_typesupport_introspection_cpp/nav2_msgs/srv/detail/save_map__type_support.cpp.o[0m
[84.125s] [ 65%] [32mBuilding CXX object CMakeFiles/nav2_msgs__rosidl_typesupport_introspection_cpp.dir/rosidl_typesupport_introspection_cpp/nav2_msgs/action/detail/back_up__type_support.cpp.o[0m
[84.370s] [ 65%] [32mBuilding CXX object CMakeFiles/nav2_msgs__rosidl_typesupport_introspection_cpp.dir/rosidl_typesupport_introspection_cpp/nav2_msgs/action/detail/compute_path_to_pose__type_support.cpp.o[0m
[84.652s] [ 66%] [32mBuilding CXX object CMakeFiles/nav2_msgs__rosidl_typesupport_introspection_cpp.dir/rosidl_typesupport_introspection_cpp/nav2_msgs/action/detail/follow_path__type_support.cpp.o[0m
[84.927s] [ 66%] [32mBuilding CXX object CMakeFiles/nav2_msgs__rosidl_typesupport_introspection_cpp.dir/rosidl_typesupport_introspection_cpp/nav2_msgs/action/detail/navigate_to_pose__type_support.cpp.o[0m
[85.201s] [ 67%] [32mBuilding CXX object CMakeFiles/nav2_msgs__rosidl_typesupport_introspection_cpp.dir/rosidl_typesupport_introspection_cpp/nav2_msgs/action/detail/wait__type_support.cpp.o[0m
[85.448s] [ 67%] [32mBuilding CXX object CMakeFiles/nav2_msgs__rosidl_typesupport_introspection_cpp.dir/rosidl_typesupport_introspection_cpp/nav2_msgs/action/detail/spin__type_support.cpp.o[0m
[85.696s] [ 68%] [32mBuilding CXX object CMakeFiles/nav2_msgs__rosidl_typesupport_introspection_cpp.dir/rosidl_typesupport_introspection_cpp/nav2_msgs/action/detail/dummy_recovery__type_support.cpp.o[0m
[85.951s] [ 68%] [32mBuilding CXX object CMakeFiles/nav2_msgs__rosidl_typesupport_introspection_cpp.dir/rosidl_typesupport_introspection_cpp/nav2_msgs/action/detail/follow_waypoints__type_support.cpp.o[0m
[86.302s] [ 69%] [32mBuilding CXX object CMakeFiles/nav2_msgs__rosidl_typesupport_introspection_cpp.dir/rosidl_typesupport_introspection_cpp/nav2_msgs/action/detail/navigate_through_poses__type_support.cpp.o[0m
[86.631s] [ 69%] [32mBuilding CXX object CMakeFiles/nav2_msgs__rosidl_typesupport_introspection_cpp.dir/rosidl_typesupport_introspection_cpp/nav2_msgs/action/detail/compute_path_through_poses__type_support.cpp.o[0m
[86.960s] [ 70%] [32mBuilding CXX object CMakeFiles/nav2_msgs__rosidl_typesupport_introspection_cpp.dir/rosidl_typesupport_introspection_cpp/nav2_msgs/msg/detail/particle__type_support.cpp.o[0m
[87.155s] [ 70%] [32mBuilding CXX object CMakeFiles/nav2_msgs__rosidl_typesupport_introspection_cpp.dir/rosidl_typesupport_introspection_cpp/nav2_msgs/msg/detail/behavior_tree_log__type_support.cpp.o[0m
[87.410s] [ 71%] [32mBuilding CXX object CMakeFiles/nav2_msgs__rosidl_typesupport_introspection_cpp.dir/rosidl_typesupport_introspection_cpp/nav2_msgs/msg/detail/behavior_tree_status_change__type_support.cpp.o[0m
[87.614s] [ 71%] [32mBuilding CXX object CMakeFiles/nav2_msgs__rosidl_typesupport_introspection_cpp.dir/rosidl_typesupport_introspection_cpp/nav2_msgs/msg/detail/voxel_grid__type_support.cpp.o[0m
[87.844s] [ 72%] [32mBuilding CXX object CMakeFiles/nav2_msgs__rosidl_typesupport_introspection_cpp.dir/rosidl_typesupport_introspection_cpp/nav2_msgs/msg/detail/costmap_meta_data__type_support.cpp.o[0m
[88.051s] [ 73%] [32m[1mLinking CXX shared library libnav2_msgs__rosidl_typesupport_introspection_cpp.so[0m
[88.137s] [ 73%] Built target nav2_msgs__rosidl_typesupport_introspection_cpp
[88.150s] [ 74%] [34m[1mGenerating C++ type support dispatch for ROS interfaces[0m
[89.606s] [35m[1mScanning dependencies of target nav2_msgs__rosidl_typesupport_cpp[0m
[89.629s] [ 74%] [32mBuilding CXX object CMakeFiles/nav2_msgs__rosidl_typesupport_cpp.dir/rosidl_typesupport_cpp/nav2_msgs/msg/costmap__type_support.cpp.o[0m
[89.821s] [ 74%] [32mBuilding CXX object CMakeFiles/nav2_msgs__rosidl_typesupport_cpp.dir/rosidl_typesupport_cpp/nav2_msgs/srv/get_costmap__type_support.cpp.o[0m
[90.038s] [ 75%] [32mBuilding CXX object CMakeFiles/nav2_msgs__rosidl_typesupport_cpp.dir/rosidl_typesupport_cpp/nav2_msgs/srv/clear_costmap_except_region__type_support.cpp.o[0m
[90.231s] [ 75%] [32mBuilding CXX object CMakeFiles/nav2_msgs__rosidl_typesupport_cpp.dir/rosidl_typesupport_cpp/nav2_msgs/srv/clear_costmap_around_robot__type_support.cpp.o[0m
[90.435s] [ 76%] [32mBuilding CXX object CMakeFiles/nav2_msgs__rosidl_typesupport_cpp.dir/rosidl_typesupport_cpp/nav2_msgs/srv/clear_entire_costmap__type_support.cpp.o[0m
[90.634s] [ 76%] [32mBuilding CXX object CMakeFiles/nav2_msgs__rosidl_typesupport_cpp.dir/rosidl_typesupport_cpp/nav2_msgs/srv/manage_lifecycle_nodes__type_support.cpp.o[0m
[90.827s] [ 77%] [32mBuilding CXX object CMakeFiles/nav2_msgs__rosidl_typesupport_cpp.dir/rosidl_typesupport_cpp/nav2_msgs/srv/load_map__type_support.cpp.o[0m
[91.026s] [ 77%] [32mBuilding CXX object CMakeFiles/nav2_msgs__rosidl_typesupport_cpp.dir/rosidl_typesupport_cpp/nav2_msgs/srv/save_map__type_support.cpp.o[0m
[91.224s] [ 78%] [32mBuilding CXX object CMakeFiles/nav2_msgs__rosidl_typesupport_cpp.dir/rosidl_typesupport_cpp/nav2_msgs/action/back_up__type_support.cpp.o[0m
[91.447s] [ 78%] [32mBuilding CXX object CMakeFiles/nav2_msgs__rosidl_typesupport_cpp.dir/rosidl_typesupport_cpp/nav2_msgs/action/compute_path_to_pose__type_support.cpp.o[0m
[91.673s] [ 79%] [32mBuilding CXX object CMakeFiles/nav2_msgs__rosidl_typesupport_cpp.dir/rosidl_typesupport_cpp/nav2_msgs/action/follow_path__type_support.cpp.o[0m
[91.897s] [ 79%] [32mBuilding CXX object CMakeFiles/nav2_msgs__rosidl_typesupport_cpp.dir/rosidl_typesupport_cpp/nav2_msgs/action/navigate_to_pose__type_support.cpp.o[0m
[92.131s] [ 79%] [32mBuilding CXX object CMakeFiles/nav2_msgs__rosidl_typesupport_cpp.dir/rosidl_typesupport_cpp/nav2_msgs/action/wait__type_support.cpp.o[0m
[92.365s] [ 80%] [32mBuilding CXX object CMakeFiles/nav2_msgs__rosidl_typesupport_cpp.dir/rosidl_typesupport_cpp/nav2_msgs/action/spin__type_support.cpp.o[0m
[92.593s] [ 80%] [32mBuilding CXX object CMakeFiles/nav2_msgs__rosidl_typesupport_cpp.dir/rosidl_typesupport_cpp/nav2_msgs/action/dummy_recovery__type_support.cpp.o[0m
[92.831s] [ 81%] [32mBuilding CXX object CMakeFiles/nav2_msgs__rosidl_typesupport_cpp.dir/rosidl_typesupport_cpp/nav2_msgs/action/follow_waypoints__type_support.cpp.o[0m
[93.056s] [ 81%] [32mBuilding CXX object CMakeFiles/nav2_msgs__rosidl_typesupport_cpp.dir/rosidl_typesupport_cpp/nav2_msgs/action/navigate_through_poses__type_support.cpp.o[0m
[93.280s] [ 82%] [32mBuilding CXX object CMakeFiles/nav2_msgs__rosidl_typesupport_cpp.dir/rosidl_typesupport_cpp/nav2_msgs/action/compute_path_through_poses__type_support.cpp.o[0m
[93.508s] [ 83%] [32mBuilding CXX object CMakeFiles/nav2_msgs__rosidl_typesupport_cpp.dir/rosidl_typesupport_cpp/nav2_msgs/msg/particle_cloud__type_support.cpp.o[0m
[93.702s] [ 83%] [32mBuilding CXX object CMakeFiles/nav2_msgs__rosidl_typesupport_cpp.dir/rosidl_typesupport_cpp/nav2_msgs/msg/particle__type_support.cpp.o[0m
[93.891s] [ 83%] [32mBuilding CXX object CMakeFiles/nav2_msgs__rosidl_typesupport_cpp.dir/rosidl_typesupport_cpp/nav2_msgs/msg/behavior_tree_log__type_support.cpp.o[0m
[94.082s] [ 84%] [32mBuilding CXX object CMakeFiles/nav2_msgs__rosidl_typesupport_cpp.dir/rosidl_typesupport_cpp/nav2_msgs/msg/behavior_tree_status_change__type_support.cpp.o[0m
[94.279s] [ 84%] [32mBuilding CXX object CMakeFiles/nav2_msgs__rosidl_typesupport_cpp.dir/rosidl_typesupport_cpp/nav2_msgs/msg/voxel_grid__type_support.cpp.o[0m
[94.471s] [ 85%] [32mBuilding CXX object CMakeFiles/nav2_msgs__rosidl_typesupport_cpp.dir/rosidl_typesupport_cpp/nav2_msgs/msg/costmap_meta_data__type_support.cpp.o[0m
[94.683s] [ 85%] [32m[1mLinking CXX shared library libnav2_msgs__rosidl_typesupport_cpp.so[0m
[94.727s] [ 85%] Built target nav2_msgs__rosidl_typesupport_cpp
[94.742s] [35m[1mScanning dependencies of target nav2_msgs[0m
[94.757s] [ 85%] Built target nav2_msgs
[94.769s] [35m[1mScanning dependencies of target nav2_msgs__py[0m
[94.783s] [ 85%] [34m[1mGenerating Python code for ROS interfaces[0m
[100.350s] [ 85%] Built target nav2_msgs__py
[100.368s] [35m[1mScanning dependencies of target nav2_msgs__python[0m
[100.418s] [ 86%] [32mBuilding C object CMakeFiles/nav2_msgs__python.dir/rosidl_generator_py/nav2_msgs/msg/_costmap_meta_data_s.c.o[0m
[100.418s] [ 86%] [32mBuilding C object CMakeFiles/nav2_msgs__python.dir/rosidl_generator_py/nav2_msgs/msg/_costmap_s.c.o[0m
[100.421s] [ 87%] [32mBuilding C object CMakeFiles/nav2_msgs__python.dir/rosidl_generator_py/nav2_msgs/msg/_voxel_grid_s.c.o[0m
[100.545s] [ 87%] [32mBuilding C object CMakeFiles/nav2_msgs__python.dir/rosidl_generator_py/nav2_msgs/srv/_get_costmap_s.c.o[0m
[100.566s] [ 88%] [32mBuilding C object CMakeFiles/nav2_msgs__python.dir/rosidl_generator_py/nav2_msgs/srv/_clear_costmap_except_region_s.c.o[0m
[100.581s] [ 88%] [32mBuilding C object CMakeFiles/nav2_msgs__python.dir/rosidl_generator_py/nav2_msgs/srv/_clear_costmap_around_robot_s.c.o[0m
[100.685s] [ 89%] [32mBuilding C object CMakeFiles/nav2_msgs__python.dir/rosidl_generator_py/nav2_msgs/srv/_clear_entire_costmap_s.c.o[0m
[100.703s] [ 89%] [32mBuilding C object CMakeFiles/nav2_msgs__python.dir/rosidl_generator_py/nav2_msgs/srv/_manage_lifecycle_nodes_s.c.o[0m
[100.722s] [ 89%] [32mBuilding C object CMakeFiles/nav2_msgs__python.dir/rosidl_generator_py/nav2_msgs/srv/_load_map_s.c.o[0m
[100.795s] [ 90%] [32mBuilding C object CMakeFiles/nav2_msgs__python.dir/rosidl_generator_py/nav2_msgs/srv/_save_map_s.c.o[0m
[100.805s] [ 90%] [32mBuilding C object CMakeFiles/nav2_msgs__python.dir/rosidl_generator_py/nav2_msgs/action/_back_up_s.c.o[0m
[100.862s] [ 91%] [32mBuilding C object CMakeFiles/nav2_msgs__python.dir/rosidl_generator_py/nav2_msgs/action/_compute_path_to_pose_s.c.o[0m
[100.930s] [ 91%] [32mBuilding C object CMakeFiles/nav2_msgs__python.dir/rosidl_generator_py/nav2_msgs/action/_follow_path_s.c.o[0m
[101.067s] [ 92%] [32mBuilding C object CMakeFiles/nav2_msgs__python.dir/rosidl_generator_py/nav2_msgs/action/_navigate_to_pose_s.c.o[0m
[101.082s] [ 92%] [32mBuilding C object CMakeFiles/nav2_msgs__python.dir/rosidl_generator_py/nav2_msgs/action/_wait_s.c.o[0m
[101.157s] [ 93%] [32mBuilding C object CMakeFiles/nav2_msgs__python.dir/rosidl_generator_py/nav2_msgs/action/_spin_s.c.o[0m
[101.303s] [ 93%] [32mBuilding C object CMakeFiles/nav2_msgs__python.dir/rosidl_generator_py/nav2_msgs/action/_dummy_recovery_s.c.o[0m
[101.310s] [ 94%] [32mBuilding C object CMakeFiles/nav2_msgs__python.dir/rosidl_generator_py/nav2_msgs/action/_follow_waypoints_s.c.o[0m
[101.315s] [ 95%] [32mBuilding C object CMakeFiles/nav2_msgs__python.dir/rosidl_generator_py/nav2_msgs/msg/_particle_cloud_s.c.o[0m
[101.408s] [ 95%] [32mBuilding C object CMakeFiles/nav2_msgs__python.dir/rosidl_generator_py/nav2_msgs/action/_navigate_through_poses_s.c.o[0m
[101.471s] [ 96%] [32mBuilding C object CMakeFiles/nav2_msgs__python.dir/rosidl_generator_py/nav2_msgs/action/_compute_path_through_poses_s.c.o[0m
[101.529s] [ 96%] [32mBuilding C object CMakeFiles/nav2_msgs__python.dir/rosidl_generator_py/nav2_msgs/msg/_particle_s.c.o[0m
[101.571s] [ 97%] [32mBuilding C object CMakeFiles/nav2_msgs__python.dir/rosidl_generator_py/nav2_msgs/msg/_behavior_tree_log_s.c.o[0m
[101.658s] [ 97%] [32mBuilding C object CMakeFiles/nav2_msgs__python.dir/rosidl_generator_py/nav2_msgs/msg/_behavior_tree_status_change_s.c.o[0m
[101.759s] [ 97%] [32m[1mLinking C shared library rosidl_generator_py/nav2_msgs/libnav2_msgs__python.so[0m
[101.829s] [ 97%] Built target nav2_msgs__python
[101.844s] [35m[1mScanning dependencies of target nav2_msgs__rosidl_typesupport_fastrtps_c__pyext[0m
[101.845s] [35m[1mScanning dependencies of target nav2_msgs__rosidl_typesupport_introspection_c__pyext[0m
[101.858s] [35m[1mScanning dependencies of target nav2_msgs__rosidl_typesupport_c__pyext[0m
[101.876s] [ 98%] [32mBuilding C object CMakeFiles/nav2_msgs__rosidl_typesupport_fastrtps_c__pyext.dir/rosidl_generator_py/nav2_msgs/_nav2_msgs_s.ep.rosidl_typesupport_fastrtps_c.c.o[0m
[101.881s] [ 99%] [32mBuilding C object CMakeFiles/nav2_msgs__rosidl_typesupport_introspection_c__pyext.dir/rosidl_generator_py/nav2_msgs/_nav2_msgs_s.ep.rosidl_typesupport_introspection_c.c.o[0m
[101.887s] [100%] [32mBuilding C object CMakeFiles/nav2_msgs__rosidl_typesupport_c__pyext.dir/rosidl_generator_py/nav2_msgs/_nav2_msgs_s.ep.rosidl_typesupport_c.c.o[0m
[102.977s] [100%] [32m[1mLinking CXX shared library rosidl_generator_py/nav2_msgs/nav2_msgs_s__rosidl_typesupport_fastrtps_c.cpython-38-x86_64-linux-gnu.so[0m
[103.002s] [100%] [32m[1mLinking C shared library rosidl_generator_py/nav2_msgs/nav2_msgs_s__rosidl_typesupport_c.cpython-38-x86_64-linux-gnu.so[0m
[103.011s] [100%] [32m[1mLinking C shared library rosidl_generator_py/nav2_msgs/nav2_msgs_s__rosidl_typesupport_introspection_c.cpython-38-x86_64-linux-gnu.so[0m
[103.052s] [100%] Built target nav2_msgs__rosidl_typesupport_c__pyext
[103.066s] [100%] Built target nav2_msgs__rosidl_typesupport_fastrtps_c__pyext
[103.068s] [100%] Built target nav2_msgs__rosidl_typesupport_introspection_c__pyext
