-- The C compiler identification is GNU 9.4.0
-- The CXX compiler identification is GNU 9.4.0
-- Check for working C compiler: /usr/bin/cc
-- Check for working C compiler: /usr/bin/cc -- works
-- Detecting C compiler ABI info
-- Detecting C compiler ABI info - done
-- Detecting C compile features
-- Detecting C compile features - done
-- Check for working CXX compiler: /usr/bin/c++
-- Check for working CXX compiler: /usr/bin/c++ -- works
-- Detecting CXX compiler ABI info
-- Detecting CXX compiler ABI info - done
-- Detecting CXX compile features
-- Detecting CXX compile features - done
-- Found ament_cmake: 0.9.9 (/opt/ros/foxy/share/ament_cmake/cmake)
-- Found PythonInterp: /usr/bin/python3 (found suitable version "3.8.10", minimum required is "3") 
-- Using PYTHON_EXECUTABLE: /usr/bin/python3
-- Override CMake install command with custom implementation using symlinks instead of copying resources
-- Found std_msgs: 2.0.5 (/opt/ros/foxy/share/std_msgs/cmake)
-- Using all available rosidl_typesupport_c: rosidl_typesupport_fastrtps_c;rosidl_typesupport_introspection_c
-- Found rosidl_adapter: 1.2.1 (/opt/ros/foxy/share/rosidl_adapter/cmake)
-- Found OpenSSL: /usr/lib/x86_64-linux-gnu/libcrypto.so (found version "1.1.1f")  
-- Found FastRTPS: /opt/ros/foxy/include  
-- Using all available rosidl_typesupport_cpp: rosidl_typesupport_fastrtps_cpp;rosidl_typesupport_introspection_cpp
-- Found rosidl_default_generators: 1.0.1 (/opt/ros/foxy/share/rosidl_default_generators/cmake)
-- Found PythonInterp: /usr/bin/python3 (found version "3.8.10") 
-- Found ament_cmake_ros: 0.9.2 (/opt/ros/foxy/share/ament_cmake_ros/cmake)
-- Using all available rosidl_typesupport_c: rosidl_typesupport_fastrtps_c;rosidl_typesupport_introspection_c
-- Using all available rosidl_typesupport_cpp: rosidl_typesupport_fastrtps_cpp;rosidl_typesupport_introspection_cpp
-- Found PythonInterp: /usr/bin/python3 (found suitable version "3.8.10", minimum required is "3.5") 
-- Found python_cmake_module: 0.8.1 (/opt/ros/foxy/share/python_cmake_module/cmake)
-- Found PythonLibs: /usr/lib/x86_64-linux-gnu/libpython3.8.so (found suitable version "3.8.10", minimum required is "3.5") 
-- Using PYTHON_EXECUTABLE: /usr/bin/python3
-- Using PYTHON_INCLUDE_DIRS: /usr/include/python3.8
-- Using PYTHON_LIBRARIES: /usr/lib/x86_64-linux-gnu/libpython3.8.so
-- Found PythonExtra: .so  
-- Configuring done
-- Generating done
-- Build files have been written to: /home/administrator/husky_ws2/src/build/husky_msgs
[  3%] [34m[1mGenerating C code for ROS interfaces[0m
[35m[1mScanning dependencies of target husky_msgs__rosidl_generator_c[0m
[  6%] [32mBuilding C object CMakeFiles/husky_msgs__rosidl_generator_c.dir/rosidl_generator_c/husky_msgs/msg/detail/husky_status__functions.c.o[0m
[  9%] [32m[1mLinking C shared library libhusky_msgs__rosidl_generator_c.so[0m
[  9%] Built target husky_msgs__rosidl_generator_c
[35m[1mScanning dependencies of target husky_msgs__cpp[0m
[ 12%] [34m[1mGenerating C++ code for ROS interfaces[0m
[ 12%] Built target husky_msgs__cpp
[ 16%] [34m[1mGenerating C introspection for ROS interfaces[0m
[35m[1mScanning dependencies of target husky_msgs__rosidl_typesupport_introspection_c[0m
[ 19%] [32mBuilding C object CMakeFiles/husky_msgs__rosidl_typesupport_introspection_c.dir/rosidl_typesupport_introspection_c/husky_msgs/msg/detail/husky_status__type_support.c.o[0m
[ 22%] [32m[1mLinking C shared library libhusky_msgs__rosidl_typesupport_introspection_c.so[0m
[ 22%] Built target husky_msgs__rosidl_typesupport_introspection_c
[ 25%] [34m[1mGenerating C++ type support for eProsima Fast-RTPS[0m
[35m[1mScanning dependencies of target husky_msgs__rosidl_typesupport_fastrtps_cpp[0m
[ 29%] [32mBuilding CXX object CMakeFiles/husky_msgs__rosidl_typesupport_fastrtps_cpp.dir/rosidl_typesupport_fastrtps_cpp/husky_msgs/msg/detail/dds_fastrtps/husky_status__type_support.cpp.o[0m
[ 32%] [32m[1mLinking CXX shared library libhusky_msgs__rosidl_typesupport_fastrtps_cpp.so[0m
[ 32%] Built target husky_msgs__rosidl_typesupport_fastrtps_cpp
[ 35%] [34m[1mGenerating C++ type support dispatch for ROS interfaces[0m
[35m[1mScanning dependencies of target husky_msgs__rosidl_typesupport_cpp[0m
[ 38%] [32mBuilding CXX object CMakeFiles/husky_msgs__rosidl_typesupport_cpp.dir/rosidl_typesupport_cpp/husky_msgs/msg/husky_status__type_support.cpp.o[0m
[ 41%] [32m[1mLinking CXX shared library libhusky_msgs__rosidl_typesupport_cpp.so[0m
[ 41%] Built target husky_msgs__rosidl_typesupport_cpp
[ 45%] [34m[1mGenerating C type support for eProsima Fast-RTPS[0m
[35m[1mScanning dependencies of target husky_msgs__rosidl_typesupport_fastrtps_c[0m
[ 48%] [32mBuilding CXX object CMakeFiles/husky_msgs__rosidl_typesupport_fastrtps_c.dir/rosidl_typesupport_fastrtps_c/husky_msgs/msg/detail/husky_status__type_support_c.cpp.o[0m
[ 51%] [32m[1mLinking CXX shared library libhusky_msgs__rosidl_typesupport_fastrtps_c.so[0m
[ 51%] Built target husky_msgs__rosidl_typesupport_fastrtps_c
[ 54%] [34m[1mGenerating C++ introspection for ROS interfaces[0m
[35m[1mScanning dependencies of target husky_msgs__rosidl_typesupport_introspection_cpp[0m
[ 58%] [32mBuilding CXX object CMakeFiles/husky_msgs__rosidl_typesupport_introspection_cpp.dir/rosidl_typesupport_introspection_cpp/husky_msgs/msg/detail/husky_status__type_support.cpp.o[0m
[ 61%] [32m[1mLinking CXX shared library libhusky_msgs__rosidl_typesupport_introspection_cpp.so[0m
[ 61%] Built target husky_msgs__rosidl_typesupport_introspection_cpp
[ 64%] [34m[1mGenerating C type support dispatch for ROS interfaces[0m
[35m[1mScanning dependencies of target husky_msgs__rosidl_typesupport_c[0m
[ 67%] [32mBuilding CXX object CMakeFiles/husky_msgs__rosidl_typesupport_c.dir/rosidl_typesupport_c/husky_msgs/msg/husky_status__type_support.cpp.o[0m
[ 70%] [32m[1mLinking CXX shared library libhusky_msgs__rosidl_typesupport_c.so[0m
[ 70%] Built target husky_msgs__rosidl_typesupport_c
[35m[1mScanning dependencies of target husky_msgs[0m
[ 70%] Built target husky_msgs
[35m[1mScanning dependencies of target husky_msgs__py[0m
[ 74%] [34m[1mGenerating Python code for ROS interfaces[0m
[ 74%] Built target husky_msgs__py
[35m[1mScanning dependencies of target husky_msgs__python[0m
[ 77%] [32mBuilding C object CMakeFiles/husky_msgs__python.dir/rosidl_generator_py/husky_msgs/msg/_husky_status_s.c.o[0m
[ 80%] [32m[1mLinking C shared library rosidl_generator_py/husky_msgs/libhusky_msgs__python.so[0m
[ 80%] Built target husky_msgs__python
[35m[1mScanning dependencies of target husky_msgs__rosidl_typesupport_c__pyext[0m
[ 83%] [32mBuilding C object CMakeFiles/husky_msgs__rosidl_typesupport_c__pyext.dir/rosidl_generator_py/husky_msgs/_husky_msgs_s.ep.rosidl_typesupport_c.c.o[0m
[ 87%] [32m[1mLinking C shared library rosidl_generator_py/husky_msgs/husky_msgs_s__rosidl_typesupport_c.cpython-38-x86_64-linux-gnu.so[0m
[ 87%] Built target husky_msgs__rosidl_typesupport_c__pyext
[35m[1mScanning dependencies of target husky_msgs__rosidl_typesupport_fastrtps_c__pyext[0m
[ 90%] [32mBuilding C object CMakeFiles/husky_msgs__rosidl_typesupport_fastrtps_c__pyext.dir/rosidl_generator_py/husky_msgs/_husky_msgs_s.ep.rosidl_typesupport_fastrtps_c.c.o[0m
[ 93%] [32m[1mLinking CXX shared library rosidl_generator_py/husky_msgs/husky_msgs_s__rosidl_typesupport_fastrtps_c.cpython-38-x86_64-linux-gnu.so[0m
[ 93%] Built target husky_msgs__rosidl_typesupport_fastrtps_c__pyext
[35m[1mScanning dependencies of target husky_msgs__rosidl_typesupport_introspection_c__pyext[0m
[ 96%] [32mBuilding C object CMakeFiles/husky_msgs__rosidl_typesupport_introspection_c__pyext.dir/rosidl_generator_py/husky_msgs/_husky_msgs_s.ep.rosidl_typesupport_introspection_c.c.o[0m
[100%] [32m[1mLinking C shared library rosidl_generator_py/husky_msgs/husky_msgs_s__rosidl_typesupport_introspection_c.cpython-38-x86_64-linux-gnu.so[0m
[100%] Built target husky_msgs__rosidl_typesupport_introspection_c__pyext
-- Install configuration: ""
-- Execute custom install script
-- Symlinking: /home/administrator/husky_ws2/src/install/husky_msgs/share/ament_index/resource_index/rosidl_interfaces/husky_msgs
-- Symlinking: /home/administrator/husky_ws2/src/install/husky_msgs/include/husky_msgs/msg/detail/husky_status__functions.h
-- Symlinking: /home/administrator/husky_ws2/src/install/husky_msgs/include/husky_msgs/msg/detail/husky_status__struct.h
-- Symlinking: /home/administrator/husky_ws2/src/install/husky_msgs/include/husky_msgs/msg/detail/husky_status__type_support.h
-- Symlinking: /home/administrator/husky_ws2/src/install/husky_msgs/include/husky_msgs/msg/husky_status.h
-- Symlinking: /home/administrator/husky_ws2/src/install/husky_msgs/include/husky_msgs/msg/rosidl_generator_c__visibility_control.h
-- Symlinking: /home/administrator/husky_ws2/src/install/husky_msgs/share/husky_msgs/environment/library_path.sh
-- Symlinking: /home/administrator/husky_ws2/src/install/husky_msgs/share/husky_msgs/environment/library_path.dsv
-- Symlinking: /home/administrator/husky_ws2/src/install/husky_msgs/include/husky_msgs/msg/detail/husky_status__rosidl_typesupport_fastrtps_c.h
-- Symlinking: /home/administrator/husky_ws2/src/install/husky_msgs/include/husky_msgs/msg/rosidl_typesupport_fastrtps_c__visibility_control.h
-- Symlinking: /home/administrator/husky_ws2/src/install/husky_msgs/lib/libhusky_msgs__rosidl_typesupport_fastrtps_c.so
-- Symlinking: /home/administrator/husky_ws2/src/install/husky_msgs/include/husky_msgs/msg/detail/husky_status__rosidl_typesupport_fastrtps_cpp.hpp
-- Symlinking: /home/administrator/husky_ws2/src/install/husky_msgs/include/husky_msgs/msg/rosidl_typesupport_fastrtps_cpp__visibility_control.h
-- Symlinking: /home/administrator/husky_ws2/src/install/husky_msgs/lib/libhusky_msgs__rosidl_typesupport_fastrtps_cpp.so
-- Symlinking: /home/administrator/husky_ws2/src/install/husky_msgs/include/husky_msgs/msg/detail/husky_status__rosidl_typesupport_introspection_c.h
-- Symlinking: /home/administrator/husky_ws2/src/install/husky_msgs/include/husky_msgs/msg/rosidl_typesupport_introspection_c__visibility_control.h
-- Symlinking: /home/administrator/husky_ws2/src/install/husky_msgs/include/husky_msgs/msg/detail/husky_status__builder.hpp
-- Symlinking: /home/administrator/husky_ws2/src/install/husky_msgs/include/husky_msgs/msg/detail/husky_status__struct.hpp
-- Symlinking: /home/administrator/husky_ws2/src/install/husky_msgs/include/husky_msgs/msg/detail/husky_status__traits.hpp
-- Symlinking: /home/administrator/husky_ws2/src/install/husky_msgs/include/husky_msgs/msg/husky_status.hpp
-- Symlinking: /home/administrator/husky_ws2/src/install/husky_msgs/include/husky_msgs/msg/detail/husky_status__rosidl_typesupport_introspection_cpp.hpp
-- Symlinking: /home/administrator/husky_ws2/src/install/husky_msgs/share/husky_msgs/environment/pythonpath.sh
-- Symlinking: /home/administrator/husky_ws2/src/install/husky_msgs/share/husky_msgs/environment/pythonpath.dsv
-- Symlinking: /home/administrator/husky_ws2/src/install/husky_msgs/lib/python3.8/site-packages/husky_msgs/__init__.py
-- Symlinking: /home/administrator/husky_ws2/src/install/husky_msgs/lib/python3.8/site-packages/husky_msgs/msg/__init__.py
-- Symlinking: /home/administrator/husky_ws2/src/install/husky_msgs/lib/python3.8/site-packages/husky_msgs/msg/_husky_status.py
-- Symlinking: /home/administrator/husky_ws2/src/install/husky_msgs/lib/python3.8/site-packages/husky_msgs/husky_msgs_s__rosidl_typesupport_fastrtps_c.cpython-38-x86_64-linux-gnu.so
-- Symlinking: /home/administrator/husky_ws2/src/install/husky_msgs/lib/python3.8/site-packages/husky_msgs/husky_msgs_s__rosidl_typesupport_introspection_c.cpython-38-x86_64-linux-gnu.so
-- Symlinking: /home/administrator/husky_ws2/src/install/husky_msgs/lib/python3.8/site-packages/husky_msgs/husky_msgs_s__rosidl_typesupport_c.cpython-38-x86_64-linux-gnu.so
-- Symlinking: /home/administrator/husky_ws2/src/install/husky_msgs/lib/libhusky_msgs__python.so
-- Symlinking: /home/administrator/husky_ws2/src/install/husky_msgs/share/husky_msgs/msg/HuskyStatus.idl
-- Symlinking: /home/administrator/husky_ws2/src/install/husky_msgs/share/husky_msgs/msg/HuskyStatus.msg
-- Symlinking: /home/administrator/husky_ws2/src/install/husky_msgs/share/ament_index/resource_index/package_run_dependencies/husky_msgs
-- Symlinking: /home/administrator/husky_ws2/src/install/husky_msgs/share/ament_index/resource_index/parent_prefix_path/husky_msgs
-- Symlinking: /home/administrator/husky_ws2/src/install/husky_msgs/share/husky_msgs/environment/ament_prefix_path.sh
-- Symlinking: /home/administrator/husky_ws2/src/install/husky_msgs/share/husky_msgs/environment/ament_prefix_path.dsv
-- Symlinking: /home/administrator/husky_ws2/src/install/husky_msgs/share/husky_msgs/environment/path.sh
-- Symlinking: /home/administrator/husky_ws2/src/install/husky_msgs/share/husky_msgs/environment/path.dsv
-- Symlinking: /home/administrator/husky_ws2/src/install/husky_msgs/share/husky_msgs/local_setup.bash
-- Symlinking: /home/administrator/husky_ws2/src/install/husky_msgs/share/husky_msgs/local_setup.sh
-- Symlinking: /home/administrator/husky_ws2/src/install/husky_msgs/share/husky_msgs/local_setup.zsh
-- Symlinking: /home/administrator/husky_ws2/src/install/husky_msgs/share/husky_msgs/local_setup.dsv
-- Symlinking: /home/administrator/husky_ws2/src/install/husky_msgs/share/husky_msgs/package.dsv
-- Symlinking: /home/administrator/husky_ws2/src/install/husky_msgs/share/ament_index/resource_index/packages/husky_msgs
-- Symlinking: /home/administrator/husky_ws2/src/install/husky_msgs/share/husky_msgs/cmake/rosidl_cmake-extras.cmake
-- Symlinking: /home/administrator/husky_ws2/src/install/husky_msgs/share/husky_msgs/cmake/ament_cmake_export_dependencies-extras.cmake
-- Symlinking: /home/administrator/husky_ws2/src/install/husky_msgs/share/husky_msgs/cmake/ament_cmake_export_libraries-extras.cmake
-- Symlinking: /home/administrator/husky_ws2/src/install/husky_msgs/share/husky_msgs/cmake/ament_cmake_export_targets-extras.cmake
-- Symlinking: /home/administrator/husky_ws2/src/install/husky_msgs/share/husky_msgs/cmake/ament_cmake_export_include_directories-extras.cmake
-- Symlinking: /home/administrator/husky_ws2/src/install/husky_msgs/share/husky_msgs/cmake/rosidl_cmake_export_typesupport_libraries-extras.cmake
-- Symlinking: /home/administrator/husky_ws2/src/install/husky_msgs/share/husky_msgs/cmake/rosidl_cmake_export_typesupport_targets-extras.cmake
-- Symlinking: /home/administrator/husky_ws2/src/install/husky_msgs/share/husky_msgs/cmake/husky_msgsConfig.cmake
-- Symlinking: /home/administrator/husky_ws2/src/install/husky_msgs/share/husky_msgs/cmake/husky_msgsConfig-version.cmake
-- Symlinking: /home/administrator/husky_ws2/src/install/husky_msgs/share/husky_msgs/package.xml
-- Installing: /home/administrator/husky_ws2/src/install/husky_msgs/lib/libhusky_msgs__rosidl_generator_c.so
-- Set runtime path of "/home/administrator/husky_ws2/src/install/husky_msgs/lib/libhusky_msgs__rosidl_generator_c.so" to ""
-- Installing: /home/administrator/husky_ws2/src/install/husky_msgs/lib/libhusky_msgs__rosidl_typesupport_introspection_c.so
-- Set runtime path of "/home/administrator/husky_ws2/src/install/husky_msgs/lib/libhusky_msgs__rosidl_typesupport_introspection_c.so" to ""
-- Installing: /home/administrator/husky_ws2/src/install/husky_msgs/lib/libhusky_msgs__rosidl_typesupport_c.so
-- Set runtime path of "/home/administrator/husky_ws2/src/install/husky_msgs/lib/libhusky_msgs__rosidl_typesupport_c.so" to ""
-- Installing: /home/administrator/husky_ws2/src/install/husky_msgs/lib/libhusky_msgs__rosidl_typesupport_introspection_cpp.so
-- Set runtime path of "/home/administrator/husky_ws2/src/install/husky_msgs/lib/libhusky_msgs__rosidl_typesupport_introspection_cpp.so" to ""
-- Installing: /home/administrator/husky_ws2/src/install/husky_msgs/lib/libhusky_msgs__rosidl_typesupport_cpp.so
-- Set runtime path of "/home/administrator/husky_ws2/src/install/husky_msgs/lib/libhusky_msgs__rosidl_typesupport_cpp.so" to ""
Compiling '/home/administrator/husky_ws2/src/install/husky_msgs/lib/python3.8/site-packages/husky_msgs/__init__.py'...
-- Installing: /home/administrator/husky_ws2/src/install/husky_msgs/share/husky_msgs/cmake/husky_msgs__rosidl_generator_cExport.cmake
-- Installing: /home/administrator/husky_ws2/src/install/husky_msgs/share/husky_msgs/cmake/husky_msgs__rosidl_generator_cExport-noconfig.cmake
-- Installing: /home/administrator/husky_ws2/src/install/husky_msgs/share/husky_msgs/cmake/husky_msgs__rosidl_typesupport_introspection_cExport.cmake
-- Installing: /home/administrator/husky_ws2/src/install/husky_msgs/share/husky_msgs/cmake/husky_msgs__rosidl_typesupport_introspection_cExport-noconfig.cmake
-- Installing: /home/administrator/husky_ws2/src/install/husky_msgs/share/husky_msgs/cmake/husky_msgs__rosidl_typesupport_cExport.cmake
-- Installing: /home/administrator/husky_ws2/src/install/husky_msgs/share/husky_msgs/cmake/husky_msgs__rosidl_typesupport_cExport-noconfig.cmake
-- Installing: /home/administrator/husky_ws2/src/install/husky_msgs/share/husky_msgs/cmake/husky_msgs__rosidl_generator_cppExport.cmake
-- Installing: /home/administrator/husky_ws2/src/install/husky_msgs/share/husky_msgs/cmake/husky_msgs__rosidl_typesupport_introspection_cppExport.cmake
-- Installing: /home/administrator/husky_ws2/src/install/husky_msgs/share/husky_msgs/cmake/husky_msgs__rosidl_typesupport_introspection_cppExport-noconfig.cmake
-- Installing: /home/administrator/husky_ws2/src/install/husky_msgs/share/husky_msgs/cmake/husky_msgs__rosidl_typesupport_cppExport.cmake
-- Installing: /home/administrator/husky_ws2/src/install/husky_msgs/share/husky_msgs/cmake/husky_msgs__rosidl_typesupport_cppExport-noconfig.cmake
