[ 14%] Built target gtest
[ 42%] Built target camera_calibration_parsers
[ 57%] Built target gtest_main
[ 71%] Built target convert
[ 85%] Built target camera_calibration_parsers-parse_ini
[100%] Built target camera_calibration_parsers-parse_yml
-- Install configuration: ""
-- Execute custom install script
-- Symlinking: /home/administrator/husky_ws2/src/install/camera_calibration_parsers/lib/libcamera_calibration_parsers.so
-- Symlinking: /home/administrator/husky_ws2/src/install/camera_calibration_parsers/lib/camera_calibration_parsers/convert
-- Symlinking: /home/administrator/husky_ws2/src/install/camera_calibration_parsers/include/camera_calibration_parsers/parse.h
-- Symlinking: /home/administrator/husky_ws2/src/install/camera_calibration_parsers/include/camera_calibration_parsers/parse.hpp
-- Symlinking: /home/administrator/husky_ws2/src/install/camera_calibration_parsers/include/camera_calibration_parsers/parse_ini.h
-- Symlinking: /home/administrator/husky_ws2/src/install/camera_calibration_parsers/include/camera_calibration_parsers/parse_ini.hpp
-- Symlinking: /home/administrator/husky_ws2/src/install/camera_calibration_parsers/include/camera_calibration_parsers/parse_yml.h
-- Symlinking: /home/administrator/husky_ws2/src/install/camera_calibration_parsers/include/camera_calibration_parsers/parse_yml.hpp
-- Symlinking: /home/administrator/husky_ws2/src/install/camera_calibration_parsers/include/camera_calibration_parsers/visibility_control.hpp
-- Symlinking: /home/administrator/husky_ws2/src/install/camera_calibration_parsers/share/camera_calibration_parsers/environment/library_path.sh
-- Symlinking: /home/administrator/husky_ws2/src/install/camera_calibration_parsers/share/camera_calibration_parsers/environment/library_path.dsv
-- Symlinking: /home/administrator/husky_ws2/src/install/camera_calibration_parsers/share/ament_index/resource_index/package_run_dependencies/camera_calibration_parsers
-- Symlinking: /home/administrator/husky_ws2/src/install/camera_calibration_parsers/share/ament_index/resource_index/parent_prefix_path/camera_calibration_parsers
-- Symlinking: /home/administrator/husky_ws2/src/install/camera_calibration_parsers/share/camera_calibration_parsers/environment/ament_prefix_path.sh
-- Symlinking: /home/administrator/husky_ws2/src/install/camera_calibration_parsers/share/camera_calibration_parsers/environment/ament_prefix_path.dsv
-- Symlinking: /home/administrator/husky_ws2/src/install/camera_calibration_parsers/share/camera_calibration_parsers/environment/path.sh
-- Symlinking: /home/administrator/husky_ws2/src/install/camera_calibration_parsers/share/camera_calibration_parsers/environment/path.dsv
-- Symlinking: /home/administrator/husky_ws2/src/install/camera_calibration_parsers/share/camera_calibration_parsers/local_setup.bash
-- Symlinking: /home/administrator/husky_ws2/src/install/camera_calibration_parsers/share/camera_calibration_parsers/local_setup.sh
-- Symlinking: /home/administrator/husky_ws2/src/install/camera_calibration_parsers/share/camera_calibration_parsers/local_setup.zsh
-- Symlinking: /home/administrator/husky_ws2/src/install/camera_calibration_parsers/share/camera_calibration_parsers/local_setup.dsv
-- Symlinking: /home/administrator/husky_ws2/src/install/camera_calibration_parsers/share/camera_calibration_parsers/package.dsv
-- Symlinking: /home/administrator/husky_ws2/src/install/camera_calibration_parsers/share/ament_index/resource_index/packages/camera_calibration_parsers
-- Symlinking: /home/administrator/husky_ws2/src/install/camera_calibration_parsers/share/camera_calibration_parsers/cmake/ament_cmake_export_include_directories-extras.cmake
-- Symlinking: /home/administrator/husky_ws2/src/install/camera_calibration_parsers/share/camera_calibration_parsers/cmake/ament_cmake_export_libraries-extras.cmake
-- Symlinking: /home/administrator/husky_ws2/src/install/camera_calibration_parsers/share/camera_calibration_parsers/cmake/ament_cmake_export_dependencies-extras.cmake
-- Symlinking: /home/administrator/husky_ws2/src/install/camera_calibration_parsers/share/camera_calibration_parsers/cmake/camera_calibration_parsersConfig.cmake
-- Symlinking: /home/administrator/husky_ws2/src/install/camera_calibration_parsers/share/camera_calibration_parsers/cmake/camera_calibration_parsersConfig-version.cmake
-- Symlinking: /home/administrator/husky_ws2/src/install/camera_calibration_parsers/share/camera_calibration_parsers/package.xml
