[0.051s] Invoking command in '/home/administrator/husky_ws2/src/build/nav2_msgs': AMENT_PREFIX_PATH=/home/administrator/husky_ws2/src/install/nav2_common:${AMENT_PREFIX_PATH} CMAKE_PREFIX_PATH=/home/administrator/husky_ws2/src/install/nav2_common:/home/administrator/husky_ws2/install/zed_ros2:/home/administrator/husky_ws2/install/zed_display_rviz2:/home/administrator/husky_ws2/install/zed_wrapper:/home/administrator/husky_ws2/install/zed_tutorial_video:/home/administrator/husky_ws2/install/zed_tutorial_pos_tracking:/home/administrator/husky_ws2/install/zed_tutorial_depth:/home/administrator/husky_ws2/install/zed_rgb_convert:/home/administrator/husky_ws2/install/zed_components:/home/administrator/husky_ws2/install/rviz_plugin_zed_od:/home/administrator/husky_ws2/install/zed_interfaces:/home/administrator/husky_ws2/install/velodyne_simulator:/home/administrator/husky_ws2/install/velodyne_gazebo_plugins:/home/administrator/husky_ws2/install/husky_desktop:/home/administrator/husky_ws2/install/husky_viz:/home/administrator/husky_ws2/install/husky_simulator:/home/administrator/husky_ws2/install/husky_robot:/home/administrator/husky_ws2/install/husky_gazebo:/home/administrator/husky_ws2/install/husky_bringup:/home/administrator/husky_ws2/install/husky_control:/home/administrator/husky_ws2/install/husky_description:/home/administrator/husky_ws2/install/velodyne_description:/home/administrator/husky_ws2/install/um7:/home/administrator/husky_ws2/install/swri_route_util:/home/administrator/husky_ws2/install/swri_transform_util:/home/administrator/husky_ws2/install/swri_system_util:/home/administrator/husky_ws2/install/swri_serial_util:/home/administrator/husky_ws2/install/swri_image_util:/home/administrator/husky_ws2/install/swri_roscpp:/home/administrator/husky_ws2/install/swri_prefix_tools:/home/administrator/husky_ws2/install/swri_opencv_util:/home/administrator/husky_ws2/install/swri_math_util:/home/administrator/husky_ws2/install/swri_geometry_util:/home/administrator/husky_ws2/install/swri_dbw_interface:/home/administrator/husky_ws2/install/swri_console_util:/home/administrator/husky_ws2/install/nav2_system_tests:/home/administrator/husky_ws2/install/nav2_bringup:/home/administrator/husky_ws2/install/navigation2:/home/administrator/husky_ws2/install/smac_planner:/home/administrator/husky_ws2/install/pointcloud_to_laserscan:/home/administrator/husky_ws2/install/nav2_dwb_controller:/home/administrator/husky_ws2/install/nav2_controller:/home/administrator/husky_ws2/install/dwb_plugins:/home/administrator/husky_ws2/install/dwb_critics:/home/administrator/husky_ws2/install/dwb_core:/home/administrator/husky_ws2/install/nav_2d_utils:/home/administrator/husky_ws2/install/dwb_msgs:/home/administrator/husky_ws2/install/nav_2d_msgs:/home/administrator/husky_ws2/install/nav2_waypoint_follower:/home/administrator/husky_ws2/install/nav2_regulated_pure_pursuit_controller:/home/administrator/husky_ws2/install/nav2_recoveries:/home/administrator/husky_ws2/install/nav2_planner:/home/administrator/husky_ws2/install/nav2_navfn_planner:/home/administrator/husky_ws2/install/nav2_core:/home/administrator/husky_ws2/install/costmap_queue:/home/administrator/husky_ws2/install/nav2_costmap_2d:/home/administrator/husky_ws2/install/nav2_voxel_grid:/home/administrator/husky_ws2/install/nav2_rviz_plugins:/home/administrator/husky_ws2/install/nav2_map_server:/home/administrator/husky_ws2/install/nav2_lifecycle_manager:/home/administrator/husky_ws2/install/nav2_bt_navigator:/home/administrator/husky_ws2/install/nav2_behavior_tree:/home/administrator/husky_ws2/install/nav2_amcl:/home/administrator/husky_ws2/install/nav2_util:/home/administrator/husky_ws2/install/nav2_msgs:/home/administrator/husky_ws2/install/nav2_common:/home/administrator/husky_ws2/install/microstrain_inertial_examples:/home/administrator/husky_ws2/install/microstrain_inertial_driver:/home/administrator/husky_ws2/install/microstrain_inertial_msgs:/home/administrator/husky_ws2/install/local_nav_pkg:/home/administrator/husky_ws2/install/image_common:/home/administrator/husky_ws2/install/image_transport:/home/administrator/husky_ws2/install/husky_base:/home/administrator/husky_ws2/install/husky_msgs:/home/administrator/husky_ws2/install/hector_gazebo:/home/administrator/husky_ws2/install/hector_gazebo_worlds:/home/administrator/husky_ws2/install/hector_gazebo_plugins:/home/administrator/husky_ws2/install/custom_nav_stack_pkg:/home/administrator/husky_ws2/install/camera_info_manager:/home/administrator/husky_ws2/install/camera_calibration_parsers:/home/administrator/richo_theta_ws/install/penguin_detection:/home/administrator/husky_ws2/install/nav2_gazebo_spawner:/home/administrator/husky_ws2/install/microstrain_inertial_rqt:/home/administrator/husky_ws2/install/gps_goal:/opt/ros/foxy:/opt/ros/noetic PYTHONPATH=/home/administrator/husky_ws2/src/install/nav2_common/lib/python3.8/site-packages:${PYTHONPATH} /usr/bin/cmake --build /home/administrator/husky_ws2/src/build/nav2_msgs -- -j8 -l8
[0.172s] [ 12%] Built target nav2_msgs__rosidl_generator_c
[0.178s] [ 12%] Built target nav2_msgs__cpp
[0.233s] [ 24%] Built target nav2_msgs__rosidl_typesupport_c
[0.240s] [ 36%] Built target nav2_msgs__rosidl_typesupport_introspection_c
[0.279s] [ 48%] Built target nav2_msgs__rosidl_typesupport_fastrtps_cpp
[0.293s] [ 60%] Built target nav2_msgs__rosidl_typesupport_cpp
[0.302s] [ 73%] Built target nav2_msgs__rosidl_typesupport_introspection_cpp
[0.359s] [ 85%] Built target nav2_msgs__rosidl_typesupport_fastrtps_c
[0.401s] [ 85%] Built target nav2_msgs
[0.453s] [ 85%] Built target nav2_msgs__py
[0.535s] [ 97%] Built target nav2_msgs__python
[0.592s] [ 98%] Built target nav2_msgs__rosidl_typesupport_introspection_c__pyext
[0.600s] [ 99%] Built target nav2_msgs__rosidl_typesupport_c__pyext
[0.605s] [100%] Built target nav2_msgs__rosidl_typesupport_fastrtps_c__pyext
[0.621s] Invoked command in '/home/administrator/husky_ws2/src/build/nav2_msgs' returned '0': AMENT_PREFIX_PATH=/home/administrator/husky_ws2/src/install/nav2_common:${AMENT_PREFIX_PATH} CMAKE_PREFIX_PATH=/home/administrator/husky_ws2/src/install/nav2_common:/home/administrator/husky_ws2/install/zed_ros2:/home/administrator/husky_ws2/install/zed_display_rviz2:/home/administrator/husky_ws2/install/zed_wrapper:/home/administrator/husky_ws2/install/zed_tutorial_video:/home/administrator/husky_ws2/install/zed_tutorial_pos_tracking:/home/administrator/husky_ws2/install/zed_tutorial_depth:/home/administrator/husky_ws2/install/zed_rgb_convert:/home/administrator/husky_ws2/install/zed_components:/home/administrator/husky_ws2/install/rviz_plugin_zed_od:/home/administrator/husky_ws2/install/zed_interfaces:/home/administrator/husky_ws2/install/velodyne_simulator:/home/administrator/husky_ws2/install/velodyne_gazebo_plugins:/home/administrator/husky_ws2/install/husky_desktop:/home/administrator/husky_ws2/install/husky_viz:/home/administrator/husky_ws2/install/husky_simulator:/home/administrator/husky_ws2/install/husky_robot:/home/administrator/husky_ws2/install/husky_gazebo:/home/administrator/husky_ws2/install/husky_bringup:/home/administrator/husky_ws2/install/husky_control:/home/administrator/husky_ws2/install/husky_description:/home/administrator/husky_ws2/install/velodyne_description:/home/administrator/husky_ws2/install/um7:/home/administrator/husky_ws2/install/swri_route_util:/home/administrator/husky_ws2/install/swri_transform_util:/home/administrator/husky_ws2/install/swri_system_util:/home/administrator/husky_ws2/install/swri_serial_util:/home/administrator/husky_ws2/install/swri_image_util:/home/administrator/husky_ws2/install/swri_roscpp:/home/administrator/husky_ws2/install/swri_prefix_tools:/home/administrator/husky_ws2/install/swri_opencv_util:/home/administrator/husky_ws2/install/swri_math_util:/home/administrator/husky_ws2/install/swri_geometry_util:/home/administrator/husky_ws2/install/swri_dbw_interface:/home/administrator/husky_ws2/install/swri_console_util:/home/administrator/husky_ws2/install/nav2_system_tests:/home/administrator/husky_ws2/install/nav2_bringup:/home/administrator/husky_ws2/install/navigation2:/home/administrator/husky_ws2/install/smac_planner:/home/administrator/husky_ws2/install/pointcloud_to_laserscan:/home/administrator/husky_ws2/install/nav2_dwb_controller:/home/administrator/husky_ws2/install/nav2_controller:/home/administrator/husky_ws2/install/dwb_plugins:/home/administrator/husky_ws2/install/dwb_critics:/home/administrator/husky_ws2/install/dwb_core:/home/administrator/husky_ws2/install/nav_2d_utils:/home/administrator/husky_ws2/install/dwb_msgs:/home/administrator/husky_ws2/install/nav_2d_msgs:/home/administrator/husky_ws2/install/nav2_waypoint_follower:/home/administrator/husky_ws2/install/nav2_regulated_pure_pursuit_controller:/home/administrator/husky_ws2/install/nav2_recoveries:/home/administrator/husky_ws2/install/nav2_planner:/home/administrator/husky_ws2/install/nav2_navfn_planner:/home/administrator/husky_ws2/install/nav2_core:/home/administrator/husky_ws2/install/costmap_queue:/home/administrator/husky_ws2/install/nav2_costmap_2d:/home/administrator/husky_ws2/install/nav2_voxel_grid:/home/administrator/husky_ws2/install/nav2_rviz_plugins:/home/administrator/husky_ws2/install/nav2_map_server:/home/administrator/husky_ws2/install/nav2_lifecycle_manager:/home/administrator/husky_ws2/install/nav2_bt_navigator:/home/administrator/husky_ws2/install/nav2_behavior_tree:/home/administrator/husky_ws2/install/nav2_amcl:/home/administrator/husky_ws2/install/nav2_util:/home/administrator/husky_ws2/install/nav2_msgs:/home/administrator/husky_ws2/install/nav2_common:/home/administrator/husky_ws2/install/microstrain_inertial_examples:/home/administrator/husky_ws2/install/microstrain_inertial_driver:/home/administrator/husky_ws2/install/microstrain_inertial_msgs:/home/administrator/husky_ws2/install/local_nav_pkg:/home/administrator/husky_ws2/install/image_common:/home/administrator/husky_ws2/install/image_transport:/home/administrator/husky_ws2/install/husky_base:/home/administrator/husky_ws2/install/husky_msgs:/home/administrator/husky_ws2/install/hector_gazebo:/home/administrator/husky_ws2/install/hector_gazebo_worlds:/home/administrator/husky_ws2/install/hector_gazebo_plugins:/home/administrator/husky_ws2/install/custom_nav_stack_pkg:/home/administrator/husky_ws2/install/camera_info_manager:/home/administrator/husky_ws2/install/camera_calibration_parsers:/home/administrator/richo_theta_ws/install/penguin_detection:/home/administrator/husky_ws2/install/nav2_gazebo_spawner:/home/administrator/husky_ws2/install/microstrain_inertial_rqt:/home/administrator/husky_ws2/install/gps_goal:/opt/ros/foxy:/opt/ros/noetic PYTHONPATH=/home/administrator/husky_ws2/src/install/nav2_common/lib/python3.8/site-packages:${PYTHONPATH} /usr/bin/cmake --build /home/administrator/husky_ws2/src/build/nav2_msgs -- -j8 -l8
[2.966s] Invoking command in '/home/administrator/husky_ws2/src/build/nav2_msgs': AMENT_PREFIX_PATH=/home/administrator/husky_ws2/src/install/nav2_common:${AMENT_PREFIX_PATH} CMAKE_PREFIX_PATH=/home/administrator/husky_ws2/src/install/nav2_common:/home/administrator/husky_ws2/install/zed_ros2:/home/administrator/husky_ws2/install/zed_display_rviz2:/home/administrator/husky_ws2/install/zed_wrapper:/home/administrator/husky_ws2/install/zed_tutorial_video:/home/administrator/husky_ws2/install/zed_tutorial_pos_tracking:/home/administrator/husky_ws2/install/zed_tutorial_depth:/home/administrator/husky_ws2/install/zed_rgb_convert:/home/administrator/husky_ws2/install/zed_components:/home/administrator/husky_ws2/install/rviz_plugin_zed_od:/home/administrator/husky_ws2/install/zed_interfaces:/home/administrator/husky_ws2/install/velodyne_simulator:/home/administrator/husky_ws2/install/velodyne_gazebo_plugins:/home/administrator/husky_ws2/install/husky_desktop:/home/administrator/husky_ws2/install/husky_viz:/home/administrator/husky_ws2/install/husky_simulator:/home/administrator/husky_ws2/install/husky_robot:/home/administrator/husky_ws2/install/husky_gazebo:/home/administrator/husky_ws2/install/husky_bringup:/home/administrator/husky_ws2/install/husky_control:/home/administrator/husky_ws2/install/husky_description:/home/administrator/husky_ws2/install/velodyne_description:/home/administrator/husky_ws2/install/um7:/home/administrator/husky_ws2/install/swri_route_util:/home/administrator/husky_ws2/install/swri_transform_util:/home/administrator/husky_ws2/install/swri_system_util:/home/administrator/husky_ws2/install/swri_serial_util:/home/administrator/husky_ws2/install/swri_image_util:/home/administrator/husky_ws2/install/swri_roscpp:/home/administrator/husky_ws2/install/swri_prefix_tools:/home/administrator/husky_ws2/install/swri_opencv_util:/home/administrator/husky_ws2/install/swri_math_util:/home/administrator/husky_ws2/install/swri_geometry_util:/home/administrator/husky_ws2/install/swri_dbw_interface:/home/administrator/husky_ws2/install/swri_console_util:/home/administrator/husky_ws2/install/nav2_system_tests:/home/administrator/husky_ws2/install/nav2_bringup:/home/administrator/husky_ws2/install/navigation2:/home/administrator/husky_ws2/install/smac_planner:/home/administrator/husky_ws2/install/pointcloud_to_laserscan:/home/administrator/husky_ws2/install/nav2_dwb_controller:/home/administrator/husky_ws2/install/nav2_controller:/home/administrator/husky_ws2/install/dwb_plugins:/home/administrator/husky_ws2/install/dwb_critics:/home/administrator/husky_ws2/install/dwb_core:/home/administrator/husky_ws2/install/nav_2d_utils:/home/administrator/husky_ws2/install/dwb_msgs:/home/administrator/husky_ws2/install/nav_2d_msgs:/home/administrator/husky_ws2/install/nav2_waypoint_follower:/home/administrator/husky_ws2/install/nav2_regulated_pure_pursuit_controller:/home/administrator/husky_ws2/install/nav2_recoveries:/home/administrator/husky_ws2/install/nav2_planner:/home/administrator/husky_ws2/install/nav2_navfn_planner:/home/administrator/husky_ws2/install/nav2_core:/home/administrator/husky_ws2/install/costmap_queue:/home/administrator/husky_ws2/install/nav2_costmap_2d:/home/administrator/husky_ws2/install/nav2_voxel_grid:/home/administrator/husky_ws2/install/nav2_rviz_plugins:/home/administrator/husky_ws2/install/nav2_map_server:/home/administrator/husky_ws2/install/nav2_lifecycle_manager:/home/administrator/husky_ws2/install/nav2_bt_navigator:/home/administrator/husky_ws2/install/nav2_behavior_tree:/home/administrator/husky_ws2/install/nav2_amcl:/home/administrator/husky_ws2/install/nav2_util:/home/administrator/husky_ws2/install/nav2_msgs:/home/administrator/husky_ws2/install/nav2_common:/home/administrator/husky_ws2/install/microstrain_inertial_examples:/home/administrator/husky_ws2/install/microstrain_inertial_driver:/home/administrator/husky_ws2/install/microstrain_inertial_msgs:/home/administrator/husky_ws2/install/local_nav_pkg:/home/administrator/husky_ws2/install/image_common:/home/administrator/husky_ws2/install/image_transport:/home/administrator/husky_ws2/install/husky_base:/home/administrator/husky_ws2/install/husky_msgs:/home/administrator/husky_ws2/install/hector_gazebo:/home/administrator/husky_ws2/install/hector_gazebo_worlds:/home/administrator/husky_ws2/install/hector_gazebo_plugins:/home/administrator/husky_ws2/install/custom_nav_stack_pkg:/home/administrator/husky_ws2/install/camera_info_manager:/home/administrator/husky_ws2/install/camera_calibration_parsers:/home/administrator/richo_theta_ws/install/penguin_detection:/home/administrator/husky_ws2/install/nav2_gazebo_spawner:/home/administrator/husky_ws2/install/microstrain_inertial_rqt:/home/administrator/husky_ws2/install/gps_goal:/opt/ros/foxy:/opt/ros/noetic PYTHONPATH=/home/administrator/husky_ws2/src/install/nav2_common/lib/python3.8/site-packages:${PYTHONPATH} /usr/bin/cmake --install /home/administrator/husky_ws2/src/build/nav2_msgs
[2.981s] -- Install configuration: "Release"
[2.982s] -- Execute custom install script
[2.982s] -- Symlinking: /home/administrator/husky_ws2/src/install/nav2_msgs/share/ament_index/resource_index/rosidl_interfaces/nav2_msgs
[2.998s] -- Symlinking: /home/administrator/husky_ws2/src/install/nav2_msgs/include/nav2_msgs/action/back_up.h
[3.011s] -- Symlinking: /home/administrator/husky_ws2/src/install/nav2_msgs/include/nav2_msgs/action/compute_path_through_poses.h
[3.027s] -- Symlinking: /home/administrator/husky_ws2/src/install/nav2_msgs/include/nav2_msgs/action/compute_path_to_pose.h
[3.038s] -- Symlinking: /home/administrator/husky_ws2/src/install/nav2_msgs/include/nav2_msgs/action/detail/back_up__functions.h
[3.051s] -- Symlinking: /home/administrator/husky_ws2/src/install/nav2_msgs/include/nav2_msgs/action/detail/back_up__struct.h
[3.066s] -- Symlinking: /home/administrator/husky_ws2/src/install/nav2_msgs/include/nav2_msgs/action/detail/back_up__type_support.h
[3.084s] -- Symlinking: /home/administrator/husky_ws2/src/install/nav2_msgs/include/nav2_msgs/action/detail/compute_path_through_poses__functions.h
[3.100s] -- Symlinking: /home/administrator/husky_ws2/src/install/nav2_msgs/include/nav2_msgs/action/detail/compute_path_through_poses__struct.h
[3.114s] -- Symlinking: /home/administrator/husky_ws2/src/install/nav2_msgs/include/nav2_msgs/action/detail/compute_path_through_poses__type_support.h
[3.132s] -- Symlinking: /home/administrator/husky_ws2/src/install/nav2_msgs/include/nav2_msgs/action/detail/compute_path_to_pose__functions.h
[3.145s] -- Symlinking: /home/administrator/husky_ws2/src/install/nav2_msgs/include/nav2_msgs/action/detail/compute_path_to_pose__struct.h
[3.157s] -- Symlinking: /home/administrator/husky_ws2/src/install/nav2_msgs/include/nav2_msgs/action/detail/compute_path_to_pose__type_support.h
[3.182s] -- Symlinking: /home/administrator/husky_ws2/src/install/nav2_msgs/include/nav2_msgs/action/detail/dummy_recovery__functions.h
[3.197s] -- Symlinking: /home/administrator/husky_ws2/src/install/nav2_msgs/include/nav2_msgs/action/detail/dummy_recovery__struct.h
[3.211s] -- Symlinking: /home/administrator/husky_ws2/src/install/nav2_msgs/include/nav2_msgs/action/detail/dummy_recovery__type_support.h
[3.225s] -- Symlinking: /home/administrator/husky_ws2/src/install/nav2_msgs/include/nav2_msgs/action/detail/follow_path__functions.h
[3.239s] -- Symlinking: /home/administrator/husky_ws2/src/install/nav2_msgs/include/nav2_msgs/action/detail/follow_path__struct.h
[3.252s] -- Symlinking: /home/administrator/husky_ws2/src/install/nav2_msgs/include/nav2_msgs/action/detail/follow_path__type_support.h
[3.269s] -- Symlinking: /home/administrator/husky_ws2/src/install/nav2_msgs/include/nav2_msgs/action/detail/follow_waypoints__functions.h
[3.283s] -- Symlinking: /home/administrator/husky_ws2/src/install/nav2_msgs/include/nav2_msgs/action/detail/follow_waypoints__struct.h
[3.298s] -- Symlinking: /home/administrator/husky_ws2/src/install/nav2_msgs/include/nav2_msgs/action/detail/follow_waypoints__type_support.h
[3.320s] -- Symlinking: /home/administrator/husky_ws2/src/install/nav2_msgs/include/nav2_msgs/action/detail/navigate_through_poses__functions.h
[3.351s] -- Symlinking: /home/administrator/husky_ws2/src/install/nav2_msgs/include/nav2_msgs/action/detail/navigate_through_poses__struct.h
[3.370s] -- Symlinking: /home/administrator/husky_ws2/src/install/nav2_msgs/include/nav2_msgs/action/detail/navigate_through_poses__type_support.h
[3.390s] -- Symlinking: /home/administrator/husky_ws2/src/install/nav2_msgs/include/nav2_msgs/action/detail/navigate_to_pose__functions.h
[3.413s] -- Symlinking: /home/administrator/husky_ws2/src/install/nav2_msgs/include/nav2_msgs/action/detail/navigate_to_pose__struct.h
[3.461s] -- Symlinking: /home/administrator/husky_ws2/src/install/nav2_msgs/include/nav2_msgs/action/detail/navigate_to_pose__type_support.h
[3.475s] -- Symlinking: /home/administrator/husky_ws2/src/install/nav2_msgs/include/nav2_msgs/action/detail/spin__functions.h
[3.498s] -- Symlinking: /home/administrator/husky_ws2/src/install/nav2_msgs/include/nav2_msgs/action/detail/spin__struct.h
[3.519s] -- Symlinking: /home/administrator/husky_ws2/src/install/nav2_msgs/include/nav2_msgs/action/detail/spin__type_support.h
[3.548s] -- Symlinking: /home/administrator/husky_ws2/src/install/nav2_msgs/include/nav2_msgs/action/detail/wait__functions.h
[3.571s] -- Symlinking: /home/administrator/husky_ws2/src/install/nav2_msgs/include/nav2_msgs/action/detail/wait__struct.h
[3.594s] -- Symlinking: /home/administrator/husky_ws2/src/install/nav2_msgs/include/nav2_msgs/action/detail/wait__type_support.h
[3.628s] -- Symlinking: /home/administrator/husky_ws2/src/install/nav2_msgs/include/nav2_msgs/action/dummy_recovery.h
[3.644s] -- Symlinking: /home/administrator/husky_ws2/src/install/nav2_msgs/include/nav2_msgs/action/follow_path.h
[3.659s] -- Symlinking: /home/administrator/husky_ws2/src/install/nav2_msgs/include/nav2_msgs/action/follow_waypoints.h
[3.673s] -- Symlinking: /home/administrator/husky_ws2/src/install/nav2_msgs/include/nav2_msgs/action/navigate_through_poses.h
[3.685s] -- Symlinking: /home/administrator/husky_ws2/src/install/nav2_msgs/include/nav2_msgs/action/navigate_to_pose.h
[3.712s] -- Symlinking: /home/administrator/husky_ws2/src/install/nav2_msgs/include/nav2_msgs/action/spin.h
[3.731s] -- Symlinking: /home/administrator/husky_ws2/src/install/nav2_msgs/include/nav2_msgs/action/wait.h
[3.746s] -- Symlinking: /home/administrator/husky_ws2/src/install/nav2_msgs/include/nav2_msgs/msg/behavior_tree_log.h
[3.764s] -- Symlinking: /home/administrator/husky_ws2/src/install/nav2_msgs/include/nav2_msgs/msg/behavior_tree_status_change.h
[3.797s] -- Symlinking: /home/administrator/husky_ws2/src/install/nav2_msgs/include/nav2_msgs/msg/costmap.h
[3.815s] -- Symlinking: /home/administrator/husky_ws2/src/install/nav2_msgs/include/nav2_msgs/msg/costmap_meta_data.h
[3.834s] -- Symlinking: /home/administrator/husky_ws2/src/install/nav2_msgs/include/nav2_msgs/msg/detail/behavior_tree_log__functions.h
[3.871s] -- Symlinking: /home/administrator/husky_ws2/src/install/nav2_msgs/include/nav2_msgs/msg/detail/behavior_tree_log__struct.h
[3.895s] -- Symlinking: /home/administrator/husky_ws2/src/install/nav2_msgs/include/nav2_msgs/msg/detail/behavior_tree_log__type_support.h
[3.912s] -- Symlinking: /home/administrator/husky_ws2/src/install/nav2_msgs/include/nav2_msgs/msg/detail/behavior_tree_status_change__functions.h
[3.927s] -- Symlinking: /home/administrator/husky_ws2/src/install/nav2_msgs/include/nav2_msgs/msg/detail/behavior_tree_status_change__struct.h
[3.955s] -- Symlinking: /home/administrator/husky_ws2/src/install/nav2_msgs/include/nav2_msgs/msg/detail/behavior_tree_status_change__type_support.h
[3.982s] -- Symlinking: /home/administrator/husky_ws2/src/install/nav2_msgs/include/nav2_msgs/msg/detail/costmap__functions.h
[3.998s] -- Symlinking: /home/administrator/husky_ws2/src/install/nav2_msgs/include/nav2_msgs/msg/detail/costmap__struct.h
[4.049s] -- Symlinking: /home/administrator/husky_ws2/src/install/nav2_msgs/include/nav2_msgs/msg/detail/costmap__type_support.h
[4.117s] -- Symlinking: /home/administrator/husky_ws2/src/install/nav2_msgs/include/nav2_msgs/msg/detail/costmap_meta_data__functions.h
[4.203s] -- Symlinking: /home/administrator/husky_ws2/src/install/nav2_msgs/include/nav2_msgs/msg/detail/costmap_meta_data__struct.h
[4.249s] -- Symlinking: /home/administrator/husky_ws2/src/install/nav2_msgs/include/nav2_msgs/msg/detail/costmap_meta_data__type_support.h
[4.305s] -- Symlinking: /home/administrator/husky_ws2/src/install/nav2_msgs/include/nav2_msgs/msg/detail/particle__functions.h
[4.345s] -- Symlinking: /home/administrator/husky_ws2/src/install/nav2_msgs/include/nav2_msgs/msg/detail/particle__struct.h
[4.396s] -- Symlinking: /home/administrator/husky_ws2/src/install/nav2_msgs/include/nav2_msgs/msg/detail/particle__type_support.h
[4.427s] -- Symlinking: /home/administrator/husky_ws2/src/install/nav2_msgs/include/nav2_msgs/msg/detail/particle_cloud__functions.h
[4.459s] -- Symlinking: /home/administrator/husky_ws2/src/install/nav2_msgs/include/nav2_msgs/msg/detail/particle_cloud__struct.h
[4.474s] -- Symlinking: /home/administrator/husky_ws2/src/install/nav2_msgs/include/nav2_msgs/msg/detail/particle_cloud__type_support.h
[4.546s] -- Symlinking: /home/administrator/husky_ws2/src/install/nav2_msgs/include/nav2_msgs/msg/detail/voxel_grid__functions.h
[4.636s] -- Symlinking: /home/administrator/husky_ws2/src/install/nav2_msgs/include/nav2_msgs/msg/detail/voxel_grid__struct.h
[4.661s] -- Symlinking: /home/administrator/husky_ws2/src/install/nav2_msgs/include/nav2_msgs/msg/detail/voxel_grid__type_support.h
[4.696s] -- Symlinking: /home/administrator/husky_ws2/src/install/nav2_msgs/include/nav2_msgs/msg/particle.h
[4.742s] -- Symlinking: /home/administrator/husky_ws2/src/install/nav2_msgs/include/nav2_msgs/msg/particle_cloud.h
[4.797s] -- Symlinking: /home/administrator/husky_ws2/src/install/nav2_msgs/include/nav2_msgs/msg/rosidl_generator_c__visibility_control.h
[4.824s] -- Symlinking: /home/administrator/husky_ws2/src/install/nav2_msgs/include/nav2_msgs/msg/voxel_grid.h
[4.850s] -- Symlinking: /home/administrator/husky_ws2/src/install/nav2_msgs/include/nav2_msgs/srv/clear_costmap_around_robot.h
[4.869s] -- Symlinking: /home/administrator/husky_ws2/src/install/nav2_msgs/include/nav2_msgs/srv/clear_costmap_except_region.h
[4.910s] -- Symlinking: /home/administrator/husky_ws2/src/install/nav2_msgs/include/nav2_msgs/srv/clear_entire_costmap.h
[4.934s] -- Symlinking: /home/administrator/husky_ws2/src/install/nav2_msgs/include/nav2_msgs/srv/detail/clear_costmap_around_robot__functions.h
[4.974s] -- Symlinking: /home/administrator/husky_ws2/src/install/nav2_msgs/include/nav2_msgs/srv/detail/clear_costmap_around_robot__struct.h
[5.003s] -- Symlinking: /home/administrator/husky_ws2/src/install/nav2_msgs/include/nav2_msgs/srv/detail/clear_costmap_around_robot__type_support.h
[5.042s] -- Symlinking: /home/administrator/husky_ws2/src/install/nav2_msgs/include/nav2_msgs/srv/detail/clear_costmap_except_region__functions.h
[5.051s] -- Symlinking: /home/administrator/husky_ws2/src/install/nav2_msgs/include/nav2_msgs/srv/detail/clear_costmap_except_region__struct.h
[5.086s] -- Symlinking: /home/administrator/husky_ws2/src/install/nav2_msgs/include/nav2_msgs/srv/detail/clear_costmap_except_region__type_support.h
[5.101s] -- Symlinking: /home/administrator/husky_ws2/src/install/nav2_msgs/include/nav2_msgs/srv/detail/clear_entire_costmap__functions.h
[5.138s] -- Symlinking: /home/administrator/husky_ws2/src/install/nav2_msgs/include/nav2_msgs/srv/detail/clear_entire_costmap__struct.h
[5.166s] -- Symlinking: /home/administrator/husky_ws2/src/install/nav2_msgs/include/nav2_msgs/srv/detail/clear_entire_costmap__type_support.h
[5.225s] -- Symlinking: /home/administrator/husky_ws2/src/install/nav2_msgs/include/nav2_msgs/srv/detail/get_costmap__functions.h
[5.247s] -- Symlinking: /home/administrator/husky_ws2/src/install/nav2_msgs/include/nav2_msgs/srv/detail/get_costmap__struct.h
[5.278s] -- Symlinking: /home/administrator/husky_ws2/src/install/nav2_msgs/include/nav2_msgs/srv/detail/get_costmap__type_support.h
[5.292s] -- Symlinking: /home/administrator/husky_ws2/src/install/nav2_msgs/include/nav2_msgs/srv/detail/load_map__functions.h
[5.309s] -- Symlinking: /home/administrator/husky_ws2/src/install/nav2_msgs/include/nav2_msgs/srv/detail/load_map__struct.h
[5.324s] -- Symlinking: /home/administrator/husky_ws2/src/install/nav2_msgs/include/nav2_msgs/srv/detail/load_map__type_support.h
[5.341s] -- Symlinking: /home/administrator/husky_ws2/src/install/nav2_msgs/include/nav2_msgs/srv/detail/manage_lifecycle_nodes__functions.h
[5.358s] -- Symlinking: /home/administrator/husky_ws2/src/install/nav2_msgs/include/nav2_msgs/srv/detail/manage_lifecycle_nodes__struct.h
[5.374s] -- Symlinking: /home/administrator/husky_ws2/src/install/nav2_msgs/include/nav2_msgs/srv/detail/manage_lifecycle_nodes__type_support.h
[5.408s] -- Symlinking: /home/administrator/husky_ws2/src/install/nav2_msgs/include/nav2_msgs/srv/detail/save_map__functions.h
[5.457s] -- Symlinking: /home/administrator/husky_ws2/src/install/nav2_msgs/include/nav2_msgs/srv/detail/save_map__struct.h
[5.505s] -- Symlinking: /home/administrator/husky_ws2/src/install/nav2_msgs/include/nav2_msgs/srv/detail/save_map__type_support.h
[5.581s] -- Symlinking: /home/administrator/husky_ws2/src/install/nav2_msgs/include/nav2_msgs/srv/get_costmap.h
[5.661s] -- Symlinking: /home/administrator/husky_ws2/src/install/nav2_msgs/include/nav2_msgs/srv/load_map.h
[5.769s] -- Symlinking: /home/administrator/husky_ws2/src/install/nav2_msgs/include/nav2_msgs/srv/manage_lifecycle_nodes.h
[5.835s] -- Symlinking: /home/administrator/husky_ws2/src/install/nav2_msgs/include/nav2_msgs/srv/save_map.h
[5.898s] -- Symlinking: /home/administrator/husky_ws2/src/install/nav2_msgs/share/nav2_msgs/environment/library_path.sh
[5.931s] -- Symlinking: /home/administrator/husky_ws2/src/install/nav2_msgs/share/nav2_msgs/environment/library_path.dsv
[5.970s] -- Symlinking: /home/administrator/husky_ws2/src/install/nav2_msgs/include/nav2_msgs/action/detail/back_up__rosidl_typesupport_fastrtps_c.h
[6.023s] -- Symlinking: /home/administrator/husky_ws2/src/install/nav2_msgs/include/nav2_msgs/action/detail/compute_path_through_poses__rosidl_typesupport_fastrtps_c.h
[6.087s] -- Symlinking: /home/administrator/husky_ws2/src/install/nav2_msgs/include/nav2_msgs/action/detail/compute_path_to_pose__rosidl_typesupport_fastrtps_c.h
[6.156s] -- Symlinking: /home/administrator/husky_ws2/src/install/nav2_msgs/include/nav2_msgs/action/detail/dummy_recovery__rosidl_typesupport_fastrtps_c.h
[6.225s] -- Symlinking: /home/administrator/husky_ws2/src/install/nav2_msgs/include/nav2_msgs/action/detail/follow_path__rosidl_typesupport_fastrtps_c.h
[6.276s] -- Symlinking: /home/administrator/husky_ws2/src/install/nav2_msgs/include/nav2_msgs/action/detail/follow_waypoints__rosidl_typesupport_fastrtps_c.h
[6.360s] -- Symlinking: /home/administrator/husky_ws2/src/install/nav2_msgs/include/nav2_msgs/action/detail/navigate_through_poses__rosidl_typesupport_fastrtps_c.h
[6.402s] -- Symlinking: /home/administrator/husky_ws2/src/install/nav2_msgs/include/nav2_msgs/action/detail/navigate_to_pose__rosidl_typesupport_fastrtps_c.h
[6.480s] -- Symlinking: /home/administrator/husky_ws2/src/install/nav2_msgs/include/nav2_msgs/action/detail/spin__rosidl_typesupport_fastrtps_c.h
[6.513s] -- Symlinking: /home/administrator/husky_ws2/src/install/nav2_msgs/include/nav2_msgs/action/detail/wait__rosidl_typesupport_fastrtps_c.h
[6.570s] -- Symlinking: /home/administrator/husky_ws2/src/install/nav2_msgs/include/nav2_msgs/msg/detail/behavior_tree_log__rosidl_typesupport_fastrtps_c.h
[6.664s] -- Symlinking: /home/administrator/husky_ws2/src/install/nav2_msgs/include/nav2_msgs/msg/detail/behavior_tree_status_change__rosidl_typesupport_fastrtps_c.h
[6.722s] -- Symlinking: /home/administrator/husky_ws2/src/install/nav2_msgs/include/nav2_msgs/msg/detail/costmap__rosidl_typesupport_fastrtps_c.h
[6.796s] -- Symlinking: /home/administrator/husky_ws2/src/install/nav2_msgs/include/nav2_msgs/msg/detail/costmap_meta_data__rosidl_typesupport_fastrtps_c.h
[6.877s] -- Symlinking: /home/administrator/husky_ws2/src/install/nav2_msgs/include/nav2_msgs/msg/detail/particle__rosidl_typesupport_fastrtps_c.h
[6.964s] -- Symlinking: /home/administrator/husky_ws2/src/install/nav2_msgs/include/nav2_msgs/msg/detail/particle_cloud__rosidl_typesupport_fastrtps_c.h
[7.033s] -- Symlinking: /home/administrator/husky_ws2/src/install/nav2_msgs/include/nav2_msgs/msg/detail/voxel_grid__rosidl_typesupport_fastrtps_c.h
[7.094s] -- Symlinking: /home/administrator/husky_ws2/src/install/nav2_msgs/include/nav2_msgs/msg/rosidl_typesupport_fastrtps_c__visibility_control.h
[7.187s] -- Symlinking: /home/administrator/husky_ws2/src/install/nav2_msgs/include/nav2_msgs/srv/detail/clear_costmap_around_robot__rosidl_typesupport_fastrtps_c.h
[7.256s] -- Symlinking: /home/administrator/husky_ws2/src/install/nav2_msgs/include/nav2_msgs/srv/detail/clear_costmap_except_region__rosidl_typesupport_fastrtps_c.h
[7.338s] -- Symlinking: /home/administrator/husky_ws2/src/install/nav2_msgs/include/nav2_msgs/srv/detail/clear_entire_costmap__rosidl_typesupport_fastrtps_c.h
[7.428s] -- Symlinking: /home/administrator/husky_ws2/src/install/nav2_msgs/include/nav2_msgs/srv/detail/get_costmap__rosidl_typesupport_fastrtps_c.h
[7.496s] -- Symlinking: /home/administrator/husky_ws2/src/install/nav2_msgs/include/nav2_msgs/srv/detail/load_map__rosidl_typesupport_fastrtps_c.h
[7.554s] -- Symlinking: /home/administrator/husky_ws2/src/install/nav2_msgs/include/nav2_msgs/srv/detail/manage_lifecycle_nodes__rosidl_typesupport_fastrtps_c.h
[7.599s] -- Symlinking: /home/administrator/husky_ws2/src/install/nav2_msgs/include/nav2_msgs/srv/detail/save_map__rosidl_typesupport_fastrtps_c.h
[7.680s] -- Symlinking: /home/administrator/husky_ws2/src/install/nav2_msgs/lib/libnav2_msgs__rosidl_typesupport_fastrtps_c.so
[7.794s] -- Symlinking: /home/administrator/husky_ws2/src/install/nav2_msgs/include/nav2_msgs/action/detail/back_up__rosidl_typesupport_fastrtps_cpp.hpp
[7.885s] -- Symlinking: /home/administrator/husky_ws2/src/install/nav2_msgs/include/nav2_msgs/action/detail/compute_path_through_poses__rosidl_typesupport_fastrtps_cpp.hpp
[7.973s] -- Symlinking: /home/administrator/husky_ws2/src/install/nav2_msgs/include/nav2_msgs/action/detail/compute_path_to_pose__rosidl_typesupport_fastrtps_cpp.hpp
[8.012s] -- Symlinking: /home/administrator/husky_ws2/src/install/nav2_msgs/include/nav2_msgs/action/detail/dummy_recovery__rosidl_typesupport_fastrtps_cpp.hpp
[8.070s] -- Symlinking: /home/administrator/husky_ws2/src/install/nav2_msgs/include/nav2_msgs/action/detail/follow_path__rosidl_typesupport_fastrtps_cpp.hpp
[8.168s] -- Symlinking: /home/administrator/husky_ws2/src/install/nav2_msgs/include/nav2_msgs/action/detail/follow_waypoints__rosidl_typesupport_fastrtps_cpp.hpp
[8.251s] -- Symlinking: /home/administrator/husky_ws2/src/install/nav2_msgs/include/nav2_msgs/action/detail/navigate_through_poses__rosidl_typesupport_fastrtps_cpp.hpp
[8.312s] -- Symlinking: /home/administrator/husky_ws2/src/install/nav2_msgs/include/nav2_msgs/action/detail/navigate_to_pose__rosidl_typesupport_fastrtps_cpp.hpp
[8.379s] -- Symlinking: /home/administrator/husky_ws2/src/install/nav2_msgs/include/nav2_msgs/action/detail/spin__rosidl_typesupport_fastrtps_cpp.hpp
[8.455s] -- Symlinking: /home/administrator/husky_ws2/src/install/nav2_msgs/include/nav2_msgs/action/detail/wait__rosidl_typesupport_fastrtps_cpp.hpp
[8.517s] -- Symlinking: /home/administrator/husky_ws2/src/install/nav2_msgs/include/nav2_msgs/msg/detail/behavior_tree_log__rosidl_typesupport_fastrtps_cpp.hpp
[8.590s] -- Symlinking: /home/administrator/husky_ws2/src/install/nav2_msgs/include/nav2_msgs/msg/detail/behavior_tree_status_change__rosidl_typesupport_fastrtps_cpp.hpp
[8.658s] -- Symlinking: /home/administrator/husky_ws2/src/install/nav2_msgs/include/nav2_msgs/msg/detail/costmap__rosidl_typesupport_fastrtps_cpp.hpp
[8.752s] -- Symlinking: /home/administrator/husky_ws2/src/install/nav2_msgs/include/nav2_msgs/msg/detail/costmap_meta_data__rosidl_typesupport_fastrtps_cpp.hpp
[8.804s] -- Symlinking: /home/administrator/husky_ws2/src/install/nav2_msgs/include/nav2_msgs/msg/detail/particle__rosidl_typesupport_fastrtps_cpp.hpp
[8.900s] -- Symlinking: /home/administrator/husky_ws2/src/install/nav2_msgs/include/nav2_msgs/msg/detail/particle_cloud__rosidl_typesupport_fastrtps_cpp.hpp
[8.955s] -- Symlinking: /home/administrator/husky_ws2/src/install/nav2_msgs/include/nav2_msgs/msg/detail/voxel_grid__rosidl_typesupport_fastrtps_cpp.hpp
[9.017s] -- Symlinking: /home/administrator/husky_ws2/src/install/nav2_msgs/include/nav2_msgs/msg/rosidl_typesupport_fastrtps_cpp__visibility_control.h
[9.083s] -- Symlinking: /home/administrator/husky_ws2/src/install/nav2_msgs/include/nav2_msgs/srv/detail/clear_costmap_around_robot__rosidl_typesupport_fastrtps_cpp.hpp
[9.157s] -- Symlinking: /home/administrator/husky_ws2/src/install/nav2_msgs/include/nav2_msgs/srv/detail/clear_costmap_except_region__rosidl_typesupport_fastrtps_cpp.hpp
[9.199s] -- Symlinking: /home/administrator/husky_ws2/src/install/nav2_msgs/include/nav2_msgs/srv/detail/clear_entire_costmap__rosidl_typesupport_fastrtps_cpp.hpp
[9.290s] -- Symlinking: /home/administrator/husky_ws2/src/install/nav2_msgs/include/nav2_msgs/srv/detail/get_costmap__rosidl_typesupport_fastrtps_cpp.hpp
[9.361s] -- Symlinking: /home/administrator/husky_ws2/src/install/nav2_msgs/include/nav2_msgs/srv/detail/load_map__rosidl_typesupport_fastrtps_cpp.hpp
[9.436s] -- Symlinking: /home/administrator/husky_ws2/src/install/nav2_msgs/include/nav2_msgs/srv/detail/manage_lifecycle_nodes__rosidl_typesupport_fastrtps_cpp.hpp
[9.479s] -- Symlinking: /home/administrator/husky_ws2/src/install/nav2_msgs/include/nav2_msgs/srv/detail/save_map__rosidl_typesupport_fastrtps_cpp.hpp
[9.568s] -- Symlinking: /home/administrator/husky_ws2/src/install/nav2_msgs/lib/libnav2_msgs__rosidl_typesupport_fastrtps_cpp.so
[9.651s] -- Symlinking: /home/administrator/husky_ws2/src/install/nav2_msgs/include/nav2_msgs/action/detail/back_up__rosidl_typesupport_introspection_c.h
[9.763s] -- Symlinking: /home/administrator/husky_ws2/src/install/nav2_msgs/include/nav2_msgs/action/detail/compute_path_through_poses__rosidl_typesupport_introspection_c.h
[9.832s] -- Symlinking: /home/administrator/husky_ws2/src/install/nav2_msgs/include/nav2_msgs/action/detail/compute_path_to_pose__rosidl_typesupport_introspection_c.h
[9.900s] -- Symlinking: /home/administrator/husky_ws2/src/install/nav2_msgs/include/nav2_msgs/action/detail/dummy_recovery__rosidl_typesupport_introspection_c.h
[9.956s] -- Symlinking: /home/administrator/husky_ws2/src/install/nav2_msgs/include/nav2_msgs/action/detail/follow_path__rosidl_typesupport_introspection_c.h
[10.015s] -- Symlinking: /home/administrator/husky_ws2/src/install/nav2_msgs/include/nav2_msgs/action/detail/follow_waypoints__rosidl_typesupport_introspection_c.h
[10.099s] -- Symlinking: /home/administrator/husky_ws2/src/install/nav2_msgs/include/nav2_msgs/action/detail/navigate_through_poses__rosidl_typesupport_introspection_c.h
[10.174s] -- Symlinking: /home/administrator/husky_ws2/src/install/nav2_msgs/include/nav2_msgs/action/detail/navigate_to_pose__rosidl_typesupport_introspection_c.h
[10.224s] -- Symlinking: /home/administrator/husky_ws2/src/install/nav2_msgs/include/nav2_msgs/action/detail/spin__rosidl_typesupport_introspection_c.h
[10.295s] -- Symlinking: /home/administrator/husky_ws2/src/install/nav2_msgs/include/nav2_msgs/action/detail/wait__rosidl_typesupport_introspection_c.h
[10.349s] -- Symlinking: /home/administrator/husky_ws2/src/install/nav2_msgs/include/nav2_msgs/msg/detail/behavior_tree_log__rosidl_typesupport_introspection_c.h
[10.434s] -- Symlinking: /home/administrator/husky_ws2/src/install/nav2_msgs/include/nav2_msgs/msg/detail/behavior_tree_status_change__rosidl_typesupport_introspection_c.h
[10.480s] -- Symlinking: /home/administrator/husky_ws2/src/install/nav2_msgs/include/nav2_msgs/msg/detail/costmap__rosidl_typesupport_introspection_c.h
[10.529s] -- Symlinking: /home/administrator/husky_ws2/src/install/nav2_msgs/include/nav2_msgs/msg/detail/costmap_meta_data__rosidl_typesupport_introspection_c.h
[10.574s] -- Symlinking: /home/administrator/husky_ws2/src/install/nav2_msgs/include/nav2_msgs/msg/detail/particle__rosidl_typesupport_introspection_c.h
[10.625s] -- Symlinking: /home/administrator/husky_ws2/src/install/nav2_msgs/include/nav2_msgs/msg/detail/particle_cloud__rosidl_typesupport_introspection_c.h
[10.660s] -- Symlinking: /home/administrator/husky_ws2/src/install/nav2_msgs/include/nav2_msgs/msg/detail/voxel_grid__rosidl_typesupport_introspection_c.h
[10.703s] -- Symlinking: /home/administrator/husky_ws2/src/install/nav2_msgs/include/nav2_msgs/msg/rosidl_typesupport_introspection_c__visibility_control.h
[10.768s] -- Symlinking: /home/administrator/husky_ws2/src/install/nav2_msgs/include/nav2_msgs/srv/detail/clear_costmap_around_robot__rosidl_typesupport_introspection_c.h
[10.810s] -- Symlinking: /home/administrator/husky_ws2/src/install/nav2_msgs/include/nav2_msgs/srv/detail/clear_costmap_except_region__rosidl_typesupport_introspection_c.h
[10.891s] -- Symlinking: /home/administrator/husky_ws2/src/install/nav2_msgs/include/nav2_msgs/srv/detail/clear_entire_costmap__rosidl_typesupport_introspection_c.h
[10.975s] -- Symlinking: /home/administrator/husky_ws2/src/install/nav2_msgs/include/nav2_msgs/srv/detail/get_costmap__rosidl_typesupport_introspection_c.h
[11.048s] -- Symlinking: /home/administrator/husky_ws2/src/install/nav2_msgs/include/nav2_msgs/srv/detail/load_map__rosidl_typesupport_introspection_c.h
[11.120s] -- Symlinking: /home/administrator/husky_ws2/src/install/nav2_msgs/include/nav2_msgs/srv/detail/manage_lifecycle_nodes__rosidl_typesupport_introspection_c.h
[11.183s] -- Symlinking: /home/administrator/husky_ws2/src/install/nav2_msgs/include/nav2_msgs/srv/detail/save_map__rosidl_typesupport_introspection_c.h
[11.253s] -- Symlinking: /home/administrator/husky_ws2/src/install/nav2_msgs/include/nav2_msgs/action/back_up.hpp
[11.319s] -- Symlinking: /home/administrator/husky_ws2/src/install/nav2_msgs/include/nav2_msgs/action/compute_path_through_poses.hpp
[11.395s] -- Symlinking: /home/administrator/husky_ws2/src/install/nav2_msgs/include/nav2_msgs/action/compute_path_to_pose.hpp
[11.484s] -- Symlinking: /home/administrator/husky_ws2/src/install/nav2_msgs/include/nav2_msgs/action/detail/back_up__builder.hpp
[11.537s] -- Symlinking: /home/administrator/husky_ws2/src/install/nav2_msgs/include/nav2_msgs/action/detail/back_up__struct.hpp
[11.593s] -- Symlinking: /home/administrator/husky_ws2/src/install/nav2_msgs/include/nav2_msgs/action/detail/back_up__traits.hpp
[11.626s] -- Symlinking: /home/administrator/husky_ws2/src/install/nav2_msgs/include/nav2_msgs/action/detail/compute_path_through_poses__builder.hpp
[11.706s] -- Symlinking: /home/administrator/husky_ws2/src/install/nav2_msgs/include/nav2_msgs/action/detail/compute_path_through_poses__struct.hpp
[11.778s] -- Symlinking: /home/administrator/husky_ws2/src/install/nav2_msgs/include/nav2_msgs/action/detail/compute_path_through_poses__traits.hpp
[11.810s] -- Symlinking: /home/administrator/husky_ws2/src/install/nav2_msgs/include/nav2_msgs/action/detail/compute_path_to_pose__builder.hpp
[11.862s] -- Symlinking: /home/administrator/husky_ws2/src/install/nav2_msgs/include/nav2_msgs/action/detail/compute_path_to_pose__struct.hpp
[11.904s] -- Symlinking: /home/administrator/husky_ws2/src/install/nav2_msgs/include/nav2_msgs/action/detail/compute_path_to_pose__traits.hpp
[11.946s] -- Symlinking: /home/administrator/husky_ws2/src/install/nav2_msgs/include/nav2_msgs/action/detail/dummy_recovery__builder.hpp
[11.964s] -- Symlinking: /home/administrator/husky_ws2/src/install/nav2_msgs/include/nav2_msgs/action/detail/dummy_recovery__struct.hpp
[12.040s] -- Symlinking: /home/administrator/husky_ws2/src/install/nav2_msgs/include/nav2_msgs/action/detail/dummy_recovery__traits.hpp
[12.122s] -- Symlinking: /home/administrator/husky_ws2/src/install/nav2_msgs/include/nav2_msgs/action/detail/follow_path__builder.hpp
[12.185s] -- Symlinking: /home/administrator/husky_ws2/src/install/nav2_msgs/include/nav2_msgs/action/detail/follow_path__struct.hpp
[12.223s] -- Symlinking: /home/administrator/husky_ws2/src/install/nav2_msgs/include/nav2_msgs/action/detail/follow_path__traits.hpp
[12.275s] -- Symlinking: /home/administrator/husky_ws2/src/install/nav2_msgs/include/nav2_msgs/action/detail/follow_waypoints__builder.hpp
[12.311s] -- Symlinking: /home/administrator/husky_ws2/src/install/nav2_msgs/include/nav2_msgs/action/detail/follow_waypoints__struct.hpp
[12.377s] -- Symlinking: /home/administrator/husky_ws2/src/install/nav2_msgs/include/nav2_msgs/action/detail/follow_waypoints__traits.hpp
[12.428s] -- Symlinking: /home/administrator/husky_ws2/src/install/nav2_msgs/include/nav2_msgs/action/detail/navigate_through_poses__builder.hpp
[12.446s] -- Symlinking: /home/administrator/husky_ws2/src/install/nav2_msgs/include/nav2_msgs/action/detail/navigate_through_poses__struct.hpp
[12.458s] -- Symlinking: /home/administrator/husky_ws2/src/install/nav2_msgs/include/nav2_msgs/action/detail/navigate_through_poses__traits.hpp
[12.527s] -- Symlinking: /home/administrator/husky_ws2/src/install/nav2_msgs/include/nav2_msgs/action/detail/navigate_to_pose__builder.hpp
[12.574s] -- Symlinking: /home/administrator/husky_ws2/src/install/nav2_msgs/include/nav2_msgs/action/detail/navigate_to_pose__struct.hpp
[12.622s] -- Symlinking: /home/administrator/husky_ws2/src/install/nav2_msgs/include/nav2_msgs/action/detail/navigate_to_pose__traits.hpp
[12.681s] -- Symlinking: /home/administrator/husky_ws2/src/install/nav2_msgs/include/nav2_msgs/action/detail/spin__builder.hpp
[12.748s] -- Symlinking: /home/administrator/husky_ws2/src/install/nav2_msgs/include/nav2_msgs/action/detail/spin__struct.hpp
[12.799s] -- Symlinking: /home/administrator/husky_ws2/src/install/nav2_msgs/include/nav2_msgs/action/detail/spin__traits.hpp
[12.841s] -- Symlinking: /home/administrator/husky_ws2/src/install/nav2_msgs/include/nav2_msgs/action/detail/wait__builder.hpp
[12.857s] -- Symlinking: /home/administrator/husky_ws2/src/install/nav2_msgs/include/nav2_msgs/action/detail/wait__struct.hpp
[12.897s] -- Symlinking: /home/administrator/husky_ws2/src/install/nav2_msgs/include/nav2_msgs/action/detail/wait__traits.hpp
[12.944s] -- Symlinking: /home/administrator/husky_ws2/src/install/nav2_msgs/include/nav2_msgs/action/dummy_recovery.hpp
[12.974s] -- Symlinking: /home/administrator/husky_ws2/src/install/nav2_msgs/include/nav2_msgs/action/follow_path.hpp
[13.012s] -- Symlinking: /home/administrator/husky_ws2/src/install/nav2_msgs/include/nav2_msgs/action/follow_waypoints.hpp
[13.073s] -- Symlinking: /home/administrator/husky_ws2/src/install/nav2_msgs/include/nav2_msgs/action/navigate_through_poses.hpp
[13.122s] -- Symlinking: /home/administrator/husky_ws2/src/install/nav2_msgs/include/nav2_msgs/action/navigate_to_pose.hpp
[13.162s] -- Symlinking: /home/administrator/husky_ws2/src/install/nav2_msgs/include/nav2_msgs/action/spin.hpp
[13.208s] -- Symlinking: /home/administrator/husky_ws2/src/install/nav2_msgs/include/nav2_msgs/action/wait.hpp
[13.265s] -- Symlinking: /home/administrator/husky_ws2/src/install/nav2_msgs/include/nav2_msgs/msg/behavior_tree_log.hpp
[13.302s] -- Symlinking: /home/administrator/husky_ws2/src/install/nav2_msgs/include/nav2_msgs/msg/behavior_tree_status_change.hpp
[13.370s] -- Symlinking: /home/administrator/husky_ws2/src/install/nav2_msgs/include/nav2_msgs/msg/costmap.hpp
[13.420s] -- Symlinking: /home/administrator/husky_ws2/src/install/nav2_msgs/include/nav2_msgs/msg/costmap_meta_data.hpp
[13.479s] -- Symlinking: /home/administrator/husky_ws2/src/install/nav2_msgs/include/nav2_msgs/msg/detail/behavior_tree_log__builder.hpp
[13.527s] -- Symlinking: /home/administrator/husky_ws2/src/install/nav2_msgs/include/nav2_msgs/msg/detail/behavior_tree_log__struct.hpp
[13.574s] -- Symlinking: /home/administrator/husky_ws2/src/install/nav2_msgs/include/nav2_msgs/msg/detail/behavior_tree_log__traits.hpp
[13.590s] -- Symlinking: /home/administrator/husky_ws2/src/install/nav2_msgs/include/nav2_msgs/msg/detail/behavior_tree_status_change__builder.hpp
[13.618s] -- Symlinking: /home/administrator/husky_ws2/src/install/nav2_msgs/include/nav2_msgs/msg/detail/behavior_tree_status_change__struct.hpp
[13.641s] -- Symlinking: /home/administrator/husky_ws2/src/install/nav2_msgs/include/nav2_msgs/msg/detail/behavior_tree_status_change__traits.hpp
[13.653s] -- Symlinking: /home/administrator/husky_ws2/src/install/nav2_msgs/include/nav2_msgs/msg/detail/costmap__builder.hpp
[13.690s] -- Symlinking: /home/administrator/husky_ws2/src/install/nav2_msgs/include/nav2_msgs/msg/detail/costmap__struct.hpp
[13.705s] -- Symlinking: /home/administrator/husky_ws2/src/install/nav2_msgs/include/nav2_msgs/msg/detail/costmap__traits.hpp
[13.749s] -- Symlinking: /home/administrator/husky_ws2/src/install/nav2_msgs/include/nav2_msgs/msg/detail/costmap_meta_data__builder.hpp
[13.806s] -- Symlinking: /home/administrator/husky_ws2/src/install/nav2_msgs/include/nav2_msgs/msg/detail/costmap_meta_data__struct.hpp
[13.857s] -- Symlinking: /home/administrator/husky_ws2/src/install/nav2_msgs/include/nav2_msgs/msg/detail/costmap_meta_data__traits.hpp
[13.884s] -- Symlinking: /home/administrator/husky_ws2/src/install/nav2_msgs/include/nav2_msgs/msg/detail/particle__builder.hpp
[13.900s] -- Symlinking: /home/administrator/husky_ws2/src/install/nav2_msgs/include/nav2_msgs/msg/detail/particle__struct.hpp
[13.980s] -- Symlinking: /home/administrator/husky_ws2/src/install/nav2_msgs/include/nav2_msgs/msg/detail/particle__traits.hpp
[14.048s] -- Symlinking: /home/administrator/husky_ws2/src/install/nav2_msgs/include/nav2_msgs/msg/detail/particle_cloud__builder.hpp
[14.109s] -- Symlinking: /home/administrator/husky_ws2/src/install/nav2_msgs/include/nav2_msgs/msg/detail/particle_cloud__struct.hpp
[14.177s] -- Symlinking: /home/administrator/husky_ws2/src/install/nav2_msgs/include/nav2_msgs/msg/detail/particle_cloud__traits.hpp
[14.205s] -- Symlinking: /home/administrator/husky_ws2/src/install/nav2_msgs/include/nav2_msgs/msg/detail/voxel_grid__builder.hpp
[14.250s] -- Symlinking: /home/administrator/husky_ws2/src/install/nav2_msgs/include/nav2_msgs/msg/detail/voxel_grid__struct.hpp
[14.305s] -- Symlinking: /home/administrator/husky_ws2/src/install/nav2_msgs/include/nav2_msgs/msg/detail/voxel_grid__traits.hpp
[14.340s] -- Symlinking: /home/administrator/husky_ws2/src/install/nav2_msgs/include/nav2_msgs/msg/particle.hpp
[14.419s] -- Symlinking: /home/administrator/husky_ws2/src/install/nav2_msgs/include/nav2_msgs/msg/particle_cloud.hpp
[14.458s] -- Symlinking: /home/administrator/husky_ws2/src/install/nav2_msgs/include/nav2_msgs/msg/voxel_grid.hpp
[14.515s] -- Symlinking: /home/administrator/husky_ws2/src/install/nav2_msgs/include/nav2_msgs/srv/clear_costmap_around_robot.hpp
[14.561s] -- Symlinking: /home/administrator/husky_ws2/src/install/nav2_msgs/include/nav2_msgs/srv/clear_costmap_except_region.hpp
[14.612s] -- Symlinking: /home/administrator/husky_ws2/src/install/nav2_msgs/include/nav2_msgs/srv/clear_entire_costmap.hpp
[14.657s] -- Symlinking: /home/administrator/husky_ws2/src/install/nav2_msgs/include/nav2_msgs/srv/detail/clear_costmap_around_robot__builder.hpp
[14.704s] -- Symlinking: /home/administrator/husky_ws2/src/install/nav2_msgs/include/nav2_msgs/srv/detail/clear_costmap_around_robot__struct.hpp
[14.746s] -- Symlinking: /home/administrator/husky_ws2/src/install/nav2_msgs/include/nav2_msgs/srv/detail/clear_costmap_around_robot__traits.hpp
[14.781s] -- Symlinking: /home/administrator/husky_ws2/src/install/nav2_msgs/include/nav2_msgs/srv/detail/clear_costmap_except_region__builder.hpp
[14.828s] -- Symlinking: /home/administrator/husky_ws2/src/install/nav2_msgs/include/nav2_msgs/srv/detail/clear_costmap_except_region__struct.hpp
[14.863s] -- Symlinking: /home/administrator/husky_ws2/src/install/nav2_msgs/include/nav2_msgs/srv/detail/clear_costmap_except_region__traits.hpp
[14.897s] -- Symlinking: /home/administrator/husky_ws2/src/install/nav2_msgs/include/nav2_msgs/srv/detail/clear_entire_costmap__builder.hpp
[14.948s] -- Symlinking: /home/administrator/husky_ws2/src/install/nav2_msgs/include/nav2_msgs/srv/detail/clear_entire_costmap__struct.hpp
[14.995s] -- Symlinking: /home/administrator/husky_ws2/src/install/nav2_msgs/include/nav2_msgs/srv/detail/clear_entire_costmap__traits.hpp
[15.059s] -- Symlinking: /home/administrator/husky_ws2/src/install/nav2_msgs/include/nav2_msgs/srv/detail/get_costmap__builder.hpp
[15.113s] -- Symlinking: /home/administrator/husky_ws2/src/install/nav2_msgs/include/nav2_msgs/srv/detail/get_costmap__struct.hpp
[15.182s] -- Symlinking: /home/administrator/husky_ws2/src/install/nav2_msgs/include/nav2_msgs/srv/detail/get_costmap__traits.hpp
[15.234s] -- Symlinking: /home/administrator/husky_ws2/src/install/nav2_msgs/include/nav2_msgs/srv/detail/load_map__builder.hpp
[15.266s] -- Symlinking: /home/administrator/husky_ws2/src/install/nav2_msgs/include/nav2_msgs/srv/detail/load_map__struct.hpp
[15.289s] -- Symlinking: /home/administrator/husky_ws2/src/install/nav2_msgs/include/nav2_msgs/srv/detail/load_map__traits.hpp
[15.339s] -- Symlinking: /home/administrator/husky_ws2/src/install/nav2_msgs/include/nav2_msgs/srv/detail/manage_lifecycle_nodes__builder.hpp
[15.374s] -- Symlinking: /home/administrator/husky_ws2/src/install/nav2_msgs/include/nav2_msgs/srv/detail/manage_lifecycle_nodes__struct.hpp
[15.482s] -- Symlinking: /home/administrator/husky_ws2/src/install/nav2_msgs/include/nav2_msgs/srv/detail/manage_lifecycle_nodes__traits.hpp
[15.562s] -- Symlinking: /home/administrator/husky_ws2/src/install/nav2_msgs/include/nav2_msgs/srv/detail/save_map__builder.hpp
[15.626s] -- Symlinking: /home/administrator/husky_ws2/src/install/nav2_msgs/include/nav2_msgs/srv/detail/save_map__struct.hpp
[15.695s] -- Symlinking: /home/administrator/husky_ws2/src/install/nav2_msgs/include/nav2_msgs/srv/detail/save_map__traits.hpp
[15.740s] -- Symlinking: /home/administrator/husky_ws2/src/install/nav2_msgs/include/nav2_msgs/srv/get_costmap.hpp
[15.807s] -- Symlinking: /home/administrator/husky_ws2/src/install/nav2_msgs/include/nav2_msgs/srv/load_map.hpp
[15.872s] -- Symlinking: /home/administrator/husky_ws2/src/install/nav2_msgs/include/nav2_msgs/srv/manage_lifecycle_nodes.hpp
[15.916s] -- Symlinking: /home/administrator/husky_ws2/src/install/nav2_msgs/include/nav2_msgs/srv/save_map.hpp
[15.965s] -- Symlinking: /home/administrator/husky_ws2/src/install/nav2_msgs/include/nav2_msgs/action/detail/back_up__rosidl_typesupport_introspection_cpp.hpp
[16.010s] -- Symlinking: /home/administrator/husky_ws2/src/install/nav2_msgs/include/nav2_msgs/action/detail/compute_path_through_poses__rosidl_typesupport_introspection_cpp.hpp
[16.048s] -- Symlinking: /home/administrator/husky_ws2/src/install/nav2_msgs/include/nav2_msgs/action/detail/compute_path_to_pose__rosidl_typesupport_introspection_cpp.hpp
[16.124s] -- Symlinking: /home/administrator/husky_ws2/src/install/nav2_msgs/include/nav2_msgs/action/detail/dummy_recovery__rosidl_typesupport_introspection_cpp.hpp
[16.181s] -- Symlinking: /home/administrator/husky_ws2/src/install/nav2_msgs/include/nav2_msgs/action/detail/follow_path__rosidl_typesupport_introspection_cpp.hpp
[16.219s] -- Symlinking: /home/administrator/husky_ws2/src/install/nav2_msgs/include/nav2_msgs/action/detail/follow_waypoints__rosidl_typesupport_introspection_cpp.hpp
[16.252s] -- Symlinking: /home/administrator/husky_ws2/src/install/nav2_msgs/include/nav2_msgs/action/detail/navigate_through_poses__rosidl_typesupport_introspection_cpp.hpp
[16.334s] -- Symlinking: /home/administrator/husky_ws2/src/install/nav2_msgs/include/nav2_msgs/action/detail/navigate_to_pose__rosidl_typesupport_introspection_cpp.hpp
[16.392s] -- Symlinking: /home/administrator/husky_ws2/src/install/nav2_msgs/include/nav2_msgs/action/detail/spin__rosidl_typesupport_introspection_cpp.hpp
[16.457s] -- Symlinking: /home/administrator/husky_ws2/src/install/nav2_msgs/include/nav2_msgs/action/detail/wait__rosidl_typesupport_introspection_cpp.hpp
[16.491s] -- Symlinking: /home/administrator/husky_ws2/src/install/nav2_msgs/include/nav2_msgs/msg/detail/behavior_tree_log__rosidl_typesupport_introspection_cpp.hpp
[16.595s] -- Symlinking: /home/administrator/husky_ws2/src/install/nav2_msgs/include/nav2_msgs/msg/detail/behavior_tree_status_change__rosidl_typesupport_introspection_cpp.hpp
[16.716s] -- Symlinking: /home/administrator/husky_ws2/src/install/nav2_msgs/include/nav2_msgs/msg/detail/costmap__rosidl_typesupport_introspection_cpp.hpp
[16.821s] -- Symlinking: /home/administrator/husky_ws2/src/install/nav2_msgs/include/nav2_msgs/msg/detail/costmap_meta_data__rosidl_typesupport_introspection_cpp.hpp
[16.897s] -- Symlinking: /home/administrator/husky_ws2/src/install/nav2_msgs/include/nav2_msgs/msg/detail/particle__rosidl_typesupport_introspection_cpp.hpp
[16.999s] -- Symlinking: /home/administrator/husky_ws2/src/install/nav2_msgs/include/nav2_msgs/msg/detail/particle_cloud__rosidl_typesupport_introspection_cpp.hpp
[17.091s] -- Symlinking: /home/administrator/husky_ws2/src/install/nav2_msgs/include/nav2_msgs/msg/detail/voxel_grid__rosidl_typesupport_introspection_cpp.hpp
[17.166s] -- Symlinking: /home/administrator/husky_ws2/src/install/nav2_msgs/include/nav2_msgs/srv/detail/clear_costmap_around_robot__rosidl_typesupport_introspection_cpp.hpp
[17.234s] -- Symlinking: /home/administrator/husky_ws2/src/install/nav2_msgs/include/nav2_msgs/srv/detail/clear_costmap_except_region__rosidl_typesupport_introspection_cpp.hpp
[17.279s] -- Symlinking: /home/administrator/husky_ws2/src/install/nav2_msgs/include/nav2_msgs/srv/detail/clear_entire_costmap__rosidl_typesupport_introspection_cpp.hpp
[17.340s] -- Symlinking: /home/administrator/husky_ws2/src/install/nav2_msgs/include/nav2_msgs/srv/detail/get_costmap__rosidl_typesupport_introspection_cpp.hpp
[17.423s] -- Symlinking: /home/administrator/husky_ws2/src/install/nav2_msgs/include/nav2_msgs/srv/detail/load_map__rosidl_typesupport_introspection_cpp.hpp
[17.455s] -- Symlinking: /home/administrator/husky_ws2/src/install/nav2_msgs/include/nav2_msgs/srv/detail/manage_lifecycle_nodes__rosidl_typesupport_introspection_cpp.hpp
[17.465s] -- Symlinking: /home/administrator/husky_ws2/src/install/nav2_msgs/include/nav2_msgs/srv/detail/save_map__rosidl_typesupport_introspection_cpp.hpp
[17.486s] -- Symlinking: /home/administrator/husky_ws2/src/install/nav2_msgs/share/nav2_msgs/environment/pythonpath.sh
[17.548s] -- Symlinking: /home/administrator/husky_ws2/src/install/nav2_msgs/share/nav2_msgs/environment/pythonpath.dsv
[17.598s] -- Symlinking: /home/administrator/husky_ws2/src/install/nav2_msgs/lib/python3.8/site-packages/nav2_msgs/__init__.py
[17.676s] -- Symlinking: /home/administrator/husky_ws2/src/install/nav2_msgs/lib/python3.8/site-packages/nav2_msgs/msg/__init__.py
[17.721s] -- Symlinking: /home/administrator/husky_ws2/src/install/nav2_msgs/lib/python3.8/site-packages/nav2_msgs/msg/_behavior_tree_log.py
[17.735s] -- Symlinking: /home/administrator/husky_ws2/src/install/nav2_msgs/lib/python3.8/site-packages/nav2_msgs/msg/_behavior_tree_status_change.py
[17.791s] -- Symlinking: /home/administrator/husky_ws2/src/install/nav2_msgs/lib/python3.8/site-packages/nav2_msgs/msg/_costmap.py
[17.831s] -- Symlinking: /home/administrator/husky_ws2/src/install/nav2_msgs/lib/python3.8/site-packages/nav2_msgs/msg/_costmap_meta_data.py
[17.880s] -- Symlinking: /home/administrator/husky_ws2/src/install/nav2_msgs/lib/python3.8/site-packages/nav2_msgs/msg/_particle.py
[17.953s] -- Symlinking: /home/administrator/husky_ws2/src/install/nav2_msgs/lib/python3.8/site-packages/nav2_msgs/msg/_particle_cloud.py
[18.013s] -- Symlinking: /home/administrator/husky_ws2/src/install/nav2_msgs/lib/python3.8/site-packages/nav2_msgs/msg/_voxel_grid.py
[18.123s] -- Symlinking: /home/administrator/husky_ws2/src/install/nav2_msgs/lib/python3.8/site-packages/nav2_msgs/srv/__init__.py
[18.178s] -- Symlinking: /home/administrator/husky_ws2/src/install/nav2_msgs/lib/python3.8/site-packages/nav2_msgs/srv/_clear_costmap_around_robot.py
[18.255s] -- Symlinking: /home/administrator/husky_ws2/src/install/nav2_msgs/lib/python3.8/site-packages/nav2_msgs/srv/_clear_costmap_except_region.py
[18.324s] -- Symlinking: /home/administrator/husky_ws2/src/install/nav2_msgs/lib/python3.8/site-packages/nav2_msgs/srv/_clear_entire_costmap.py
[18.368s] -- Symlinking: /home/administrator/husky_ws2/src/install/nav2_msgs/lib/python3.8/site-packages/nav2_msgs/srv/_get_costmap.py
[18.425s] -- Symlinking: /home/administrator/husky_ws2/src/install/nav2_msgs/lib/python3.8/site-packages/nav2_msgs/srv/_load_map.py
[18.516s] -- Symlinking: /home/administrator/husky_ws2/src/install/nav2_msgs/lib/python3.8/site-packages/nav2_msgs/srv/_manage_lifecycle_nodes.py
[18.601s] -- Symlinking: /home/administrator/husky_ws2/src/install/nav2_msgs/lib/python3.8/site-packages/nav2_msgs/srv/_save_map.py
[18.684s] -- Symlinking: /home/administrator/husky_ws2/src/install/nav2_msgs/lib/python3.8/site-packages/nav2_msgs/action/__init__.py
[18.747s] -- Symlinking: /home/administrator/husky_ws2/src/install/nav2_msgs/lib/python3.8/site-packages/nav2_msgs/action/_back_up.py
[18.812s] -- Symlinking: /home/administrator/husky_ws2/src/install/nav2_msgs/lib/python3.8/site-packages/nav2_msgs/action/_compute_path_through_poses.py
[18.878s] -- Symlinking: /home/administrator/husky_ws2/src/install/nav2_msgs/lib/python3.8/site-packages/nav2_msgs/action/_compute_path_to_pose.py
[18.936s] -- Symlinking: /home/administrator/husky_ws2/src/install/nav2_msgs/lib/python3.8/site-packages/nav2_msgs/action/_dummy_recovery.py
[18.978s] -- Symlinking: /home/administrator/husky_ws2/src/install/nav2_msgs/lib/python3.8/site-packages/nav2_msgs/action/_follow_path.py
[19.022s] -- Symlinking: /home/administrator/husky_ws2/src/install/nav2_msgs/lib/python3.8/site-packages/nav2_msgs/action/_follow_waypoints.py
[19.075s] -- Symlinking: /home/administrator/husky_ws2/src/install/nav2_msgs/lib/python3.8/site-packages/nav2_msgs/action/_navigate_through_poses.py
[19.135s] -- Symlinking: /home/administrator/husky_ws2/src/install/nav2_msgs/lib/python3.8/site-packages/nav2_msgs/action/_navigate_to_pose.py
[19.195s] -- Symlinking: /home/administrator/husky_ws2/src/install/nav2_msgs/lib/python3.8/site-packages/nav2_msgs/action/_spin.py
[19.262s] -- Symlinking: /home/administrator/husky_ws2/src/install/nav2_msgs/lib/python3.8/site-packages/nav2_msgs/action/_wait.py
[19.306s] -- Symlinking: /home/administrator/husky_ws2/src/install/nav2_msgs/lib/python3.8/site-packages/nav2_msgs/nav2_msgs_s__rosidl_typesupport_fastrtps_c.cpython-38-x86_64-linux-gnu.so
[19.344s] -- Symlinking: /home/administrator/husky_ws2/src/install/nav2_msgs/lib/python3.8/site-packages/nav2_msgs/nav2_msgs_s__rosidl_typesupport_introspection_c.cpython-38-x86_64-linux-gnu.so
[19.398s] -- Symlinking: /home/administrator/husky_ws2/src/install/nav2_msgs/lib/python3.8/site-packages/nav2_msgs/nav2_msgs_s__rosidl_typesupport_c.cpython-38-x86_64-linux-gnu.so
[19.474s] -- Symlinking: /home/administrator/husky_ws2/src/install/nav2_msgs/lib/libnav2_msgs__python.so
[19.515s] -- Symlinking: /home/administrator/husky_ws2/src/install/nav2_msgs/share/nav2_msgs/msg/Costmap.idl
[19.559s] -- Symlinking: /home/administrator/husky_ws2/src/install/nav2_msgs/share/nav2_msgs/msg/CostmapMetaData.idl
[19.606s] -- Symlinking: /home/administrator/husky_ws2/src/install/nav2_msgs/share/nav2_msgs/msg/VoxelGrid.idl
[19.642s] -- Symlinking: /home/administrator/husky_ws2/src/install/nav2_msgs/share/nav2_msgs/msg/BehaviorTreeStatusChange.idl
[19.685s] -- Symlinking: /home/administrator/husky_ws2/src/install/nav2_msgs/share/nav2_msgs/msg/BehaviorTreeLog.idl
[19.730s] -- Symlinking: /home/administrator/husky_ws2/src/install/nav2_msgs/share/nav2_msgs/msg/Particle.idl
[19.762s] -- Symlinking: /home/administrator/husky_ws2/src/install/nav2_msgs/share/nav2_msgs/msg/ParticleCloud.idl
[19.799s] -- Symlinking: /home/administrator/husky_ws2/src/install/nav2_msgs/share/nav2_msgs/srv/GetCostmap.idl
[19.852s] -- Symlinking: /home/administrator/husky_ws2/src/install/nav2_msgs/share/nav2_msgs/srv/ClearCostmapExceptRegion.idl
[19.898s] -- Symlinking: /home/administrator/husky_ws2/src/install/nav2_msgs/share/nav2_msgs/srv/ClearCostmapAroundRobot.idl
[19.923s] -- Symlinking: /home/administrator/husky_ws2/src/install/nav2_msgs/share/nav2_msgs/srv/ClearEntireCostmap.idl
[19.951s] -- Symlinking: /home/administrator/husky_ws2/src/install/nav2_msgs/share/nav2_msgs/srv/ManageLifecycleNodes.idl
[19.968s] -- Symlinking: /home/administrator/husky_ws2/src/install/nav2_msgs/share/nav2_msgs/srv/LoadMap.idl
[19.983s] -- Symlinking: /home/administrator/husky_ws2/src/install/nav2_msgs/share/nav2_msgs/srv/SaveMap.idl
[20.047s] -- Symlinking: /home/administrator/husky_ws2/src/install/nav2_msgs/share/nav2_msgs/action/BackUp.idl
[20.088s] -- Symlinking: /home/administrator/husky_ws2/src/install/nav2_msgs/share/nav2_msgs/action/ComputePathToPose.idl
[20.137s] -- Symlinking: /home/administrator/husky_ws2/src/install/nav2_msgs/share/nav2_msgs/action/FollowPath.idl
[20.179s] -- Symlinking: /home/administrator/husky_ws2/src/install/nav2_msgs/share/nav2_msgs/action/NavigateToPose.idl
[20.219s] -- Symlinking: /home/administrator/husky_ws2/src/install/nav2_msgs/share/nav2_msgs/action/Wait.idl
[20.257s] -- Symlinking: /home/administrator/husky_ws2/src/install/nav2_msgs/share/nav2_msgs/action/Spin.idl
[20.295s] -- Symlinking: /home/administrator/husky_ws2/src/install/nav2_msgs/share/nav2_msgs/action/DummyRecovery.idl
[20.328s] -- Symlinking: /home/administrator/husky_ws2/src/install/nav2_msgs/share/nav2_msgs/action/FollowWaypoints.idl
[20.387s] -- Symlinking: /home/administrator/husky_ws2/src/install/nav2_msgs/share/nav2_msgs/action/NavigateThroughPoses.idl
[20.433s] -- Symlinking: /home/administrator/husky_ws2/src/install/nav2_msgs/share/nav2_msgs/action/ComputePathThroughPoses.idl
[20.466s] -- Symlinking: /home/administrator/husky_ws2/src/install/nav2_msgs/share/nav2_msgs/msg/Costmap.msg
[20.535s] -- Symlinking: /home/administrator/husky_ws2/src/install/nav2_msgs/share/nav2_msgs/msg/CostmapMetaData.msg
[20.606s] -- Symlinking: /home/administrator/husky_ws2/src/install/nav2_msgs/share/nav2_msgs/msg/VoxelGrid.msg
[20.654s] -- Symlinking: /home/administrator/husky_ws2/src/install/nav2_msgs/share/nav2_msgs/msg/BehaviorTreeStatusChange.msg
[20.682s] -- Symlinking: /home/administrator/husky_ws2/src/install/nav2_msgs/share/nav2_msgs/msg/BehaviorTreeLog.msg
[20.700s] -- Symlinking: /home/administrator/husky_ws2/src/install/nav2_msgs/share/nav2_msgs/msg/Particle.msg
[20.735s] -- Symlinking: /home/administrator/husky_ws2/src/install/nav2_msgs/share/nav2_msgs/msg/ParticleCloud.msg
[20.764s] -- Symlinking: /home/administrator/husky_ws2/src/install/nav2_msgs/share/nav2_msgs/srv/GetCostmap.srv
[20.810s] -- Symlinking: /home/administrator/husky_ws2/src/install/nav2_msgs/share/nav2_msgs/srv/GetCostmap_Request.msg
[20.829s] -- Symlinking: /home/administrator/husky_ws2/src/install/nav2_msgs/share/nav2_msgs/srv/GetCostmap_Response.msg
[20.875s] -- Symlinking: /home/administrator/husky_ws2/src/install/nav2_msgs/share/nav2_msgs/srv/ClearCostmapExceptRegion.srv
[20.905s] -- Symlinking: /home/administrator/husky_ws2/src/install/nav2_msgs/share/nav2_msgs/srv/ClearCostmapExceptRegion_Request.msg
[20.942s] -- Symlinking: /home/administrator/husky_ws2/src/install/nav2_msgs/share/nav2_msgs/srv/ClearCostmapExceptRegion_Response.msg
[20.958s] -- Symlinking: /home/administrator/husky_ws2/src/install/nav2_msgs/share/nav2_msgs/srv/ClearCostmapAroundRobot.srv
[20.976s] -- Symlinking: /home/administrator/husky_ws2/src/install/nav2_msgs/share/nav2_msgs/srv/ClearCostmapAroundRobot_Request.msg
[21.007s] -- Symlinking: /home/administrator/husky_ws2/src/install/nav2_msgs/share/nav2_msgs/srv/ClearCostmapAroundRobot_Response.msg
[21.056s] -- Symlinking: /home/administrator/husky_ws2/src/install/nav2_msgs/share/nav2_msgs/srv/ClearEntireCostmap.srv
[21.110s] -- Symlinking: /home/administrator/husky_ws2/src/install/nav2_msgs/share/nav2_msgs/srv/ClearEntireCostmap_Request.msg
[21.164s] -- Symlinking: /home/administrator/husky_ws2/src/install/nav2_msgs/share/nav2_msgs/srv/ClearEntireCostmap_Response.msg
[21.203s] -- Symlinking: /home/administrator/husky_ws2/src/install/nav2_msgs/share/nav2_msgs/srv/ManageLifecycleNodes.srv
[21.244s] -- Symlinking: /home/administrator/husky_ws2/src/install/nav2_msgs/share/nav2_msgs/srv/ManageLifecycleNodes_Request.msg
[21.293s] -- Symlinking: /home/administrator/husky_ws2/src/install/nav2_msgs/share/nav2_msgs/srv/ManageLifecycleNodes_Response.msg
[21.338s] -- Symlinking: /home/administrator/husky_ws2/src/install/nav2_msgs/share/nav2_msgs/srv/LoadMap.srv
[21.395s] -- Symlinking: /home/administrator/husky_ws2/src/install/nav2_msgs/share/nav2_msgs/srv/LoadMap_Request.msg
[21.481s] -- Symlinking: /home/administrator/husky_ws2/src/install/nav2_msgs/share/nav2_msgs/srv/LoadMap_Response.msg
[21.537s] -- Symlinking: /home/administrator/husky_ws2/src/install/nav2_msgs/share/nav2_msgs/srv/SaveMap.srv
[21.607s] -- Symlinking: /home/administrator/husky_ws2/src/install/nav2_msgs/share/nav2_msgs/srv/SaveMap_Request.msg
[21.655s] -- Symlinking: /home/administrator/husky_ws2/src/install/nav2_msgs/share/nav2_msgs/srv/SaveMap_Response.msg
[21.702s] -- Symlinking: /home/administrator/husky_ws2/src/install/nav2_msgs/share/nav2_msgs/action/BackUp.action
[21.772s] -- Symlinking: /home/administrator/husky_ws2/src/install/nav2_msgs/share/nav2_msgs/action/ComputePathToPose.action
[21.820s] -- Symlinking: /home/administrator/husky_ws2/src/install/nav2_msgs/share/nav2_msgs/action/FollowPath.action
[21.868s] -- Symlinking: /home/administrator/husky_ws2/src/install/nav2_msgs/share/nav2_msgs/action/NavigateToPose.action
[21.952s] -- Symlinking: /home/administrator/husky_ws2/src/install/nav2_msgs/share/nav2_msgs/action/Wait.action
[22.015s] -- Symlinking: /home/administrator/husky_ws2/src/install/nav2_msgs/share/nav2_msgs/action/Spin.action
[22.067s] -- Symlinking: /home/administrator/husky_ws2/src/install/nav2_msgs/share/nav2_msgs/action/DummyRecovery.action
[22.107s] -- Symlinking: /home/administrator/husky_ws2/src/install/nav2_msgs/share/nav2_msgs/action/FollowWaypoints.action
[22.166s] -- Symlinking: /home/administrator/husky_ws2/src/install/nav2_msgs/share/nav2_msgs/action/NavigateThroughPoses.action
[22.223s] -- Symlinking: /home/administrator/husky_ws2/src/install/nav2_msgs/share/nav2_msgs/action/ComputePathThroughPoses.action
[22.284s] -- Symlinking: /home/administrator/husky_ws2/src/install/nav2_msgs/share/ament_index/resource_index/package_run_dependencies/nav2_msgs
[22.349s] -- Symlinking: /home/administrator/husky_ws2/src/install/nav2_msgs/share/ament_index/resource_index/parent_prefix_path/nav2_msgs
[22.388s] -- Symlinking: /home/administrator/husky_ws2/src/install/nav2_msgs/share/nav2_msgs/environment/ament_prefix_path.sh
[22.491s] -- Symlinking: /home/administrator/husky_ws2/src/install/nav2_msgs/share/nav2_msgs/environment/ament_prefix_path.dsv
[22.571s] -- Symlinking: /home/administrator/husky_ws2/src/install/nav2_msgs/share/nav2_msgs/environment/path.sh
[22.640s] -- Symlinking: /home/administrator/husky_ws2/src/install/nav2_msgs/share/nav2_msgs/environment/path.dsv
[22.704s] -- Symlinking: /home/administrator/husky_ws2/src/install/nav2_msgs/share/nav2_msgs/local_setup.bash
[22.776s] -- Symlinking: /home/administrator/husky_ws2/src/install/nav2_msgs/share/nav2_msgs/local_setup.sh
[22.871s] -- Symlinking: /home/administrator/husky_ws2/src/install/nav2_msgs/share/nav2_msgs/local_setup.zsh
[22.945s] -- Symlinking: /home/administrator/husky_ws2/src/install/nav2_msgs/share/nav2_msgs/local_setup.dsv
[23.024s] -- Symlinking: /home/administrator/husky_ws2/src/install/nav2_msgs/share/nav2_msgs/package.dsv
[23.094s] -- Symlinking: /home/administrator/husky_ws2/src/install/nav2_msgs/share/ament_index/resource_index/packages/nav2_msgs
[23.156s] -- Symlinking: /home/administrator/husky_ws2/src/install/nav2_msgs/share/nav2_msgs/cmake/rosidl_cmake-extras.cmake
[23.214s] -- Symlinking: /home/administrator/husky_ws2/src/install/nav2_msgs/share/nav2_msgs/cmake/ament_cmake_export_dependencies-extras.cmake
[23.263s] -- Symlinking: /home/administrator/husky_ws2/src/install/nav2_msgs/share/nav2_msgs/cmake/ament_cmake_export_libraries-extras.cmake
[23.293s] -- Symlinking: /home/administrator/husky_ws2/src/install/nav2_msgs/share/nav2_msgs/cmake/ament_cmake_export_targets-extras.cmake
[23.345s] -- Symlinking: /home/administrator/husky_ws2/src/install/nav2_msgs/share/nav2_msgs/cmake/ament_cmake_export_include_directories-extras.cmake
[23.424s] -- Symlinking: /home/administrator/husky_ws2/src/install/nav2_msgs/share/nav2_msgs/cmake/rosidl_cmake_export_typesupport_libraries-extras.cmake
[23.481s] -- Symlinking: /home/administrator/husky_ws2/src/install/nav2_msgs/share/nav2_msgs/cmake/rosidl_cmake_export_typesupport_targets-extras.cmake
[23.549s] -- Symlinking: /home/administrator/husky_ws2/src/install/nav2_msgs/share/nav2_msgs/cmake/nav2_msgsConfig.cmake
[23.581s] -- Symlinking: /home/administrator/husky_ws2/src/install/nav2_msgs/share/nav2_msgs/cmake/nav2_msgsConfig-version.cmake
[23.647s] -- Symlinking: /home/administrator/husky_ws2/src/install/nav2_msgs/share/nav2_msgs/package.xml
[23.701s] -- Installing: /home/administrator/husky_ws2/src/install/nav2_msgs/lib/libnav2_msgs__rosidl_generator_c.so
[23.703s] -- Set runtime path of "/home/administrator/husky_ws2/src/install/nav2_msgs/lib/libnav2_msgs__rosidl_generator_c.so" to ""
[23.703s] -- Installing: /home/administrator/husky_ws2/src/install/nav2_msgs/lib/libnav2_msgs__rosidl_typesupport_introspection_c.so
[23.703s] -- Set runtime path of "/home/administrator/husky_ws2/src/install/nav2_msgs/lib/libnav2_msgs__rosidl_typesupport_introspection_c.so" to ""
[23.703s] -- Installing: /home/administrator/husky_ws2/src/install/nav2_msgs/lib/libnav2_msgs__rosidl_typesupport_c.so
[23.703s] -- Set runtime path of "/home/administrator/husky_ws2/src/install/nav2_msgs/lib/libnav2_msgs__rosidl_typesupport_c.so" to ""
[23.703s] -- Installing: /home/administrator/husky_ws2/src/install/nav2_msgs/lib/libnav2_msgs__rosidl_typesupport_introspection_cpp.so
[23.703s] -- Set runtime path of "/home/administrator/husky_ws2/src/install/nav2_msgs/lib/libnav2_msgs__rosidl_typesupport_introspection_cpp.so" to ""
[23.703s] -- Installing: /home/administrator/husky_ws2/src/install/nav2_msgs/lib/libnav2_msgs__rosidl_typesupport_cpp.so
[23.705s] -- Set runtime path of "/home/administrator/husky_ws2/src/install/nav2_msgs/lib/libnav2_msgs__rosidl_typesupport_cpp.so" to ""
[23.858s] Compiling '/home/administrator/husky_ws2/src/install/nav2_msgs/lib/python3.8/site-packages/nav2_msgs/__init__.py'...
[23.881s] -- Installing: /home/administrator/husky_ws2/src/install/nav2_msgs/share/nav2_msgs/cmake/nav2_msgs__rosidl_generator_cExport.cmake
[23.881s] -- Installing: /home/administrator/husky_ws2/src/install/nav2_msgs/share/nav2_msgs/cmake/nav2_msgs__rosidl_generator_cExport-release.cmake
[23.881s] -- Installing: /home/administrator/husky_ws2/src/install/nav2_msgs/share/nav2_msgs/cmake/nav2_msgs__rosidl_typesupport_introspection_cExport.cmake
[23.881s] -- Installing: /home/administrator/husky_ws2/src/install/nav2_msgs/share/nav2_msgs/cmake/nav2_msgs__rosidl_typesupport_introspection_cExport-release.cmake
[23.881s] -- Installing: /home/administrator/husky_ws2/src/install/nav2_msgs/share/nav2_msgs/cmake/nav2_msgs__rosidl_typesupport_cExport.cmake
[23.881s] -- Installing: /home/administrator/husky_ws2/src/install/nav2_msgs/share/nav2_msgs/cmake/nav2_msgs__rosidl_typesupport_cExport-release.cmake
[23.882s] -- Installing: /home/administrator/husky_ws2/src/install/nav2_msgs/share/nav2_msgs/cmake/nav2_msgs__rosidl_generator_cppExport.cmake
[23.882s] -- Installing: /home/administrator/husky_ws2/src/install/nav2_msgs/share/nav2_msgs/cmake/nav2_msgs__rosidl_typesupport_introspection_cppExport.cmake
[23.882s] -- Installing: /home/administrator/husky_ws2/src/install/nav2_msgs/share/nav2_msgs/cmake/nav2_msgs__rosidl_typesupport_introspection_cppExport-release.cmake
[23.882s] -- Installing: /home/administrator/husky_ws2/src/install/nav2_msgs/share/nav2_msgs/cmake/nav2_msgs__rosidl_typesupport_cppExport.cmake
[23.882s] -- Installing: /home/administrator/husky_ws2/src/install/nav2_msgs/share/nav2_msgs/cmake/nav2_msgs__rosidl_typesupport_cppExport-release.cmake
[23.889s] Invoked command in '/home/administrator/husky_ws2/src/build/nav2_msgs' returned '0': AMENT_PREFIX_PATH=/home/administrator/husky_ws2/src/install/nav2_common:${AMENT_PREFIX_PATH} CMAKE_PREFIX_PATH=/home/administrator/husky_ws2/src/install/nav2_common:/home/administrator/husky_ws2/install/zed_ros2:/home/administrator/husky_ws2/install/zed_display_rviz2:/home/administrator/husky_ws2/install/zed_wrapper:/home/administrator/husky_ws2/install/zed_tutorial_video:/home/administrator/husky_ws2/install/zed_tutorial_pos_tracking:/home/administrator/husky_ws2/install/zed_tutorial_depth:/home/administrator/husky_ws2/install/zed_rgb_convert:/home/administrator/husky_ws2/install/zed_components:/home/administrator/husky_ws2/install/rviz_plugin_zed_od:/home/administrator/husky_ws2/install/zed_interfaces:/home/administrator/husky_ws2/install/velodyne_simulator:/home/administrator/husky_ws2/install/velodyne_gazebo_plugins:/home/administrator/husky_ws2/install/husky_desktop:/home/administrator/husky_ws2/install/husky_viz:/home/administrator/husky_ws2/install/husky_simulator:/home/administrator/husky_ws2/install/husky_robot:/home/administrator/husky_ws2/install/husky_gazebo:/home/administrator/husky_ws2/install/husky_bringup:/home/administrator/husky_ws2/install/husky_control:/home/administrator/husky_ws2/install/husky_description:/home/administrator/husky_ws2/install/velodyne_description:/home/administrator/husky_ws2/install/um7:/home/administrator/husky_ws2/install/swri_route_util:/home/administrator/husky_ws2/install/swri_transform_util:/home/administrator/husky_ws2/install/swri_system_util:/home/administrator/husky_ws2/install/swri_serial_util:/home/administrator/husky_ws2/install/swri_image_util:/home/administrator/husky_ws2/install/swri_roscpp:/home/administrator/husky_ws2/install/swri_prefix_tools:/home/administrator/husky_ws2/install/swri_opencv_util:/home/administrator/husky_ws2/install/swri_math_util:/home/administrator/husky_ws2/install/swri_geometry_util:/home/administrator/husky_ws2/install/swri_dbw_interface:/home/administrator/husky_ws2/install/swri_console_util:/home/administrator/husky_ws2/install/nav2_system_tests:/home/administrator/husky_ws2/install/nav2_bringup:/home/administrator/husky_ws2/install/navigation2:/home/administrator/husky_ws2/install/smac_planner:/home/administrator/husky_ws2/install/pointcloud_to_laserscan:/home/administrator/husky_ws2/install/nav2_dwb_controller:/home/administrator/husky_ws2/install/nav2_controller:/home/administrator/husky_ws2/install/dwb_plugins:/home/administrator/husky_ws2/install/dwb_critics:/home/administrator/husky_ws2/install/dwb_core:/home/administrator/husky_ws2/install/nav_2d_utils:/home/administrator/husky_ws2/install/dwb_msgs:/home/administrator/husky_ws2/install/nav_2d_msgs:/home/administrator/husky_ws2/install/nav2_waypoint_follower:/home/administrator/husky_ws2/install/nav2_regulated_pure_pursuit_controller:/home/administrator/husky_ws2/install/nav2_recoveries:/home/administrator/husky_ws2/install/nav2_planner:/home/administrator/husky_ws2/install/nav2_navfn_planner:/home/administrator/husky_ws2/install/nav2_core:/home/administrator/husky_ws2/install/costmap_queue:/home/administrator/husky_ws2/install/nav2_costmap_2d:/home/administrator/husky_ws2/install/nav2_voxel_grid:/home/administrator/husky_ws2/install/nav2_rviz_plugins:/home/administrator/husky_ws2/install/nav2_map_server:/home/administrator/husky_ws2/install/nav2_lifecycle_manager:/home/administrator/husky_ws2/install/nav2_bt_navigator:/home/administrator/husky_ws2/install/nav2_behavior_tree:/home/administrator/husky_ws2/install/nav2_amcl:/home/administrator/husky_ws2/install/nav2_util:/home/administrator/husky_ws2/install/nav2_msgs:/home/administrator/husky_ws2/install/nav2_common:/home/administrator/husky_ws2/install/microstrain_inertial_examples:/home/administrator/husky_ws2/install/microstrain_inertial_driver:/home/administrator/husky_ws2/install/microstrain_inertial_msgs:/home/administrator/husky_ws2/install/local_nav_pkg:/home/administrator/husky_ws2/install/image_common:/home/administrator/husky_ws2/install/image_transport:/home/administrator/husky_ws2/install/husky_base:/home/administrator/husky_ws2/install/husky_msgs:/home/administrator/husky_ws2/install/hector_gazebo:/home/administrator/husky_ws2/install/hector_gazebo_worlds:/home/administrator/husky_ws2/install/hector_gazebo_plugins:/home/administrator/husky_ws2/install/custom_nav_stack_pkg:/home/administrator/husky_ws2/install/camera_info_manager:/home/administrator/husky_ws2/install/camera_calibration_parsers:/home/administrator/richo_theta_ws/install/penguin_detection:/home/administrator/husky_ws2/install/nav2_gazebo_spawner:/home/administrator/husky_ws2/install/microstrain_inertial_rqt:/home/administrator/husky_ws2/install/gps_goal:/opt/ros/foxy:/opt/ros/noetic PYTHONPATH=/home/administrator/husky_ws2/src/install/nav2_common/lib/python3.8/site-packages:${PYTHONPATH} /usr/bin/cmake --install /home/administrator/husky_ws2/src/build/nav2_msgs
