[0.000000] (-) TimerEvent: {}
[0.000148] (-) JobUnselected: {'identifier': 'camera_calibration_parsers'}
[0.000299] (-) JobUnselected: {'identifier': 'camera_info_manager'}
[0.000368] (-) JobUnselected: {'identifier': 'costmap_queue'}
[0.000380] (-) JobUnselected: {'identifier': 'custom_nav_stack_pkg'}
[0.000391] (-) JobUnselected: {'identifier': 'dwb_core'}
[0.000401] (-) JobUnselected: {'identifier': 'dwb_critics'}
[0.000414] (-) JobUnselected: {'identifier': 'dwb_msgs'}
[0.000424] (-) JobUnselected: {'identifier': 'dwb_plugins'}
[0.000434] (-) JobUnselected: {'identifier': 'gps_goal'}
[0.000444] (-) JobUnselected: {'identifier': 'hector_gazebo'}
[0.000453] (-) JobUnselected: {'identifier': 'hector_gazebo_plugins'}
[0.000463] (-) JobUnselected: {'identifier': 'hector_gazebo_worlds'}
[0.000472] (-) JobUnselected: {'identifier': 'husky_base'}
[0.000482] (-) JobUnselected: {'identifier': 'husky_bringup'}
[0.000491] (-) JobUnselected: {'identifier': 'husky_control'}
[0.000501] (-) JobUnselected: {'identifier': 'husky_description'}
[0.000511] (-) JobUnselected: {'identifier': 'husky_desktop'}
[0.000520] (-) JobUnselected: {'identifier': 'husky_gazebo'}
[0.000530] (-) JobUnselected: {'identifier': 'husky_msgs'}
[0.000546] (-) JobUnselected: {'identifier': 'husky_robot'}
[0.000556] (-) JobUnselected: {'identifier': 'husky_simulator'}
[0.000565] (-) JobUnselected: {'identifier': 'husky_viz'}
[0.000575] (-) JobUnselected: {'identifier': 'image_common'}
[0.000584] (-) JobUnselected: {'identifier': 'image_transport'}
[0.000594] (-) JobUnselected: {'identifier': 'local_nav_pkg'}
[0.000603] (-) JobUnselected: {'identifier': 'microstrain_inertial_driver'}
[0.000613] (-) JobUnselected: {'identifier': 'microstrain_inertial_examples'}
[0.000622] (-) JobUnselected: {'identifier': 'microstrain_inertial_msgs'}
[0.000632] (-) JobUnselected: {'identifier': 'microstrain_inertial_rqt'}
[0.000641] (-) JobUnselected: {'identifier': 'nav2_amcl'}
[0.000650] (-) JobUnselected: {'identifier': 'nav2_behavior_tree'}
[0.000659] (-) JobUnselected: {'identifier': 'nav2_bringup'}
[0.000669] (-) JobUnselected: {'identifier': 'nav2_bt_navigator'}
[0.000678] (-) JobUnselected: {'identifier': 'nav2_common'}
[0.000688] (-) JobUnselected: {'identifier': 'nav2_controller'}
[0.000697] (-) JobUnselected: {'identifier': 'nav2_core'}
[0.000707] (-) JobUnselected: {'identifier': 'nav2_costmap_2d'}
[0.000716] (-) JobUnselected: {'identifier': 'nav2_dwb_controller'}
[0.000725] (-) JobUnselected: {'identifier': 'nav2_gazebo_spawner'}
[0.000735] (-) JobUnselected: {'identifier': 'nav2_lifecycle_manager'}
[0.000744] (-) JobUnselected: {'identifier': 'nav2_map_server'}
[0.000754] (-) JobUnselected: {'identifier': 'nav2_msgs'}
[0.000764] (-) JobUnselected: {'identifier': 'nav2_navfn_planner'}
[0.000773] (-) JobUnselected: {'identifier': 'nav2_planner'}
[0.000783] (-) JobUnselected: {'identifier': 'nav2_recoveries'}
[0.000792] (-) JobUnselected: {'identifier': 'nav2_regulated_pure_pursuit_controller'}
[0.000802] (-) JobUnselected: {'identifier': 'nav2_rviz_plugins'}
[0.000811] (-) JobUnselected: {'identifier': 'nav2_system_tests'}
[0.000820] (-) JobUnselected: {'identifier': 'nav2_util'}
[0.000830] (-) JobUnselected: {'identifier': 'nav2_voxel_grid'}
[0.000839] (-) JobUnselected: {'identifier': 'nav2_waypoint_follower'}
[0.000848] (-) JobUnselected: {'identifier': 'nav_2d_msgs'}
[0.000858] (-) JobUnselected: {'identifier': 'nav_2d_utils'}
[0.000867] (-) JobUnselected: {'identifier': 'navigation2'}
[0.000877] (-) JobUnselected: {'identifier': 'plotjuggler'}
[0.000886] (-) JobUnselected: {'identifier': 'plotjuggler_msgs'}
[0.000895] (-) JobUnselected: {'identifier': 'pointcloud_to_laserscan'}
[0.000905] (-) JobUnselected: {'identifier': 'rviz_plugin_zed_od'}
[0.000914] (-) JobUnselected: {'identifier': 'smac_planner'}
[0.000924] (-) JobUnselected: {'identifier': 'swri_console_util'}
[0.000933] (-) JobUnselected: {'identifier': 'swri_dbw_interface'}
[0.000943] (-) JobUnselected: {'identifier': 'swri_geometry_util'}
[0.000954] (-) JobUnselected: {'identifier': 'swri_image_util'}
[0.001061] (-) JobUnselected: {'identifier': 'swri_math_util'}
[0.001071] (-) JobUnselected: {'identifier': 'swri_opencv_util'}
[0.001081] (-) JobUnselected: {'identifier': 'swri_prefix_tools'}
[0.001093] (-) JobUnselected: {'identifier': 'swri_roscpp'}
[0.001103] (-) JobUnselected: {'identifier': 'swri_route_util'}
[0.001112] (-) JobUnselected: {'identifier': 'swri_serial_util'}
[0.001122] (-) JobUnselected: {'identifier': 'swri_system_util'}
[0.001131] (-) JobUnselected: {'identifier': 'swri_transform_util'}
[0.001140] (-) JobUnselected: {'identifier': 'velodyne_description'}
[0.001150] (-) JobUnselected: {'identifier': 'velodyne_gazebo_plugins'}
[0.001159] (-) JobUnselected: {'identifier': 'velodyne_simulator'}
[0.001169] (-) JobUnselected: {'identifier': 'zed_components'}
[0.001178] (-) JobUnselected: {'identifier': 'zed_display_rviz2'}
[0.001187] (-) JobUnselected: {'identifier': 'zed_interfaces'}
[0.001201] (-) JobUnselected: {'identifier': 'zed_rgb_convert'}
[0.001211] (-) JobUnselected: {'identifier': 'zed_ros2'}
[0.001220] (-) JobUnselected: {'identifier': 'zed_tutorial_depth'}
[0.001229] (-) JobUnselected: {'identifier': 'zed_tutorial_pos_tracking'}
[0.001239] (-) JobUnselected: {'identifier': 'zed_tutorial_video'}
[0.001248] (-) JobUnselected: {'identifier': 'zed_wrapper'}
[0.001451] (-) EventReactorShutdown: {}
