-- The C compiler identification is GNU 9.4.0
-- The CXX compiler identification is GNU 9.4.0
-- Check for working C compiler: /usr/bin/cc
-- Check for working C compiler: /usr/bin/cc -- works
-- Detecting C compiler ABI info
-- Detecting C compiler ABI info - done
-- Detecting C compile features
-- Detecting C compile features - done
-- Check for working CXX compiler: /usr/bin/c++
-- Check for working CXX compiler: /usr/bin/c++ -- works
-- Detecting CXX compiler ABI info
-- Detecting CXX compiler ABI info - done
-- Detecting CXX compile features
-- Detecting CXX compile features - done
-- Found ament_cmake: 0.9.9 (/opt/ros/foxy/share/ament_cmake/cmake)
-- Found PythonInterp: /usr/bin/python3 (found suitable version "3.8.10", minimum required is "3") 
-- Using PYTHON_EXECUTABLE: /usr/bin/python3
-- Override CMake install command with custom implementation using symlinks instead of copying resources
-- Found rclcpp: 2.4.1 (/opt/ros/foxy/share/rclcpp/cmake)
-- Using all available rosidl_typesupport_c: rosidl_typesupport_fastrtps_c;rosidl_typesupport_introspection_c
-- Found rosidl_adapter: 1.2.1 (/opt/ros/foxy/share/rosidl_adapter/cmake)
-- Found OpenSSL: /usr/lib/x86_64-linux-gnu/libcrypto.so (found version "1.1.1f")  
-- Found FastRTPS: /opt/ros/foxy/include  
-- Using all available rosidl_typesupport_cpp: rosidl_typesupport_fastrtps_cpp;rosidl_typesupport_introspection_cpp
-- Found rmw_implementation_cmake: 1.0.3 (/opt/ros/foxy/share/rmw_implementation_cmake/cmake)
-- Using RMW implementation 'rmw_fastrtps_cpp' as default
-- Looking for pthread.h
-- Looking for pthread.h - found
-- Performing Test CMAKE_HAVE_LIBC_PTHREAD
-- Performing Test CMAKE_HAVE_LIBC_PTHREAD - Failed
-- Looking for pthread_create in pthreads
-- Looking for pthread_create in pthreads - not found
-- Looking for pthread_create in pthread
-- Looking for pthread_create in pthread - found
-- Found Threads: TRUE  
-- Found std_srvs: 2.0.5 (/opt/ros/foxy/share/std_srvs/cmake)
-- Found geographic_msgs: 1.0.4 (/opt/ros/foxy/share/geographic_msgs/cmake)
-- Found nav_msgs: 2.0.5 (/opt/ros/foxy/share/nav_msgs/cmake)
-- Found sensor_msgs: 2.0.5 (/opt/ros/foxy/share/sensor_msgs/cmake)
-- Found tf2: 0.13.13 (/opt/ros/foxy/share/tf2/cmake)
-- Found rosidl_default_generators: 1.0.1 (/opt/ros/foxy/share/rosidl_default_generators/cmake)
-- Found PkgConfig: /usr/bin/pkg-config (found version "0.29.1") 
-- Checking for module 'bullet>=2.82'
--   Found bullet, version 2.88
-- Found ccd: /usr/include (found suitable version "2.0", minimum required is "2.0") 
-- Found fcl: /usr/include (found suitable version "0.5.0", minimum required is "0.3.2") 
-- Found assimp: /usr/include (found version "5.0.0") 
-- Found DART: /usr/include (Required is at least version "6.6") found components: dart 
-- Found Boost: /usr/lib/x86_64-linux-gnu/cmake/Boost-1.71.0/BoostConfig.cmake (found suitable version "1.71.0", minimum required is "1.40.0") found components: thread system filesystem program_options regex iostreams date_time 
-- Found Protobuf: /usr/lib/x86_64-linux-gnu/libprotobuf.so;-lpthread (found version "3.6.1") 
-- Looking for ignition-math6 -- found version 6.13.0
-- Searching for dependencies of ignition-math6
-- Looking for OGRE...
-- OGRE_PREFIX_WATCH changed.
-- Checking for module 'OGRE'
--   Found OGRE, version 1.9.0
-- Found Ogre Ghadamon (1.9.0)
-- Found OGRE: optimized;/usr/lib/x86_64-linux-gnu/libOgreMain.so;debug;/usr/lib/x86_64-linux-gnu/libOgreMain.so
-- Looking for OGRE_Paging...
-- Found OGRE_Paging: optimized;/usr/lib/x86_64-linux-gnu/libOgrePaging.so;debug;/usr/lib/x86_64-linux-gnu/libOgrePaging.so
-- Looking for OGRE_Terrain...
-- Found OGRE_Terrain: optimized;/usr/lib/x86_64-linux-gnu/libOgreTerrain.so;debug;/usr/lib/x86_64-linux-gnu/libOgreTerrain.so
-- Looking for OGRE_Property...
-- Found OGRE_Property: optimized;/usr/lib/x86_64-linux-gnu/libOgreProperty.so;debug;/usr/lib/x86_64-linux-gnu/libOgreProperty.so
-- Looking for OGRE_RTShaderSystem...
-- Found OGRE_RTShaderSystem: optimized;/usr/lib/x86_64-linux-gnu/libOgreRTShaderSystem.so;debug;/usr/lib/x86_64-linux-gnu/libOgreRTShaderSystem.so
-- Looking for OGRE_Volume...
-- Found OGRE_Volume: optimized;/usr/lib/x86_64-linux-gnu/libOgreVolume.so;debug;/usr/lib/x86_64-linux-gnu/libOgreVolume.so
-- Looking for OGRE_Overlay...
-- Found OGRE_Overlay: optimized;/usr/lib/x86_64-linux-gnu/libOgreOverlay.so;debug;/usr/lib/x86_64-linux-gnu/libOgreOverlay.so
-- Looking for ignition-math6 -- found version 6.13.0
-- Looking for ignition-transport8 -- found version 8.2.1
-- Searching for dependencies of ignition-transport8
-- Found Protobuf: /usr/lib/x86_64-linux-gnu/libprotobuf.so;-lpthread (found suitable version "3.6.1", minimum required is "3") 
-- Config-file not installed for ZeroMQ -- checking for pkg-config
-- Checking for module 'libzmq >= 4'
--   Found libzmq , version 4.3.2
-- Found ZeroMQ: TRUE (Required is at least version "4") 
-- Checking for module 'uuid'
--   Found uuid, version 2.34.0
-- Found UUID: TRUE  
-- Looking for ignition-msgs5 -- found version 5.9.0
-- Searching for dependencies of ignition-msgs5
-- Looking for ignition-math6 -- found version 6.13.0
-- Checking for module 'tinyxml2'
--   Found tinyxml2, version 6.2.0
-- Looking for ignition-msgs5 -- found version 5.9.0
-- Looking for ignition-common3 -- found version 3.14.0
-- Searching for dependencies of ignition-common3
-- Looking for dlfcn.h - found
-- Looking for libdl - found
-- Found DL: TRUE  
-- Searching for <ignition-common3> component [graphics]
-- Looking for ignition-common3-graphics -- found version 3.14.0
-- Searching for dependencies of ignition-common3-graphics
-- Looking for ignition-math6 -- found version 6.13.0
-- Looking for ignition-fuel_tools4 -- found version 4.4.0
-- Searching for dependencies of ignition-fuel_tools4
-- Found CURL: /usr/lib/x86_64-linux-gnu/libcurl.so (found version "7.68.0")  
-- Checking for module 'jsoncpp'
--   Found jsoncpp, version 1.7.4
-- Found JSONCPP: TRUE  
-- Checking for module 'libzip'
--   Found libzip, version 1.5.1
-- Found ZIP: TRUE  
-- Looking for ignition-common3 -- found version 3.14.0
-- Looking for ignition-math6 -- found version 6.13.0
-- Looking for ignition-msgs5 -- found version 5.9.0
-- Found PythonInterp: /usr/bin/python3 (found version "3.8.10") 
-- Found ament_cmake_ros: 0.9.2 (/opt/ros/foxy/share/ament_cmake_ros/cmake)
-- Using all available rosidl_typesupport_c: rosidl_typesupport_fastrtps_c;rosidl_typesupport_introspection_c
-- Using all available rosidl_typesupport_cpp: rosidl_typesupport_fastrtps_cpp;rosidl_typesupport_introspection_cpp
-- Found PythonInterp: /usr/bin/python3 (found suitable version "3.8.10", minimum required is "3.5") 
-- Found python_cmake_module: 0.8.1 (/opt/ros/foxy/share/python_cmake_module/cmake)
-- Found PythonLibs: /usr/lib/x86_64-linux-gnu/libpython3.8.so (found suitable version "3.8.10", minimum required is "3.5") 
-- Using PYTHON_EXECUTABLE: /usr/bin/python3
-- Using PYTHON_INCLUDE_DIRS: /usr/include/python3.8
-- Using PYTHON_LIBRARIES: /usr/lib/x86_64-linux-gnu/libpython3.8.so
-- Found PythonExtra: .so  
-- Found rmw_fastrtps_cpp: 1.3.0 (/opt/ros/foxy/share/rmw_fastrtps_cpp/cmake)
-- Configuring done
-- Generating done
-- Build files have been written to: /home/administrator/husky_ws2/src/build/hector_gazebo_plugins
[35m[1mScanning dependencies of target hector_gazebo_ros_magnetic[0m
[35m[1mScanning dependencies of target hector_gazebo_plugins__cpp[0m
[35m[1mScanning dependencies of target hector_gazebo_reset_plugin[0m
[  2%] [34m[1mGenerating C code for ROS interfaces[0m
[35m[1mScanning dependencies of target hector_gazebo_ros_sonar[0m
[  4%] [34m[1mGenerating C++ code for ROS interfaces[0m
[  6%] [32mBuilding CXX object CMakeFiles/hector_gazebo_reset_plugin.dir/src/reset_plugin.cpp.o[0m
[  8%] [32mBuilding CXX object CMakeFiles/hector_gazebo_ros_magnetic.dir/src/gazebo_ros_magnetic.cpp.o[0m
[ 10%] [32mBuilding CXX object CMakeFiles/hector_gazebo_ros_sonar.dir/src/gazebo_ros_sonar.cpp.o[0m
[35m[1mScanning dependencies of target hector_gazebo_plugins__rosidl_generator_c[0m
[ 10%] Built target hector_gazebo_plugins__cpp
[ 12%] [32mBuilding C object CMakeFiles/hector_gazebo_plugins__rosidl_generator_c.dir/rosidl_generator_c/hector_gazebo_plugins/srv/detail/set_reference_geo_pose__functions.c.o[0m
[ 14%] [32mBuilding C object CMakeFiles/hector_gazebo_plugins__rosidl_generator_c.dir/rosidl_generator_c/hector_gazebo_plugins/srv/detail/set_bias__functions.c.o[0m
[ 16%] [34m[1mGenerating C++ type support for eProsima Fast-RTPS[0m
[ 18%] [34m[1mGenerating C++ type support dispatch for ROS interfaces[0m
[ 20%] [34m[1mGenerating C++ introspection for ROS interfaces[0m
[ 22%] [32m[1mLinking C shared library libhector_gazebo_plugins__rosidl_generator_c.so[0m
[ 22%] Built target hector_gazebo_plugins__rosidl_generator_c
[ 24%] [34m[1mGenerating C type support dispatch for ROS interfaces[0m
[ 26%] [34m[1mGenerating C introspection for ROS interfaces[0m
[35m[1mScanning dependencies of target hector_gazebo_plugins__rosidl_typesupport_fastrtps_cpp[0m
[ 28%] [32mBuilding CXX object CMakeFiles/hector_gazebo_plugins__rosidl_typesupport_fastrtps_cpp.dir/rosidl_typesupport_fastrtps_cpp/hector_gazebo_plugins/srv/detail/dds_fastrtps/set_bias__type_support.cpp.o[0m
[35m[1mScanning dependencies of target hector_gazebo_plugins__rosidl_typesupport_cpp[0m
[ 30%] [32mBuilding CXX object CMakeFiles/hector_gazebo_plugins__rosidl_typesupport_cpp.dir/rosidl_typesupport_cpp/hector_gazebo_plugins/srv/set_bias__type_support.cpp.o[0m
[35m[1mScanning dependencies of target hector_gazebo_plugins__rosidl_typesupport_introspection_cpp[0m
[ 32%] [32mBuilding CXX object CMakeFiles/hector_gazebo_plugins__rosidl_typesupport_introspection_cpp.dir/rosidl_typesupport_introspection_cpp/hector_gazebo_plugins/srv/detail/set_bias__type_support.cpp.o[0m
[35m[1mScanning dependencies of target hector_gazebo_plugins__rosidl_typesupport_c[0m
[ 34%] [32mBuilding CXX object CMakeFiles/hector_gazebo_plugins__rosidl_typesupport_c.dir/rosidl_typesupport_c/hector_gazebo_plugins/srv/set_bias__type_support.cpp.o[0m
[ 36%] [32mBuilding CXX object CMakeFiles/hector_gazebo_plugins__rosidl_typesupport_c.dir/rosidl_typesupport_c/hector_gazebo_plugins/srv/set_reference_geo_pose__type_support.cpp.o[0m
[35m[1mScanning dependencies of target hector_gazebo_plugins__rosidl_typesupport_introspection_c[0m
[ 38%] [32mBuilding CXX object CMakeFiles/hector_gazebo_plugins__rosidl_typesupport_cpp.dir/rosidl_typesupport_cpp/hector_gazebo_plugins/srv/set_reference_geo_pose__type_support.cpp.o[0m
[ 40%] [32mBuilding CXX object CMakeFiles/hector_gazebo_plugins__rosidl_typesupport_fastrtps_cpp.dir/rosidl_typesupport_fastrtps_cpp/hector_gazebo_plugins/srv/detail/dds_fastrtps/set_reference_geo_pose__type_support.cpp.o[0m
[ 42%] [32mBuilding CXX object CMakeFiles/hector_gazebo_plugins__rosidl_typesupport_introspection_cpp.dir/rosidl_typesupport_introspection_cpp/hector_gazebo_plugins/srv/detail/set_reference_geo_pose__type_support.cpp.o[0m
[ 44%] [32mBuilding C object CMakeFiles/hector_gazebo_plugins__rosidl_typesupport_introspection_c.dir/rosidl_typesupport_introspection_c/hector_gazebo_plugins/srv/detail/set_bias__type_support.c.o[0m
[ 46%] [32m[1mLinking CXX shared library libhector_gazebo_plugins__rosidl_typesupport_c.so[0m
[ 48%] [32mBuilding C object CMakeFiles/hector_gazebo_plugins__rosidl_typesupport_introspection_c.dir/rosidl_typesupport_introspection_c/hector_gazebo_plugins/srv/detail/set_reference_geo_pose__type_support.c.o[0m
[ 48%] Built target hector_gazebo_plugins__rosidl_typesupport_c
[ 51%] [32m[1mLinking C shared library libhector_gazebo_plugins__rosidl_typesupport_introspection_c.so[0m
[ 53%] [32m[1mLinking CXX shared library libhector_gazebo_plugins__rosidl_typesupport_cpp.so[0m
[ 55%] [32m[1mLinking CXX shared library libhector_gazebo_plugins__rosidl_typesupport_fastrtps_cpp.so[0m
[ 57%] [32m[1mLinking CXX shared library libhector_gazebo_plugins__rosidl_typesupport_introspection_cpp.so[0m
[ 57%] Built target hector_gazebo_plugins__rosidl_typesupport_introspection_c
[ 57%] Built target hector_gazebo_plugins__rosidl_typesupport_fastrtps_cpp
[ 57%] Built target hector_gazebo_plugins__rosidl_typesupport_cpp
[ 57%] Built target hector_gazebo_plugins__rosidl_typesupport_introspection_cpp
[ 59%] [34m[1mGenerating C type support for eProsima Fast-RTPS[0m
[35m[1mScanning dependencies of target hector_gazebo_plugins__rosidl_typesupport_fastrtps_c[0m
[ 61%] [32mBuilding CXX object CMakeFiles/hector_gazebo_plugins__rosidl_typesupport_fastrtps_c.dir/rosidl_typesupport_fastrtps_c/hector_gazebo_plugins/srv/detail/set_reference_geo_pose__type_support_c.cpp.o[0m
[ 63%] [32mBuilding CXX object CMakeFiles/hector_gazebo_plugins__rosidl_typesupport_fastrtps_c.dir/rosidl_typesupport_fastrtps_c/hector_gazebo_plugins/srv/detail/set_bias__type_support_c.cpp.o[0m
[ 65%] [32m[1mLinking CXX shared library libhector_gazebo_plugins__rosidl_typesupport_fastrtps_c.so[0m
[ 65%] Built target hector_gazebo_plugins__rosidl_typesupport_fastrtps_c
[35m[1mScanning dependencies of target hector_gazebo_plugins[0m
[ 65%] Built target hector_gazebo_plugins
[35m[1mScanning dependencies of target hector_gazebo_ros_imu[0m
[35m[1mScanning dependencies of target hector_gazebo_ros_gps[0m
[35m[1mScanning dependencies of target hector_gazebo_plugins__py[0m
[ 67%] [34m[1mGenerating Python code for ROS interfaces[0m
[ 69%] [32mBuilding CXX object CMakeFiles/hector_gazebo_ros_imu.dir/src/gazebo_ros_imu.cpp.o[0m
[ 71%] [32mBuilding CXX object CMakeFiles/hector_gazebo_ros_gps.dir/src/gazebo_ros_gps.cpp.o[0m
[ 71%] Built target hector_gazebo_plugins__py
[35m[1mScanning dependencies of target hector_gazebo_plugins__python[0m
[ 73%] [32mBuilding C object CMakeFiles/hector_gazebo_plugins__python.dir/rosidl_generator_py/hector_gazebo_plugins/srv/_set_reference_geo_pose_s.c.o[0m
[ 75%] [32mBuilding C object CMakeFiles/hector_gazebo_plugins__python.dir/rosidl_generator_py/hector_gazebo_plugins/srv/_set_bias_s.c.o[0m
[ 77%] [32m[1mLinking C shared library rosidl_generator_py/hector_gazebo_plugins/libhector_gazebo_plugins__python.so[0m
[ 77%] Built target hector_gazebo_plugins__python
[35m[1mScanning dependencies of target hector_gazebo_plugins__rosidl_typesupport_c__pyext[0m
[35m[1mScanning dependencies of target hector_gazebo_plugins__rosidl_typesupport_fastrtps_c__pyext[0m
[ 79%] [32mBuilding C object CMakeFiles/hector_gazebo_plugins__rosidl_typesupport_c__pyext.dir/rosidl_generator_py/hector_gazebo_plugins/_hector_gazebo_plugins_s.ep.rosidl_typesupport_c.c.o[0m
[ 81%] [32mBuilding C object CMakeFiles/hector_gazebo_plugins__rosidl_typesupport_fastrtps_c__pyext.dir/rosidl_generator_py/hector_gazebo_plugins/_hector_gazebo_plugins_s.ep.rosidl_typesupport_fastrtps_c.c.o[0m
[ 83%] [32m[1mLinking C shared library rosidl_generator_py/hector_gazebo_plugins/hector_gazebo_plugins_s__rosidl_typesupport_c.cpython-38-x86_64-linux-gnu.so[0m
[ 85%] [32m[1mLinking CXX shared library rosidl_generator_py/hector_gazebo_plugins/hector_gazebo_plugins_s__rosidl_typesupport_fastrtps_c.cpython-38-x86_64-linux-gnu.so[0m
[ 85%] Built target hector_gazebo_plugins__rosidl_typesupport_c__pyext
[35m[1mScanning dependencies of target hector_gazebo_plugins__rosidl_typesupport_introspection_c__pyext[0m
[ 85%] Built target hector_gazebo_plugins__rosidl_typesupport_fastrtps_c__pyext
[ 87%] [32mBuilding C object CMakeFiles/hector_gazebo_plugins__rosidl_typesupport_introspection_c__pyext.dir/rosidl_generator_py/hector_gazebo_plugins/_hector_gazebo_plugins_s.ep.rosidl_typesupport_introspection_c.c.o[0m
[ 89%] [32m[1mLinking C shared library rosidl_generator_py/hector_gazebo_plugins/hector_gazebo_plugins_s__rosidl_typesupport_introspection_c.cpython-38-x86_64-linux-gnu.so[0m
[ 89%] Built target hector_gazebo_plugins__rosidl_typesupport_introspection_c__pyext
[ 91%] [32m[1mLinking CXX shared library libhector_gazebo_reset_plugin.so[0m
[ 91%] Built target hector_gazebo_reset_plugin
[ 93%] [32m[1mLinking CXX shared library libhector_gazebo_ros_sonar.so[0m
[ 95%] [32m[1mLinking CXX shared library libhector_gazebo_ros_magnetic.so[0m
[ 95%] Built target hector_gazebo_ros_sonar
[ 95%] Built target hector_gazebo_ros_magnetic
[ 97%] [32m[1mLinking CXX shared library libhector_gazebo_ros_imu.so[0m
[ 97%] Built target hector_gazebo_ros_imu
[100%] [32m[1mLinking CXX shared library libhector_gazebo_ros_gps.so[0m
[100%] Built target hector_gazebo_ros_gps
