[0.163s] Invoking command in '/home/administrator/husky_ws2/src/build/rosbag2_cpp': AMENT_PREFIX_PATH=/home/administrator/husky_ws2/src/install/rosbag2_storage:/home/administrator/husky_ws2/src/install/shared_queues_vendor:/home/administrator/husky_ws2/src/install/rosbag2_test_common:${AMENT_PREFIX_PATH} CMAKE_PREFIX_PATH=/home/administrator/husky_ws2/src/install/rosbag2_storage:/home/administrator/husky_ws2/src/install/shared_queues_vendor:/home/administrator/husky_ws2/src/install/rosbag2_test_common:/home/administrator/husky_ws2/install/zed_ros2:/home/administrator/husky_ws2/install/zed_display_rviz2:/home/administrator/husky_ws2/install/zed_wrapper:/home/administrator/husky_ws2/install/zed_tutorial_video:/home/administrator/husky_ws2/install/zed_tutorial_pos_tracking:/home/administrator/husky_ws2/install/zed_tutorial_depth:/home/administrator/husky_ws2/install/zed_rgb_convert:/home/administrator/husky_ws2/install/zed_components:/home/administrator/husky_ws2/install/rviz_plugin_zed_od:/home/administrator/husky_ws2/install/zed_interfaces:/home/administrator/husky_ws2/install/velodyne_simulator:/home/administrator/husky_ws2/install/velodyne_gazebo_plugins:/home/administrator/husky_ws2/install/husky_desktop:/home/administrator/husky_ws2/install/husky_viz:/home/administrator/husky_ws2/install/husky_simulator:/home/administrator/husky_ws2/install/husky_robot:/home/administrator/husky_ws2/install/husky_gazebo:/home/administrator/husky_ws2/install/husky_bringup:/home/administrator/husky_ws2/install/husky_control:/home/administrator/husky_ws2/install/husky_description:/home/administrator/husky_ws2/install/velodyne_description:/home/administrator/husky_ws2/install/um7:/home/administrator/husky_ws2/install/swri_route_util:/home/administrator/husky_ws2/install/swri_transform_util:/home/administrator/husky_ws2/install/swri_system_util:/home/administrator/husky_ws2/install/swri_serial_util:/home/administrator/husky_ws2/install/swri_image_util:/home/administrator/husky_ws2/install/swri_roscpp:/home/administrator/husky_ws2/install/swri_prefix_tools:/home/administrator/husky_ws2/install/swri_opencv_util:/home/administrator/husky_ws2/install/swri_math_util:/home/administrator/husky_ws2/install/swri_geometry_util:/home/administrator/husky_ws2/install/swri_dbw_interface:/home/administrator/husky_ws2/install/swri_console_util:/home/administrator/husky_ws2/install/nav2_system_tests:/home/administrator/husky_ws2/install/nav2_bringup:/home/administrator/husky_ws2/install/navigation2:/home/administrator/husky_ws2/install/smac_planner:/home/administrator/husky_ws2/install/pointcloud_to_laserscan:/home/administrator/husky_ws2/install/nav2_dwb_controller:/home/administrator/husky_ws2/install/nav2_controller:/home/administrator/husky_ws2/install/dwb_plugins:/home/administrator/husky_ws2/install/dwb_critics:/home/administrator/husky_ws2/install/dwb_core:/home/administrator/husky_ws2/install/nav_2d_utils:/home/administrator/husky_ws2/install/dwb_msgs:/home/administrator/husky_ws2/install/nav_2d_msgs:/home/administrator/husky_ws2/install/nav2_waypoint_follower:/home/administrator/husky_ws2/install/nav2_regulated_pure_pursuit_controller:/home/administrator/husky_ws2/install/nav2_recoveries:/home/administrator/husky_ws2/install/nav2_planner:/home/administrator/husky_ws2/install/nav2_navfn_planner:/home/administrator/husky_ws2/install/nav2_core:/home/administrator/husky_ws2/install/costmap_queue:/home/administrator/husky_ws2/install/nav2_costmap_2d:/home/administrator/husky_ws2/install/nav2_voxel_grid:/home/administrator/husky_ws2/install/nav2_rviz_plugins:/home/administrator/husky_ws2/install/nav2_map_server:/home/administrator/husky_ws2/install/nav2_lifecycle_manager:/home/administrator/husky_ws2/install/nav2_bt_navigator:/home/administrator/husky_ws2/install/nav2_behavior_tree:/home/administrator/husky_ws2/install/nav2_amcl:/home/administrator/husky_ws2/install/nav2_util:/home/administrator/husky_ws2/install/nav2_msgs:/home/administrator/husky_ws2/install/nav2_common:/home/administrator/husky_ws2/install/microstrain_inertial_examples:/home/administrator/husky_ws2/install/microstrain_inertial_driver:/home/administrator/husky_ws2/install/microstrain_inertial_msgs:/home/administrator/husky_ws2/install/local_nav_pkg:/home/administrator/husky_ws2/install/image_common:/home/administrator/husky_ws2/install/image_transport:/home/administrator/husky_ws2/install/husky_base:/home/administrator/husky_ws2/install/husky_msgs:/home/administrator/husky_ws2/install/hector_gazebo:/home/administrator/husky_ws2/install/hector_gazebo_worlds:/home/administrator/husky_ws2/install/hector_gazebo_plugins:/home/administrator/husky_ws2/install/custom_nav_stack_pkg:/home/administrator/husky_ws2/install/camera_info_manager:/home/administrator/husky_ws2/install/camera_calibration_parsers:/home/administrator/richo_theta_ws/install/penguin_detection:/home/administrator/husky_ws2/install/nav2_gazebo_spawner:/home/administrator/husky_ws2/install/microstrain_inertial_rqt:/home/administrator/husky_ws2/install/gps_goal:/opt/ros/foxy:/opt/ros/noetic LD_LIBRARY_PATH=/home/administrator/husky_ws2/src/install/rosbag2_storage/lib:${LD_LIBRARY_PATH} /usr/bin/cmake /home/administrator/husky_ws2/src/rosbag2/rosbag2_cpp -DAMENT_CMAKE_SYMLINK_INSTALL=1 -DCMAKE_INSTALL_PREFIX=/home/administrator/husky_ws2/src/install/rosbag2_cpp
[0.439s] -- The C compiler identification is GNU 9.4.0
[0.613s] -- The CXX compiler identification is GNU 9.4.0
[0.620s] -- Check for working C compiler: /usr/bin/cc
[1.045s] -- Check for working C compiler: /usr/bin/cc -- works
[1.046s] -- Detecting C compiler ABI info
[1.350s] -- Detecting C compiler ABI info - done
[1.369s] -- Detecting C compile features
[1.369s] -- Detecting C compile features - done
[1.372s] -- Check for working CXX compiler: /usr/bin/c++
[1.672s] -- Check for working CXX compiler: /usr/bin/c++ -- works
[1.675s] -- Detecting CXX compiler ABI info
[1.991s] -- Detecting CXX compiler ABI info - done
[2.004s] -- Detecting CXX compile features
[2.004s] -- Detecting CXX compile features - done
[2.008s] -- Performing Test HAVE_SANITIZERS
[2.455s] -- Performing Test HAVE_SANITIZERS - Success
[2.455s] -- Found ament_cmake: 0.9.9 (/opt/ros/foxy/share/ament_cmake/cmake)
[2.520s] -- Found PythonInterp: /usr/bin/python3 (found suitable version "3.8.10", minimum required is "3") 
[2.520s] -- Using PYTHON_EXECUTABLE: /usr/bin/python3
[2.876s] -- Override CMake install command with custom implementation using symlinks instead of copying resources
[3.058s] -- Found ament_index_cpp: 1.1.0 (/opt/ros/foxy/share/ament_index_cpp/cmake)
[3.069s] -- Found pluginlib: 2.5.4 (/opt/ros/foxy/share/pluginlib/cmake)
[3.175s] -- Found rosbag2_storage: 0.3.11 (/home/administrator/husky_ws2/src/install/rosbag2_storage/share/rosbag2_storage/cmake)
[3.180s] -- Setting yaml-cpp_DIR to: '/opt/ros/foxy/share/yaml_cpp_vendor/cmake/../../../opt/yaml_cpp_vendor/lib/cmake/yaml-cpp'
[3.189s] -- Found rosidl_runtime_c: 1.2.1 (/opt/ros/foxy/share/rosidl_runtime_c/cmake)
[3.210s] -- Found rosidl_runtime_cpp: 1.2.1 (/opt/ros/foxy/share/rosidl_runtime_cpp/cmake)
[3.221s] -- Found rosidl_typesupport_cpp: 1.0.2 (/opt/ros/foxy/share/rosidl_typesupport_cpp/cmake)
[3.238s] -- Using all available rosidl_typesupport_c: rosidl_typesupport_fastrtps_c;rosidl_typesupport_introspection_c
[3.267s] -- Found rosidl_adapter: 1.2.1 (/opt/ros/foxy/share/rosidl_adapter/cmake)
[3.655s] -- Found OpenSSL: /usr/lib/x86_64-linux-gnu/libcrypto.so (found version "1.1.1f")  
[3.761s] -- Found FastRTPS: /opt/ros/foxy/include  
[3.929s] -- Using all available rosidl_typesupport_cpp: rosidl_typesupport_fastrtps_cpp;rosidl_typesupport_introspection_cpp
[3.984s] -- Found ament_cmake_gmock: 0.9.9 (/opt/ros/foxy/share/ament_cmake_gmock/cmake)
[3.992s] -- Found ament_lint_auto: 0.9.6 (/opt/ros/foxy/share/ament_lint_auto/cmake)
[4.001s] -- Found test_msgs: 1.0.0 (/opt/ros/foxy/share/test_msgs/cmake)
[4.526s] -- Found rmw_implementation_cmake: 1.0.3 (/opt/ros/foxy/share/rmw_implementation_cmake/cmake)
[4.535s] -- Using RMW implementation 'rmw_fastrtps_cpp' as default
[4.536s] -- Looking for pthread.h
[4.813s] -- Looking for pthread.h - found
[4.817s] -- Performing Test CMAKE_HAVE_LIBC_PTHREAD
[5.097s] -- Performing Test CMAKE_HAVE_LIBC_PTHREAD - Failed
[5.097s] -- Looking for pthread_create in pthreads
[5.346s] -- Looking for pthread_create in pthreads - not found
[5.347s] -- Looking for pthread_create in pthread
[5.580s] -- Looking for pthread_create in pthread - found
[5.581s] -- Found Threads: TRUE  
[5.887s] -- Found gmock sources under '/opt/ros/foxy/src/gmock_vendor': C++ tests using 'Google Mock' will be built
[5.904s] -- Found ament_cmake_gtest: 0.9.9 (/opt/ros/foxy/share/ament_cmake_gtest/cmake)
[5.905s] -- Found gtest sources under '/opt/ros/foxy/src/gtest_vendor': C++ tests using 'Google Test' will be built
[5.928s] -- Added test 'copyright' to check source files copyright and LICENSE
[5.932s] -- Added test 'cppcheck' to perform static code analysis on C / C++ code
[5.934s] -- Configured cppcheck include dirs: $<BUILD_INTERFACE:/home/administrator/husky_ws2/src/rosbag2/rosbag2_cpp/include>;/home/administrator/husky_ws2/src/rosbag2/rosbag2_cpp/include
[5.934s] -- Configured cppcheck exclude dirs and/or files: 
[5.939s] -- Added test 'cpplint' to check C / C++ code against the Google style
[5.939s] -- Configured cpplint exclude dirs and/or files: 
[5.941s] -- Added test 'lint_cmake' to check CMake code style
[5.946s] -- Added test 'uncrustify' to check C / C++ code style
[5.946s] -- Configured uncrustify additional arguments: 
[5.948s] -- Added test 'xmllint' to check XML markup files
[5.957s] -- Configuring done
[5.998s] -- Generating done
[6.002s] -- Build files have been written to: /home/administrator/husky_ws2/src/build/rosbag2_cpp
[6.025s] Invoked command in '/home/administrator/husky_ws2/src/build/rosbag2_cpp' returned '0': AMENT_PREFIX_PATH=/home/administrator/husky_ws2/src/install/rosbag2_storage:/home/administrator/husky_ws2/src/install/shared_queues_vendor:/home/administrator/husky_ws2/src/install/rosbag2_test_common:${AMENT_PREFIX_PATH} CMAKE_PREFIX_PATH=/home/administrator/husky_ws2/src/install/rosbag2_storage:/home/administrator/husky_ws2/src/install/shared_queues_vendor:/home/administrator/husky_ws2/src/install/rosbag2_test_common:/home/administrator/husky_ws2/install/zed_ros2:/home/administrator/husky_ws2/install/zed_display_rviz2:/home/administrator/husky_ws2/install/zed_wrapper:/home/administrator/husky_ws2/install/zed_tutorial_video:/home/administrator/husky_ws2/install/zed_tutorial_pos_tracking:/home/administrator/husky_ws2/install/zed_tutorial_depth:/home/administrator/husky_ws2/install/zed_rgb_convert:/home/administrator/husky_ws2/install/zed_components:/home/administrator/husky_ws2/install/rviz_plugin_zed_od:/home/administrator/husky_ws2/install/zed_interfaces:/home/administrator/husky_ws2/install/velodyne_simulator:/home/administrator/husky_ws2/install/velodyne_gazebo_plugins:/home/administrator/husky_ws2/install/husky_desktop:/home/administrator/husky_ws2/install/husky_viz:/home/administrator/husky_ws2/install/husky_simulator:/home/administrator/husky_ws2/install/husky_robot:/home/administrator/husky_ws2/install/husky_gazebo:/home/administrator/husky_ws2/install/husky_bringup:/home/administrator/husky_ws2/install/husky_control:/home/administrator/husky_ws2/install/husky_description:/home/administrator/husky_ws2/install/velodyne_description:/home/administrator/husky_ws2/install/um7:/home/administrator/husky_ws2/install/swri_route_util:/home/administrator/husky_ws2/install/swri_transform_util:/home/administrator/husky_ws2/install/swri_system_util:/home/administrator/husky_ws2/install/swri_serial_util:/home/administrator/husky_ws2/install/swri_image_util:/home/administrator/husky_ws2/install/swri_roscpp:/home/administrator/husky_ws2/install/swri_prefix_tools:/home/administrator/husky_ws2/install/swri_opencv_util:/home/administrator/husky_ws2/install/swri_math_util:/home/administrator/husky_ws2/install/swri_geometry_util:/home/administrator/husky_ws2/install/swri_dbw_interface:/home/administrator/husky_ws2/install/swri_console_util:/home/administrator/husky_ws2/install/nav2_system_tests:/home/administrator/husky_ws2/install/nav2_bringup:/home/administrator/husky_ws2/install/navigation2:/home/administrator/husky_ws2/install/smac_planner:/home/administrator/husky_ws2/install/pointcloud_to_laserscan:/home/administrator/husky_ws2/install/nav2_dwb_controller:/home/administrator/husky_ws2/install/nav2_controller:/home/administrator/husky_ws2/install/dwb_plugins:/home/administrator/husky_ws2/install/dwb_critics:/home/administrator/husky_ws2/install/dwb_core:/home/administrator/husky_ws2/install/nav_2d_utils:/home/administrator/husky_ws2/install/dwb_msgs:/home/administrator/husky_ws2/install/nav_2d_msgs:/home/administrator/husky_ws2/install/nav2_waypoint_follower:/home/administrator/husky_ws2/install/nav2_regulated_pure_pursuit_controller:/home/administrator/husky_ws2/install/nav2_recoveries:/home/administrator/husky_ws2/install/nav2_planner:/home/administrator/husky_ws2/install/nav2_navfn_planner:/home/administrator/husky_ws2/install/nav2_core:/home/administrator/husky_ws2/install/costmap_queue:/home/administrator/husky_ws2/install/nav2_costmap_2d:/home/administrator/husky_ws2/install/nav2_voxel_grid:/home/administrator/husky_ws2/install/nav2_rviz_plugins:/home/administrator/husky_ws2/install/nav2_map_server:/home/administrator/husky_ws2/install/nav2_lifecycle_manager:/home/administrator/husky_ws2/install/nav2_bt_navigator:/home/administrator/husky_ws2/install/nav2_behavior_tree:/home/administrator/husky_ws2/install/nav2_amcl:/home/administrator/husky_ws2/install/nav2_util:/home/administrator/husky_ws2/install/nav2_msgs:/home/administrator/husky_ws2/install/nav2_common:/home/administrator/husky_ws2/install/microstrain_inertial_examples:/home/administrator/husky_ws2/install/microstrain_inertial_driver:/home/administrator/husky_ws2/install/microstrain_inertial_msgs:/home/administrator/husky_ws2/install/local_nav_pkg:/home/administrator/husky_ws2/install/image_common:/home/administrator/husky_ws2/install/image_transport:/home/administrator/husky_ws2/install/husky_base:/home/administrator/husky_ws2/install/husky_msgs:/home/administrator/husky_ws2/install/hector_gazebo:/home/administrator/husky_ws2/install/hector_gazebo_worlds:/home/administrator/husky_ws2/install/hector_gazebo_plugins:/home/administrator/husky_ws2/install/custom_nav_stack_pkg:/home/administrator/husky_ws2/install/camera_info_manager:/home/administrator/husky_ws2/install/camera_calibration_parsers:/home/administrator/richo_theta_ws/install/penguin_detection:/home/administrator/husky_ws2/install/nav2_gazebo_spawner:/home/administrator/husky_ws2/install/microstrain_inertial_rqt:/home/administrator/husky_ws2/install/gps_goal:/opt/ros/foxy:/opt/ros/noetic LD_LIBRARY_PATH=/home/administrator/husky_ws2/src/install/rosbag2_storage/lib:${LD_LIBRARY_PATH} /usr/bin/cmake /home/administrator/husky_ws2/src/rosbag2/rosbag2_cpp -DAMENT_CMAKE_SYMLINK_INSTALL=1 -DCMAKE_INSTALL_PREFIX=/home/administrator/husky_ws2/src/install/rosbag2_cpp
[6.026s] Invoking command in '/home/administrator/husky_ws2/src/build/rosbag2_cpp': AMENT_PREFIX_PATH=/home/administrator/husky_ws2/src/install/rosbag2_storage:/home/administrator/husky_ws2/src/install/shared_queues_vendor:/home/administrator/husky_ws2/src/install/rosbag2_test_common:${AMENT_PREFIX_PATH} CMAKE_PREFIX_PATH=/home/administrator/husky_ws2/src/install/rosbag2_storage:/home/administrator/husky_ws2/src/install/shared_queues_vendor:/home/administrator/husky_ws2/src/install/rosbag2_test_common:/home/administrator/husky_ws2/install/zed_ros2:/home/administrator/husky_ws2/install/zed_display_rviz2:/home/administrator/husky_ws2/install/zed_wrapper:/home/administrator/husky_ws2/install/zed_tutorial_video:/home/administrator/husky_ws2/install/zed_tutorial_pos_tracking:/home/administrator/husky_ws2/install/zed_tutorial_depth:/home/administrator/husky_ws2/install/zed_rgb_convert:/home/administrator/husky_ws2/install/zed_components:/home/administrator/husky_ws2/install/rviz_plugin_zed_od:/home/administrator/husky_ws2/install/zed_interfaces:/home/administrator/husky_ws2/install/velodyne_simulator:/home/administrator/husky_ws2/install/velodyne_gazebo_plugins:/home/administrator/husky_ws2/install/husky_desktop:/home/administrator/husky_ws2/install/husky_viz:/home/administrator/husky_ws2/install/husky_simulator:/home/administrator/husky_ws2/install/husky_robot:/home/administrator/husky_ws2/install/husky_gazebo:/home/administrator/husky_ws2/install/husky_bringup:/home/administrator/husky_ws2/install/husky_control:/home/administrator/husky_ws2/install/husky_description:/home/administrator/husky_ws2/install/velodyne_description:/home/administrator/husky_ws2/install/um7:/home/administrator/husky_ws2/install/swri_route_util:/home/administrator/husky_ws2/install/swri_transform_util:/home/administrator/husky_ws2/install/swri_system_util:/home/administrator/husky_ws2/install/swri_serial_util:/home/administrator/husky_ws2/install/swri_image_util:/home/administrator/husky_ws2/install/swri_roscpp:/home/administrator/husky_ws2/install/swri_prefix_tools:/home/administrator/husky_ws2/install/swri_opencv_util:/home/administrator/husky_ws2/install/swri_math_util:/home/administrator/husky_ws2/install/swri_geometry_util:/home/administrator/husky_ws2/install/swri_dbw_interface:/home/administrator/husky_ws2/install/swri_console_util:/home/administrator/husky_ws2/install/nav2_system_tests:/home/administrator/husky_ws2/install/nav2_bringup:/home/administrator/husky_ws2/install/navigation2:/home/administrator/husky_ws2/install/smac_planner:/home/administrator/husky_ws2/install/pointcloud_to_laserscan:/home/administrator/husky_ws2/install/nav2_dwb_controller:/home/administrator/husky_ws2/install/nav2_controller:/home/administrator/husky_ws2/install/dwb_plugins:/home/administrator/husky_ws2/install/dwb_critics:/home/administrator/husky_ws2/install/dwb_core:/home/administrator/husky_ws2/install/nav_2d_utils:/home/administrator/husky_ws2/install/dwb_msgs:/home/administrator/husky_ws2/install/nav_2d_msgs:/home/administrator/husky_ws2/install/nav2_waypoint_follower:/home/administrator/husky_ws2/install/nav2_regulated_pure_pursuit_controller:/home/administrator/husky_ws2/install/nav2_recoveries:/home/administrator/husky_ws2/install/nav2_planner:/home/administrator/husky_ws2/install/nav2_navfn_planner:/home/administrator/husky_ws2/install/nav2_core:/home/administrator/husky_ws2/install/costmap_queue:/home/administrator/husky_ws2/install/nav2_costmap_2d:/home/administrator/husky_ws2/install/nav2_voxel_grid:/home/administrator/husky_ws2/install/nav2_rviz_plugins:/home/administrator/husky_ws2/install/nav2_map_server:/home/administrator/husky_ws2/install/nav2_lifecycle_manager:/home/administrator/husky_ws2/install/nav2_bt_navigator:/home/administrator/husky_ws2/install/nav2_behavior_tree:/home/administrator/husky_ws2/install/nav2_amcl:/home/administrator/husky_ws2/install/nav2_util:/home/administrator/husky_ws2/install/nav2_msgs:/home/administrator/husky_ws2/install/nav2_common:/home/administrator/husky_ws2/install/microstrain_inertial_examples:/home/administrator/husky_ws2/install/microstrain_inertial_driver:/home/administrator/husky_ws2/install/microstrain_inertial_msgs:/home/administrator/husky_ws2/install/local_nav_pkg:/home/administrator/husky_ws2/install/image_common:/home/administrator/husky_ws2/install/image_transport:/home/administrator/husky_ws2/install/husky_base:/home/administrator/husky_ws2/install/husky_msgs:/home/administrator/husky_ws2/install/hector_gazebo:/home/administrator/husky_ws2/install/hector_gazebo_worlds:/home/administrator/husky_ws2/install/hector_gazebo_plugins:/home/administrator/husky_ws2/install/custom_nav_stack_pkg:/home/administrator/husky_ws2/install/camera_info_manager:/home/administrator/husky_ws2/install/camera_calibration_parsers:/home/administrator/richo_theta_ws/install/penguin_detection:/home/administrator/husky_ws2/install/nav2_gazebo_spawner:/home/administrator/husky_ws2/install/microstrain_inertial_rqt:/home/administrator/husky_ws2/install/gps_goal:/opt/ros/foxy:/opt/ros/noetic LD_LIBRARY_PATH=/home/administrator/husky_ws2/src/install/rosbag2_storage/lib:${LD_LIBRARY_PATH} /usr/bin/cmake --build /home/administrator/husky_ws2/src/build/rosbag2_cpp -- -j8 -l8
[8.147s] [35m[1mScanning dependencies of target gmock[0m
[8.150s] [  2%] [32mBuilding CXX object gmock/CMakeFiles/gmock.dir/opt/ros/foxy/src/gtest_vendor/src/gtest-all.cc.o[0m
[10.030s] [  5%] [32mBuilding CXX object gmock/CMakeFiles/gmock.dir/src/gmock-all.cc.o[0m
[12.138s] [  8%] [32m[1mLinking CXX static library libgmock.a[0m
[12.325s] [  8%] Built target gmock
[12.362s] [35m[1mScanning dependencies of target gmock_main[0m
[12.427s] [ 11%] [32mBuilding CXX object gmock/CMakeFiles/gmock_main.dir/src/gmock_main.cc.o[0m
[13.539s] [ 13%] [32m[1mLinking CXX static library libgmock_main.a[0m
[13.716s] [ 13%] Built target gmock_main
[13.799s] [35m[1mScanning dependencies of target rosbag2_cpp[0m
[13.854s] [ 16%] [32mBuilding CXX object CMakeFiles/rosbag2_cpp.dir/src/rosbag2_cpp/converter.cpp.o[0m
[14.664s] [ 19%] [32mBuilding CXX object CMakeFiles/rosbag2_cpp.dir/src/rosbag2_cpp/typesupport_helpers.cpp.o[0m
[15.280s] [ 22%] [32mBuilding CXX object CMakeFiles/rosbag2_cpp.dir/src/rosbag2_cpp/writer.cpp.o[0m
[15.859s] [ 25%] [32mBuilding CXX object CMakeFiles/rosbag2_cpp.dir/src/rosbag2_cpp/writers/sequential_writer.cpp.o[0m
[17.380s] [ 27%] [32mBuilding CXX object CMakeFiles/rosbag2_cpp.dir/src/rosbag2_cpp/types/introspection_message.cpp.o[0m
[17.792s] [ 30%] [32mBuilding CXX object CMakeFiles/rosbag2_cpp.dir/src/rosbag2_cpp/serialization_format_converter_factory.cpp.o[0m
[22.117s] [ 33%] [32mBuilding CXX object CMakeFiles/rosbag2_cpp.dir/src/rosbag2_cpp/readers/sequential_reader.cpp.o[0m
[23.263s] [ 36%] [32mBuilding CXX object CMakeFiles/rosbag2_cpp.dir/src/rosbag2_cpp/reader.cpp.o[0m
[23.706s] [ 38%] [32mBuilding CXX object CMakeFiles/rosbag2_cpp.dir/src/rosbag2_cpp/info.cpp.o[0m
[24.193s] [ 41%] [32m[1mLinking CXX shared library librosbag2_cpp.so[0m
[24.445s] [ 41%] Built target rosbag2_cpp
[24.473s] [35m[1mScanning dependencies of target test_ros2_message[0m
[24.521s] [ 44%] [32mBuilding CXX object CMakeFiles/test_ros2_message.dir/test/rosbag2_cpp/types/test_ros2_message.cpp.o[0m
[29.190s] [ 47%] [32mBuilding CXX object CMakeFiles/test_ros2_message.dir/src/rosbag2_cpp/typesupport_helpers.cpp.o[0m
[29.787s] [ 50%] [32mBuilding CXX object CMakeFiles/test_ros2_message.dir/src/rosbag2_cpp/types/introspection_message.cpp.o[0m
[30.181s] [ 52%] [32m[1mLinking CXX executable test_ros2_message[0m
[30.593s] /usr/bin/ld: /opt/ros/foxy/lib/libtest_msgs__rosidl_generator_c.so: undefined reference to `rosidl_runtime_c__uint32__Sequence__copy'
[30.593s] /usr/bin/ld: /opt/ros/foxy/lib/libtest_msgs__rosidl_generator_c.so: undefined reference to `rosidl_runtime_c__U16String__Sequence__copy'
[30.594s] /usr/bin/ld: /opt/ros/foxy/lib/libtest_msgs__rosidl_generator_c.so: undefined reference to `rosidl_runtime_c__octet__Sequence__copy'
[30.594s] /usr/bin/ld: /opt/ros/foxy/lib/libtest_msgs__rosidl_generator_c.so: undefined reference to `rosidl_runtime_c__uint64__Sequence__copy'
[30.594s] /usr/bin/ld: /opt/ros/foxy/lib/libtest_msgs__rosidl_generator_c.so: undefined reference to `builtin_interfaces__msg__Duration__copy'
[30.594s] /usr/bin/ld: /opt/ros/foxy/lib/libtest_msgs__rosidl_generator_c.so: undefined reference to `builtin_interfaces__msg__Time__are_equal'
[30.594s] /usr/bin/ld: /opt/ros/foxy/lib/libtest_msgs__rosidl_generator_c.so: undefined reference to `rosidl_runtime_c__uint8__Sequence__are_equal'
[30.594s] /usr/bin/ld: /opt/ros/foxy/lib/libtest_msgs__rosidl_generator_c.so: undefined reference to `rosidl_runtime_c__boolean__Sequence__are_equal'
[30.594s] /usr/bin/ld: /opt/ros/foxy/lib/libtest_msgs__rosidl_generator_c.so: undefined reference to `rosidl_runtime_c__int64__Sequence__copy'
[30.594s] /usr/bin/ld: /opt/ros/foxy/lib/libtest_msgs__rosidl_generator_c.so: undefined reference to `unique_identifier_msgs__msg__UUID__are_equal'
[30.594s] /usr/bin/ld: /opt/ros/foxy/lib/libtest_msgs__rosidl_generator_c.so: undefined reference to `unique_identifier_msgs__msg__UUID__copy'
[30.594s] /usr/bin/ld: /opt/ros/foxy/lib/libtest_msgs__rosidl_generator_c.so: undefined reference to `rosidl_runtime_c__float__Sequence__copy'
[30.594s] /usr/bin/ld: /opt/ros/foxy/lib/libtest_msgs__rosidl_generator_c.so: undefined reference to `rosidl_runtime_c__String__are_equal'
[30.595s] /usr/bin/ld: /opt/ros/foxy/lib/libtest_msgs__rosidl_generator_c.so: undefined reference to `rosidl_runtime_c__double__Sequence__are_equal'
[30.595s] /usr/bin/ld: /opt/ros/foxy/lib/libtest_msgs__rosidl_generator_c.so: undefined reference to `rosidl_runtime_c__String__Sequence__are_equal'
[30.595s] /usr/bin/ld: /opt/ros/foxy/lib/libtest_msgs__rosidl_generator_c.so: undefined reference to `builtin_interfaces__msg__Duration__are_equal'
[30.595s] /usr/bin/ld: /opt/ros/foxy/lib/libtest_msgs__rosidl_generator_c.so: undefined reference to `rosidl_runtime_c__int8__Sequence__are_equal'
[30.595s] /usr/bin/ld: /opt/ros/foxy/lib/libtest_msgs__rosidl_generator_c.so: undefined reference to `rosidl_runtime_c__int16__Sequence__are_equal'
[30.595s] /usr/bin/ld: /opt/ros/foxy/lib/libtest_msgs__rosidl_generator_c.so: undefined reference to `rosidl_runtime_c__uint16__Sequence__copy'
[30.595s] /usr/bin/ld: /opt/ros/foxy/lib/libtest_msgs__rosidl_generator_c.so: undefined reference to `rosidl_runtime_c__int8__Sequence__copy'
[30.595s] /usr/bin/ld: /opt/ros/foxy/lib/libtest_msgs__rosidl_generator_c.so: undefined reference to `rosidl_runtime_c__String__Sequence__copy'
[30.595s] /usr/bin/ld: /opt/ros/foxy/lib/libtest_msgs__rosidl_generator_c.so: undefined reference to `rosidl_runtime_c__float__Sequence__are_equal'
[30.595s] /usr/bin/ld: /opt/ros/foxy/lib/libtest_msgs__rosidl_generator_c.so: undefined reference to `rosidl_runtime_c__uint32__Sequence__are_equal'
[30.595s] /usr/bin/ld: /opt/ros/foxy/lib/libtest_msgs__rosidl_generator_c.so: undefined reference to `rosidl_runtime_c__uint16__Sequence__are_equal'
[30.595s] /usr/bin/ld: /opt/ros/foxy/lib/libtest_msgs__rosidl_generator_c.so: undefined reference to `rosidl_runtime_c__uint64__Sequence__are_equal'
[30.596s] /usr/bin/ld: /opt/ros/foxy/lib/libtest_msgs__rosidl_generator_c.so: undefined reference to `rosidl_runtime_c__boolean__Sequence__copy'
[30.596s] /usr/bin/ld: /opt/ros/foxy/lib/libtest_msgs__rosidl_generator_c.so: undefined reference to `rosidl_runtime_c__int16__Sequence__copy'
[30.596s] /usr/bin/ld: /opt/ros/foxy/lib/libtest_msgs__rosidl_generator_c.so: undefined reference to `rosidl_runtime_c__octet__Sequence__are_equal'
[30.596s] /usr/bin/ld: /opt/ros/foxy/lib/libtest_msgs__rosidl_generator_c.so: undefined reference to `rosidl_runtime_c__int64__Sequence__are_equal'
[30.596s] /usr/bin/ld: /opt/ros/foxy/lib/libtest_msgs__rosidl_generator_c.so: undefined reference to `rosidl_runtime_c__int32__Sequence__are_equal'
[30.596s] /usr/bin/ld: /opt/ros/foxy/lib/libtest_msgs__rosidl_generator_c.so: undefined reference to `rosidl_runtime_c__String__copy'
[30.596s] /usr/bin/ld: /opt/ros/foxy/lib/libtest_msgs__rosidl_generator_c.so: undefined reference to `rosidl_runtime_c__uint8__Sequence__copy'
[30.596s] /usr/bin/ld: /opt/ros/foxy/lib/libtest_msgs__rosidl_generator_c.so: undefined reference to `rosidl_runtime_c__int32__Sequence__copy'
[30.596s] /usr/bin/ld: /opt/ros/foxy/lib/libtest_msgs__rosidl_generator_c.so: undefined reference to `rosidl_runtime_c__U16String__Sequence__are_equal'
[30.596s] /usr/bin/ld: /opt/ros/foxy/lib/libtest_msgs__rosidl_generator_c.so: undefined reference to `builtin_interfaces__msg__Time__copy'
[30.597s] /usr/bin/ld: /opt/ros/foxy/lib/libtest_msgs__rosidl_generator_c.so: undefined reference to `rosidl_runtime_c__double__Sequence__copy'
[30.597s] /usr/bin/ld: /opt/ros/foxy/lib/libtest_msgs__rosidl_generator_c.so: undefined reference to `rosidl_runtime_c__U16String__copy'
[30.597s] /usr/bin/ld: /opt/ros/foxy/lib/libtest_msgs__rosidl_generator_c.so: undefined reference to `rosidl_runtime_c__U16String__are_equal'
[30.597s] collect2: error: ld returned 1 exit status
[30.597s] make[2]: *** [CMakeFiles/test_ros2_message.dir/build.make:149: test_ros2_message] Error 1
[30.601s] make[1]: *** [CMakeFiles/Makefile2:281: CMakeFiles/test_ros2_message.dir/all] Error 2
[30.601s] make: *** [Makefile:141: all] Error 2
[30.603s] Invoked command in '/home/administrator/husky_ws2/src/build/rosbag2_cpp' returned '2': AMENT_PREFIX_PATH=/home/administrator/husky_ws2/src/install/rosbag2_storage:/home/administrator/husky_ws2/src/install/shared_queues_vendor:/home/administrator/husky_ws2/src/install/rosbag2_test_common:${AMENT_PREFIX_PATH} CMAKE_PREFIX_PATH=/home/administrator/husky_ws2/src/install/rosbag2_storage:/home/administrator/husky_ws2/src/install/shared_queues_vendor:/home/administrator/husky_ws2/src/install/rosbag2_test_common:/home/administrator/husky_ws2/install/zed_ros2:/home/administrator/husky_ws2/install/zed_display_rviz2:/home/administrator/husky_ws2/install/zed_wrapper:/home/administrator/husky_ws2/install/zed_tutorial_video:/home/administrator/husky_ws2/install/zed_tutorial_pos_tracking:/home/administrator/husky_ws2/install/zed_tutorial_depth:/home/administrator/husky_ws2/install/zed_rgb_convert:/home/administrator/husky_ws2/install/zed_components:/home/administrator/husky_ws2/install/rviz_plugin_zed_od:/home/administrator/husky_ws2/install/zed_interfaces:/home/administrator/husky_ws2/install/velodyne_simulator:/home/administrator/husky_ws2/install/velodyne_gazebo_plugins:/home/administrator/husky_ws2/install/husky_desktop:/home/administrator/husky_ws2/install/husky_viz:/home/administrator/husky_ws2/install/husky_simulator:/home/administrator/husky_ws2/install/husky_robot:/home/administrator/husky_ws2/install/husky_gazebo:/home/administrator/husky_ws2/install/husky_bringup:/home/administrator/husky_ws2/install/husky_control:/home/administrator/husky_ws2/install/husky_description:/home/administrator/husky_ws2/install/velodyne_description:/home/administrator/husky_ws2/install/um7:/home/administrator/husky_ws2/install/swri_route_util:/home/administrator/husky_ws2/install/swri_transform_util:/home/administrator/husky_ws2/install/swri_system_util:/home/administrator/husky_ws2/install/swri_serial_util:/home/administrator/husky_ws2/install/swri_image_util:/home/administrator/husky_ws2/install/swri_roscpp:/home/administrator/husky_ws2/install/swri_prefix_tools:/home/administrator/husky_ws2/install/swri_opencv_util:/home/administrator/husky_ws2/install/swri_math_util:/home/administrator/husky_ws2/install/swri_geometry_util:/home/administrator/husky_ws2/install/swri_dbw_interface:/home/administrator/husky_ws2/install/swri_console_util:/home/administrator/husky_ws2/install/nav2_system_tests:/home/administrator/husky_ws2/install/nav2_bringup:/home/administrator/husky_ws2/install/navigation2:/home/administrator/husky_ws2/install/smac_planner:/home/administrator/husky_ws2/install/pointcloud_to_laserscan:/home/administrator/husky_ws2/install/nav2_dwb_controller:/home/administrator/husky_ws2/install/nav2_controller:/home/administrator/husky_ws2/install/dwb_plugins:/home/administrator/husky_ws2/install/dwb_critics:/home/administrator/husky_ws2/install/dwb_core:/home/administrator/husky_ws2/install/nav_2d_utils:/home/administrator/husky_ws2/install/dwb_msgs:/home/administrator/husky_ws2/install/nav_2d_msgs:/home/administrator/husky_ws2/install/nav2_waypoint_follower:/home/administrator/husky_ws2/install/nav2_regulated_pure_pursuit_controller:/home/administrator/husky_ws2/install/nav2_recoveries:/home/administrator/husky_ws2/install/nav2_planner:/home/administrator/husky_ws2/install/nav2_navfn_planner:/home/administrator/husky_ws2/install/nav2_core:/home/administrator/husky_ws2/install/costmap_queue:/home/administrator/husky_ws2/install/nav2_costmap_2d:/home/administrator/husky_ws2/install/nav2_voxel_grid:/home/administrator/husky_ws2/install/nav2_rviz_plugins:/home/administrator/husky_ws2/install/nav2_map_server:/home/administrator/husky_ws2/install/nav2_lifecycle_manager:/home/administrator/husky_ws2/install/nav2_bt_navigator:/home/administrator/husky_ws2/install/nav2_behavior_tree:/home/administrator/husky_ws2/install/nav2_amcl:/home/administrator/husky_ws2/install/nav2_util:/home/administrator/husky_ws2/install/nav2_msgs:/home/administrator/husky_ws2/install/nav2_common:/home/administrator/husky_ws2/install/microstrain_inertial_examples:/home/administrator/husky_ws2/install/microstrain_inertial_driver:/home/administrator/husky_ws2/install/microstrain_inertial_msgs:/home/administrator/husky_ws2/install/local_nav_pkg:/home/administrator/husky_ws2/install/image_common:/home/administrator/husky_ws2/install/image_transport:/home/administrator/husky_ws2/install/husky_base:/home/administrator/husky_ws2/install/husky_msgs:/home/administrator/husky_ws2/install/hector_gazebo:/home/administrator/husky_ws2/install/hector_gazebo_worlds:/home/administrator/husky_ws2/install/hector_gazebo_plugins:/home/administrator/husky_ws2/install/custom_nav_stack_pkg:/home/administrator/husky_ws2/install/camera_info_manager:/home/administrator/husky_ws2/install/camera_calibration_parsers:/home/administrator/richo_theta_ws/install/penguin_detection:/home/administrator/husky_ws2/install/nav2_gazebo_spawner:/home/administrator/husky_ws2/install/microstrain_inertial_rqt:/home/administrator/husky_ws2/install/gps_goal:/opt/ros/foxy:/opt/ros/noetic LD_LIBRARY_PATH=/home/administrator/husky_ws2/src/install/rosbag2_storage/lib:${LD_LIBRARY_PATH} /usr/bin/cmake --build /home/administrator/husky_ws2/src/build/rosbag2_cpp -- -j8 -l8
