20231220-113218 | XA 00000 0 982 126050603002
20231220-113219 | XA 00000 0 982 126050603002
20231220-113219 | XA 00000 0 982 126050603002
20231220-113219 | XA 00000 0 982 126050603002
20231220-113219 | XA 00000 0 982 126050603002
20231220-113220 | XA 00000 0 982 126050603002
20231220-113221 | XA 00000 0 982 126050603002
20231220-113221 | XA 00000 0 982 126050603002
20231220-113221 | XA 00000 0 982 126050603002
20231220-113221 | XA 00000 0 982 126050603002
20231220-113222 | XA 00000 0 982 126050603002
20231220-113222 | XA 00000 0 982 126050603002
20231220-113222 | XA 00000 0 982 126050603002
20231220-113222 | XA 00000 0 982 126050603002
20231220-113223 | XA 00000 0 982 126050603002
20231220-113224 | XA 00000 0 982 126050603002
20231220-113224 | XA 00000 0 982 126050603002
20231220-113224 | XA 00000 0 982 126050603002
20231220-113231 | XA 00000 0 982 126050603002
20231220-113232 | XA 00000 0 982 126050603002
20231220-113232 | XA 00000 0 982 126050603002
20231220-113232 | XA 00000 0 982 126050603002
20231220-113232 | XA 00000 0 982 126050603002
20231220-113253 | XA 00000 0 982 126050603002
20231220-113253 | XA 00000 0 982 126050603002
20231220-113253 | XA 00000 0 982 126050603002
20231220-113254 | XA 00000 0 982 126050603002
20231220-113254 | XA 00000 0 982 126050603002
20231220-113254 | XA 00000 0 982 126050603002
20231220-113254 | XA 00000 0 982 126050603002
20231220-113255 | XA 00000 0 982 126050603002
20231220-113255 | XA 00000 0 982 126050603002
20231220-113255 | XA 00000 0 982 126050603002
20231220-113255 | XA 00000 0 982 126050603002
20231220-113256 | XA 00000 0 982 126050603002
20231220-113301 | XA 00000 0 982 126050603002
20231220-113301 | XA 00000 0 982 126050603002
20231220-140042 | A 00000 0 982 126050603002
X
20231220-140042 | A 00000 0 982 126050603002
X
20231220-140043 | A 00000 0 982 126050603002
X
20231220-140043 | A 00000 0 982 126050603002
X
20231220-140043 | A 00000 0 982 126050603002
X
20231220-140044 | A 00000 0 982 126050603002
X
20231220-140046 | A 00000 0 982 126050603002
X
20231220-140047 | A 00000 0 982 126050603002
X
20231220-140047 | A 00000 0 982 126050603002
X
20231220-140047 | A 00000 0 982 126050603002
X
20231220-140048 | A 00000 0 982 126050603002
X
20231220-140048 | A 00000 0 982 126050603002
X
20231220-140048 | A 00000 0 982 126050603002
X
20231220-140049 | A 00000 0 982 126050603002
X
20231220-140049 | A 00000 0 982 126050603002
X
20231220-140120 | A 00000 0 982 126050603002
X
20231220-140120 | A 00000 0 982 126050603002
X
20231220-140120 | A 00000 0 982 126050603002
X
20231220-140121 | A 00000 0 982 126050603002
X
20231220-140121 | A 00000 0 982 126050603002
X
20231220-140121 | A 00000 0 982 126050603002
X
20231220-140121 | A 00000 0 982 126050603002
X
20231220-140122 | A 00000 0 982 126050603002
X
20231220-140122 | A 00000 0 982 126050603002
X
20231220-140124 | XA 00000 0 982 126050603002
20231220-140124 | A 00000 0 982 126050603002
X
20231220-140124 | A 00000 0 982 126050603002
X
20231220-140125 | A 00000 0 982 126050603002
X
20231220-140125 | A 00000 0 982 126050603002
X
20231220-140125 | A 00000 0 982 126050603002
X
20231220-140125 | A 00000 0 982 126050603002
X
20231220-140222 | A 00000 0 982 126050603002
X
20231220-140222 | A 00000 0 982 126050603002
X
20231220-140301 | A 00000 0 982 126050603002
X
20231220-140301 | A 00000 0 982 126050603002
X
20231220-140307 | XA 00000 0 982 126050603002
20231220-140314 | A 00000 0 982 126050603002
X
20231220-140558 | A 00000 0 982 126050603002
X
20231220-140609 | A 00000 0 982 126050603002
X
20231220-140609 | A 00000 0 982 126050603002
X
20231220-144757 | A 00000 0 982 126050603002
X
20231220-144757 | A 00000 0 982 126050603002
X
20231220-144758 | A 00000 0 982 126050603002
X
20231220-144758 | A 00000 0 982 126050603002
X
20231220-144758 | A 00000 0 982 126050603002
X
20231220-144758 | A 00000 0 982 126050603002
X
20231220-144759 | A 00000 0 982 126050603002
X
20231220-144759 | A 00000 0 982 126050603002
X
20231220-144759 | A 00000 0 982 126050603002
X
20231220-144759 | A 00000 0 982 126050603002
X
20231220-144802 | XA 00000 0 982 126050603002
20231220-144802 | A 00000 0 982 126050603002
X
20231220-144802 | A 00000 0 982 126050603002
X
20231220-144803 | A 00000 0 982 126050603002
X
20231220-144805 | XA 00000 0 982 126050603002
20231220-144805 | A 00000 0 982 126050603002
X
20231220-144805 | A 00000 0 982 126050603002
X
20231220-144805 | A 00000 0 982 126050603002
X
20231220-144806 | A 00000 0 982 126050603002
X
20231220-193407 | A 00000 0 982 126050603002
X
20231220-193410 | XA 00000 0 982 126050603002
