[0.000000] (-) TimerEvent: {}
[0.000230] (-) JobUnselected: {'identifier': 'camera_calibration_parsers'}
[0.000274] (-) JobUnselected: {'identifier': 'camera_info_manager'}
[0.000291] (-) JobUnselected: {'identifier': 'costmap_queue'}
[0.000310] (-) JobUnselected: {'identifier': 'custom_nav_stack_pkg'}
[0.000320] (-) JobUnselected: {'identifier': 'dwb_core'}
[0.000331] (-) JobUnselected: {'identifier': 'dwb_critics'}
[0.000342] (-) JobUnselected: {'identifier': 'dwb_msgs'}
[0.000352] (-) JobUnselected: {'identifier': 'dwb_plugins'}
[0.000362] (-) JobUnselected: {'identifier': 'gps_goal'}
[0.000372] (-) JobUnselected: {'identifier': 'hector_gazebo'}
[0.000382] (-) JobUnselected: {'identifier': 'hector_gazebo_plugins'}
[0.000392] (-) JobUnselected: {'identifier': 'hector_gazebo_worlds'}
[0.000401] (-) JobUnselected: {'identifier': 'husky_base'}
[0.000411] (-) JobUnselected: {'identifier': 'husky_bringup'}
[0.000421] (-) JobUnselected: {'identifier': 'husky_control'}
[0.000431] (-) JobUnselected: {'identifier': 'husky_description'}
[0.000441] (-) JobUnselected: {'identifier': 'husky_desktop'}
[0.000450] (-) JobUnselected: {'identifier': 'husky_gazebo'}
[0.000460] (-) JobUnselected: {'identifier': 'husky_msgs'}
[0.000470] (-) JobUnselected: {'identifier': 'husky_robot'}
[0.000480] (-) JobUnselected: {'identifier': 'husky_simulator'}
[0.000490] (-) JobUnselected: {'identifier': 'husky_viz'}
[0.000500] (-) JobUnselected: {'identifier': 'image_common'}
[0.000510] (-) JobUnselected: {'identifier': 'image_transport'}
[0.000520] (-) JobUnselected: {'identifier': 'local_nav_pkg'}
[0.000530] (-) JobUnselected: {'identifier': 'microstrain_inertial_driver'}
[0.000540] (-) JobUnselected: {'identifier': 'microstrain_inertial_examples'}
[0.000549] (-) JobUnselected: {'identifier': 'microstrain_inertial_msgs'}
[0.000559] (-) JobUnselected: {'identifier': 'microstrain_inertial_rqt'}
[0.000569] (-) JobUnselected: {'identifier': 'nav2_amcl'}
[0.000602] (-) JobUnselected: {'identifier': 'nav2_behavior_tree'}
[0.000613] (-) JobUnselected: {'identifier': 'nav2_bringup'}
[0.000623] (-) JobUnselected: {'identifier': 'nav2_bt_navigator'}
[0.000633] (-) JobUnselected: {'identifier': 'nav2_common'}
[0.000643] (-) JobUnselected: {'identifier': 'nav2_controller'}
[0.000653] (-) JobUnselected: {'identifier': 'nav2_core'}
[0.000662] (-) JobUnselected: {'identifier': 'nav2_costmap_2d'}
[0.000695] (-) JobUnselected: {'identifier': 'nav2_dwb_controller'}
[0.000737] (-) JobUnselected: {'identifier': 'nav2_gazebo_spawner'}
[0.000756] (-) JobUnselected: {'identifier': 'nav2_lifecycle_manager'}
[0.000765] (-) JobUnselected: {'identifier': 'nav2_map_server'}
[0.000774] (-) JobUnselected: {'identifier': 'nav2_msgs'}
[0.000783] (-) JobUnselected: {'identifier': 'nav2_navfn_planner'}
[0.000792] (-) JobUnselected: {'identifier': 'nav2_planner'}
[0.000800] (-) JobUnselected: {'identifier': 'nav2_recoveries'}
[0.000809] (-) JobUnselected: {'identifier': 'nav2_regulated_pure_pursuit_controller'}
[0.000817] (-) JobUnselected: {'identifier': 'nav2_rviz_plugins'}
[0.000826] (-) JobUnselected: {'identifier': 'nav2_system_tests'}
[0.000837] (-) JobUnselected: {'identifier': 'nav2_util'}
[0.000845] (-) JobUnselected: {'identifier': 'nav2_voxel_grid'}
[0.000853] (-) JobUnselected: {'identifier': 'nav2_waypoint_follower'}
[0.000861] (-) JobUnselected: {'identifier': 'nav_2d_msgs'}
[0.000870] (-) JobUnselected: {'identifier': 'nav_2d_utils'}
[0.000878] (-) JobUnselected: {'identifier': 'navigation2'}
[0.000887] (-) JobUnselected: {'identifier': 'pointcloud_to_laserscan'}
[0.000896] (-) JobUnselected: {'identifier': 'rviz_plugin_zed_od'}
[0.000904] (-) JobUnselected: {'identifier': 'smac_planner'}
[0.000912] (-) JobUnselected: {'identifier': 'swri_console_util'}
[0.000921] (-) JobUnselected: {'identifier': 'swri_dbw_interface'}
[0.000929] (-) JobUnselected: {'identifier': 'swri_geometry_util'}
[0.000938] (-) JobUnselected: {'identifier': 'swri_image_util'}
[0.000946] (-) JobUnselected: {'identifier': 'swri_math_util'}
[0.000955] (-) JobUnselected: {'identifier': 'swri_opencv_util'}
[0.000968] (-) JobUnselected: {'identifier': 'swri_prefix_tools'}
[0.000976] (-) JobUnselected: {'identifier': 'swri_roscpp'}
[0.000985] (-) JobUnselected: {'identifier': 'swri_route_util'}
[0.000994] (-) JobUnselected: {'identifier': 'swri_serial_util'}
[0.001003] (-) JobUnselected: {'identifier': 'swri_system_util'}
[0.001011] (-) JobUnselected: {'identifier': 'swri_transform_util'}
[0.001020] (-) JobUnselected: {'identifier': 'velodyne_description'}
[0.001028] (-) JobUnselected: {'identifier': 'velodyne_gazebo_plugins'}
[0.001037] (-) JobUnselected: {'identifier': 'velodyne_simulator'}
[0.001045] (-) JobUnselected: {'identifier': 'zed_components'}
[0.001054] (-) JobUnselected: {'identifier': 'zed_display_rviz2'}
[0.001062] (-) JobUnselected: {'identifier': 'zed_interfaces'}
[0.001070] (-) JobUnselected: {'identifier': 'zed_rgb_convert'}
[0.001079] (-) JobUnselected: {'identifier': 'zed_ros2'}
[0.001091] (-) JobUnselected: {'identifier': 'zed_tutorial_depth'}
[0.001100] (-) JobUnselected: {'identifier': 'zed_tutorial_pos_tracking'}
[0.001108] (-) JobUnselected: {'identifier': 'zed_tutorial_video'}
[0.001117] (-) JobUnselected: {'identifier': 'zed_wrapper'}
[0.001126] (-) EventReactorShutdown: {}
